CRITICAL - 2024-03-08 00:49:36 --> Attempt to read property "name" on array
#0 C:\xampp\htdocs\mePlus\thisMyExchange\app\Controllers\Stock.php(94): CodeIgniter\Debug\Exceptions->errorHandler(2, 'Attempt to read...', 'C:\\xampp\\htdocs...', 94)
#1 C:\xampp\htdocs\mePlus\thisMyExchange\system\CodeIgniter.php(832): App\Controllers\Stock->finishStock()
#2 C:\xampp\htdocs\mePlus\thisMyExchange\system\CodeIgniter.php(419): CodeIgniter\CodeIgniter->runController(Object(App\Controllers\Stock))
#3 C:\xampp\htdocs\mePlus\thisMyExchange\system\CodeIgniter.php(326): CodeIgniter\CodeIgniter->handleRequest(NULL, Object(Config\Cache), false)
#4 C:\xampp\htdocs\mePlus\thisMyExchange\index.php(37): CodeIgniter\CodeIgniter->run()
#5 {main}
CRITICAL - 2024-03-08 00:49:47 --> Attempt to read property "name" on array
#0 C:\xampp\htdocs\mePlus\thisMyExchange\app\Controllers\Stock.php(94): CodeIgniter\Debug\Exceptions->errorHandler(2, 'Attempt to read...', 'C:\\xampp\\htdocs...', 94)
#1 C:\xampp\htdocs\mePlus\thisMyExchange\system\CodeIgniter.php(832): App\Controllers\Stock->finishStock()
#2 C:\xampp\htdocs\mePlus\thisMyExchange\system\CodeIgniter.php(419): CodeIgniter\CodeIgniter->runController(Object(App\Controllers\Stock))
#3 C:\xampp\htdocs\mePlus\thisMyExchange\system\CodeIgniter.php(326): CodeIgniter\CodeIgniter->handleRequest(NULL, Object(Config\Cache), false)
#4 C:\xampp\htdocs\mePlus\thisMyExchange\index.php(37): CodeIgniter\CodeIgniter->run()
#5 {main}
CRITICAL - 2024-03-08 00:51:58 --> Attempt to read property "id" on array
#0 C:\xampp\htdocs\mePlus\thisMyExchange\app\Controllers\Stock.php(96): CodeIgniter\Debug\Exceptions->errorHandler(2, 'Attempt to read...', 'C:\\xampp\\htdocs...', 96)
#1 C:\xampp\htdocs\mePlus\thisMyExchange\system\CodeIgniter.php(832): App\Controllers\Stock->finishStock()
#2 C:\xampp\htdocs\mePlus\thisMyExchange\system\CodeIgniter.php(419): CodeIgniter\CodeIgniter->runController(Object(App\Controllers\Stock))
#3 C:\xampp\htdocs\mePlus\thisMyExchange\system\CodeIgniter.php(326): CodeIgniter\CodeIgniter->handleRequest(NULL, Object(Config\Cache), false)
#4 C:\xampp\htdocs\mePlus\thisMyExchange\index.php(37): CodeIgniter\CodeIgniter->run()
#5 {main}
CRITICAL - 2024-03-08 00:52:14 --> Attempt to read property "stockID" on array
#0 C:\xampp\htdocs\mePlus\thisMyExchange\app\Controllers\Stock.php(96): CodeIgniter\Debug\Exceptions->errorHandler(2, 'Attempt to read...', 'C:\\xampp\\htdocs...', 96)
#1 C:\xampp\htdocs\mePlus\thisMyExchange\system\CodeIgniter.php(832): App\Controllers\Stock->finishStock()
#2 C:\xampp\htdocs\mePlus\thisMyExchange\system\CodeIgniter.php(419): CodeIgniter\CodeIgniter->runController(Object(App\Controllers\Stock))
#3 C:\xampp\htdocs\mePlus\thisMyExchange\system\CodeIgniter.php(326): CodeIgniter\CodeIgniter->handleRequest(NULL, Object(Config\Cache), false)
#4 C:\xampp\htdocs\mePlus\thisMyExchange\index.php(37): CodeIgniter\CodeIgniter->run()
#5 {main}
CRITICAL - 2024-03-08 00:53:30 --> Attempt to read property "stockID" on array
#0 C:\xampp\htdocs\mePlus\thisMyExchange\app\Controllers\Stock.php(96): CodeIgniter\Debug\Exceptions->errorHandler(2, 'Attempt to read...', 'C:\\xampp\\htdocs...', 96)
#1 C:\xampp\htdocs\mePlus\thisMyExchange\system\CodeIgniter.php(832): App\Controllers\Stock->finishStock()
#2 C:\xampp\htdocs\mePlus\thisMyExchange\system\CodeIgniter.php(419): CodeIgniter\CodeIgniter->runController(Object(App\Controllers\Stock))
#3 C:\xampp\htdocs\mePlus\thisMyExchange\system\CodeIgniter.php(326): CodeIgniter\CodeIgniter->handleRequest(NULL, Object(Config\Cache), false)
#4 C:\xampp\htdocs\mePlus\thisMyExchange\index.php(37): CodeIgniter\CodeIgniter->run()
#5 {main}
CRITICAL - 2024-03-08 00:54:10 --> Undefined property: stdClass::$PeopleID
#0 C:\xampp\htdocs\mePlus\thisMyExchange\app\Controllers\Stock.php(101): CodeIgniter\Debug\Exceptions->errorHandler(2, 'Undefined prope...', 'C:\\xampp\\htdocs...', 101)
#1 C:\xampp\htdocs\mePlus\thisMyExchange\system\CodeIgniter.php(832): App\Controllers\Stock->finishStock()
#2 C:\xampp\htdocs\mePlus\thisMyExchange\system\CodeIgniter.php(419): CodeIgniter\CodeIgniter->runController(Object(App\Controllers\Stock))
#3 C:\xampp\htdocs\mePlus\thisMyExchange\system\CodeIgniter.php(326): CodeIgniter\CodeIgniter->handleRequest(NULL, Object(Config\Cache), false)
#4 C:\xampp\htdocs\mePlus\thisMyExchange\index.php(37): CodeIgniter\CodeIgniter->run()
#5 {main}
CRITICAL - 2024-03-08 00:54:24 --> Attempt to read property "stockID" on null
#0 C:\xampp\htdocs\mePlus\thisMyExchange\app\Controllers\Stock.php(96): CodeIgniter\Debug\Exceptions->errorHandler(2, 'Attempt to read...', 'C:\\xampp\\htdocs...', 96)
#1 C:\xampp\htdocs\mePlus\thisMyExchange\system\CodeIgniter.php(832): App\Controllers\Stock->finishStock()
#2 C:\xampp\htdocs\mePlus\thisMyExchange\system\CodeIgniter.php(419): CodeIgniter\CodeIgniter->runController(Object(App\Controllers\Stock))
#3 C:\xampp\htdocs\mePlus\thisMyExchange\system\CodeIgniter.php(326): CodeIgniter\CodeIgniter->handleRequest(NULL, Object(Config\Cache), false)
#4 C:\xampp\htdocs\mePlus\thisMyExchange\index.php(37): CodeIgniter\CodeIgniter->run()
#5 {main}
CRITICAL - 2024-03-08 00:55:26 --> Undefined property: stdClass::$PeopleID
#0 C:\xampp\htdocs\mePlus\thisMyExchange\app\Controllers\Stock.php(102): CodeIgniter\Debug\Exceptions->errorHandler(2, 'Undefined prope...', 'C:\\xampp\\htdocs...', 102)
#1 C:\xampp\htdocs\mePlus\thisMyExchange\system\CodeIgniter.php(832): App\Controllers\Stock->finishStock()
#2 C:\xampp\htdocs\mePlus\thisMyExchange\system\CodeIgniter.php(419): CodeIgniter\CodeIgniter->runController(Object(App\Controllers\Stock))
#3 C:\xampp\htdocs\mePlus\thisMyExchange\system\CodeIgniter.php(326): CodeIgniter\CodeIgniter->handleRequest(NULL, Object(Config\Cache), false)
#4 C:\xampp\htdocs\mePlus\thisMyExchange\index.php(37): CodeIgniter\CodeIgniter->run()
#5 {main}
CRITICAL - 2024-03-08 00:55:36 --> There is no data to update.
#0 C:\xampp\htdocs\mePlus\thisMyExchange\system\BaseModel.php(1574): CodeIgniter\Database\Exceptions\DataException::forEmptyDataset('update')
#1 C:\xampp\htdocs\mePlus\thisMyExchange\system\BaseModel.php(832): CodeIgniter\BaseModel->transformDataToArray(NULL, 'update')
#2 C:\xampp\htdocs\mePlus\thisMyExchange\system\Model.php(651): CodeIgniter\BaseModel->update(Array, NULL)
#3 C:\xampp\htdocs\mePlus\thisMyExchange\app\Models\PeopleModel.php(53): CodeIgniter\Model->update(Array)
#4 C:\xampp\htdocs\mePlus\thisMyExchange\app\Controllers\Stock.php(102): App\Models\PeopleModel->updUserMoney('1', '0.00')
#5 C:\xampp\htdocs\mePlus\thisMyExchange\system\CodeIgniter.php(832): App\Controllers\Stock->finishStock()
#6 C:\xampp\htdocs\mePlus\thisMyExchange\system\CodeIgniter.php(419): CodeIgniter\CodeIgniter->runController(Object(App\Controllers\Stock))
#7 C:\xampp\htdocs\mePlus\thisMyExchange\system\CodeIgniter.php(326): CodeIgniter\CodeIgniter->handleRequest(NULL, Object(Config\Cache), false)
#8 C:\xampp\htdocs\mePlus\thisMyExchange\index.php(37): CodeIgniter\CodeIgniter->run()
#9 {main}
CRITICAL - 2024-03-08 09:59:36 --> There is no data to update.
#0 C:\xampp\htdocs\mePlus\thisMyExchange\system\BaseModel.php(1574): CodeIgniter\Database\Exceptions\DataException::forEmptyDataset('update')
#1 C:\xampp\htdocs\mePlus\thisMyExchange\system\BaseModel.php(832): CodeIgniter\BaseModel->transformDataToArray(NULL, 'update')
#2 C:\xampp\htdocs\mePlus\thisMyExchange\system\Model.php(651): CodeIgniter\BaseModel->update(Array, NULL)
#3 C:\xampp\htdocs\mePlus\thisMyExchange\app\Models\PeopleMixStockModel.php(65): CodeIgniter\Model->update(Array)
#4 C:\xampp\htdocs\mePlus\thisMyExchange\app\Controllers\Stock.php(103): App\Models\PeopleMixStockModel->finishDate(4)
#5 C:\xampp\htdocs\mePlus\thisMyExchange\system\CodeIgniter.php(832): App\Controllers\Stock->finishStock()
#6 C:\xampp\htdocs\mePlus\thisMyExchange\system\CodeIgniter.php(419): CodeIgniter\CodeIgniter->runController(Object(App\Controllers\Stock))
#7 C:\xampp\htdocs\mePlus\thisMyExchange\system\CodeIgniter.php(326): CodeIgniter\CodeIgniter->handleRequest(NULL, Object(Config\Cache), false)
#8 C:\xampp\htdocs\mePlus\thisMyExchange\index.php(37): CodeIgniter\CodeIgniter->run()
#9 {main}
CRITICAL - 2024-03-08 10:00:11 --> There is no data to update.
#0 C:\xampp\htdocs\mePlus\thisMyExchange\system\BaseModel.php(1574): CodeIgniter\Database\Exceptions\DataException::forEmptyDataset('update')
#1 C:\xampp\htdocs\mePlus\thisMyExchange\system\BaseModel.php(832): CodeIgniter\BaseModel->transformDataToArray(NULL, 'update')
#2 C:\xampp\htdocs\mePlus\thisMyExchange\system\Model.php(651): CodeIgniter\BaseModel->update(Array, NULL)
#3 C:\xampp\htdocs\mePlus\thisMyExchange\app\Models\PeopleMixStockModel.php(66): CodeIgniter\Model->update(Array)
#4 C:\xampp\htdocs\mePlus\thisMyExchange\app\Controllers\Stock.php(103): App\Models\PeopleMixStockModel->finishDate(4)
#5 C:\xampp\htdocs\mePlus\thisMyExchange\system\CodeIgniter.php(832): App\Controllers\Stock->finishStock()
#6 C:\xampp\htdocs\mePlus\thisMyExchange\system\CodeIgniter.php(419): CodeIgniter\CodeIgniter->runController(Object(App\Controllers\Stock))
#7 C:\xampp\htdocs\mePlus\thisMyExchange\system\CodeIgniter.php(326): CodeIgniter\CodeIgniter->handleRequest(NULL, Object(Config\Cache), false)
#8 C:\xampp\htdocs\mePlus\thisMyExchange\index.php(37): CodeIgniter\CodeIgniter->run()
#9 {main}
