CRITICAL - 2022-08-01 17:12:59 --> Object of class stdClass could not be converted to string
#0 C:\xampp\htdocs\weProject\Fmenu\system\Database\Query.php(318): strtr('UPDATE `desk` S...', Array)
#1 C:\xampp\htdocs\weProject\Fmenu\system\Database\Query.php(293): CodeIgniter\Database\Query->matchNamedBinds('UPDATE `desk` S...', Array)
#2 C:\xampp\htdocs\weProject\Fmenu\system\Database\Query.php(150): CodeIgniter\Database\Query->compileBinds()
#3 C:\xampp\htdocs\weProject\Fmenu\system\Database\BaseConnection.php(598): CodeIgniter\Database\Query->getQuery()
#4 C:\xampp\htdocs\weProject\Fmenu\system\Database\BaseBuilder.php(1913): CodeIgniter\Database\BaseConnection->query('UPDATE `desk` S...', Array, false)
#5 C:\xampp\htdocs\weProject\Fmenu\app\Models\Admin\ADeskModel.php(33): CodeIgniter\Database\BaseBuilder->update(Array)
#6 C:\xampp\htdocs\weProject\Fmenu\app\Controllers\Fpanel\Desk.php(233): App\Models\Admin\ADeskModel->updDesk('6', Array)
#7 C:\xampp\htdocs\weProject\Fmenu\system\CodeIgniter.php(832): App\Controllers\Fpanel\Desk->update_result_name()
#8 C:\xampp\htdocs\weProject\Fmenu\system\CodeIgniter.php(419): CodeIgniter\CodeIgniter->runController(Object(App\Controllers\Fpanel\Desk))
#9 C:\xampp\htdocs\weProject\Fmenu\system\CodeIgniter.php(326): CodeIgniter\CodeIgniter->handleRequest(NULL, Object(Config\Cache), false)
#10 C:\xampp\htdocs\weProject\Fmenu\index.php(37): CodeIgniter\CodeIgniter->run()
#11 {main}
CRITICAL - 2022-08-01 17:16:02 --> Object of class stdClass could not be converted to string
#0 C:\xampp\htdocs\weProject\Fmenu\system\Database\Query.php(318): strtr('UPDATE `desk` S...', Array)
#1 C:\xampp\htdocs\weProject\Fmenu\system\Database\Query.php(293): CodeIgniter\Database\Query->matchNamedBinds('UPDATE `desk` S...', Array)
#2 C:\xampp\htdocs\weProject\Fmenu\system\Database\Query.php(150): CodeIgniter\Database\Query->compileBinds()
#3 C:\xampp\htdocs\weProject\Fmenu\system\Database\BaseConnection.php(598): CodeIgniter\Database\Query->getQuery()
#4 C:\xampp\htdocs\weProject\Fmenu\system\Database\BaseBuilder.php(1913): CodeIgniter\Database\BaseConnection->query('UPDATE `desk` S...', Array, false)
#5 C:\xampp\htdocs\weProject\Fmenu\app\Models\Admin\ADeskModel.php(33): CodeIgniter\Database\BaseBuilder->update(Array)
#6 C:\xampp\htdocs\weProject\Fmenu\app\Controllers\Fpanel\Desk.php(233): App\Models\Admin\ADeskModel->updDesk('7', Array)
#7 C:\xampp\htdocs\weProject\Fmenu\system\CodeIgniter.php(832): App\Controllers\Fpanel\Desk->update_result_name()
#8 C:\xampp\htdocs\weProject\Fmenu\system\CodeIgniter.php(419): CodeIgniter\CodeIgniter->runController(Object(App\Controllers\Fpanel\Desk))
#9 C:\xampp\htdocs\weProject\Fmenu\system\CodeIgniter.php(326): CodeIgniter\CodeIgniter->handleRequest(NULL, Object(Config\Cache), false)
#10 C:\xampp\htdocs\weProject\Fmenu\index.php(37): CodeIgniter\CodeIgniter->run()
#11 {main}
CRITICAL - 2022-08-01 17:21:36 --> Object of class stdClass could not be converted to string
#0 C:\xampp\htdocs\weProject\Fmenu\system\Database\Query.php(318): strtr('UPDATE `desk` S...', Array)
#1 C:\xampp\htdocs\weProject\Fmenu\system\Database\Query.php(293): CodeIgniter\Database\Query->matchNamedBinds('UPDATE `desk` S...', Array)
#2 C:\xampp\htdocs\weProject\Fmenu\system\Database\Query.php(150): CodeIgniter\Database\Query->compileBinds()
#3 C:\xampp\htdocs\weProject\Fmenu\system\Database\BaseConnection.php(598): CodeIgniter\Database\Query->getQuery()
#4 C:\xampp\htdocs\weProject\Fmenu\system\Database\BaseBuilder.php(1913): CodeIgniter\Database\BaseConnection->query('UPDATE `desk` S...', Array, false)
#5 C:\xampp\htdocs\weProject\Fmenu\app\Models\Admin\ADeskModel.php(33): CodeIgniter\Database\BaseBuilder->update(Array)
#6 C:\xampp\htdocs\weProject\Fmenu\app\Controllers\Fpanel\Desk.php(233): App\Models\Admin\ADeskModel->updDesk('7', Array)
#7 C:\xampp\htdocs\weProject\Fmenu\system\CodeIgniter.php(832): App\Controllers\Fpanel\Desk->update_result_name()
#8 C:\xampp\htdocs\weProject\Fmenu\system\CodeIgniter.php(419): CodeIgniter\CodeIgniter->runController(Object(App\Controllers\Fpanel\Desk))
#9 C:\xampp\htdocs\weProject\Fmenu\system\CodeIgniter.php(326): CodeIgniter\CodeIgniter->handleRequest(NULL, Object(Config\Cache), false)
#10 C:\xampp\htdocs\weProject\Fmenu\index.php(37): CodeIgniter\CodeIgniter->run()
#11 {main}
CRITICAL - 2022-08-01 17:22:08 --> Object of class stdClass could not be converted to string
#0 C:\xampp\htdocs\weProject\Fmenu\system\Database\Query.php(318): strtr('UPDATE `desk` S...', Array)
#1 C:\xampp\htdocs\weProject\Fmenu\system\Database\Query.php(293): CodeIgniter\Database\Query->matchNamedBinds('UPDATE `desk` S...', Array)
#2 C:\xampp\htdocs\weProject\Fmenu\system\Database\Query.php(150): CodeIgniter\Database\Query->compileBinds()
#3 C:\xampp\htdocs\weProject\Fmenu\system\Database\BaseConnection.php(598): CodeIgniter\Database\Query->getQuery()
#4 C:\xampp\htdocs\weProject\Fmenu\system\Database\BaseBuilder.php(1913): CodeIgniter\Database\BaseConnection->query('UPDATE `desk` S...', Array, false)
#5 C:\xampp\htdocs\weProject\Fmenu\app\Models\Admin\ADeskModel.php(33): CodeIgniter\Database\BaseBuilder->update(Array)
#6 C:\xampp\htdocs\weProject\Fmenu\app\Controllers\Fpanel\Desk.php(233): App\Models\Admin\ADeskModel->updDesk('7', Array)
#7 C:\xampp\htdocs\weProject\Fmenu\system\CodeIgniter.php(832): App\Controllers\Fpanel\Desk->update_result_name()
#8 C:\xampp\htdocs\weProject\Fmenu\system\CodeIgniter.php(419): CodeIgniter\CodeIgniter->runController(Object(App\Controllers\Fpanel\Desk))
#9 C:\xampp\htdocs\weProject\Fmenu\system\CodeIgniter.php(326): CodeIgniter\CodeIgniter->handleRequest(NULL, Object(Config\Cache), false)
#10 C:\xampp\htdocs\weProject\Fmenu\index.php(37): CodeIgniter\CodeIgniter->run()
#11 {main}
CRITICAL - 2022-08-01 17:23:13 --> Object of class stdClass could not be converted to string
#0 C:\xampp\htdocs\weProject\Fmenu\system\Database\Query.php(318): strtr('UPDATE `desk` S...', Array)
#1 C:\xampp\htdocs\weProject\Fmenu\system\Database\Query.php(293): CodeIgniter\Database\Query->matchNamedBinds('UPDATE `desk` S...', Array)
#2 C:\xampp\htdocs\weProject\Fmenu\system\Database\Query.php(150): CodeIgniter\Database\Query->compileBinds()
#3 C:\xampp\htdocs\weProject\Fmenu\system\Database\BaseConnection.php(598): CodeIgniter\Database\Query->getQuery()
#4 C:\xampp\htdocs\weProject\Fmenu\system\Database\BaseBuilder.php(1913): CodeIgniter\Database\BaseConnection->query('UPDATE `desk` S...', Array, false)
#5 C:\xampp\htdocs\weProject\Fmenu\app\Models\Admin\ADeskModel.php(33): CodeIgniter\Database\BaseBuilder->update(Array)
#6 C:\xampp\htdocs\weProject\Fmenu\app\Controllers\Fpanel\Desk.php(233): App\Models\Admin\ADeskModel->updDesk('7', Array)
#7 C:\xampp\htdocs\weProject\Fmenu\system\CodeIgniter.php(832): App\Controllers\Fpanel\Desk->update_result_name()
#8 C:\xampp\htdocs\weProject\Fmenu\system\CodeIgniter.php(419): CodeIgniter\CodeIgniter->runController(Object(App\Controllers\Fpanel\Desk))
#9 C:\xampp\htdocs\weProject\Fmenu\system\CodeIgniter.php(326): CodeIgniter\CodeIgniter->handleRequest(NULL, Object(Config\Cache), false)
#10 C:\xampp\htdocs\weProject\Fmenu\index.php(37): CodeIgniter\CodeIgniter->run()
#11 {main}
CRITICAL - 2022-08-01 17:23:24 --> Object of class stdClass could not be converted to string
#0 C:\xampp\htdocs\weProject\Fmenu\system\Database\Query.php(318): strtr('UPDATE `desk` S...', Array)
#1 C:\xampp\htdocs\weProject\Fmenu\system\Database\Query.php(293): CodeIgniter\Database\Query->matchNamedBinds('UPDATE `desk` S...', Array)
#2 C:\xampp\htdocs\weProject\Fmenu\system\Database\Query.php(150): CodeIgniter\Database\Query->compileBinds()
#3 C:\xampp\htdocs\weProject\Fmenu\system\Database\BaseConnection.php(598): CodeIgniter\Database\Query->getQuery()
#4 C:\xampp\htdocs\weProject\Fmenu\system\Database\BaseBuilder.php(1913): CodeIgniter\Database\BaseConnection->query('UPDATE `desk` S...', Array, false)
#5 C:\xampp\htdocs\weProject\Fmenu\app\Models\Admin\ADeskModel.php(33): CodeIgniter\Database\BaseBuilder->update(Array)
#6 C:\xampp\htdocs\weProject\Fmenu\app\Controllers\Fpanel\Desk.php(233): App\Models\Admin\ADeskModel->updDesk('7', Array)
#7 C:\xampp\htdocs\weProject\Fmenu\system\CodeIgniter.php(832): App\Controllers\Fpanel\Desk->update_result_name()
#8 C:\xampp\htdocs\weProject\Fmenu\system\CodeIgniter.php(419): CodeIgniter\CodeIgniter->runController(Object(App\Controllers\Fpanel\Desk))
#9 C:\xampp\htdocs\weProject\Fmenu\system\CodeIgniter.php(326): CodeIgniter\CodeIgniter->handleRequest(NULL, Object(Config\Cache), false)
#10 C:\xampp\htdocs\weProject\Fmenu\index.php(37): CodeIgniter\CodeIgniter->run()
#11 {main}
CRITICAL - 2022-08-01 17:23:48 --> Object of class stdClass could not be converted to string
#0 C:\xampp\htdocs\weProject\Fmenu\system\Database\Query.php(318): strtr('UPDATE `desk` S...', Array)
#1 C:\xampp\htdocs\weProject\Fmenu\system\Database\Query.php(293): CodeIgniter\Database\Query->matchNamedBinds('UPDATE `desk` S...', Array)
#2 C:\xampp\htdocs\weProject\Fmenu\system\Database\Query.php(150): CodeIgniter\Database\Query->compileBinds()
#3 C:\xampp\htdocs\weProject\Fmenu\system\Database\BaseConnection.php(598): CodeIgniter\Database\Query->getQuery()
#4 C:\xampp\htdocs\weProject\Fmenu\system\Database\BaseBuilder.php(1913): CodeIgniter\Database\BaseConnection->query('UPDATE `desk` S...', Array, false)
#5 C:\xampp\htdocs\weProject\Fmenu\app\Models\Admin\ADeskModel.php(33): CodeIgniter\Database\BaseBuilder->update(Array)
#6 C:\xampp\htdocs\weProject\Fmenu\app\Controllers\Fpanel\Desk.php(233): App\Models\Admin\ADeskModel->updDesk('8', Array)
#7 C:\xampp\htdocs\weProject\Fmenu\system\CodeIgniter.php(832): App\Controllers\Fpanel\Desk->update_result_name()
#8 C:\xampp\htdocs\weProject\Fmenu\system\CodeIgniter.php(419): CodeIgniter\CodeIgniter->runController(Object(App\Controllers\Fpanel\Desk))
#9 C:\xampp\htdocs\weProject\Fmenu\system\CodeIgniter.php(326): CodeIgniter\CodeIgniter->handleRequest(NULL, Object(Config\Cache), false)
#10 C:\xampp\htdocs\weProject\Fmenu\index.php(37): CodeIgniter\CodeIgniter->run()
#11 {main}
CRITICAL - 2022-08-01 17:24:24 --> Object of class stdClass could not be converted to string
#0 C:\xampp\htdocs\weProject\Fmenu\system\Database\Query.php(318): strtr('UPDATE `desk` S...', Array)
#1 C:\xampp\htdocs\weProject\Fmenu\system\Database\Query.php(293): CodeIgniter\Database\Query->matchNamedBinds('UPDATE `desk` S...', Array)
#2 C:\xampp\htdocs\weProject\Fmenu\system\Database\Query.php(150): CodeIgniter\Database\Query->compileBinds()
#3 C:\xampp\htdocs\weProject\Fmenu\system\Database\BaseConnection.php(598): CodeIgniter\Database\Query->getQuery()
#4 C:\xampp\htdocs\weProject\Fmenu\system\Database\BaseBuilder.php(1913): CodeIgniter\Database\BaseConnection->query('UPDATE `desk` S...', Array, false)
#5 C:\xampp\htdocs\weProject\Fmenu\app\Models\Admin\ADeskModel.php(33): CodeIgniter\Database\BaseBuilder->update(Array)
#6 C:\xampp\htdocs\weProject\Fmenu\app\Controllers\Fpanel\Desk.php(233): App\Models\Admin\ADeskModel->updDesk('7', Array)
#7 C:\xampp\htdocs\weProject\Fmenu\system\CodeIgniter.php(832): App\Controllers\Fpanel\Desk->update_result_name()
#8 C:\xampp\htdocs\weProject\Fmenu\system\CodeIgniter.php(419): CodeIgniter\CodeIgniter->runController(Object(App\Controllers\Fpanel\Desk))
#9 C:\xampp\htdocs\weProject\Fmenu\system\CodeIgniter.php(326): CodeIgniter\CodeIgniter->handleRequest(NULL, Object(Config\Cache), false)
#10 C:\xampp\htdocs\weProject\Fmenu\index.php(37): CodeIgniter\CodeIgniter->run()
#11 {main}
CRITICAL - 2022-08-01 17:24:29 --> Object of class stdClass could not be converted to string
#0 C:\xampp\htdocs\weProject\Fmenu\system\Database\Query.php(318): strtr('UPDATE `desk` S...', Array)
#1 C:\xampp\htdocs\weProject\Fmenu\system\Database\Query.php(293): CodeIgniter\Database\Query->matchNamedBinds('UPDATE `desk` S...', Array)
#2 C:\xampp\htdocs\weProject\Fmenu\system\Database\Query.php(150): CodeIgniter\Database\Query->compileBinds()
#3 C:\xampp\htdocs\weProject\Fmenu\system\Database\BaseConnection.php(598): CodeIgniter\Database\Query->getQuery()
#4 C:\xampp\htdocs\weProject\Fmenu\system\Database\BaseBuilder.php(1913): CodeIgniter\Database\BaseConnection->query('UPDATE `desk` S...', Array, false)
#5 C:\xampp\htdocs\weProject\Fmenu\app\Models\Admin\ADeskModel.php(33): CodeIgniter\Database\BaseBuilder->update(Array)
#6 C:\xampp\htdocs\weProject\Fmenu\app\Controllers\Fpanel\Desk.php(233): App\Models\Admin\ADeskModel->updDesk('7', Array)
#7 C:\xampp\htdocs\weProject\Fmenu\system\CodeIgniter.php(832): App\Controllers\Fpanel\Desk->update_result_name()
#8 C:\xampp\htdocs\weProject\Fmenu\system\CodeIgniter.php(419): CodeIgniter\CodeIgniter->runController(Object(App\Controllers\Fpanel\Desk))
#9 C:\xampp\htdocs\weProject\Fmenu\system\CodeIgniter.php(326): CodeIgniter\CodeIgniter->handleRequest(NULL, Object(Config\Cache), false)
#10 C:\xampp\htdocs\weProject\Fmenu\index.php(37): CodeIgniter\CodeIgniter->run()
#11 {main}
