ERROR - 2022-12-05 15:25:42 --> Table 'we_cmenu.menudetailsfr' doesn't exist
CRITICAL - 2022-12-05 15:25:42 --> Call to a member function getResult() on bool
#0 C:\xampp\htdocs\weProject\1_Cmenu\app\Controllers\OurPackages.php(49): App\Models\CategoryModel->getCategories()
#1 C:\xampp\htdocs\weProject\1_Cmenu\system\CodeIgniter.php(832): App\Controllers\OurPackages->index()
#2 C:\xampp\htdocs\weProject\1_Cmenu\system\CodeIgniter.php(419): CodeIgniter\CodeIgniter->runController(Object(App\Controllers\OurPackages))
#3 C:\xampp\htdocs\weProject\1_Cmenu\system\CodeIgniter.php(326): CodeIgniter\CodeIgniter->handleRequest(NULL, Object(Config\Cache), false)
#4 C:\xampp\htdocs\weProject\1_Cmenu\index.php(37): CodeIgniter\CodeIgniter->run()
#5 {main}
ERROR - 2022-12-05 15:41:59 --> Table 'we_cmenu.menudetailsfr' doesn't exist
CRITICAL - 2022-12-05 15:41:59 --> Call to a member function getResult() on bool
#0 C:\xampp\htdocs\weProject\1_Cmenu\app\Controllers\OurPackages.php(49): App\Models\CategoryModel->getCategories()
#1 C:\xampp\htdocs\weProject\1_Cmenu\system\CodeIgniter.php(832): App\Controllers\OurPackages->index()
#2 C:\xampp\htdocs\weProject\1_Cmenu\system\CodeIgniter.php(419): CodeIgniter\CodeIgniter->runController(Object(App\Controllers\OurPackages))
#3 C:\xampp\htdocs\weProject\1_Cmenu\system\CodeIgniter.php(326): CodeIgniter\CodeIgniter->handleRequest(NULL, Object(Config\Cache), false)
#4 C:\xampp\htdocs\weProject\1_Cmenu\index.php(37): CodeIgniter\CodeIgniter->run()
#5 {main}
ERROR - 2022-12-05 15:42:01 --> Table 'we_cmenu.menudetailsfr' doesn't exist
CRITICAL - 2022-12-05 15:42:01 --> Call to a member function getResult() on bool
#0 C:\xampp\htdocs\weProject\1_Cmenu\app\Controllers\OurPackages.php(49): App\Models\CategoryModel->getCategories()
#1 C:\xampp\htdocs\weProject\1_Cmenu\system\CodeIgniter.php(832): App\Controllers\OurPackages->index()
#2 C:\xampp\htdocs\weProject\1_Cmenu\system\CodeIgniter.php(419): CodeIgniter\CodeIgniter->runController(Object(App\Controllers\OurPackages))
#3 C:\xampp\htdocs\weProject\1_Cmenu\system\CodeIgniter.php(326): CodeIgniter\CodeIgniter->handleRequest(NULL, Object(Config\Cache), false)
#4 C:\xampp\htdocs\weProject\1_Cmenu\index.php(37): CodeIgniter\CodeIgniter->run()
#5 {main}
