ERROR - 2022-09-25 01:22:59 --> Unknown column 'deskTrigger' in 'field list'
ERROR - 2022-09-25 09:26:25 --> Error connecting to the database: Access denied for user '****'@'localhost' (using password: YES)
CRITICAL - 2022-09-25 09:26:25 --> Unable to connect to the database.
Main connection [MySQLi]: Access denied for user '****'@'localhost' (using password: YES)
#0 C:\xampp\htdocs\weProject\DemoFmenu\system\Database\BaseConnection.php(577): CodeIgniter\Database\BaseConnection->initialize()
#1 C:\xampp\htdocs\weProject\DemoFmenu\system\Database\BaseBuilder.php(1771): CodeIgniter\Database\BaseConnection->query('INSERT INTO `lo...', Array, false)
#2 C:\xampp\htdocs\weProject\DemoFmenu\app\Models\Admin\ALogModel.php(70): CodeIgniter\Database\BaseBuilder->insert(Array)
#3 C:\xampp\htdocs\weProject\DemoFmenu\app\Controllers\Fpanel\Trigger.php(23): App\Models\Admin\ALogModel->setLog()
#4 C:\xampp\htdocs\weProject\DemoFmenu\system\CodeIgniter.php(809): App\Controllers\Fpanel\Trigger->__construct()
#5 C:\xampp\htdocs\weProject\DemoFmenu\system\CodeIgniter.php(410): CodeIgniter\CodeIgniter->createController()
#6 C:\xampp\htdocs\weProject\DemoFmenu\system\CodeIgniter.php(326): CodeIgniter\CodeIgniter->handleRequest(NULL, Object(Config\Cache), false)
#7 C:\xampp\htdocs\weProject\DemoFmenu\index.php(37): CodeIgniter\CodeIgniter->run()
#8 {main}
ERROR - 2022-09-25 09:26:29 --> Error connecting to the database: Access denied for user '****'@'localhost' (using password: YES)
CRITICAL - 2022-09-25 09:26:29 --> Unable to connect to the database.
Main connection [MySQLi]: Access denied for user '****'@'localhost' (using password: YES)
#0 C:\xampp\htdocs\weProject\DemoFmenu\system\Database\BaseConnection.php(577): CodeIgniter\Database\BaseConnection->initialize()
#1 C:\xampp\htdocs\weProject\DemoFmenu\system\Database\BaseBuilder.php(1771): CodeIgniter\Database\BaseConnection->query('INSERT INTO `lo...', Array, false)
#2 C:\xampp\htdocs\weProject\DemoFmenu\app\Models\Admin\ALogModel.php(70): CodeIgniter\Database\BaseBuilder->insert(Array)
#3 C:\xampp\htdocs\weProject\DemoFmenu\app\Controllers\Fpanel\Trigger.php(23): App\Models\Admin\ALogModel->setLog()
#4 C:\xampp\htdocs\weProject\DemoFmenu\system\CodeIgniter.php(809): App\Controllers\Fpanel\Trigger->__construct()
#5 C:\xampp\htdocs\weProject\DemoFmenu\system\CodeIgniter.php(410): CodeIgniter\CodeIgniter->createController()
#6 C:\xampp\htdocs\weProject\DemoFmenu\system\CodeIgniter.php(326): CodeIgniter\CodeIgniter->handleRequest(NULL, Object(Config\Cache), false)
#7 C:\xampp\htdocs\weProject\DemoFmenu\index.php(37): CodeIgniter\CodeIgniter->run()
#8 {main}
ERROR - 2022-09-25 09:26:33 --> Error connecting to the database: Access denied for user '****'@'localhost' (using password: YES)
CRITICAL - 2022-09-25 09:26:33 --> Unable to connect to the database.
Main connection [MySQLi]: Access denied for user '****'@'localhost' (using password: YES)
#0 C:\xampp\htdocs\weProject\DemoFmenu\system\Database\BaseConnection.php(577): CodeIgniter\Database\BaseConnection->initialize()
#1 C:\xampp\htdocs\weProject\DemoFmenu\system\Database\BaseBuilder.php(1771): CodeIgniter\Database\BaseConnection->query('INSERT INTO `lo...', Array, false)
#2 C:\xampp\htdocs\weProject\DemoFmenu\app\Models\Admin\ALogModel.php(70): CodeIgniter\Database\BaseBuilder->insert(Array)
#3 C:\xampp\htdocs\weProject\DemoFmenu\app\Controllers\Fpanel\Trigger.php(23): App\Models\Admin\ALogModel->setLog()
#4 C:\xampp\htdocs\weProject\DemoFmenu\system\CodeIgniter.php(809): App\Controllers\Fpanel\Trigger->__construct()
#5 C:\xampp\htdocs\weProject\DemoFmenu\system\CodeIgniter.php(410): CodeIgniter\CodeIgniter->createController()
#6 C:\xampp\htdocs\weProject\DemoFmenu\system\CodeIgniter.php(326): CodeIgniter\CodeIgniter->handleRequest(NULL, Object(Config\Cache), false)
#7 C:\xampp\htdocs\weProject\DemoFmenu\index.php(37): CodeIgniter\CodeIgniter->run()
#8 {main}
ERROR - 2022-09-25 09:26:37 --> Error connecting to the database: Access denied for user '****'@'localhost' (using password: YES)
CRITICAL - 2022-09-25 09:26:37 --> Unable to connect to the database.
Main connection [MySQLi]: Access denied for user '****'@'localhost' (using password: YES)
#0 C:\xampp\htdocs\weProject\DemoFmenu\system\Database\BaseConnection.php(577): CodeIgniter\Database\BaseConnection->initialize()
#1 C:\xampp\htdocs\weProject\DemoFmenu\system\Database\BaseBuilder.php(1771): CodeIgniter\Database\BaseConnection->query('INSERT INTO `lo...', Array, false)
#2 C:\xampp\htdocs\weProject\DemoFmenu\app\Models\Admin\ALogModel.php(70): CodeIgniter\Database\BaseBuilder->insert(Array)
#3 C:\xampp\htdocs\weProject\DemoFmenu\app\Controllers\Fpanel\Trigger.php(23): App\Models\Admin\ALogModel->setLog()
#4 C:\xampp\htdocs\weProject\DemoFmenu\system\CodeIgniter.php(809): App\Controllers\Fpanel\Trigger->__construct()
#5 C:\xampp\htdocs\weProject\DemoFmenu\system\CodeIgniter.php(410): CodeIgniter\CodeIgniter->createController()
#6 C:\xampp\htdocs\weProject\DemoFmenu\system\CodeIgniter.php(326): CodeIgniter\CodeIgniter->handleRequest(NULL, Object(Config\Cache), false)
#7 C:\xampp\htdocs\weProject\DemoFmenu\index.php(37): CodeIgniter\CodeIgniter->run()
#8 {main}
ERROR - 2022-09-25 09:26:41 --> Error connecting to the database: Access denied for user '****'@'localhost' (using password: YES)
CRITICAL - 2022-09-25 09:26:41 --> Unable to connect to the database.
Main connection [MySQLi]: Access denied for user '****'@'localhost' (using password: YES)
#0 C:\xampp\htdocs\weProject\DemoFmenu\system\Database\BaseConnection.php(577): CodeIgniter\Database\BaseConnection->initialize()
#1 C:\xampp\htdocs\weProject\DemoFmenu\system\Database\BaseBuilder.php(1771): CodeIgniter\Database\BaseConnection->query('INSERT INTO `lo...', Array, false)
#2 C:\xampp\htdocs\weProject\DemoFmenu\app\Models\Admin\ALogModel.php(70): CodeIgniter\Database\BaseBuilder->insert(Array)
#3 C:\xampp\htdocs\weProject\DemoFmenu\app\Controllers\Fpanel\Trigger.php(23): App\Models\Admin\ALogModel->setLog()
#4 C:\xampp\htdocs\weProject\DemoFmenu\system\CodeIgniter.php(809): App\Controllers\Fpanel\Trigger->__construct()
#5 C:\xampp\htdocs\weProject\DemoFmenu\system\CodeIgniter.php(410): CodeIgniter\CodeIgniter->createController()
#6 C:\xampp\htdocs\weProject\DemoFmenu\system\CodeIgniter.php(326): CodeIgniter\CodeIgniter->handleRequest(NULL, Object(Config\Cache), false)
#7 C:\xampp\htdocs\weProject\DemoFmenu\index.php(37): CodeIgniter\CodeIgniter->run()
#8 {main}
ERROR - 2022-09-25 09:26:45 --> Error connecting to the database: Access denied for user '****'@'localhost' (using password: YES)
CRITICAL - 2022-09-25 09:26:45 --> Unable to connect to the database.
Main connection [MySQLi]: Access denied for user '****'@'localhost' (using password: YES)
#0 C:\xampp\htdocs\weProject\DemoFmenu\system\Database\BaseConnection.php(577): CodeIgniter\Database\BaseConnection->initialize()
#1 C:\xampp\htdocs\weProject\DemoFmenu\system\Database\BaseBuilder.php(1771): CodeIgniter\Database\BaseConnection->query('INSERT INTO `lo...', Array, false)
#2 C:\xampp\htdocs\weProject\DemoFmenu\app\Models\Admin\ALogModel.php(70): CodeIgniter\Database\BaseBuilder->insert(Array)
#3 C:\xampp\htdocs\weProject\DemoFmenu\app\Controllers\Fpanel\Trigger.php(23): App\Models\Admin\ALogModel->setLog()
#4 C:\xampp\htdocs\weProject\DemoFmenu\system\CodeIgniter.php(809): App\Controllers\Fpanel\Trigger->__construct()
#5 C:\xampp\htdocs\weProject\DemoFmenu\system\CodeIgniter.php(410): CodeIgniter\CodeIgniter->createController()
#6 C:\xampp\htdocs\weProject\DemoFmenu\system\CodeIgniter.php(326): CodeIgniter\CodeIgniter->handleRequest(NULL, Object(Config\Cache), false)
#7 C:\xampp\htdocs\weProject\DemoFmenu\index.php(37): CodeIgniter\CodeIgniter->run()
#8 {main}
ERROR - 2022-09-25 09:26:49 --> Error connecting to the database: Access denied for user '****'@'localhost' (using password: YES)
CRITICAL - 2022-09-25 09:26:49 --> Unable to connect to the database.
Main connection [MySQLi]: Access denied for user '****'@'localhost' (using password: YES)
#0 C:\xampp\htdocs\weProject\DemoFmenu\system\Database\BaseConnection.php(577): CodeIgniter\Database\BaseConnection->initialize()
#1 C:\xampp\htdocs\weProject\DemoFmenu\system\Database\BaseBuilder.php(1771): CodeIgniter\Database\BaseConnection->query('INSERT INTO `lo...', Array, false)
#2 C:\xampp\htdocs\weProject\DemoFmenu\app\Models\Admin\ALogModel.php(70): CodeIgniter\Database\BaseBuilder->insert(Array)
#3 C:\xampp\htdocs\weProject\DemoFmenu\app\Controllers\Fpanel\Trigger.php(23): App\Models\Admin\ALogModel->setLog()
#4 C:\xampp\htdocs\weProject\DemoFmenu\system\CodeIgniter.php(809): App\Controllers\Fpanel\Trigger->__construct()
#5 C:\xampp\htdocs\weProject\DemoFmenu\system\CodeIgniter.php(410): CodeIgniter\CodeIgniter->createController()
#6 C:\xampp\htdocs\weProject\DemoFmenu\system\CodeIgniter.php(326): CodeIgniter\CodeIgniter->handleRequest(NULL, Object(Config\Cache), false)
#7 C:\xampp\htdocs\weProject\DemoFmenu\index.php(37): CodeIgniter\CodeIgniter->run()
#8 {main}
ERROR - 2022-09-25 09:26:53 --> Error connecting to the database: Access denied for user '****'@'localhost' (using password: YES)
CRITICAL - 2022-09-25 09:26:53 --> Unable to connect to the database.
Main connection [MySQLi]: Access denied for user '****'@'localhost' (using password: YES)
#0 C:\xampp\htdocs\weProject\DemoFmenu\system\Database\BaseConnection.php(577): CodeIgniter\Database\BaseConnection->initialize()
#1 C:\xampp\htdocs\weProject\DemoFmenu\system\Database\BaseBuilder.php(1771): CodeIgniter\Database\BaseConnection->query('INSERT INTO `lo...', Array, false)
#2 C:\xampp\htdocs\weProject\DemoFmenu\app\Models\Admin\ALogModel.php(70): CodeIgniter\Database\BaseBuilder->insert(Array)
#3 C:\xampp\htdocs\weProject\DemoFmenu\app\Controllers\Fpanel\Trigger.php(23): App\Models\Admin\ALogModel->setLog()
#4 C:\xampp\htdocs\weProject\DemoFmenu\system\CodeIgniter.php(809): App\Controllers\Fpanel\Trigger->__construct()
#5 C:\xampp\htdocs\weProject\DemoFmenu\system\CodeIgniter.php(410): CodeIgniter\CodeIgniter->createController()
#6 C:\xampp\htdocs\weProject\DemoFmenu\system\CodeIgniter.php(326): CodeIgniter\CodeIgniter->handleRequest(NULL, Object(Config\Cache), false)
#7 C:\xampp\htdocs\weProject\DemoFmenu\index.php(37): CodeIgniter\CodeIgniter->run()
#8 {main}
ERROR - 2022-09-25 09:26:57 --> Error connecting to the database: Access denied for user '****'@'localhost' (using password: YES)
CRITICAL - 2022-09-25 09:26:57 --> Unable to connect to the database.
Main connection [MySQLi]: Access denied for user '****'@'localhost' (using password: YES)
#0 C:\xampp\htdocs\weProject\DemoFmenu\system\Database\BaseConnection.php(577): CodeIgniter\Database\BaseConnection->initialize()
#1 C:\xampp\htdocs\weProject\DemoFmenu\system\Database\BaseBuilder.php(1771): CodeIgniter\Database\BaseConnection->query('INSERT INTO `lo...', Array, false)
#2 C:\xampp\htdocs\weProject\DemoFmenu\app\Models\Admin\ALogModel.php(70): CodeIgniter\Database\BaseBuilder->insert(Array)
#3 C:\xampp\htdocs\weProject\DemoFmenu\app\Controllers\Fpanel\Trigger.php(23): App\Models\Admin\ALogModel->setLog()
#4 C:\xampp\htdocs\weProject\DemoFmenu\system\CodeIgniter.php(809): App\Controllers\Fpanel\Trigger->__construct()
#5 C:\xampp\htdocs\weProject\DemoFmenu\system\CodeIgniter.php(410): CodeIgniter\CodeIgniter->createController()
#6 C:\xampp\htdocs\weProject\DemoFmenu\system\CodeIgniter.php(326): CodeIgniter\CodeIgniter->handleRequest(NULL, Object(Config\Cache), false)
#7 C:\xampp\htdocs\weProject\DemoFmenu\index.php(37): CodeIgniter\CodeIgniter->run()
#8 {main}
ERROR - 2022-09-25 09:27:01 --> Error connecting to the database: Access denied for user '****'@'localhost' (using password: YES)
CRITICAL - 2022-09-25 09:27:01 --> Unable to connect to the database.
Main connection [MySQLi]: Access denied for user '****'@'localhost' (using password: YES)
#0 C:\xampp\htdocs\weProject\DemoFmenu\system\Database\BaseConnection.php(577): CodeIgniter\Database\BaseConnection->initialize()
#1 C:\xampp\htdocs\weProject\DemoFmenu\system\Database\BaseBuilder.php(1771): CodeIgniter\Database\BaseConnection->query('INSERT INTO `lo...', Array, false)
#2 C:\xampp\htdocs\weProject\DemoFmenu\app\Models\Admin\ALogModel.php(70): CodeIgniter\Database\BaseBuilder->insert(Array)
#3 C:\xampp\htdocs\weProject\DemoFmenu\app\Controllers\Fpanel\Trigger.php(23): App\Models\Admin\ALogModel->setLog()
#4 C:\xampp\htdocs\weProject\DemoFmenu\system\CodeIgniter.php(809): App\Controllers\Fpanel\Trigger->__construct()
#5 C:\xampp\htdocs\weProject\DemoFmenu\system\CodeIgniter.php(410): CodeIgniter\CodeIgniter->createController()
#6 C:\xampp\htdocs\weProject\DemoFmenu\system\CodeIgniter.php(326): CodeIgniter\CodeIgniter->handleRequest(NULL, Object(Config\Cache), false)
#7 C:\xampp\htdocs\weProject\DemoFmenu\index.php(37): CodeIgniter\CodeIgniter->run()
#8 {main}
ERROR - 2022-09-25 09:27:05 --> Error connecting to the database: Access denied for user '****'@'localhost' (using password: NO)
CRITICAL - 2022-09-25 09:27:05 --> Unable to connect to the database.
Main connection [MySQLi]: Access denied for user '****'@'localhost' (using password: NO)
#0 C:\xampp\htdocs\weProject\DemoFmenu\system\Database\BaseConnection.php(577): CodeIgniter\Database\BaseConnection->initialize()
#1 C:\xampp\htdocs\weProject\DemoFmenu\system\Database\BaseBuilder.php(1771): CodeIgniter\Database\BaseConnection->query('INSERT INTO `lo...', Array, false)
#2 C:\xampp\htdocs\weProject\DemoFmenu\app\Models\Admin\ALogModel.php(70): CodeIgniter\Database\BaseBuilder->insert(Array)
#3 C:\xampp\htdocs\weProject\DemoFmenu\app\Controllers\Fpanel\Trigger.php(23): App\Models\Admin\ALogModel->setLog()
#4 C:\xampp\htdocs\weProject\DemoFmenu\system\CodeIgniter.php(809): App\Controllers\Fpanel\Trigger->__construct()
#5 C:\xampp\htdocs\weProject\DemoFmenu\system\CodeIgniter.php(410): CodeIgniter\CodeIgniter->createController()
#6 C:\xampp\htdocs\weProject\DemoFmenu\system\CodeIgniter.php(326): CodeIgniter\CodeIgniter->handleRequest(NULL, Object(Config\Cache), false)
#7 C:\xampp\htdocs\weProject\DemoFmenu\index.php(37): CodeIgniter\CodeIgniter->run()
#8 {main}
