ERROR - 2022-05-31 13:03:48 --> Error connecting to the database: No such file or directory
CRITICAL - 2022-05-31 13:03:48 --> Unable to connect to the database.
Main connection [MySQLi]: No such file or directory
#0 /home/vol10_1/epizy.com/epiz_31856209/htdocs/system/Database/BaseConnection.php(577): CodeIgniter\Database\BaseConnection->initialize()
#1 /home/vol10_1/epizy.com/epiz_31856209/htdocs/system/Database/BaseBuilder.php(1455): CodeIgniter\Database\BaseConnection->query('SELECT *\nFROM `...', Array, false)
#2 /home/vol10_1/epizy.com/epiz_31856209/htdocs/app/Models/IslemModel.php(15): CodeIgniter\Database\BaseBuilder->get()
#3 /home/vol10_1/epizy.com/epiz_31856209/htdocs/app/Controllers/Home.php(12): App\Models\IslemModel->updSumUsers()
#4 /home/vol10_1/epizy.com/epiz_31856209/htdocs/system/CodeIgniter.php(809): App\Controllers\Home->__construct()
#5 /home/vol10_1/epizy.com/epiz_31856209/htdocs/system/CodeIgniter.php(410): CodeIgniter\CodeIgniter->createController()
#6 /home/vol10_1/epizy.com/epiz_31856209/htdocs/system/CodeIgniter.php(326): CodeIgniter\CodeIgniter->handleRequest(NULL, Object(Config\Cache), false)
#7 /home/vol10_1/epizy.com/epiz_31856209/htdocs/index.php(37): CodeIgniter\CodeIgniter->run()
#8 {main}
ERROR - 2022-05-31 13:05:46 --> Error connecting to the database: No such file or directory
CRITICAL - 2022-05-31 13:05:46 --> Unable to connect to the database.
Main connection [MySQLi]: No such file or directory
#0 /home/vol10_1/epizy.com/epiz_31856209/htdocs/system/Database/BaseConnection.php(577): CodeIgniter\Database\BaseConnection->initialize()
#1 /home/vol10_1/epizy.com/epiz_31856209/htdocs/system/Database/BaseBuilder.php(1455): CodeIgniter\Database\BaseConnection->query('SELECT *\nFROM `...', Array, false)
#2 /home/vol10_1/epizy.com/epiz_31856209/htdocs/app/Models/IslemModel.php(15): CodeIgniter\Database\BaseBuilder->get()
#3 /home/vol10_1/epizy.com/epiz_31856209/htdocs/app/Controllers/Home.php(12): App\Models\IslemModel->updSumUsers()
#4 /home/vol10_1/epizy.com/epiz_31856209/htdocs/system/CodeIgniter.php(809): App\Controllers\Home->__construct()
#5 /home/vol10_1/epizy.com/epiz_31856209/htdocs/system/CodeIgniter.php(410): CodeIgniter\CodeIgniter->createController()
#6 /home/vol10_1/epizy.com/epiz_31856209/htdocs/system/CodeIgniter.php(326): CodeIgniter\CodeIgniter->handleRequest(NULL, Object(Config\Cache), false)
#7 /home/vol10_1/epizy.com/epiz_31856209/htdocs/index.php(37): CodeIgniter\CodeIgniter->run()
#8 {main}
ERROR - 2022-05-31 13:05:50 --> Error connecting to the database: No such file or directory
CRITICAL - 2022-05-31 13:05:50 --> Unable to connect to the database.
Main connection [MySQLi]: No such file or directory
#0 /home/vol10_1/epizy.com/epiz_31856209/htdocs/system/Database/BaseConnection.php(577): CodeIgniter\Database\BaseConnection->initialize()
#1 /home/vol10_1/epizy.com/epiz_31856209/htdocs/system/Database/BaseBuilder.php(1455): CodeIgniter\Database\BaseConnection->query('SELECT *\nFROM `...', Array, false)
#2 /home/vol10_1/epizy.com/epiz_31856209/htdocs/app/Models/IslemModel.php(15): CodeIgniter\Database\BaseBuilder->get()
#3 /home/vol10_1/epizy.com/epiz_31856209/htdocs/app/Controllers/Home.php(12): App\Models\IslemModel->updSumUsers()
#4 /home/vol10_1/epizy.com/epiz_31856209/htdocs/system/CodeIgniter.php(809): App\Controllers\Home->__construct()
#5 /home/vol10_1/epizy.com/epiz_31856209/htdocs/system/CodeIgniter.php(410): CodeIgniter\CodeIgniter->createController()
#6 /home/vol10_1/epizy.com/epiz_31856209/htdocs/system/CodeIgniter.php(326): CodeIgniter\CodeIgniter->handleRequest(NULL, Object(Config\Cache), false)
#7 /home/vol10_1/epizy.com/epiz_31856209/htdocs/index.php(37): CodeIgniter\CodeIgniter->run()
#8 {main}
