CRITICAL - 2022-10-23 00:47:41 --> Undefined variable $owner
#0 C:\xampp\htdocs\weProject\DemoFmenu\app\Views\Fpanel\includes\header.php(25): CodeIgniter\Debug\Exceptions->errorHandler(2, 'Undefined varia...', 'C:\\xampp\\htdocs...', 25)
#1 C:\xampp\htdocs\weProject\DemoFmenu\app\Views\Fpanel\index.php(1): include('C:\\xampp\\htdocs...')
#2 C:\xampp\htdocs\weProject\DemoFmenu\system\View\View.php(210): include('C:\\xampp\\htdocs...')
#3 C:\xampp\htdocs\weProject\DemoFmenu\system\View\View.php(213): CodeIgniter\View\View->CodeIgniter\View\{closure}()
#4 C:\xampp\htdocs\weProject\DemoFmenu\system\Common.php(1089): CodeIgniter\View\View->render('Fpanel/index', Array, true)
#5 C:\xampp\htdocs\weProject\DemoFmenu\app\Controllers\Fpanel\Admin.php(48): view('Fpanel/index', Array)
#6 C:\xampp\htdocs\weProject\DemoFmenu\system\CodeIgniter.php(832): App\Controllers\Fpanel\Admin->index()
#7 C:\xampp\htdocs\weProject\DemoFmenu\system\CodeIgniter.php(419): CodeIgniter\CodeIgniter->runController(Object(App\Controllers\Fpanel\Admin))
#8 C:\xampp\htdocs\weProject\DemoFmenu\system\CodeIgniter.php(326): CodeIgniter\CodeIgniter->handleRequest(NULL, Object(Config\Cache), false)
#9 C:\xampp\htdocs\weProject\DemoFmenu\index.php(37): CodeIgniter\CodeIgniter->run()
#10 {main}
CRITICAL - 2022-10-23 01:56:01 --> Array to string conversion
#0 C:\xampp\htdocs\weProject\DemoFmenu\app\Controllers\Fpanel\Trigger.php(126): CodeIgniter\Debug\Exceptions->errorHandler(2, 'Array to string...', 'C:\\xampp\\htdocs...', 126)
#1 C:\xampp\htdocs\weProject\DemoFmenu\system\CodeIgniter.php(832): App\Controllers\Fpanel\Trigger->getOrder()
#2 C:\xampp\htdocs\weProject\DemoFmenu\system\CodeIgniter.php(419): CodeIgniter\CodeIgniter->runController(Object(App\Controllers\Fpanel\Trigger))
#3 C:\xampp\htdocs\weProject\DemoFmenu\system\CodeIgniter.php(326): CodeIgniter\CodeIgniter->handleRequest(NULL, Object(Config\Cache), false)
#4 C:\xampp\htdocs\weProject\DemoFmenu\index.php(37): CodeIgniter\CodeIgniter->run()
#5 {main}
CRITICAL - 2022-10-23 01:56:33 --> Array to string conversion
#0 C:\xampp\htdocs\weProject\DemoFmenu\app\Controllers\Fpanel\Trigger.php(126): CodeIgniter\Debug\Exceptions->errorHandler(2, 'Array to string...', 'C:\\xampp\\htdocs...', 126)
#1 C:\xampp\htdocs\weProject\DemoFmenu\system\CodeIgniter.php(832): App\Controllers\Fpanel\Trigger->getOrder()
#2 C:\xampp\htdocs\weProject\DemoFmenu\system\CodeIgniter.php(419): CodeIgniter\CodeIgniter->runController(Object(App\Controllers\Fpanel\Trigger))
#3 C:\xampp\htdocs\weProject\DemoFmenu\system\CodeIgniter.php(326): CodeIgniter\CodeIgniter->handleRequest(NULL, Object(Config\Cache), false)
#4 C:\xampp\htdocs\weProject\DemoFmenu\index.php(37): CodeIgniter\CodeIgniter->run()
#5 {main}
CRITICAL - 2022-10-23 02:46:31 --> foreach() argument must be of type array|object, null given
#0 C:\xampp\htdocs\weProject\DemoFmenu\app\Views\ourPackages.php(55): CodeIgniter\Debug\Exceptions->errorHandler(2, 'foreach() argum...', 'C:\\xampp\\htdocs...', 55)
#1 C:\xampp\htdocs\weProject\DemoFmenu\system\View\View.php(210): include('C:\\xampp\\htdocs...')
#2 C:\xampp\htdocs\weProject\DemoFmenu\system\View\View.php(213): CodeIgniter\View\View->CodeIgniter\View\{closure}()
#3 C:\xampp\htdocs\weProject\DemoFmenu\system\Common.php(1089): CodeIgniter\View\View->render('ourPackages', Array, true)
#4 C:\xampp\htdocs\weProject\DemoFmenu\app\Controllers\OurPackages.php(83): view('ourPackages', Array)
#5 C:\xampp\htdocs\weProject\DemoFmenu\system\CodeIgniter.php(832): App\Controllers\OurPackages->index()
#6 C:\xampp\htdocs\weProject\DemoFmenu\system\CodeIgniter.php(419): CodeIgniter\CodeIgniter->runController(Object(App\Controllers\OurPackages))
#7 C:\xampp\htdocs\weProject\DemoFmenu\system\CodeIgniter.php(326): CodeIgniter\CodeIgniter->handleRequest(NULL, Object(Config\Cache), false)
#8 C:\xampp\htdocs\weProject\DemoFmenu\index.php(37): CodeIgniter\CodeIgniter->run()
#9 {main}
CRITICAL - 2022-10-23 02:55:56 --> syntax error, unexpected identifier "curl_close", expecting "," or ";"
#0 C:\xampp\htdocs\weProject\DemoFmenu\system\Router\Router.php(175): CodeIgniter\Router\Router->autoRoute('SoftPHP/curPost...')
#1 C:\xampp\htdocs\weProject\DemoFmenu\system\CodeIgniter.php(726): CodeIgniter\Router\Router->handle('SoftPHP/curPost...')
#2 C:\xampp\htdocs\weProject\DemoFmenu\system\CodeIgniter.php(368): CodeIgniter\CodeIgniter->tryToRouteIt(Object(CodeIgniter\Router\RouteCollection))
#3 C:\xampp\htdocs\weProject\DemoFmenu\system\CodeIgniter.php(326): CodeIgniter\CodeIgniter->handleRequest(NULL, Object(Config\Cache), false)
#4 C:\xampp\htdocs\weProject\DemoFmenu\index.php(37): CodeIgniter\CodeIgniter->run()
#5 {main}
CRITICAL - 2022-10-23 02:58:43 --> Trying to access array offset on value of type bool
#0 C:\xampp\htdocs\weProject\DemoFmenu\app\Controllers\SoftPHP.php(242): CodeIgniter\Debug\Exceptions->errorHandler(2, 'Trying to acces...', 'C:\\xampp\\htdocs...', 242)
#1 C:\xampp\htdocs\weProject\DemoFmenu\system\CodeIgniter.php(832): App\Controllers\SoftPHP->curPostRequest()
#2 C:\xampp\htdocs\weProject\DemoFmenu\system\CodeIgniter.php(419): CodeIgniter\CodeIgniter->runController(Object(App\Controllers\SoftPHP))
#3 C:\xampp\htdocs\weProject\DemoFmenu\system\CodeIgniter.php(326): CodeIgniter\CodeIgniter->handleRequest(NULL, Object(Config\Cache), false)
#4 C:\xampp\htdocs\weProject\DemoFmenu\index.php(37): CodeIgniter\CodeIgniter->run()
#5 {main}
CRITICAL - 2022-10-23 02:58:53 --> Trying to access array offset on value of type null
#0 C:\xampp\htdocs\weProject\DemoFmenu\app\Controllers\SoftPHP.php(242): CodeIgniter\Debug\Exceptions->errorHandler(2, 'Trying to acces...', 'C:\\xampp\\htdocs...', 242)
#1 C:\xampp\htdocs\weProject\DemoFmenu\system\CodeIgniter.php(832): App\Controllers\SoftPHP->curPostRequest()
#2 C:\xampp\htdocs\weProject\DemoFmenu\system\CodeIgniter.php(419): CodeIgniter\CodeIgniter->runController(Object(App\Controllers\SoftPHP))
#3 C:\xampp\htdocs\weProject\DemoFmenu\system\CodeIgniter.php(326): CodeIgniter\CodeIgniter->handleRequest(NULL, Object(Config\Cache), false)
#4 C:\xampp\htdocs\weProject\DemoFmenu\index.php(37): CodeIgniter\CodeIgniter->run()
#5 {main}
CRITICAL - 2022-10-23 03:06:16 --> Undefined property: App\Controllers\SoftPHP::$client
#0 C:\xampp\htdocs\weProject\DemoFmenu\app\Controllers\SoftPHP.php(228): CodeIgniter\Debug\Exceptions->errorHandler(2, 'Undefined prope...', 'C:\\xampp\\htdocs...', 228)
#1 C:\xampp\htdocs\weProject\DemoFmenu\system\CodeIgniter.php(832): App\Controllers\SoftPHP->curPostRequest()
#2 C:\xampp\htdocs\weProject\DemoFmenu\system\CodeIgniter.php(419): CodeIgniter\CodeIgniter->runController(Object(App\Controllers\SoftPHP))
#3 C:\xampp\htdocs\weProject\DemoFmenu\system\CodeIgniter.php(326): CodeIgniter\CodeIgniter->handleRequest(NULL, Object(Config\Cache), false)
#4 C:\xampp\htdocs\weProject\DemoFmenu\index.php(37): CodeIgniter\CodeIgniter->run()
#5 {main}
CRITICAL - 2022-10-23 03:06:52 --> 60 : SSL certificate problem: self signed certificate
#0 C:\xampp\htdocs\weProject\DemoFmenu\system\HTTP\CURLRequest.php(656): CodeIgniter\HTTP\Exceptions\HTTPException::forCurlError('60', 'SSL certificate...')
#1 C:\xampp\htdocs\weProject\DemoFmenu\system\HTTP\CURLRequest.php(364): CodeIgniter\HTTP\CURLRequest->sendRequest(Array)
#2 C:\xampp\htdocs\weProject\DemoFmenu\system\HTTP\CURLRequest.php(140): CodeIgniter\HTTP\CURLRequest->send('GET', 'https://localho...')
#3 C:\xampp\htdocs\weProject\DemoFmenu\app\Controllers\SoftPHP.php(228): CodeIgniter\HTTP\CURLRequest->request('GET', 'https://localho...')
#4 C:\xampp\htdocs\weProject\DemoFmenu\system\CodeIgniter.php(832): App\Controllers\SoftPHP->curPostRequest()
#5 C:\xampp\htdocs\weProject\DemoFmenu\system\CodeIgniter.php(419): CodeIgniter\CodeIgniter->runController(Object(App\Controllers\SoftPHP))
#6 C:\xampp\htdocs\weProject\DemoFmenu\system\CodeIgniter.php(326): CodeIgniter\CodeIgniter->handleRequest(NULL, Object(Config\Cache), false)
#7 C:\xampp\htdocs\weProject\DemoFmenu\index.php(37): CodeIgniter\CodeIgniter->run()
#8 {main}
CRITICAL - 2022-10-23 03:12:02 --> 60 : SSL certificate problem: self signed certificate
#0 C:\xampp\htdocs\weProject\DemoFmenu\system\HTTP\CURLRequest.php(656): CodeIgniter\HTTP\Exceptions\HTTPException::forCurlError('60', 'SSL certificate...')
#1 C:\xampp\htdocs\weProject\DemoFmenu\system\HTTP\CURLRequest.php(364): CodeIgniter\HTTP\CURLRequest->sendRequest(Array)
#2 C:\xampp\htdocs\weProject\DemoFmenu\system\HTTP\CURLRequest.php(140): CodeIgniter\HTTP\CURLRequest->send('GET', 'https://localho...')
#3 C:\xampp\htdocs\weProject\DemoFmenu\app\Controllers\SoftPHP.php(230): CodeIgniter\HTTP\CURLRequest->request('GET', 'https://localho...')
#4 C:\xampp\htdocs\weProject\DemoFmenu\system\CodeIgniter.php(832): App\Controllers\SoftPHP->curPostRequest()
#5 C:\xampp\htdocs\weProject\DemoFmenu\system\CodeIgniter.php(419): CodeIgniter\CodeIgniter->runController(Object(App\Controllers\SoftPHP))
#6 C:\xampp\htdocs\weProject\DemoFmenu\system\CodeIgniter.php(326): CodeIgniter\CodeIgniter->handleRequest(NULL, Object(Config\Cache), false)
#7 C:\xampp\htdocs\weProject\DemoFmenu\index.php(37): CodeIgniter\CodeIgniter->run()
#8 {main}
CRITICAL - 2022-10-23 03:14:18 --> 60 : SSL certificate problem: self signed certificate
#0 C:\xampp\htdocs\weProject\DemoFmenu\system\HTTP\CURLRequest.php(656): CodeIgniter\HTTP\Exceptions\HTTPException::forCurlError('60', 'SSL certificate...')
#1 C:\xampp\htdocs\weProject\DemoFmenu\system\HTTP\CURLRequest.php(364): CodeIgniter\HTTP\CURLRequest->sendRequest(Array)
#2 C:\xampp\htdocs\weProject\DemoFmenu\system\HTTP\CURLRequest.php(140): CodeIgniter\HTTP\CURLRequest->send('GET', 'https://localho...')
#3 C:\xampp\htdocs\weProject\DemoFmenu\app\Controllers\SoftPHP.php(230): CodeIgniter\HTTP\CURLRequest->request('GET', 'https://localho...')
#4 C:\xampp\htdocs\weProject\DemoFmenu\system\CodeIgniter.php(832): App\Controllers\SoftPHP->curPostRequest()
#5 C:\xampp\htdocs\weProject\DemoFmenu\system\CodeIgniter.php(419): CodeIgniter\CodeIgniter->runController(Object(App\Controllers\SoftPHP))
#6 C:\xampp\htdocs\weProject\DemoFmenu\system\CodeIgniter.php(326): CodeIgniter\CodeIgniter->handleRequest(NULL, Object(Config\Cache), false)
#7 C:\xampp\htdocs\weProject\DemoFmenu\index.php(37): CodeIgniter\CodeIgniter->run()
#8 {main}
CRITICAL - 2022-10-23 03:14:50 --> Undefined property: App\Controllers\SoftPHP::$client
#0 C:\xampp\htdocs\weProject\DemoFmenu\app\Controllers\SoftPHP.php(228): CodeIgniter\Debug\Exceptions->errorHandler(2, 'Undefined prope...', 'C:\\xampp\\htdocs...', 228)
#1 C:\xampp\htdocs\weProject\DemoFmenu\system\CodeIgniter.php(832): App\Controllers\SoftPHP->curPostRequest()
#2 C:\xampp\htdocs\weProject\DemoFmenu\system\CodeIgniter.php(419): CodeIgniter\CodeIgniter->runController(Object(App\Controllers\SoftPHP))
#3 C:\xampp\htdocs\weProject\DemoFmenu\system\CodeIgniter.php(326): CodeIgniter\CodeIgniter->handleRequest(NULL, Object(Config\Cache), false)
#4 C:\xampp\htdocs\weProject\DemoFmenu\index.php(37): CodeIgniter\CodeIgniter->run()
#5 {main}
CRITICAL - 2022-10-23 03:45:29 --> Undefined variable $sumExtra
#0 C:\xampp\htdocs\weProject\DemoFmenu\app\Controllers\SoftPHP.php(101): CodeIgniter\Debug\Exceptions->errorHandler(2, 'Undefined varia...', 'C:\\xampp\\htdocs...', 101)
#1 C:\xampp\htdocs\weProject\DemoFmenu\system\CodeIgniter.php(832): App\Controllers\SoftPHP->getCart()
#2 C:\xampp\htdocs\weProject\DemoFmenu\system\CodeIgniter.php(419): CodeIgniter\CodeIgniter->runController(Object(App\Controllers\SoftPHP))
#3 C:\xampp\htdocs\weProject\DemoFmenu\system\CodeIgniter.php(326): CodeIgniter\CodeIgniter->handleRequest(NULL, Object(Config\Cache), false)
#4 C:\xampp\htdocs\weProject\DemoFmenu\index.php(37): CodeIgniter\CodeIgniter->run()
#5 {main}
CRITICAL - 2022-10-23 03:46:20 --> Undefined variable $sumExtra
#0 C:\xampp\htdocs\weProject\DemoFmenu\app\Controllers\SoftPHP.php(101): CodeIgniter\Debug\Exceptions->errorHandler(2, 'Undefined varia...', 'C:\\xampp\\htdocs...', 101)
#1 C:\xampp\htdocs\weProject\DemoFmenu\system\CodeIgniter.php(832): App\Controllers\SoftPHP->getCart()
#2 C:\xampp\htdocs\weProject\DemoFmenu\system\CodeIgniter.php(419): CodeIgniter\CodeIgniter->runController(Object(App\Controllers\SoftPHP))
#3 C:\xampp\htdocs\weProject\DemoFmenu\system\CodeIgniter.php(326): CodeIgniter\CodeIgniter->handleRequest(NULL, Object(Config\Cache), false)
#4 C:\xampp\htdocs\weProject\DemoFmenu\index.php(37): CodeIgniter\CodeIgniter->run()
#5 {main}
CRITICAL - 2022-10-23 03:46:36 --> Undefined variable $sumExtra
#0 C:\xampp\htdocs\weProject\DemoFmenu\app\Controllers\SoftPHP.php(101): CodeIgniter\Debug\Exceptions->errorHandler(2, 'Undefined varia...', 'C:\\xampp\\htdocs...', 101)
#1 C:\xampp\htdocs\weProject\DemoFmenu\system\CodeIgniter.php(832): App\Controllers\SoftPHP->getCart()
#2 C:\xampp\htdocs\weProject\DemoFmenu\system\CodeIgniter.php(419): CodeIgniter\CodeIgniter->runController(Object(App\Controllers\SoftPHP))
#3 C:\xampp\htdocs\weProject\DemoFmenu\system\CodeIgniter.php(326): CodeIgniter\CodeIgniter->handleRequest(NULL, Object(Config\Cache), false)
#4 C:\xampp\htdocs\weProject\DemoFmenu\index.php(37): CodeIgniter\CodeIgniter->run()
#5 {main}
CRITICAL - 2022-10-23 03:47:24 --> Undefined variable $sumExtra
#0 C:\xampp\htdocs\weProject\DemoFmenu\app\Controllers\SoftPHP.php(101): CodeIgniter\Debug\Exceptions->errorHandler(2, 'Undefined varia...', 'C:\\xampp\\htdocs...', 101)
#1 C:\xampp\htdocs\weProject\DemoFmenu\system\CodeIgniter.php(832): App\Controllers\SoftPHP->getCart()
#2 C:\xampp\htdocs\weProject\DemoFmenu\system\CodeIgniter.php(419): CodeIgniter\CodeIgniter->runController(Object(App\Controllers\SoftPHP))
#3 C:\xampp\htdocs\weProject\DemoFmenu\system\CodeIgniter.php(326): CodeIgniter\CodeIgniter->handleRequest(NULL, Object(Config\Cache), false)
#4 C:\xampp\htdocs\weProject\DemoFmenu\index.php(37): CodeIgniter\CodeIgniter->run()
#5 {main}
CRITICAL - 2022-10-23 03:47:31 --> Undefined variable $sumExtra
#0 C:\xampp\htdocs\weProject\DemoFmenu\app\Controllers\SoftPHP.php(101): CodeIgniter\Debug\Exceptions->errorHandler(2, 'Undefined varia...', 'C:\\xampp\\htdocs...', 101)
#1 C:\xampp\htdocs\weProject\DemoFmenu\system\CodeIgniter.php(832): App\Controllers\SoftPHP->getCart()
#2 C:\xampp\htdocs\weProject\DemoFmenu\system\CodeIgniter.php(419): CodeIgniter\CodeIgniter->runController(Object(App\Controllers\SoftPHP))
#3 C:\xampp\htdocs\weProject\DemoFmenu\system\CodeIgniter.php(326): CodeIgniter\CodeIgniter->handleRequest(NULL, Object(Config\Cache), false)
#4 C:\xampp\htdocs\weProject\DemoFmenu\index.php(37): CodeIgniter\CodeIgniter->run()
#5 {main}
CRITICAL - 2022-10-23 03:48:04 --> Undefined variable $sumExtra
#0 C:\xampp\htdocs\weProject\DemoFmenu\app\Controllers\SoftPHP.php(101): CodeIgniter\Debug\Exceptions->errorHandler(2, 'Undefined varia...', 'C:\\xampp\\htdocs...', 101)
#1 C:\xampp\htdocs\weProject\DemoFmenu\system\CodeIgniter.php(832): App\Controllers\SoftPHP->getCart()
#2 C:\xampp\htdocs\weProject\DemoFmenu\system\CodeIgniter.php(419): CodeIgniter\CodeIgniter->runController(Object(App\Controllers\SoftPHP))
#3 C:\xampp\htdocs\weProject\DemoFmenu\system\CodeIgniter.php(326): CodeIgniter\CodeIgniter->handleRequest(NULL, Object(Config\Cache), false)
#4 C:\xampp\htdocs\weProject\DemoFmenu\index.php(37): CodeIgniter\CodeIgniter->run()
#5 {main}
CRITICAL - 2022-10-23 04:00:41 --> Undefined variable $activeSumPrice
#0 C:\xampp\htdocs\weProject\DemoFmenu\app\Views\includes\bottomBar.php(8): CodeIgniter\Debug\Exceptions->errorHandler(2, 'Undefined varia...', 'C:\\xampp\\htdocs...', 8)
#1 C:\xampp\htdocs\weProject\DemoFmenu\app\Views\ourPackages.php(96): include('C:\\xampp\\htdocs...')
#2 C:\xampp\htdocs\weProject\DemoFmenu\system\View\View.php(210): include('C:\\xampp\\htdocs...')
#3 C:\xampp\htdocs\weProject\DemoFmenu\system\View\View.php(213): CodeIgniter\View\View->CodeIgniter\View\{closure}()
#4 C:\xampp\htdocs\weProject\DemoFmenu\system\Common.php(1089): CodeIgniter\View\View->render('ourPackages', Array, true)
#5 C:\xampp\htdocs\weProject\DemoFmenu\app\Controllers\OurPackages.php(61): view('ourPackages', Array)
#6 C:\xampp\htdocs\weProject\DemoFmenu\system\CodeIgniter.php(832): App\Controllers\OurPackages->index()
#7 C:\xampp\htdocs\weProject\DemoFmenu\system\CodeIgniter.php(419): CodeIgniter\CodeIgniter->runController(Object(App\Controllers\OurPackages))
#8 C:\xampp\htdocs\weProject\DemoFmenu\system\CodeIgniter.php(326): CodeIgniter\CodeIgniter->handleRequest(NULL, Object(Config\Cache), false)
#9 C:\xampp\htdocs\weProject\DemoFmenu\index.php(37): CodeIgniter\CodeIgniter->run()
#10 {main}
CRITICAL - 2022-10-23 04:00:55 --> Attempt to read property "sumPrice" on string
#0 C:\xampp\htdocs\weProject\DemoFmenu\app\Views\includes\bottomBar.php(8): CodeIgniter\Debug\Exceptions->errorHandler(2, 'Attempt to read...', 'C:\\xampp\\htdocs...', 8)
#1 C:\xampp\htdocs\weProject\DemoFmenu\app\Views\ourPackages.php(96): include('C:\\xampp\\htdocs...')
#2 C:\xampp\htdocs\weProject\DemoFmenu\system\View\View.php(210): include('C:\\xampp\\htdocs...')
#3 C:\xampp\htdocs\weProject\DemoFmenu\system\View\View.php(213): CodeIgniter\View\View->CodeIgniter\View\{closure}()
#4 C:\xampp\htdocs\weProject\DemoFmenu\system\Common.php(1089): CodeIgniter\View\View->render('ourPackages', Array, true)
#5 C:\xampp\htdocs\weProject\DemoFmenu\app\Controllers\OurPackages.php(61): view('ourPackages', Array)
#6 C:\xampp\htdocs\weProject\DemoFmenu\system\CodeIgniter.php(832): App\Controllers\OurPackages->index()
#7 C:\xampp\htdocs\weProject\DemoFmenu\system\CodeIgniter.php(419): CodeIgniter\CodeIgniter->runController(Object(App\Controllers\OurPackages))
#8 C:\xampp\htdocs\weProject\DemoFmenu\system\CodeIgniter.php(326): CodeIgniter\CodeIgniter->handleRequest(NULL, Object(Config\Cache), false)
#9 C:\xampp\htdocs\weProject\DemoFmenu\index.php(37): CodeIgniter\CodeIgniter->run()
#10 {main}
CRITICAL - 2022-10-23 04:01:29 --> Attempt to read property "sumPrice" on string
#0 C:\xampp\htdocs\weProject\DemoFmenu\app\Views\includes\bottomBar.php(8): CodeIgniter\Debug\Exceptions->errorHandler(2, 'Attempt to read...', 'C:\\xampp\\htdocs...', 8)
#1 C:\xampp\htdocs\weProject\DemoFmenu\app\Views\ourPackages.php(96): include('C:\\xampp\\htdocs...')
#2 C:\xampp\htdocs\weProject\DemoFmenu\system\View\View.php(210): include('C:\\xampp\\htdocs...')
#3 C:\xampp\htdocs\weProject\DemoFmenu\system\View\View.php(213): CodeIgniter\View\View->CodeIgniter\View\{closure}()
#4 C:\xampp\htdocs\weProject\DemoFmenu\system\Common.php(1089): CodeIgniter\View\View->render('ourPackages', Array, true)
#5 C:\xampp\htdocs\weProject\DemoFmenu\app\Controllers\OurPackages.php(65): view('ourPackages', Array)
#6 C:\xampp\htdocs\weProject\DemoFmenu\system\CodeIgniter.php(832): App\Controllers\OurPackages->index()
#7 C:\xampp\htdocs\weProject\DemoFmenu\system\CodeIgniter.php(419): CodeIgniter\CodeIgniter->runController(Object(App\Controllers\OurPackages))
#8 C:\xampp\htdocs\weProject\DemoFmenu\system\CodeIgniter.php(326): CodeIgniter\CodeIgniter->handleRequest(NULL, Object(Config\Cache), false)
#9 C:\xampp\htdocs\weProject\DemoFmenu\index.php(37): CodeIgniter\CodeIgniter->run()
#10 {main}
CRITICAL - 2022-10-23 04:21:26 --> Array to string conversion
#0 C:\xampp\htdocs\weProject\DemoFmenu\app\Controllers\SoftPHP.php(84): CodeIgniter\Debug\Exceptions->errorHandler(2, 'Array to string...', 'C:\\xampp\\htdocs...', 84)
#1 C:\xampp\htdocs\weProject\DemoFmenu\system\CodeIgniter.php(832): App\Controllers\SoftPHP->getCart()
#2 C:\xampp\htdocs\weProject\DemoFmenu\system\CodeIgniter.php(419): CodeIgniter\CodeIgniter->runController(Object(App\Controllers\SoftPHP))
#3 C:\xampp\htdocs\weProject\DemoFmenu\system\CodeIgniter.php(326): CodeIgniter\CodeIgniter->handleRequest(NULL, Object(Config\Cache), false)
#4 C:\xampp\htdocs\weProject\DemoFmenu\index.php(37): CodeIgniter\CodeIgniter->run()
#5 {main}
CRITICAL - 2022-10-23 04:21:56 --> Array to string conversion
#0 C:\xampp\htdocs\weProject\DemoFmenu\app\Controllers\SoftPHP.php(84): CodeIgniter\Debug\Exceptions->errorHandler(2, 'Array to string...', 'C:\\xampp\\htdocs...', 84)
#1 C:\xampp\htdocs\weProject\DemoFmenu\system\CodeIgniter.php(832): App\Controllers\SoftPHP->getCart()
#2 C:\xampp\htdocs\weProject\DemoFmenu\system\CodeIgniter.php(419): CodeIgniter\CodeIgniter->runController(Object(App\Controllers\SoftPHP))
#3 C:\xampp\htdocs\weProject\DemoFmenu\system\CodeIgniter.php(326): CodeIgniter\CodeIgniter->handleRequest(NULL, Object(Config\Cache), false)
#4 C:\xampp\htdocs\weProject\DemoFmenu\index.php(37): CodeIgniter\CodeIgniter->run()
#5 {main}
CRITICAL - 2022-10-23 04:22:22 --> Attempt to read property "productDetails" on array
#0 C:\xampp\htdocs\weProject\DemoFmenu\app\Views\ourPackages.php(51): CodeIgniter\Debug\Exceptions->errorHandler(2, 'Attempt to read...', 'C:\\xampp\\htdocs...', 51)
#1 C:\xampp\htdocs\weProject\DemoFmenu\system\View\View.php(210): include('C:\\xampp\\htdocs...')
#2 C:\xampp\htdocs\weProject\DemoFmenu\system\View\View.php(213): CodeIgniter\View\View->CodeIgniter\View\{closure}()
#3 C:\xampp\htdocs\weProject\DemoFmenu\system\Common.php(1089): CodeIgniter\View\View->render('ourPackages', Array, true)
#4 C:\xampp\htdocs\weProject\DemoFmenu\app\Controllers\Home.php(86): view('ourPackages', Array)
#5 C:\xampp\htdocs\weProject\DemoFmenu\system\CodeIgniter.php(832): App\Controllers\Home->index()
#6 C:\xampp\htdocs\weProject\DemoFmenu\system\CodeIgniter.php(419): CodeIgniter\CodeIgniter->runController(Object(App\Controllers\Home))
#7 C:\xampp\htdocs\weProject\DemoFmenu\system\CodeIgniter.php(326): CodeIgniter\CodeIgniter->handleRequest(NULL, Object(Config\Cache), false)
#8 C:\xampp\htdocs\weProject\DemoFmenu\index.php(37): CodeIgniter\CodeIgniter->run()
#9 {main}
CRITICAL - 2022-10-23 04:38:41 --> Attempt to read property "id" on null
#0 C:\xampp\htdocs\weProject\DemoFmenu\app\Controllers\Home.php(68): CodeIgniter\Debug\Exceptions->errorHandler(2, 'Attempt to read...', 'C:\\xampp\\htdocs...', 68)
#1 C:\xampp\htdocs\weProject\DemoFmenu\system\CodeIgniter.php(832): App\Controllers\Home->index()
#2 C:\xampp\htdocs\weProject\DemoFmenu\system\CodeIgniter.php(419): CodeIgniter\CodeIgniter->runController(Object(App\Controllers\Home))
#3 C:\xampp\htdocs\weProject\DemoFmenu\system\CodeIgniter.php(326): CodeIgniter\CodeIgniter->handleRequest(NULL, Object(Config\Cache), false)
#4 C:\xampp\htdocs\weProject\DemoFmenu\index.php(37): CodeIgniter\CodeIgniter->run()
#5 {main}
CRITICAL - 2022-10-23 04:39:24 --> Call to undefined function App\Controllers\getJsonFCurl()
#0 C:\xampp\htdocs\weProject\DemoFmenu\system\CodeIgniter.php(832): App\Controllers\Home->index()
#1 C:\xampp\htdocs\weProject\DemoFmenu\system\CodeIgniter.php(419): CodeIgniter\CodeIgniter->runController(Object(App\Controllers\Home))
#2 C:\xampp\htdocs\weProject\DemoFmenu\system\CodeIgniter.php(326): CodeIgniter\CodeIgniter->handleRequest(NULL, Object(Config\Cache), false)
#3 C:\xampp\htdocs\weProject\DemoFmenu\index.php(37): CodeIgniter\CodeIgniter->run()
#4 {main}
CRITICAL - 2022-10-23 04:39:44 --> Attempt to read property "sumPrice" on string
#0 C:\xampp\htdocs\weProject\DemoFmenu\app\Views\includes\bottomBar.php(8): CodeIgniter\Debug\Exceptions->errorHandler(2, 'Attempt to read...', 'C:\\xampp\\htdocs...', 8)
#1 C:\xampp\htdocs\weProject\DemoFmenu\app\Views\ourPackages.php(96): include('C:\\xampp\\htdocs...')
#2 C:\xampp\htdocs\weProject\DemoFmenu\system\View\View.php(210): include('C:\\xampp\\htdocs...')
#3 C:\xampp\htdocs\weProject\DemoFmenu\system\View\View.php(213): CodeIgniter\View\View->CodeIgniter\View\{closure}()
#4 C:\xampp\htdocs\weProject\DemoFmenu\system\Common.php(1089): CodeIgniter\View\View->render('ourPackages', Array, true)
#5 C:\xampp\htdocs\weProject\DemoFmenu\app\Controllers\Home.php(53): view('ourPackages', Array)
#6 C:\xampp\htdocs\weProject\DemoFmenu\system\CodeIgniter.php(832): App\Controllers\Home->index()
#7 C:\xampp\htdocs\weProject\DemoFmenu\system\CodeIgniter.php(419): CodeIgniter\CodeIgniter->runController(Object(App\Controllers\Home))
#8 C:\xampp\htdocs\weProject\DemoFmenu\system\CodeIgniter.php(326): CodeIgniter\CodeIgniter->handleRequest(NULL, Object(Config\Cache), false)
#9 C:\xampp\htdocs\weProject\DemoFmenu\index.php(37): CodeIgniter\CodeIgniter->run()
#10 {main}
CRITICAL - 2022-10-23 04:40:33 --> Attempt to read property "sumPrice" on string
#0 C:\xampp\htdocs\weProject\DemoFmenu\app\Views\includes\bottomBar.php(8): CodeIgniter\Debug\Exceptions->errorHandler(2, 'Attempt to read...', 'C:\\xampp\\htdocs...', 8)
#1 C:\xampp\htdocs\weProject\DemoFmenu\app\Views\ourPackages.php(96): include('C:\\xampp\\htdocs...')
#2 C:\xampp\htdocs\weProject\DemoFmenu\system\View\View.php(210): include('C:\\xampp\\htdocs...')
#3 C:\xampp\htdocs\weProject\DemoFmenu\system\View\View.php(213): CodeIgniter\View\View->CodeIgniter\View\{closure}()
#4 C:\xampp\htdocs\weProject\DemoFmenu\system\Common.php(1089): CodeIgniter\View\View->render('ourPackages', Array, true)
#5 C:\xampp\htdocs\weProject\DemoFmenu\app\Controllers\Home.php(57): view('ourPackages', Array)
#6 C:\xampp\htdocs\weProject\DemoFmenu\system\CodeIgniter.php(832): App\Controllers\Home->index()
#7 C:\xampp\htdocs\weProject\DemoFmenu\system\CodeIgniter.php(419): CodeIgniter\CodeIgniter->runController(Object(App\Controllers\Home))
#8 C:\xampp\htdocs\weProject\DemoFmenu\system\CodeIgniter.php(326): CodeIgniter\CodeIgniter->handleRequest(NULL, Object(Config\Cache), false)
#9 C:\xampp\htdocs\weProject\DemoFmenu\index.php(37): CodeIgniter\CodeIgniter->run()
#10 {main}
CRITICAL - 2022-10-23 07:40:26 --> Attempt to read property "id" on null
#0 C:\xampp\htdocs\weProject\DemoFmenu\app\Controllers\Home.php(61): CodeIgniter\Debug\Exceptions->errorHandler(2, 'Attempt to read...', 'C:\\xampp\\htdocs...', 61)
#1 C:\xampp\htdocs\weProject\DemoFmenu\system\CodeIgniter.php(832): App\Controllers\Home->index()
#2 C:\xampp\htdocs\weProject\DemoFmenu\system\CodeIgniter.php(419): CodeIgniter\CodeIgniter->runController(Object(App\Controllers\Home))
#3 C:\xampp\htdocs\weProject\DemoFmenu\system\CodeIgniter.php(326): CodeIgniter\CodeIgniter->handleRequest(NULL, Object(Config\Cache), false)
#4 C:\xampp\htdocs\weProject\DemoFmenu\index.php(37): CodeIgniter\CodeIgniter->run()
#5 {main}
CRITICAL - 2022-10-23 16:01:33 --> Object of class stdClass could not be converted to string
#0 C:\xampp\htdocs\weProject\DemoFmenu\system\CodeIgniter.php(832): App\Controllers\Fpanel\Desk->desk_change()
#1 C:\xampp\htdocs\weProject\DemoFmenu\system\CodeIgniter.php(419): CodeIgniter\CodeIgniter->runController(Object(App\Controllers\Fpanel\Desk))
#2 C:\xampp\htdocs\weProject\DemoFmenu\system\CodeIgniter.php(326): CodeIgniter\CodeIgniter->handleRequest(NULL, Object(Config\Cache), false)
#3 C:\xampp\htdocs\weProject\DemoFmenu\index.php(37): CodeIgniter\CodeIgniter->run()
#4 {main}
CRITICAL - 2022-10-23 16:31:16 --> Array to string conversion
#0 C:\xampp\htdocs\weProject\DemoFmenu\app\Controllers\Fpanel\CallWaiter.php(39): CodeIgniter\Debug\Exceptions->errorHandler(2, 'Array to string...', 'C:\\xampp\\htdocs...', 39)
#1 C:\xampp\htdocs\weProject\DemoFmenu\system\CodeIgniter.php(832): App\Controllers\Fpanel\CallWaiter->getCallWaiter()
#2 C:\xampp\htdocs\weProject\DemoFmenu\system\CodeIgniter.php(419): CodeIgniter\CodeIgniter->runController(Object(App\Controllers\Fpanel\CallWaiter))
#3 C:\xampp\htdocs\weProject\DemoFmenu\system\CodeIgniter.php(326): CodeIgniter\CodeIgniter->handleRequest(NULL, Object(Config\Cache), false)
#4 C:\xampp\htdocs\weProject\DemoFmenu\index.php(37): CodeIgniter\CodeIgniter->run()
#5 {main}
CRITICAL - 2022-10-23 16:31:34 --> Array to string conversion
#0 C:\xampp\htdocs\weProject\DemoFmenu\app\Controllers\Fpanel\CallWaiter.php(39): CodeIgniter\Debug\Exceptions->errorHandler(2, 'Array to string...', 'C:\\xampp\\htdocs...', 39)
#1 C:\xampp\htdocs\weProject\DemoFmenu\system\CodeIgniter.php(832): App\Controllers\Fpanel\CallWaiter->getCallWaiter()
#2 C:\xampp\htdocs\weProject\DemoFmenu\system\CodeIgniter.php(419): CodeIgniter\CodeIgniter->runController(Object(App\Controllers\Fpanel\CallWaiter))
#3 C:\xampp\htdocs\weProject\DemoFmenu\system\CodeIgniter.php(326): CodeIgniter\CodeIgniter->handleRequest(NULL, Object(Config\Cache), false)
#4 C:\xampp\htdocs\weProject\DemoFmenu\index.php(37): CodeIgniter\CodeIgniter->run()
#5 {main}
CRITICAL - 2022-10-23 17:18:30 --> Attempt to read property "image" on null
#0 C:\xampp\htdocs\weProject\DemoFmenu\app\Controllers\Fpanel\Product.php(319): CodeIgniter\Debug\Exceptions->errorHandler(2, 'Attempt to read...', 'C:\\xampp\\htdocs...', 319)
#1 C:\xampp\htdocs\weProject\DemoFmenu\app\Controllers\Fpanel\Category.php(330): App\Controllers\Fpanel\Product->delete_result('146')
#2 C:\xampp\htdocs\weProject\DemoFmenu\system\CodeIgniter.php(832): App\Controllers\Fpanel\Category->delete_result('146')
#3 C:\xampp\htdocs\weProject\DemoFmenu\system\CodeIgniter.php(419): CodeIgniter\CodeIgniter->runController(Object(App\Controllers\Fpanel\Category))
#4 C:\xampp\htdocs\weProject\DemoFmenu\system\CodeIgniter.php(326): CodeIgniter\CodeIgniter->handleRequest(NULL, Object(Config\Cache), false)
#5 C:\xampp\htdocs\weProject\DemoFmenu\index.php(37): CodeIgniter\CodeIgniter->run()
#6 {main}
