CRITICAL - 2022-07-07 02:59:25 --> Undefined property: stdClass::$quantity
#0 C:\xampp\htdocs\weProject\FmenuPlus\app\Views\cart.php(21): CodeIgniter\Debug\Exceptions->errorHandler(2, 'Undefined prope...', 'C:\\xampp\\htdocs...', 21)
#1 C:\xampp\htdocs\weProject\FmenuPlus\system\View\View.php(210): include('C:\\xampp\\htdocs...')
#2 C:\xampp\htdocs\weProject\FmenuPlus\system\View\View.php(213): CodeIgniter\View\View->CodeIgniter\View\{closure}()
#3 C:\xampp\htdocs\weProject\FmenuPlus\system\Common.php(1089): CodeIgniter\View\View->render('cart', Array, true)
#4 C:\xampp\htdocs\weProject\FmenuPlus\app\Controllers\Cart.php(70): view('cart', Array)
#5 C:\xampp\htdocs\weProject\FmenuPlus\system\CodeIgniter.php(832): App\Controllers\Cart->index()
#6 C:\xampp\htdocs\weProject\FmenuPlus\system\CodeIgniter.php(419): CodeIgniter\CodeIgniter->runController(Object(App\Controllers\Cart))
#7 C:\xampp\htdocs\weProject\FmenuPlus\system\CodeIgniter.php(326): CodeIgniter\CodeIgniter->handleRequest(NULL, Object(Config\Cache), false)
#8 C:\xampp\htdocs\weProject\FmenuPlus\index.php(37): CodeIgniter\CodeIgniter->run()
#9 {main}
CRITICAL - 2022-07-07 03:05:58 --> foreach() argument must be of type array|object, string given
#0 C:\xampp\htdocs\weProject\FmenuPlus\app\Views\cart.php(19): CodeIgniter\Debug\Exceptions->errorHandler(2, 'foreach() argum...', 'C:\\xampp\\htdocs...', 19)
#1 C:\xampp\htdocs\weProject\FmenuPlus\system\View\View.php(210): include('C:\\xampp\\htdocs...')
#2 C:\xampp\htdocs\weProject\FmenuPlus\system\View\View.php(213): CodeIgniter\View\View->CodeIgniter\View\{closure}()
#3 C:\xampp\htdocs\weProject\FmenuPlus\system\Common.php(1089): CodeIgniter\View\View->render('cart', Array, true)
#4 C:\xampp\htdocs\weProject\FmenuPlus\app\Controllers\Cart.php(70): view('cart', Array)
#5 C:\xampp\htdocs\weProject\FmenuPlus\system\CodeIgniter.php(832): App\Controllers\Cart->index()
#6 C:\xampp\htdocs\weProject\FmenuPlus\system\CodeIgniter.php(419): CodeIgniter\CodeIgniter->runController(Object(App\Controllers\Cart))
#7 C:\xampp\htdocs\weProject\FmenuPlus\system\CodeIgniter.php(326): CodeIgniter\CodeIgniter->handleRequest(NULL, Object(Config\Cache), false)
#8 C:\xampp\htdocs\weProject\FmenuPlus\index.php(37): CodeIgniter\CodeIgniter->run()
#9 {main}
CRITICAL - 2022-07-07 03:07:04 --> Undefined array key 1
#0 C:\xampp\htdocs\weProject\FmenuPlus\app\Views\cart.php(19): CodeIgniter\Debug\Exceptions->errorHandler(2, 'Undefined array...', 'C:\\xampp\\htdocs...', 19)
#1 C:\xampp\htdocs\weProject\FmenuPlus\system\View\View.php(210): include('C:\\xampp\\htdocs...')
#2 C:\xampp\htdocs\weProject\FmenuPlus\system\View\View.php(213): CodeIgniter\View\View->CodeIgniter\View\{closure}()
#3 C:\xampp\htdocs\weProject\FmenuPlus\system\Common.php(1089): CodeIgniter\View\View->render('cart', Array, true)
#4 C:\xampp\htdocs\weProject\FmenuPlus\app\Controllers\Cart.php(70): view('cart', Array)
#5 C:\xampp\htdocs\weProject\FmenuPlus\system\CodeIgniter.php(832): App\Controllers\Cart->index()
#6 C:\xampp\htdocs\weProject\FmenuPlus\system\CodeIgniter.php(419): CodeIgniter\CodeIgniter->runController(Object(App\Controllers\Cart))
#7 C:\xampp\htdocs\weProject\FmenuPlus\system\CodeIgniter.php(326): CodeIgniter\CodeIgniter->handleRequest(NULL, Object(Config\Cache), false)
#8 C:\xampp\htdocs\weProject\FmenuPlus\index.php(37): CodeIgniter\CodeIgniter->run()
#9 {main}
CRITICAL - 2022-07-07 03:07:06 --> Undefined array key 1
#0 C:\xampp\htdocs\weProject\FmenuPlus\app\Views\cart.php(19): CodeIgniter\Debug\Exceptions->errorHandler(2, 'Undefined array...', 'C:\\xampp\\htdocs...', 19)
#1 C:\xampp\htdocs\weProject\FmenuPlus\system\View\View.php(210): include('C:\\xampp\\htdocs...')
#2 C:\xampp\htdocs\weProject\FmenuPlus\system\View\View.php(213): CodeIgniter\View\View->CodeIgniter\View\{closure}()
#3 C:\xampp\htdocs\weProject\FmenuPlus\system\Common.php(1089): CodeIgniter\View\View->render('cart', Array, true)
#4 C:\xampp\htdocs\weProject\FmenuPlus\app\Controllers\Cart.php(70): view('cart', Array)
#5 C:\xampp\htdocs\weProject\FmenuPlus\system\CodeIgniter.php(832): App\Controllers\Cart->index()
#6 C:\xampp\htdocs\weProject\FmenuPlus\system\CodeIgniter.php(419): CodeIgniter\CodeIgniter->runController(Object(App\Controllers\Cart))
#7 C:\xampp\htdocs\weProject\FmenuPlus\system\CodeIgniter.php(326): CodeIgniter\CodeIgniter->handleRequest(NULL, Object(Config\Cache), false)
#8 C:\xampp\htdocs\weProject\FmenuPlus\index.php(37): CodeIgniter\CodeIgniter->run()
#9 {main}
CRITICAL - 2022-07-07 03:07:37 --> Attempt to read property "image" on array
#0 C:\xampp\htdocs\weProject\FmenuPlus\app\Views\cart.php(22): CodeIgniter\Debug\Exceptions->errorHandler(2, 'Attempt to read...', 'C:\\xampp\\htdocs...', 22)
#1 C:\xampp\htdocs\weProject\FmenuPlus\system\View\View.php(210): include('C:\\xampp\\htdocs...')
#2 C:\xampp\htdocs\weProject\FmenuPlus\system\View\View.php(213): CodeIgniter\View\View->CodeIgniter\View\{closure}()
#3 C:\xampp\htdocs\weProject\FmenuPlus\system\Common.php(1089): CodeIgniter\View\View->render('cart', Array, true)
#4 C:\xampp\htdocs\weProject\FmenuPlus\app\Controllers\Cart.php(70): view('cart', Array)
#5 C:\xampp\htdocs\weProject\FmenuPlus\system\CodeIgniter.php(832): App\Controllers\Cart->index()
#6 C:\xampp\htdocs\weProject\FmenuPlus\system\CodeIgniter.php(419): CodeIgniter\CodeIgniter->runController(Object(App\Controllers\Cart))
#7 C:\xampp\htdocs\weProject\FmenuPlus\system\CodeIgniter.php(326): CodeIgniter\CodeIgniter->handleRequest(NULL, Object(Config\Cache), false)
#8 C:\xampp\htdocs\weProject\FmenuPlus\index.php(37): CodeIgniter\CodeIgniter->run()
#9 {main}
CRITICAL - 2022-07-07 03:08:19 --> Attempt to read property "image" on string
#0 C:\xampp\htdocs\weProject\FmenuPlus\app\Views\cart.php(22): CodeIgniter\Debug\Exceptions->errorHandler(2, 'Attempt to read...', 'C:\\xampp\\htdocs...', 22)
#1 C:\xampp\htdocs\weProject\FmenuPlus\system\View\View.php(210): include('C:\\xampp\\htdocs...')
#2 C:\xampp\htdocs\weProject\FmenuPlus\system\View\View.php(213): CodeIgniter\View\View->CodeIgniter\View\{closure}()
#3 C:\xampp\htdocs\weProject\FmenuPlus\system\Common.php(1089): CodeIgniter\View\View->render('cart', Array, true)
#4 C:\xampp\htdocs\weProject\FmenuPlus\app\Controllers\Cart.php(70): view('cart', Array)
#5 C:\xampp\htdocs\weProject\FmenuPlus\system\CodeIgniter.php(832): App\Controllers\Cart->index()
#6 C:\xampp\htdocs\weProject\FmenuPlus\system\CodeIgniter.php(419): CodeIgniter\CodeIgniter->runController(Object(App\Controllers\Cart))
#7 C:\xampp\htdocs\weProject\FmenuPlus\system\CodeIgniter.php(326): CodeIgniter\CodeIgniter->handleRequest(NULL, Object(Config\Cache), false)
#8 C:\xampp\htdocs\weProject\FmenuPlus\index.php(37): CodeIgniter\CodeIgniter->run()
#9 {main}
CRITICAL - 2022-07-07 14:11:11 --> Call to undefined function App\Controllers\GuvenlikFiltresi()
#0 C:\xampp\htdocs\weProject\FmenuPlus\system\CodeIgniter.php(832): App\Controllers\SoftPHP->getProduct()
#1 C:\xampp\htdocs\weProject\FmenuPlus\system\CodeIgniter.php(419): CodeIgniter\CodeIgniter->runController(Object(App\Controllers\SoftPHP))
#2 C:\xampp\htdocs\weProject\FmenuPlus\system\CodeIgniter.php(326): CodeIgniter\CodeIgniter->handleRequest(NULL, Object(Config\Cache), false)
#3 C:\xampp\htdocs\weProject\FmenuPlus\index.php(37): CodeIgniter\CodeIgniter->run()
#4 {main}
CRITICAL - 2022-07-07 14:11:18 --> Call to undefined function App\Controllers\GuvenlikFiltresi()
#0 C:\xampp\htdocs\weProject\FmenuPlus\system\CodeIgniter.php(832): App\Controllers\SoftPHP->getProduct()
#1 C:\xampp\htdocs\weProject\FmenuPlus\system\CodeIgniter.php(419): CodeIgniter\CodeIgniter->runController(Object(App\Controllers\SoftPHP))
#2 C:\xampp\htdocs\weProject\FmenuPlus\system\CodeIgniter.php(326): CodeIgniter\CodeIgniter->handleRequest(NULL, Object(Config\Cache), false)
#3 C:\xampp\htdocs\weProject\FmenuPlus\index.php(37): CodeIgniter\CodeIgniter->run()
#4 {main}
CRITICAL - 2022-07-07 14:11:48 --> Call to undefined function App\Controllers\GuvenlikFiltresi()
#0 C:\xampp\htdocs\weProject\FmenuPlus\system\CodeIgniter.php(832): App\Controllers\SoftPHP->getProduct()
#1 C:\xampp\htdocs\weProject\FmenuPlus\system\CodeIgniter.php(419): CodeIgniter\CodeIgniter->runController(Object(App\Controllers\SoftPHP))
#2 C:\xampp\htdocs\weProject\FmenuPlus\system\CodeIgniter.php(326): CodeIgniter\CodeIgniter->handleRequest(NULL, Object(Config\Cache), false)
#3 C:\xampp\htdocs\weProject\FmenuPlus\index.php(37): CodeIgniter\CodeIgniter->run()
#4 {main}
CRITICAL - 2022-07-07 14:11:50 --> Call to undefined function App\Controllers\GuvenlikFiltresi()
#0 C:\xampp\htdocs\weProject\FmenuPlus\system\CodeIgniter.php(832): App\Controllers\SoftPHP->getProduct()
#1 C:\xampp\htdocs\weProject\FmenuPlus\system\CodeIgniter.php(419): CodeIgniter\CodeIgniter->runController(Object(App\Controllers\SoftPHP))
#2 C:\xampp\htdocs\weProject\FmenuPlus\system\CodeIgniter.php(326): CodeIgniter\CodeIgniter->handleRequest(NULL, Object(Config\Cache), false)
#3 C:\xampp\htdocs\weProject\FmenuPlus\index.php(37): CodeIgniter\CodeIgniter->run()
#4 {main}
CRITICAL - 2022-07-07 14:12:36 --> Call to undefined function App\Controllers\GuvenlikFiltresi()
#0 C:\xampp\htdocs\weProject\FmenuPlus\system\CodeIgniter.php(832): App\Controllers\SoftPHP->getProduct()
#1 C:\xampp\htdocs\weProject\FmenuPlus\system\CodeIgniter.php(419): CodeIgniter\CodeIgniter->runController(Object(App\Controllers\SoftPHP))
#2 C:\xampp\htdocs\weProject\FmenuPlus\system\CodeIgniter.php(326): CodeIgniter\CodeIgniter->handleRequest(NULL, Object(Config\Cache), false)
#3 C:\xampp\htdocs\weProject\FmenuPlus\index.php(37): CodeIgniter\CodeIgniter->run()
#4 {main}
CRITICAL - 2022-07-07 14:13:08 --> Call to undefined function App\Controllers\GuvenlikFiltresi()
#0 C:\xampp\htdocs\weProject\FmenuPlus\system\CodeIgniter.php(832): App\Controllers\SoftPHP->getProduct()
#1 C:\xampp\htdocs\weProject\FmenuPlus\system\CodeIgniter.php(419): CodeIgniter\CodeIgniter->runController(Object(App\Controllers\SoftPHP))
#2 C:\xampp\htdocs\weProject\FmenuPlus\system\CodeIgniter.php(326): CodeIgniter\CodeIgniter->handleRequest(NULL, Object(Config\Cache), false)
#3 C:\xampp\htdocs\weProject\FmenuPlus\index.php(37): CodeIgniter\CodeIgniter->run()
#4 {main}
CRITICAL - 2022-07-07 14:13:39 --> Call to undefined function App\Controllers\GuvenlikFiltresi()
#0 C:\xampp\htdocs\weProject\FmenuPlus\system\CodeIgniter.php(832): App\Controllers\SoftPHP->getProduct()
#1 C:\xampp\htdocs\weProject\FmenuPlus\system\CodeIgniter.php(419): CodeIgniter\CodeIgniter->runController(Object(App\Controllers\SoftPHP))
#2 C:\xampp\htdocs\weProject\FmenuPlus\system\CodeIgniter.php(326): CodeIgniter\CodeIgniter->handleRequest(NULL, Object(Config\Cache), false)
#3 C:\xampp\htdocs\weProject\FmenuPlus\index.php(37): CodeIgniter\CodeIgniter->run()
#4 {main}
CRITICAL - 2022-07-07 14:14:35 --> Call to undefined function App\Controllers\GuvenlikFiltresi()
#0 C:\xampp\htdocs\weProject\FmenuPlus\system\CodeIgniter.php(832): App\Controllers\SoftPHP->getProduct()
#1 C:\xampp\htdocs\weProject\FmenuPlus\system\CodeIgniter.php(419): CodeIgniter\CodeIgniter->runController(Object(App\Controllers\SoftPHP))
#2 C:\xampp\htdocs\weProject\FmenuPlus\system\CodeIgniter.php(326): CodeIgniter\CodeIgniter->handleRequest(NULL, Object(Config\Cache), false)
#3 C:\xampp\htdocs\weProject\FmenuPlus\index.php(37): CodeIgniter\CodeIgniter->run()
#4 {main}
CRITICAL - 2022-07-07 14:14:36 --> Call to undefined function App\Controllers\GuvenlikFiltresi()
#0 C:\xampp\htdocs\weProject\FmenuPlus\system\CodeIgniter.php(832): App\Controllers\SoftPHP->getProduct()
#1 C:\xampp\htdocs\weProject\FmenuPlus\system\CodeIgniter.php(419): CodeIgniter\CodeIgniter->runController(Object(App\Controllers\SoftPHP))
#2 C:\xampp\htdocs\weProject\FmenuPlus\system\CodeIgniter.php(326): CodeIgniter\CodeIgniter->handleRequest(NULL, Object(Config\Cache), false)
#3 C:\xampp\htdocs\weProject\FmenuPlus\index.php(37): CodeIgniter\CodeIgniter->run()
#4 {main}
CRITICAL - 2022-07-07 14:16:13 --> Call to undefined function App\Controllers\GuvenlikFiltresi()
#0 C:\xampp\htdocs\weProject\FmenuPlus\system\CodeIgniter.php(832): App\Controllers\SoftPHP->getProduct()
#1 C:\xampp\htdocs\weProject\FmenuPlus\system\CodeIgniter.php(419): CodeIgniter\CodeIgniter->runController(Object(App\Controllers\SoftPHP))
#2 C:\xampp\htdocs\weProject\FmenuPlus\system\CodeIgniter.php(326): CodeIgniter\CodeIgniter->handleRequest(NULL, Object(Config\Cache), false)
#3 C:\xampp\htdocs\weProject\FmenuPlus\index.php(37): CodeIgniter\CodeIgniter->run()
#4 {main}
