ERROR - 2022-11-10 12:25:58 --> Table 'we_cmenu.desk' doesn't exist
CRITICAL - 2022-11-10 12:25:58 --> Call to a member function getResult() on bool
#0 C:\xampp\htdocs\weProject\1_Cmenu\app\Controllers\Home.php(27): App\Models\DeskModel->checkDeskPackage()
#1 C:\xampp\htdocs\weProject\1_Cmenu\system\CodeIgniter.php(809): App\Controllers\Home->__construct()
#2 C:\xampp\htdocs\weProject\1_Cmenu\system\CodeIgniter.php(410): CodeIgniter\CodeIgniter->createController()
#3 C:\xampp\htdocs\weProject\1_Cmenu\system\CodeIgniter.php(326): CodeIgniter\CodeIgniter->handleRequest(NULL, Object(Config\Cache), false)
#4 C:\xampp\htdocs\weProject\1_Cmenu\index.php(37): CodeIgniter\CodeIgniter->run()
#5 {main}
ERROR - 2022-11-10 21:27:42 --> Table 'we_cmenu.desk' doesn't exist
CRITICAL - 2022-11-10 21:27:42 --> Call to a member function getResult() on bool
#0 C:\xampp\htdocs\weProject\1_Cmenu\app\Controllers\Fpanel\Owner.php(116): App\Models\DeskModel->getDeskNumbers()
#1 C:\xampp\htdocs\weProject\1_Cmenu\system\CodeIgniter.php(832): App\Controllers\Fpanel\Owner->add()
#2 C:\xampp\htdocs\weProject\1_Cmenu\system\CodeIgniter.php(419): CodeIgniter\CodeIgniter->runController(Object(App\Controllers\Fpanel\Owner))
#3 C:\xampp\htdocs\weProject\1_Cmenu\system\CodeIgniter.php(326): CodeIgniter\CodeIgniter->handleRequest(NULL, Object(Config\Cache), false)
#4 C:\xampp\htdocs\weProject\1_Cmenu\index.php(37): CodeIgniter\CodeIgniter->run()
#5 {main}
CRITICAL - 2022-11-10 21:28:59 --> Undefined variable $deskNumbers
#0 C:\xampp\htdocs\weProject\1_Cmenu\app\Views\Fpanel\ownerAdd.php(43): CodeIgniter\Debug\Exceptions->errorHandler(2, 'Undefined varia...', 'C:\\xampp\\htdocs...', 43)
#1 C:\xampp\htdocs\weProject\1_Cmenu\system\View\View.php(210): include('C:\\xampp\\htdocs...')
#2 C:\xampp\htdocs\weProject\1_Cmenu\system\View\View.php(213): CodeIgniter\View\View->CodeIgniter\View\{closure}()
#3 C:\xampp\htdocs\weProject\1_Cmenu\system\Common.php(1089): CodeIgniter\View\View->render('Fpanel/ownerAdd', Array, true)
#4 C:\xampp\htdocs\weProject\1_Cmenu\app\Controllers\Fpanel\Owner.php(115): view('Fpanel/ownerAdd', Array)
#5 C:\xampp\htdocs\weProject\1_Cmenu\system\CodeIgniter.php(832): App\Controllers\Fpanel\Owner->add()
#6 C:\xampp\htdocs\weProject\1_Cmenu\system\CodeIgniter.php(419): CodeIgniter\CodeIgniter->runController(Object(App\Controllers\Fpanel\Owner))
#7 C:\xampp\htdocs\weProject\1_Cmenu\system\CodeIgniter.php(326): CodeIgniter\CodeIgniter->handleRequest(NULL, Object(Config\Cache), false)
#8 C:\xampp\htdocs\weProject\1_Cmenu\index.php(37): CodeIgniter\CodeIgniter->run()
#9 {main}
CRITICAL - 2022-11-10 21:32:25 --> You must set the database table to be used with your query.
#0 C:\xampp\htdocs\weProject\1_Cmenu\system\Model.php(545): CodeIgniter\Database\BaseConnection->table(NULL)
#1 C:\xampp\htdocs\weProject\1_Cmenu\system\Model.php(722): CodeIgniter\Model->builder()
#2 C:\xampp\htdocs\weProject\1_Cmenu\app\Controllers\Fpanel\Owner.php(217): CodeIgniter\Model->__call('getOwnerDesks', Array)
#3 C:\xampp\htdocs\weProject\1_Cmenu\system\CodeIgniter.php(832): App\Controllers\Fpanel\Owner->update('24')
#4 C:\xampp\htdocs\weProject\1_Cmenu\system\CodeIgniter.php(419): CodeIgniter\CodeIgniter->runController(Object(App\Controllers\Fpanel\Owner))
#5 C:\xampp\htdocs\weProject\1_Cmenu\system\CodeIgniter.php(326): CodeIgniter\CodeIgniter->handleRequest(NULL, Object(Config\Cache), false)
#6 C:\xampp\htdocs\weProject\1_Cmenu\index.php(37): CodeIgniter\CodeIgniter->run()
#7 {main}
ERROR - 2022-11-10 12:33:37 --> Table 'we_cmenu.desk' doesn't exist
CRITICAL - 2022-11-10 12:33:37 --> Call to a member function getResult() on bool
#0 C:\xampp\htdocs\weProject\1_Cmenu\app\Controllers\Home.php(27): App\Models\DeskModel->checkDeskPackage()
#1 C:\xampp\htdocs\weProject\1_Cmenu\system\CodeIgniter.php(809): App\Controllers\Home->__construct()
#2 C:\xampp\htdocs\weProject\1_Cmenu\system\CodeIgniter.php(410): CodeIgniter\CodeIgniter->createController()
#3 C:\xampp\htdocs\weProject\1_Cmenu\system\CodeIgniter.php(326): CodeIgniter\CodeIgniter->handleRequest(NULL, Object(Config\Cache), false)
#4 C:\xampp\htdocs\weProject\1_Cmenu\index.php(37): CodeIgniter\CodeIgniter->run()
#5 {main}
CRITICAL - 2022-11-10 12:34:56 --> Call to undefined function RestoreTransformations()
#0 C:\xampp\htdocs\weProject\1_Cmenu\app\Views\ourPackages.php(6): include()
#1 C:\xampp\htdocs\weProject\1_Cmenu\system\View\View.php(210): include('C:\\xampp\\htdocs...')
#2 C:\xampp\htdocs\weProject\1_Cmenu\system\View\View.php(213): CodeIgniter\View\View->CodeIgniter\View\{closure}()
#3 C:\xampp\htdocs\weProject\1_Cmenu\system\Common.php(1089): CodeIgniter\View\View->render('ourPackages', Array, true)
#4 C:\xampp\htdocs\weProject\1_Cmenu\app\Controllers\Home.php(43): view('ourPackages', Array)
#5 C:\xampp\htdocs\weProject\1_Cmenu\system\CodeIgniter.php(832): App\Controllers\Home->index()
#6 C:\xampp\htdocs\weProject\1_Cmenu\system\CodeIgniter.php(419): CodeIgniter\CodeIgniter->runController(Object(App\Controllers\Home))
#7 C:\xampp\htdocs\weProject\1_Cmenu\system\CodeIgniter.php(326): CodeIgniter\CodeIgniter->handleRequest(NULL, Object(Config\Cache), false)
#8 C:\xampp\htdocs\weProject\1_Cmenu\index.php(37): CodeIgniter\CodeIgniter->run()
#9 {main}
CRITICAL - 2022-11-10 12:35:21 --> Call to undefined function RestoreTransformations()
#0 C:\xampp\htdocs\weProject\1_Cmenu\app\Views\ourPackages.php(6): include()
#1 C:\xampp\htdocs\weProject\1_Cmenu\system\View\View.php(210): include('C:\\xampp\\htdocs...')
#2 C:\xampp\htdocs\weProject\1_Cmenu\system\View\View.php(213): CodeIgniter\View\View->CodeIgniter\View\{closure}()
#3 C:\xampp\htdocs\weProject\1_Cmenu\system\Common.php(1089): CodeIgniter\View\View->render('ourPackages', Array, true)
#4 C:\xampp\htdocs\weProject\1_Cmenu\app\Controllers\Home.php(43): view('ourPackages', Array)
#5 C:\xampp\htdocs\weProject\1_Cmenu\system\CodeIgniter.php(832): App\Controllers\Home->index()
#6 C:\xampp\htdocs\weProject\1_Cmenu\system\CodeIgniter.php(419): CodeIgniter\CodeIgniter->runController(Object(App\Controllers\Home))
#7 C:\xampp\htdocs\weProject\1_Cmenu\system\CodeIgniter.php(326): CodeIgniter\CodeIgniter->handleRequest(NULL, Object(Config\Cache), false)
#8 C:\xampp\htdocs\weProject\1_Cmenu\index.php(37): CodeIgniter\CodeIgniter->run()
#9 {main}
CRITICAL - 2022-11-10 12:35:58 --> Undefined array key "activeDesk"
#0 C:\xampp\htdocs\weProject\1_Cmenu\app\Controllers\OurPackages.php(61): CodeIgniter\Debug\Exceptions->errorHandler(2, 'Undefined array...', 'C:\\xampp\\htdocs...', 61)
#1 C:\xampp\htdocs\weProject\1_Cmenu\system\CodeIgniter.php(832): App\Controllers\OurPackages->product('cay')
#2 C:\xampp\htdocs\weProject\1_Cmenu\system\CodeIgniter.php(419): CodeIgniter\CodeIgniter->runController(Object(App\Controllers\OurPackages))
#3 C:\xampp\htdocs\weProject\1_Cmenu\system\CodeIgniter.php(326): CodeIgniter\CodeIgniter->handleRequest(NULL, Object(Config\Cache), false)
#4 C:\xampp\htdocs\weProject\1_Cmenu\index.php(37): CodeIgniter\CodeIgniter->run()
#5 {main}
