CRITICAL - 2022-11-22 13:23:19 --> foreach() argument must be of type array|object, null given
#0 C:\xampp\htdocs\weProject2_0\1_Cmenu\app\Views\ourPackages.php(53): CodeIgniter\Debug\Exceptions->errorHandler(2, 'foreach() argum...', 'C:\\xampp\\htdocs...', 53)
#1 C:\xampp\htdocs\weProject2_0\1_Cmenu\system\View\View.php(210): include('C:\\xampp\\htdocs...')
#2 C:\xampp\htdocs\weProject2_0\1_Cmenu\system\View\View.php(213): CodeIgniter\View\View->CodeIgniter\View\{closure}()
#3 C:\xampp\htdocs\weProject2_0\1_Cmenu\system\Common.php(1089): CodeIgniter\View\View->render('ourPackages', Array, true)
#4 C:\xampp\htdocs\weProject2_0\1_Cmenu\app\Controllers\Home.php(49): view('ourPackages', Array)
#5 C:\xampp\htdocs\weProject2_0\1_Cmenu\system\CodeIgniter.php(832): App\Controllers\Home->index()
#6 C:\xampp\htdocs\weProject2_0\1_Cmenu\system\CodeIgniter.php(419): CodeIgniter\CodeIgniter->runController(Object(App\Controllers\Home))
#7 C:\xampp\htdocs\weProject2_0\1_Cmenu\system\CodeIgniter.php(326): CodeIgniter\CodeIgniter->handleRequest(NULL, Object(Config\Cache), false)
#8 C:\xampp\htdocs\weProject2_0\1_Cmenu\index.php(37): CodeIgniter\CodeIgniter->run()
#9 {main}
CRITICAL - 2022-11-22 13:25:00 --> foreach() argument must be of type array|object, null given
#0 C:\xampp\htdocs\weProject2_0\1_Cmenu\app\Views\ourPackages.php(53): CodeIgniter\Debug\Exceptions->errorHandler(2, 'foreach() argum...', 'C:\\xampp\\htdocs...', 53)
#1 C:\xampp\htdocs\weProject2_0\1_Cmenu\system\View\View.php(210): include('C:\\xampp\\htdocs...')
#2 C:\xampp\htdocs\weProject2_0\1_Cmenu\system\View\View.php(213): CodeIgniter\View\View->CodeIgniter\View\{closure}()
#3 C:\xampp\htdocs\weProject2_0\1_Cmenu\system\Common.php(1089): CodeIgniter\View\View->render('ourPackages', Array, true)
#4 C:\xampp\htdocs\weProject2_0\1_Cmenu\app\Controllers\Home.php(49): view('ourPackages', Array)
#5 C:\xampp\htdocs\weProject2_0\1_Cmenu\system\CodeIgniter.php(832): App\Controllers\Home->index()
#6 C:\xampp\htdocs\weProject2_0\1_Cmenu\system\CodeIgniter.php(419): CodeIgniter\CodeIgniter->runController(Object(App\Controllers\Home))
#7 C:\xampp\htdocs\weProject2_0\1_Cmenu\system\CodeIgniter.php(326): CodeIgniter\CodeIgniter->handleRequest(NULL, Object(Config\Cache), false)
#8 C:\xampp\htdocs\weProject2_0\1_Cmenu\index.php(37): CodeIgniter\CodeIgniter->run()
#9 {main}
ERROR - 2022-11-22 22:45:53 --> Unknown column 'ProductID' in 'order clause'
CRITICAL - 2022-11-22 22:45:53 --> Call to a member function getResult() on bool
#0 C:\xampp\htdocs\weProject2_0\1_Cmenu\app\Controllers\Fpanel\Category.php(85): App\Models\CategoryModel->getCategoriesAltID('0')
#1 C:\xampp\htdocs\weProject2_0\1_Cmenu\app\Controllers\Fpanel\Category.php(106): App\Controllers\Fpanel\Category->menuWrite()
#2 C:\xampp\htdocs\weProject2_0\1_Cmenu\system\CodeIgniter.php(832): App\Controllers\Fpanel\Category->index()
#3 C:\xampp\htdocs\weProject2_0\1_Cmenu\system\CodeIgniter.php(419): CodeIgniter\CodeIgniter->runController(Object(App\Controllers\Fpanel\Category))
#4 C:\xampp\htdocs\weProject2_0\1_Cmenu\system\CodeIgniter.php(326): CodeIgniter\CodeIgniter->handleRequest(NULL, Object(Config\Cache), false)
#5 C:\xampp\htdocs\weProject2_0\1_Cmenu\index.php(37): CodeIgniter\CodeIgniter->run()
#6 {main}
CRITICAL - 2022-11-22 22:46:09 --> syntax error, unexpected double-quoted string "ASC", expecting ")"
#0 C:\xampp\htdocs\weProject2_0\1_Cmenu\system\Autoloader\Autoloader.php(241): CodeIgniter\Autoloader\Autoloader->includeFile('C:\\xampp\\htdocs...')
#1 C:\xampp\htdocs\weProject2_0\1_Cmenu\system\Autoloader\Autoloader.php(219): CodeIgniter\Autoloader\Autoloader->loadInNamespace('App\\Models\\Cate...')
#2 C:\xampp\htdocs\weProject2_0\1_Cmenu\app\Controllers\Fpanel\Category.php(72): CodeIgniter\Autoloader\Autoloader->loadClass('App\\Models\\Cate...')
#3 C:\xampp\htdocs\weProject2_0\1_Cmenu\app\Controllers\Fpanel\Category.php(106): App\Controllers\Fpanel\Category->menuWrite()
#4 C:\xampp\htdocs\weProject2_0\1_Cmenu\system\CodeIgniter.php(832): App\Controllers\Fpanel\Category->index()
#5 C:\xampp\htdocs\weProject2_0\1_Cmenu\system\CodeIgniter.php(419): CodeIgniter\CodeIgniter->runController(Object(App\Controllers\Fpanel\Category))
#6 C:\xampp\htdocs\weProject2_0\1_Cmenu\system\CodeIgniter.php(326): CodeIgniter\CodeIgniter->handleRequest(NULL, Object(Config\Cache), false)
#7 C:\xampp\htdocs\weProject2_0\1_Cmenu\index.php(37): CodeIgniter\CodeIgniter->run()
#8 {main}
ERROR - 2022-11-22 23:10:08 --> You have an error in your SQL syntax; check the manual that corresponds to your MariaDB server version for the right syntax to use near '`!=` = 0
WHERE `MenuID` = '154'' at line 1
CRITICAL - 2022-11-22 23:10:08 --> foreach() argument must be of type array|object, int given
#0 C:\xampp\htdocs\weProject2_0\1_Cmenu\app\Controllers\Fpanel\Category.php(490): CodeIgniter\Debug\Exceptions->errorHandler(2, 'foreach() argum...', 'C:\\xampp\\htdocs...', 490)
#1 C:\xampp\htdocs\weProject2_0\1_Cmenu\system\CodeIgniter.php(832): App\Controllers\Fpanel\Category->menuIndexChange()
#2 C:\xampp\htdocs\weProject2_0\1_Cmenu\system\CodeIgniter.php(419): CodeIgniter\CodeIgniter->runController(Object(App\Controllers\Fpanel\Category))
#3 C:\xampp\htdocs\weProject2_0\1_Cmenu\system\CodeIgniter.php(326): CodeIgniter\CodeIgniter->handleRequest(NULL, Object(Config\Cache), false)
#4 C:\xampp\htdocs\weProject2_0\1_Cmenu\index.php(37): CodeIgniter\CodeIgniter->run()
#5 {main}
ERROR - 2022-11-22 23:13:08 --> You have an error in your SQL syntax; check the manual that corresponds to your MariaDB server version for the right syntax to use near '`!=` = 0
WHERE `MenuID` = '154'' at line 1
CRITICAL - 2022-11-22 23:13:08 --> foreach() argument must be of type array|object, int given
#0 C:\xampp\htdocs\weProject2_0\1_Cmenu\app\Controllers\Fpanel\Category.php(490): CodeIgniter\Debug\Exceptions->errorHandler(2, 'foreach() argum...', 'C:\\xampp\\htdocs...', 490)
#1 C:\xampp\htdocs\weProject2_0\1_Cmenu\system\CodeIgniter.php(832): App\Controllers\Fpanel\Category->menuIndexChange()
#2 C:\xampp\htdocs\weProject2_0\1_Cmenu\system\CodeIgniter.php(419): CodeIgniter\CodeIgniter->runController(Object(App\Controllers\Fpanel\Category))
#3 C:\xampp\htdocs\weProject2_0\1_Cmenu\system\CodeIgniter.php(326): CodeIgniter\CodeIgniter->handleRequest(NULL, Object(Config\Cache), false)
#4 C:\xampp\htdocs\weProject2_0\1_Cmenu\index.php(37): CodeIgniter\CodeIgniter->run()
#5 {main}
ERROR - 2022-11-22 23:14:54 --> You have an error in your SQL syntax; check the manual that corresponds to your MariaDB server version for the right syntax to use near '`!=` = 0
WHERE `MenuID` = '154'' at line 1
CRITICAL - 2022-11-22 23:14:54 --> foreach() argument must be of type array|object, int given
#0 C:\xampp\htdocs\weProject2_0\1_Cmenu\app\Controllers\Fpanel\Category.php(490): CodeIgniter\Debug\Exceptions->errorHandler(2, 'foreach() argum...', 'C:\\xampp\\htdocs...', 490)
#1 C:\xampp\htdocs\weProject2_0\1_Cmenu\system\CodeIgniter.php(832): App\Controllers\Fpanel\Category->menuIndexChange()
#2 C:\xampp\htdocs\weProject2_0\1_Cmenu\system\CodeIgniter.php(419): CodeIgniter\CodeIgniter->runController(Object(App\Controllers\Fpanel\Category))
#3 C:\xampp\htdocs\weProject2_0\1_Cmenu\system\CodeIgniter.php(326): CodeIgniter\CodeIgniter->handleRequest(NULL, Object(Config\Cache), false)
#4 C:\xampp\htdocs\weProject2_0\1_Cmenu\index.php(37): CodeIgniter\CodeIgniter->run()
#5 {main}
ERROR - 2022-11-22 23:16:33 --> You have an error in your SQL syntax; check the manual that corresponds to your MariaDB server version for the right syntax to use near '`!=` = 0
WHERE `MenuID` = '154'' at line 1
CRITICAL - 2022-11-22 23:16:33 --> foreach() argument must be of type array|object, int given
#0 C:\xampp\htdocs\weProject2_0\1_Cmenu\app\Controllers\Fpanel\Category.php(490): CodeIgniter\Debug\Exceptions->errorHandler(2, 'foreach() argum...', 'C:\\xampp\\htdocs...', 490)
#1 C:\xampp\htdocs\weProject2_0\1_Cmenu\system\CodeIgniter.php(832): App\Controllers\Fpanel\Category->menuIndexChange()
#2 C:\xampp\htdocs\weProject2_0\1_Cmenu\system\CodeIgniter.php(419): CodeIgniter\CodeIgniter->runController(Object(App\Controllers\Fpanel\Category))
#3 C:\xampp\htdocs\weProject2_0\1_Cmenu\system\CodeIgniter.php(326): CodeIgniter\CodeIgniter->handleRequest(NULL, Object(Config\Cache), false)
#4 C:\xampp\htdocs\weProject2_0\1_Cmenu\index.php(37): CodeIgniter\CodeIgniter->run()
#5 {main}
ERROR - 2022-11-22 23:17:16 --> You have an error in your SQL syntax; check the manual that corresponds to your MariaDB server version for the right syntax to use near '`!=` = 0
WHERE `MenuID` = '154'' at line 1
CRITICAL - 2022-11-22 23:17:16 --> foreach() argument must be of type array|object, int given
#0 C:\xampp\htdocs\weProject2_0\1_Cmenu\app\Controllers\Fpanel\Category.php(490): CodeIgniter\Debug\Exceptions->errorHandler(2, 'foreach() argum...', 'C:\\xampp\\htdocs...', 490)
#1 C:\xampp\htdocs\weProject2_0\1_Cmenu\system\CodeIgniter.php(832): App\Controllers\Fpanel\Category->menuIndexChange()
#2 C:\xampp\htdocs\weProject2_0\1_Cmenu\system\CodeIgniter.php(419): CodeIgniter\CodeIgniter->runController(Object(App\Controllers\Fpanel\Category))
#3 C:\xampp\htdocs\weProject2_0\1_Cmenu\system\CodeIgniter.php(326): CodeIgniter\CodeIgniter->handleRequest(NULL, Object(Config\Cache), false)
#4 C:\xampp\htdocs\weProject2_0\1_Cmenu\index.php(37): CodeIgniter\CodeIgniter->run()
#5 {main}
ERROR - 2022-11-22 23:20:28 --> You have an error in your SQL syntax; check the manual that corresponds to your MariaDB server version for the right syntax to use near '`!=` = 0
WHERE `MenuID` = '154'' at line 1
CRITICAL - 2022-11-22 23:25:48 --> Attempt to read property "id" on null
#0 C:\xampp\htdocs\weProject2_0\1_Cmenu\app\Controllers\Fpanel\Category.php(541): CodeIgniter\Debug\Exceptions->errorHandler(2, 'Attempt to read...', 'C:\\xampp\\htdocs...', 541)
#1 C:\xampp\htdocs\weProject2_0\1_Cmenu\app\Controllers\Fpanel\Category.php(502): App\Controllers\Fpanel\Category->menuIndexUpdate(Array, '154', 153)
#2 C:\xampp\htdocs\weProject2_0\1_Cmenu\system\CodeIgniter.php(832): App\Controllers\Fpanel\Category->menuIndexChange()
#3 C:\xampp\htdocs\weProject2_0\1_Cmenu\system\CodeIgniter.php(419): CodeIgniter\CodeIgniter->runController(Object(App\Controllers\Fpanel\Category))
#4 C:\xampp\htdocs\weProject2_0\1_Cmenu\system\CodeIgniter.php(326): CodeIgniter\CodeIgniter->handleRequest(NULL, Object(Config\Cache), false)
#5 C:\xampp\htdocs\weProject2_0\1_Cmenu\index.php(37): CodeIgniter\CodeIgniter->run()
#6 {main}
CRITICAL - 2022-11-22 23:27:01 --> Attempt to read property "id" on null
#0 C:\xampp\htdocs\weProject2_0\1_Cmenu\app\Controllers\Fpanel\Category.php(541): CodeIgniter\Debug\Exceptions->errorHandler(2, 'Attempt to read...', 'C:\\xampp\\htdocs...', 541)
#1 C:\xampp\htdocs\weProject2_0\1_Cmenu\app\Controllers\Fpanel\Category.php(502): App\Controllers\Fpanel\Category->menuIndexUpdate(Array, '154', 153)
#2 C:\xampp\htdocs\weProject2_0\1_Cmenu\system\CodeIgniter.php(832): App\Controllers\Fpanel\Category->menuIndexChange()
#3 C:\xampp\htdocs\weProject2_0\1_Cmenu\system\CodeIgniter.php(419): CodeIgniter\CodeIgniter->runController(Object(App\Controllers\Fpanel\Category))
#4 C:\xampp\htdocs\weProject2_0\1_Cmenu\system\CodeIgniter.php(326): CodeIgniter\CodeIgniter->handleRequest(NULL, Object(Config\Cache), false)
#5 C:\xampp\htdocs\weProject2_0\1_Cmenu\index.php(37): CodeIgniter\CodeIgniter->run()
#6 {main}
CRITICAL - 2022-11-22 23:32:54 --> Undefined array key "en"
#0 C:\xampp\htdocs\weProject2_0\1_Cmenu\app\Controllers\Fpanel\Category.php(538): CodeIgniter\Debug\Exceptions->errorHandler(2, 'Undefined array...', 'C:\\xampp\\htdocs...', 538)
#1 C:\xampp\htdocs\weProject2_0\1_Cmenu\app\Controllers\Fpanel\Category.php(502): App\Controllers\Fpanel\Category->menuIndexUpdate(Array, '154', 153)
#2 C:\xampp\htdocs\weProject2_0\1_Cmenu\system\CodeIgniter.php(832): App\Controllers\Fpanel\Category->menuIndexChange()
#3 C:\xampp\htdocs\weProject2_0\1_Cmenu\system\CodeIgniter.php(419): CodeIgniter\CodeIgniter->runController(Object(App\Controllers\Fpanel\Category))
#4 C:\xampp\htdocs\weProject2_0\1_Cmenu\system\CodeIgniter.php(326): CodeIgniter\CodeIgniter->handleRequest(NULL, Object(Config\Cache), false)
#5 C:\xampp\htdocs\weProject2_0\1_Cmenu\index.php(37): CodeIgniter\CodeIgniter->run()
#6 {main}
CRITICAL - 2022-11-22 23:36:19 --> Undefined array key "en"
#0 C:\xampp\htdocs\weProject2_0\1_Cmenu\app\Controllers\Fpanel\Category.php(539): CodeIgniter\Debug\Exceptions->errorHandler(2, 'Undefined array...', 'C:\\xampp\\htdocs...', 539)
#1 C:\xampp\htdocs\weProject2_0\1_Cmenu\app\Controllers\Fpanel\Category.php(502): App\Controllers\Fpanel\Category->menuIndexUpdate(Array, '154', 153)
#2 C:\xampp\htdocs\weProject2_0\1_Cmenu\system\CodeIgniter.php(832): App\Controllers\Fpanel\Category->menuIndexChange()
#3 C:\xampp\htdocs\weProject2_0\1_Cmenu\system\CodeIgniter.php(419): CodeIgniter\CodeIgniter->runController(Object(App\Controllers\Fpanel\Category))
#4 C:\xampp\htdocs\weProject2_0\1_Cmenu\system\CodeIgniter.php(326): CodeIgniter\CodeIgniter->handleRequest(NULL, Object(Config\Cache), false)
#5 C:\xampp\htdocs\weProject2_0\1_Cmenu\index.php(37): CodeIgniter\CodeIgniter->run()
#6 {main}
CRITICAL - 2022-11-22 23:36:48 --> Attempt to read property "id" on null
#0 C:\xampp\htdocs\weProject2_0\1_Cmenu\app\Controllers\Fpanel\Category.php(542): CodeIgniter\Debug\Exceptions->errorHandler(2, 'Attempt to read...', 'C:\\xampp\\htdocs...', 542)
#1 C:\xampp\htdocs\weProject2_0\1_Cmenu\app\Controllers\Fpanel\Category.php(502): App\Controllers\Fpanel\Category->menuIndexUpdate(Array, '154', 153)
#2 C:\xampp\htdocs\weProject2_0\1_Cmenu\system\CodeIgniter.php(832): App\Controllers\Fpanel\Category->menuIndexChange()
#3 C:\xampp\htdocs\weProject2_0\1_Cmenu\system\CodeIgniter.php(419): CodeIgniter\CodeIgniter->runController(Object(App\Controllers\Fpanel\Category))
#4 C:\xampp\htdocs\weProject2_0\1_Cmenu\system\CodeIgniter.php(326): CodeIgniter\CodeIgniter->handleRequest(NULL, Object(Config\Cache), false)
#5 C:\xampp\htdocs\weProject2_0\1_Cmenu\index.php(37): CodeIgniter\CodeIgniter->run()
#6 {main}
CRITICAL - 2022-11-22 23:37:07 --> Attempt to read property "id" on null
#0 C:\xampp\htdocs\weProject2_0\1_Cmenu\app\Controllers\Fpanel\Category.php(542): CodeIgniter\Debug\Exceptions->errorHandler(2, 'Attempt to read...', 'C:\\xampp\\htdocs...', 542)
#1 C:\xampp\htdocs\weProject2_0\1_Cmenu\app\Controllers\Fpanel\Category.php(502): App\Controllers\Fpanel\Category->menuIndexUpdate(Array, '154', 153)
#2 C:\xampp\htdocs\weProject2_0\1_Cmenu\system\CodeIgniter.php(832): App\Controllers\Fpanel\Category->menuIndexChange()
#3 C:\xampp\htdocs\weProject2_0\1_Cmenu\system\CodeIgniter.php(419): CodeIgniter\CodeIgniter->runController(Object(App\Controllers\Fpanel\Category))
#4 C:\xampp\htdocs\weProject2_0\1_Cmenu\system\CodeIgniter.php(326): CodeIgniter\CodeIgniter->handleRequest(NULL, Object(Config\Cache), false)
#5 C:\xampp\htdocs\weProject2_0\1_Cmenu\index.php(37): CodeIgniter\CodeIgniter->run()
#6 {main}
CRITICAL - 2022-11-22 23:38:31 --> Undefined array key "tr"
#0 C:\xampp\htdocs\weProject2_0\1_Cmenu\app\Controllers\Fpanel\Category.php(538): CodeIgniter\Debug\Exceptions->errorHandler(2, 'Undefined array...', 'C:\\xampp\\htdocs...', 538)
#1 C:\xampp\htdocs\weProject2_0\1_Cmenu\app\Controllers\Fpanel\Category.php(502): App\Controllers\Fpanel\Category->menuIndexUpdate(Array, '154', 153)
#2 C:\xampp\htdocs\weProject2_0\1_Cmenu\system\CodeIgniter.php(832): App\Controllers\Fpanel\Category->menuIndexChange()
#3 C:\xampp\htdocs\weProject2_0\1_Cmenu\system\CodeIgniter.php(419): CodeIgniter\CodeIgniter->runController(Object(App\Controllers\Fpanel\Category))
#4 C:\xampp\htdocs\weProject2_0\1_Cmenu\system\CodeIgniter.php(326): CodeIgniter\CodeIgniter->handleRequest(NULL, Object(Config\Cache), false)
#5 C:\xampp\htdocs\weProject2_0\1_Cmenu\index.php(37): CodeIgniter\CodeIgniter->run()
#6 {main}
CRITICAL - 2022-11-22 23:39:35 --> Undefined array key "tr"
#0 C:\xampp\htdocs\weProject2_0\1_Cmenu\app\Controllers\Fpanel\Category.php(538): CodeIgniter\Debug\Exceptions->errorHandler(2, 'Undefined array...', 'C:\\xampp\\htdocs...', 538)
#1 C:\xampp\htdocs\weProject2_0\1_Cmenu\app\Controllers\Fpanel\Category.php(502): App\Controllers\Fpanel\Category->menuIndexUpdate(Array, '154', 153)
#2 C:\xampp\htdocs\weProject2_0\1_Cmenu\system\CodeIgniter.php(832): App\Controllers\Fpanel\Category->menuIndexChange()
#3 C:\xampp\htdocs\weProject2_0\1_Cmenu\system\CodeIgniter.php(419): CodeIgniter\CodeIgniter->runController(Object(App\Controllers\Fpanel\Category))
#4 C:\xampp\htdocs\weProject2_0\1_Cmenu\system\CodeIgniter.php(326): CodeIgniter\CodeIgniter->handleRequest(NULL, Object(Config\Cache), false)
#5 C:\xampp\htdocs\weProject2_0\1_Cmenu\index.php(37): CodeIgniter\CodeIgniter->run()
#6 {main}
CRITICAL - 2022-11-22 23:41:15 --> Attempt to read property "image" on null
#0 C:\xampp\htdocs\weProject2_0\1_Cmenu\app\Controllers\Fpanel\Category.php(359): CodeIgniter\Debug\Exceptions->errorHandler(2, 'Attempt to read...', 'C:\\xampp\\htdocs...', 359)
#1 C:\xampp\htdocs\weProject2_0\1_Cmenu\app\Controllers\Fpanel\Category.php(384): App\Controllers\Fpanel\Category->delete_function('10')
#2 C:\xampp\htdocs\weProject2_0\1_Cmenu\app\Controllers\Fpanel\Category.php(335): App\Controllers\Fpanel\Category->delete_function('152')
#3 C:\xampp\htdocs\weProject2_0\1_Cmenu\system\CodeIgniter.php(832): App\Controllers\Fpanel\Category->delete_result('152')
#4 C:\xampp\htdocs\weProject2_0\1_Cmenu\system\CodeIgniter.php(419): CodeIgniter\CodeIgniter->runController(Object(App\Controllers\Fpanel\Category))
#5 C:\xampp\htdocs\weProject2_0\1_Cmenu\system\CodeIgniter.php(326): CodeIgniter\CodeIgniter->handleRequest(NULL, Object(Config\Cache), false)
#6 C:\xampp\htdocs\weProject2_0\1_Cmenu\index.php(37): CodeIgniter\CodeIgniter->run()
#7 {main}
CRITICAL - 2022-11-22 23:42:28 --> Attempt to assign property "image" on null
#0 C:\xampp\htdocs\weProject2_0\1_Cmenu\app\Controllers\Fpanel\Category.php(335): App\Controllers\Fpanel\Category->delete_function('152')
#1 C:\xampp\htdocs\weProject2_0\1_Cmenu\system\CodeIgniter.php(832): App\Controllers\Fpanel\Category->delete_result('152')
#2 C:\xampp\htdocs\weProject2_0\1_Cmenu\system\CodeIgniter.php(419): CodeIgniter\CodeIgniter->runController(Object(App\Controllers\Fpanel\Category))
#3 C:\xampp\htdocs\weProject2_0\1_Cmenu\system\CodeIgniter.php(326): CodeIgniter\CodeIgniter->handleRequest(NULL, Object(Config\Cache), false)
#4 C:\xampp\htdocs\weProject2_0\1_Cmenu\index.php(37): CodeIgniter\CodeIgniter->run()
#5 {main}
CRITICAL - 2022-11-22 23:44:00 --> Attempt to assign property "image" on null
#0 C:\xampp\htdocs\weProject2_0\1_Cmenu\app\Controllers\Fpanel\Category.php(387): App\Controllers\Fpanel\Category->delete_function('13')
#1 C:\xampp\htdocs\weProject2_0\1_Cmenu\app\Controllers\Fpanel\Category.php(335): App\Controllers\Fpanel\Category->delete_function('155')
#2 C:\xampp\htdocs\weProject2_0\1_Cmenu\system\CodeIgniter.php(832): App\Controllers\Fpanel\Category->delete_result('155')
#3 C:\xampp\htdocs\weProject2_0\1_Cmenu\system\CodeIgniter.php(419): CodeIgniter\CodeIgniter->runController(Object(App\Controllers\Fpanel\Category))
#4 C:\xampp\htdocs\weProject2_0\1_Cmenu\system\CodeIgniter.php(326): CodeIgniter\CodeIgniter->handleRequest(NULL, Object(Config\Cache), false)
#5 C:\xampp\htdocs\weProject2_0\1_Cmenu\index.php(37): CodeIgniter\CodeIgniter->run()
#6 {main}
ERROR - 2022-11-22 23:54:43 --> Unknown column 'ProductID' in 'where clause'
CRITICAL - 2022-11-22 23:54:43 --> Call to a member function getRow() on bool
#0 C:\xampp\htdocs\weProject2_0\1_Cmenu\app\Controllers\Fpanel\Category.php(468): App\Models\ProductModel->getProductDetails('347', 0, 'tr')
#1 C:\xampp\htdocs\weProject2_0\1_Cmenu\app\Controllers\Fpanel\Category.php(432): App\Controllers\Fpanel\Category->categoryIndexUpdate(Array, '347', 346)
#2 C:\xampp\htdocs\weProject2_0\1_Cmenu\system\CodeIgniter.php(832): App\Controllers\Fpanel\Category->categoryIndexChange()
#3 C:\xampp\htdocs\weProject2_0\1_Cmenu\system\CodeIgniter.php(419): CodeIgniter\CodeIgniter->runController(Object(App\Controllers\Fpanel\Category))
#4 C:\xampp\htdocs\weProject2_0\1_Cmenu\system\CodeIgniter.php(326): CodeIgniter\CodeIgniter->handleRequest(NULL, Object(Config\Cache), false)
#5 C:\xampp\htdocs\weProject2_0\1_Cmenu\index.php(37): CodeIgniter\CodeIgniter->run()
#6 {main}
ERROR - 2022-11-22 23:57:27 --> Unknown column 'ProductID' in 'where clause'
CRITICAL - 2022-11-22 23:57:27 --> Call to a member function getRow() on bool
#0 C:\xampp\htdocs\weProject2_0\1_Cmenu\app\Controllers\Fpanel\Category.php(468): App\Models\ProductModel->getProductDetails('349', 0, 'tr')
#1 C:\xampp\htdocs\weProject2_0\1_Cmenu\app\Controllers\Fpanel\Category.php(432): App\Controllers\Fpanel\Category->categoryIndexUpdate(Array, '349', 348)
#2 C:\xampp\htdocs\weProject2_0\1_Cmenu\system\CodeIgniter.php(832): App\Controllers\Fpanel\Category->categoryIndexChange()
#3 C:\xampp\htdocs\weProject2_0\1_Cmenu\system\CodeIgniter.php(419): CodeIgniter\CodeIgniter->runController(Object(App\Controllers\Fpanel\Category))
#4 C:\xampp\htdocs\weProject2_0\1_Cmenu\system\CodeIgniter.php(326): CodeIgniter\CodeIgniter->handleRequest(NULL, Object(Config\Cache), false)
#5 C:\xampp\htdocs\weProject2_0\1_Cmenu\index.php(37): CodeIgniter\CodeIgniter->run()
#6 {main}
ERROR - 2022-11-22 23:59:47 --> Unknown column 'ProductID' in 'where clause'
CRITICAL - 2022-11-22 23:59:47 --> Call to a member function getRow() on bool
#0 C:\xampp\htdocs\weProject2_0\1_Cmenu\app\Controllers\Fpanel\Category.php(468): App\Models\ProductModel->getProductDetails('351', 0, 'tr')
#1 C:\xampp\htdocs\weProject2_0\1_Cmenu\app\Controllers\Fpanel\Category.php(432): App\Controllers\Fpanel\Category->categoryIndexUpdate(Array, '351', 350)
#2 C:\xampp\htdocs\weProject2_0\1_Cmenu\system\CodeIgniter.php(832): App\Controllers\Fpanel\Category->categoryIndexChange()
#3 C:\xampp\htdocs\weProject2_0\1_Cmenu\system\CodeIgniter.php(419): CodeIgniter\CodeIgniter->runController(Object(App\Controllers\Fpanel\Category))
#4 C:\xampp\htdocs\weProject2_0\1_Cmenu\system\CodeIgniter.php(326): CodeIgniter\CodeIgniter->handleRequest(NULL, Object(Config\Cache), false)
#5 C:\xampp\htdocs\weProject2_0\1_Cmenu\index.php(37): CodeIgniter\CodeIgniter->run()
#6 {main}
