CRITICAL - 2022-05-19 02:35:56 --> Undefined variable $SiteLinki
#0 C:\xampp\htdocs\weProject\weSite\app\Views\index.php(38): CodeIgniter\Debug\Exceptions->errorHandler(2, 'Undefined varia...', 'C:\\xampp\\htdocs...', 38)
#1 C:\xampp\htdocs\weProject\weSite\system\View\View.php(210): include('C:\\xampp\\htdocs...')
#2 C:\xampp\htdocs\weProject\weSite\system\View\View.php(213): CodeIgniter\View\View->CodeIgniter\View\{closure}()
#3 C:\xampp\htdocs\weProject\weSite\system\Common.php(1089): CodeIgniter\View\View->render('index', Array, true)
#4 C:\xampp\htdocs\weProject\weSite\app\Controllers\Home.php(9): view('index')
#5 C:\xampp\htdocs\weProject\weSite\system\CodeIgniter.php(832): App\Controllers\Home->index()
#6 C:\xampp\htdocs\weProject\weSite\system\CodeIgniter.php(419): CodeIgniter\CodeIgniter->runController(Object(App\Controllers\Home))
#7 C:\xampp\htdocs\weProject\weSite\system\CodeIgniter.php(326): CodeIgniter\CodeIgniter->handleRequest(NULL, Object(Config\Cache), false)
#8 C:\xampp\htdocs\weProject\weSite\index.php(37): CodeIgniter\CodeIgniter->run()
#9 {main}
CRITICAL - 2022-05-19 02:42:09 --> Undefined property: CodeIgniter\View\View::$Kullanici_model
#0 C:\xampp\htdocs\weProject\weSite\app\Views\index.php(47): CodeIgniter\Debug\Exceptions->errorHandler(2, 'Undefined prope...', 'C:\\xampp\\htdocs...', 47)
#1 C:\xampp\htdocs\weProject\weSite\system\View\View.php(210): include('C:\\xampp\\htdocs...')
#2 C:\xampp\htdocs\weProject\weSite\system\View\View.php(213): CodeIgniter\View\View->CodeIgniter\View\{closure}()
#3 C:\xampp\htdocs\weProject\weSite\system\Common.php(1089): CodeIgniter\View\View->render('index', Array, true)
#4 C:\xampp\htdocs\weProject\weSite\app\Controllers\Home.php(9): view('index')
#5 C:\xampp\htdocs\weProject\weSite\system\CodeIgniter.php(832): App\Controllers\Home->index()
#6 C:\xampp\htdocs\weProject\weSite\system\CodeIgniter.php(419): CodeIgniter\CodeIgniter->runController(Object(App\Controllers\Home))
#7 C:\xampp\htdocs\weProject\weSite\system\CodeIgniter.php(326): CodeIgniter\CodeIgniter->handleRequest(NULL, Object(Config\Cache), false)
#8 C:\xampp\htdocs\weProject\weSite\index.php(37): CodeIgniter\CodeIgniter->run()
#9 {main}
CRITICAL - 2022-05-19 04:03:16 --> include(includes/topBar.php): Failed to open stream: No such file or directory
#0 C:\xampp\htdocs\weProject\weSite\app\Views\wePlus\duzen.php(26): CodeIgniter\Debug\Exceptions->errorHandler(2, 'include(include...', 'C:\\xampp\\htdocs...', 26)
#1 C:\xampp\htdocs\weProject\weSite\app\Views\wePlus\duzen.php(26): include()
#2 C:\xampp\htdocs\weProject\weSite\system\View\View.php(210): include('C:\\xampp\\htdocs...')
#3 C:\xampp\htdocs\weProject\weSite\system\View\View.php(213): CodeIgniter\View\View->CodeIgniter\View\{closure}()
#4 C:\xampp\htdocs\weProject\weSite\system\Common.php(1089): CodeIgniter\View\View->render('wePlus/duzen.ph...', Array, true)
#5 C:\xampp\htdocs\weProject\weSite\app\Controllers\Details.php(14): view('wePlus/duzen.ph...')
#6 C:\xampp\htdocs\weProject\weSite\system\CodeIgniter.php(832): App\Controllers\Details->duzen()
#7 C:\xampp\htdocs\weProject\weSite\system\CodeIgniter.php(419): CodeIgniter\CodeIgniter->runController(Object(App\Controllers\Details))
#8 C:\xampp\htdocs\weProject\weSite\system\CodeIgniter.php(326): CodeIgniter\CodeIgniter->handleRequest(NULL, Object(Config\Cache), false)
#9 C:\xampp\htdocs\weProject\weSite\index.php(37): CodeIgniter\CodeIgniter->run()
#10 {main}
CRITICAL - 2022-05-19 04:03:34 --> include(../includes/topBar.php): Failed to open stream: No such file or directory
#0 C:\xampp\htdocs\weProject\weSite\app\Views\wePlus\duzen.php(26): CodeIgniter\Debug\Exceptions->errorHandler(2, 'include(../incl...', 'C:\\xampp\\htdocs...', 26)
#1 C:\xampp\htdocs\weProject\weSite\app\Views\wePlus\duzen.php(26): include()
#2 C:\xampp\htdocs\weProject\weSite\system\View\View.php(210): include('C:\\xampp\\htdocs...')
#3 C:\xampp\htdocs\weProject\weSite\system\View\View.php(213): CodeIgniter\View\View->CodeIgniter\View\{closure}()
#4 C:\xampp\htdocs\weProject\weSite\system\Common.php(1089): CodeIgniter\View\View->render('wePlus/duzen.ph...', Array, true)
#5 C:\xampp\htdocs\weProject\weSite\app\Controllers\Details.php(14): view('wePlus/duzen.ph...')
#6 C:\xampp\htdocs\weProject\weSite\system\CodeIgniter.php(832): App\Controllers\Details->duzen()
#7 C:\xampp\htdocs\weProject\weSite\system\CodeIgniter.php(419): CodeIgniter\CodeIgniter->runController(Object(App\Controllers\Details))
#8 C:\xampp\htdocs\weProject\weSite\system\CodeIgniter.php(326): CodeIgniter\CodeIgniter->handleRequest(NULL, Object(Config\Cache), false)
#9 C:\xampp\htdocs\weProject\weSite\index.php(37): CodeIgniter\CodeIgniter->run()
#10 {main}
CRITICAL - 2022-05-19 04:03:40 --> include(../includes/topBar.php): Failed to open stream: No such file or directory
#0 C:\xampp\htdocs\weProject\weSite\app\Views\wePlus\duzen.php(26): CodeIgniter\Debug\Exceptions->errorHandler(2, 'include(../incl...', 'C:\\xampp\\htdocs...', 26)
#1 C:\xampp\htdocs\weProject\weSite\app\Views\wePlus\duzen.php(26): include()
#2 C:\xampp\htdocs\weProject\weSite\system\View\View.php(210): include('C:\\xampp\\htdocs...')
#3 C:\xampp\htdocs\weProject\weSite\system\View\View.php(213): CodeIgniter\View\View->CodeIgniter\View\{closure}()
#4 C:\xampp\htdocs\weProject\weSite\system\Common.php(1089): CodeIgniter\View\View->render('wePlus/duzen.ph...', Array, true)
#5 C:\xampp\htdocs\weProject\weSite\app\Controllers\Details.php(14): view('wePlus/duzen.ph...')
#6 C:\xampp\htdocs\weProject\weSite\system\CodeIgniter.php(832): App\Controllers\Details->duzen()
#7 C:\xampp\htdocs\weProject\weSite\system\CodeIgniter.php(419): CodeIgniter\CodeIgniter->runController(Object(App\Controllers\Details))
#8 C:\xampp\htdocs\weProject\weSite\system\CodeIgniter.php(326): CodeIgniter\CodeIgniter->handleRequest(NULL, Object(Config\Cache), false)
#9 C:\xampp\htdocs\weProject\weSite\index.php(37): CodeIgniter\CodeIgniter->run()
#10 {main}
CRITICAL - 2022-05-19 04:04:37 --> include(../includes/topBar.php): Failed to open stream: No such file or directory
#0 C:\xampp\htdocs\weProject\weSite\app\Views\wePlus\duzen.php(26): CodeIgniter\Debug\Exceptions->errorHandler(2, 'include(../incl...', 'C:\\xampp\\htdocs...', 26)
#1 C:\xampp\htdocs\weProject\weSite\app\Views\wePlus\duzen.php(26): include()
#2 C:\xampp\htdocs\weProject\weSite\system\View\View.php(210): include('C:\\xampp\\htdocs...')
#3 C:\xampp\htdocs\weProject\weSite\system\View\View.php(213): CodeIgniter\View\View->CodeIgniter\View\{closure}()
#4 C:\xampp\htdocs\weProject\weSite\system\Common.php(1089): CodeIgniter\View\View->render('wePlus/duzen.ph...', Array, true)
#5 C:\xampp\htdocs\weProject\weSite\app\Controllers\Details.php(14): view('wePlus/duzen.ph...')
#6 C:\xampp\htdocs\weProject\weSite\system\CodeIgniter.php(832): App\Controllers\Details->duzen()
#7 C:\xampp\htdocs\weProject\weSite\system\CodeIgniter.php(419): CodeIgniter\CodeIgniter->runController(Object(App\Controllers\Details))
#8 C:\xampp\htdocs\weProject\weSite\system\CodeIgniter.php(326): CodeIgniter\CodeIgniter->handleRequest(NULL, Object(Config\Cache), false)
#9 C:\xampp\htdocs\weProject\weSite\index.php(37): CodeIgniter\CodeIgniter->run()
#10 {main}
