CRITICAL - 2022-04-28 00:28:24 --> Attempt to read property "title" on array
#0 C:\xampp\htdocs\weProject\weHotel\app\Views\weRoom.php(26): CodeIgniter\Debug\Exceptions->errorHandler(2, 'Attempt to read...', 'C:\\xampp\\htdocs...', 26)
#1 C:\xampp\htdocs\weProject\weHotel\system\View\View.php(210): include('C:\\xampp\\htdocs...')
#2 C:\xampp\htdocs\weProject\weHotel\system\View\View.php(213): CodeIgniter\View\View->CodeIgniter\View\{closure}()
#3 C:\xampp\htdocs\weProject\weHotel\system\Common.php(1089): CodeIgniter\View\View->render('weroom', Array, true)
#4 C:\xampp\htdocs\weProject\weHotel\app\Controllers\Details.php(16): view('weroom', Array)
#5 C:\xampp\htdocs\weProject\weHotel\system\CodeIgniter.php(832): App\Controllers\Details->room()
#6 C:\xampp\htdocs\weProject\weHotel\system\CodeIgniter.php(419): CodeIgniter\CodeIgniter->runController(Object(App\Controllers\Details))
#7 C:\xampp\htdocs\weProject\weHotel\system\CodeIgniter.php(326): CodeIgniter\CodeIgniter->handleRequest(NULL, Object(Config\Cache), false)
#8 C:\xampp\htdocs\weProject\weHotel\index.php(37): CodeIgniter\CodeIgniter->run()
#9 {main}
CRITICAL - 2022-04-28 00:28:50 --> Attempt to read property "title" on array
#0 C:\xampp\htdocs\weProject\weHotel\app\Views\weRoom.php(26): CodeIgniter\Debug\Exceptions->errorHandler(2, 'Attempt to read...', 'C:\\xampp\\htdocs...', 26)
#1 C:\xampp\htdocs\weProject\weHotel\system\View\View.php(210): include('C:\\xampp\\htdocs...')
#2 C:\xampp\htdocs\weProject\weHotel\system\View\View.php(213): CodeIgniter\View\View->CodeIgniter\View\{closure}()
#3 C:\xampp\htdocs\weProject\weHotel\system\Common.php(1089): CodeIgniter\View\View->render('weRoom', Array, true)
#4 C:\xampp\htdocs\weProject\weHotel\app\Controllers\Details.php(16): view('weRoom', Array)
#5 C:\xampp\htdocs\weProject\weHotel\system\CodeIgniter.php(832): App\Controllers\Details->room()
#6 C:\xampp\htdocs\weProject\weHotel\system\CodeIgniter.php(419): CodeIgniter\CodeIgniter->runController(Object(App\Controllers\Details))
#7 C:\xampp\htdocs\weProject\weHotel\system\CodeIgniter.php(326): CodeIgniter\CodeIgniter->handleRequest(NULL, Object(Config\Cache), false)
#8 C:\xampp\htdocs\weProject\weHotel\index.php(37): CodeIgniter\CodeIgniter->run()
#9 {main}
CRITICAL - 2022-04-28 00:30:28 --> Attempt to read property "title" on array
#0 C:\xampp\htdocs\weProject\weHotel\app\Views\weRoom.php(25): CodeIgniter\Debug\Exceptions->errorHandler(2, 'Attempt to read...', 'C:\\xampp\\htdocs...', 25)
#1 C:\xampp\htdocs\weProject\weHotel\system\View\View.php(210): include('C:\\xampp\\htdocs...')
#2 C:\xampp\htdocs\weProject\weHotel\system\View\View.php(213): CodeIgniter\View\View->CodeIgniter\View\{closure}()
#3 C:\xampp\htdocs\weProject\weHotel\system\Common.php(1089): CodeIgniter\View\View->render('weRoom', Array, true)
#4 C:\xampp\htdocs\weProject\weHotel\app\Controllers\Details.php(16): view('weRoom', Array)
#5 C:\xampp\htdocs\weProject\weHotel\system\CodeIgniter.php(832): App\Controllers\Details->room()
#6 C:\xampp\htdocs\weProject\weHotel\system\CodeIgniter.php(419): CodeIgniter\CodeIgniter->runController(Object(App\Controllers\Details))
#7 C:\xampp\htdocs\weProject\weHotel\system\CodeIgniter.php(326): CodeIgniter\CodeIgniter->handleRequest(NULL, Object(Config\Cache), false)
#8 C:\xampp\htdocs\weProject\weHotel\index.php(37): CodeIgniter\CodeIgniter->run()
#9 {main}
CRITICAL - 2022-04-28 00:30:36 --> Undefined array key "title"
#0 C:\xampp\htdocs\weProject\weHotel\app\Views\weRoom.php(25): CodeIgniter\Debug\Exceptions->errorHandler(2, 'Undefined array...', 'C:\\xampp\\htdocs...', 25)
#1 C:\xampp\htdocs\weProject\weHotel\system\View\View.php(210): include('C:\\xampp\\htdocs...')
#2 C:\xampp\htdocs\weProject\weHotel\system\View\View.php(213): CodeIgniter\View\View->CodeIgniter\View\{closure}()
#3 C:\xampp\htdocs\weProject\weHotel\system\Common.php(1089): CodeIgniter\View\View->render('weRoom', Array, true)
#4 C:\xampp\htdocs\weProject\weHotel\app\Controllers\Details.php(16): view('weRoom', Array)
#5 C:\xampp\htdocs\weProject\weHotel\system\CodeIgniter.php(832): App\Controllers\Details->room()
#6 C:\xampp\htdocs\weProject\weHotel\system\CodeIgniter.php(419): CodeIgniter\CodeIgniter->runController(Object(App\Controllers\Details))
#7 C:\xampp\htdocs\weProject\weHotel\system\CodeIgniter.php(326): CodeIgniter\CodeIgniter->handleRequest(NULL, Object(Config\Cache), false)
#8 C:\xampp\htdocs\weProject\weHotel\index.php(37): CodeIgniter\CodeIgniter->run()
#9 {main}
CRITICAL - 2022-04-28 00:30:43 --> Array to string conversion
#0 C:\xampp\htdocs\weProject\weHotel\app\Views\weRoom.php(25): CodeIgniter\Debug\Exceptions->errorHandler(2, 'Array to string...', 'C:\\xampp\\htdocs...', 25)
#1 C:\xampp\htdocs\weProject\weHotel\system\View\View.php(210): include('C:\\xampp\\htdocs...')
#2 C:\xampp\htdocs\weProject\weHotel\system\View\View.php(213): CodeIgniter\View\View->CodeIgniter\View\{closure}()
#3 C:\xampp\htdocs\weProject\weHotel\system\Common.php(1089): CodeIgniter\View\View->render('weRoom', Array, true)
#4 C:\xampp\htdocs\weProject\weHotel\app\Controllers\Details.php(16): view('weRoom', Array)
#5 C:\xampp\htdocs\weProject\weHotel\system\CodeIgniter.php(832): App\Controllers\Details->room()
#6 C:\xampp\htdocs\weProject\weHotel\system\CodeIgniter.php(419): CodeIgniter\CodeIgniter->runController(Object(App\Controllers\Details))
#7 C:\xampp\htdocs\weProject\weHotel\system\CodeIgniter.php(326): CodeIgniter\CodeIgniter->handleRequest(NULL, Object(Config\Cache), false)
#8 C:\xampp\htdocs\weProject\weHotel\index.php(37): CodeIgniter\CodeIgniter->run()
#9 {main}
CRITICAL - 2022-04-28 00:33:07 --> Undefined property: stdClass::$roomWitdh
#0 C:\xampp\htdocs\weProject\weHotel\app\Views\weRoom.php(29): CodeIgniter\Debug\Exceptions->errorHandler(2, 'Undefined prope...', 'C:\\xampp\\htdocs...', 29)
#1 C:\xampp\htdocs\weProject\weHotel\system\View\View.php(210): include('C:\\xampp\\htdocs...')
#2 C:\xampp\htdocs\weProject\weHotel\system\View\View.php(213): CodeIgniter\View\View->CodeIgniter\View\{closure}()
#3 C:\xampp\htdocs\weProject\weHotel\system\Common.php(1089): CodeIgniter\View\View->render('weRoom', Array, true)
#4 C:\xampp\htdocs\weProject\weHotel\app\Controllers\Details.php(16): view('weRoom', Array)
#5 C:\xampp\htdocs\weProject\weHotel\system\CodeIgniter.php(832): App\Controllers\Details->room()
#6 C:\xampp\htdocs\weProject\weHotel\system\CodeIgniter.php(419): CodeIgniter\CodeIgniter->runController(Object(App\Controllers\Details))
#7 C:\xampp\htdocs\weProject\weHotel\system\CodeIgniter.php(326): CodeIgniter\CodeIgniter->handleRequest(NULL, Object(Config\Cache), false)
#8 C:\xampp\htdocs\weProject\weHotel\index.php(37): CodeIgniter\CodeIgniter->run()
#9 {main}
CRITICAL - 2022-04-28 00:49:25 --> Undefined property: stdClass::$photeOne
#0 C:\xampp\htdocs\weProject\weHotel\app\Views\weRoom.php(57): CodeIgniter\Debug\Exceptions->errorHandler(2, 'Undefined prope...', 'C:\\xampp\\htdocs...', 57)
#1 C:\xampp\htdocs\weProject\weHotel\system\View\View.php(210): include('C:\\xampp\\htdocs...')
#2 C:\xampp\htdocs\weProject\weHotel\system\View\View.php(213): CodeIgniter\View\View->CodeIgniter\View\{closure}()
#3 C:\xampp\htdocs\weProject\weHotel\system\Common.php(1089): CodeIgniter\View\View->render('weRoom', Array, true)
#4 C:\xampp\htdocs\weProject\weHotel\app\Controllers\Details.php(16): view('weRoom', Array)
#5 C:\xampp\htdocs\weProject\weHotel\system\CodeIgniter.php(832): App\Controllers\Details->room()
#6 C:\xampp\htdocs\weProject\weHotel\system\CodeIgniter.php(419): CodeIgniter\CodeIgniter->runController(Object(App\Controllers\Details))
#7 C:\xampp\htdocs\weProject\weHotel\system\CodeIgniter.php(326): CodeIgniter\CodeIgniter->handleRequest(NULL, Object(Config\Cache), false)
#8 C:\xampp\htdocs\weProject\weHotel\index.php(37): CodeIgniter\CodeIgniter->run()
#9 {main}
CRITICAL - 2022-04-28 01:04:37 --> Undefined variable $room
#0 C:\xampp\htdocs\weProject\weHotel\app\Views\weRoom.php(28): CodeIgniter\Debug\Exceptions->errorHandler(2, 'Undefined varia...', 'C:\\xampp\\htdocs...', 28)
#1 C:\xampp\htdocs\weProject\weHotel\system\View\View.php(210): include('C:\\xampp\\htdocs...')
#2 C:\xampp\htdocs\weProject\weHotel\system\View\View.php(213): CodeIgniter\View\View->CodeIgniter\View\{closure}()
#3 C:\xampp\htdocs\weProject\weHotel\system\Common.php(1089): CodeIgniter\View\View->render('weRoom', Array, true)
#4 C:\xampp\htdocs\weProject\weHotel\app\Controllers\Details.php(16): view('weRoom', Array)
#5 C:\xampp\htdocs\weProject\weHotel\system\CodeIgniter.php(832): App\Controllers\Details->room()
#6 C:\xampp\htdocs\weProject\weHotel\system\CodeIgniter.php(419): CodeIgniter\CodeIgniter->runController(Object(App\Controllers\Details))
#7 C:\xampp\htdocs\weProject\weHotel\system\CodeIgniter.php(326): CodeIgniter\CodeIgniter->handleRequest(NULL, Object(Config\Cache), false)
#8 C:\xampp\htdocs\weProject\weHotel\index.php(37): CodeIgniter\CodeIgniter->run()
#9 {main}
CRITICAL - 2022-04-28 01:04:45 --> Undefined variable $room
#0 C:\xampp\htdocs\weProject\weHotel\app\Views\weRoom.php(27): CodeIgniter\Debug\Exceptions->errorHandler(2, 'Undefined varia...', 'C:\\xampp\\htdocs...', 27)
#1 C:\xampp\htdocs\weProject\weHotel\system\View\View.php(210): include('C:\\xampp\\htdocs...')
#2 C:\xampp\htdocs\weProject\weHotel\system\View\View.php(213): CodeIgniter\View\View->CodeIgniter\View\{closure}()
#3 C:\xampp\htdocs\weProject\weHotel\system\Common.php(1089): CodeIgniter\View\View->render('weRoom', Array, true)
#4 C:\xampp\htdocs\weProject\weHotel\app\Controllers\Details.php(16): view('weRoom', Array)
#5 C:\xampp\htdocs\weProject\weHotel\system\CodeIgniter.php(832): App\Controllers\Details->room()
#6 C:\xampp\htdocs\weProject\weHotel\system\CodeIgniter.php(419): CodeIgniter\CodeIgniter->runController(Object(App\Controllers\Details))
#7 C:\xampp\htdocs\weProject\weHotel\system\CodeIgniter.php(326): CodeIgniter\CodeIgniter->handleRequest(NULL, Object(Config\Cache), false)
#8 C:\xampp\htdocs\weProject\weHotel\index.php(37): CodeIgniter\CodeIgniter->run()
#9 {main}
