ERROR - 2022-10-26 10:18:26 --> Error connecting to the database: Hedef makine etkin olarak reddettiğinden bağlantı kurulamadı
CRITICAL - 2022-10-26 10:18:26 --> Unable to connect to the database.
Main connection [MySQLi]: Hedef makine etkin olarak reddettiğinden bağlantı kurulamadı
#0 C:\xampp\htdocs\weProject\DemoFmenu\system\Database\BaseConnection.php(577): CodeIgniter\Database\BaseConnection->initialize()
#1 C:\xampp\htdocs\weProject\DemoFmenu\system\Database\BaseBuilder.php(1455): CodeIgniter\Database\BaseConnection->query('SELECT *\nFROM `...', Array, false)
#2 C:\xampp\htdocs\weProject\DemoFmenu\app\Models\SettingModel.php(21): CodeIgniter\Database\BaseBuilder->get()
#3 C:\xampp\htdocs\weProject\DemoFmenu\app\Controllers\Home.php(25): App\Models\SettingModel->updSumUsers()
#4 C:\xampp\htdocs\weProject\DemoFmenu\system\CodeIgniter.php(809): App\Controllers\Home->__construct()
#5 C:\xampp\htdocs\weProject\DemoFmenu\system\CodeIgniter.php(410): CodeIgniter\CodeIgniter->createController()
#6 C:\xampp\htdocs\weProject\DemoFmenu\system\CodeIgniter.php(326): CodeIgniter\CodeIgniter->handleRequest(NULL, Object(Config\Cache), false)
#7 C:\xampp\htdocs\weProject\DemoFmenu\index.php(37): CodeIgniter\CodeIgniter->run()
#8 {main}
ERROR - 2022-10-26 10:18:28 --> Error connecting to the database: Hedef makine etkin olarak reddettiğinden bağlantı kurulamadı
CRITICAL - 2022-10-26 10:18:28 --> Unable to connect to the database.
Main connection [MySQLi]: Hedef makine etkin olarak reddettiğinden bağlantı kurulamadı
#0 C:\xampp\htdocs\weProject\DemoFmenu\system\Database\BaseConnection.php(577): CodeIgniter\Database\BaseConnection->initialize()
#1 C:\xampp\htdocs\weProject\DemoFmenu\system\Database\BaseBuilder.php(1455): CodeIgniter\Database\BaseConnection->query('SELECT *\nFROM `...', Array, false)
#2 C:\xampp\htdocs\weProject\DemoFmenu\app\Models\SettingModel.php(21): CodeIgniter\Database\BaseBuilder->get()
#3 C:\xampp\htdocs\weProject\DemoFmenu\app\Controllers\Home.php(25): App\Models\SettingModel->updSumUsers()
#4 C:\xampp\htdocs\weProject\DemoFmenu\system\CodeIgniter.php(809): App\Controllers\Home->__construct()
#5 C:\xampp\htdocs\weProject\DemoFmenu\system\CodeIgniter.php(410): CodeIgniter\CodeIgniter->createController()
#6 C:\xampp\htdocs\weProject\DemoFmenu\system\CodeIgniter.php(326): CodeIgniter\CodeIgniter->handleRequest(NULL, Object(Config\Cache), false)
#7 C:\xampp\htdocs\weProject\DemoFmenu\index.php(37): CodeIgniter\CodeIgniter->run()
#8 {main}
CRITICAL - 2022-10-26 12:21:02 --> include(includes/header.php): Failed to open stream: No such file or directory
#0 C:\xampp\htdocs\weProject\DemoFmenu\app\Views\ourPackages.php(5): CodeIgniter\Debug\Exceptions->errorHandler(2, 'include(include...', 'C:\\xampp\\htdocs...', 5)
#1 C:\xampp\htdocs\weProject\DemoFmenu\app\Views\ourPackages.php(5): include()
#2 C:\xampp\htdocs\weProject\DemoFmenu\system\View\View.php(210): include('C:\\xampp\\htdocs...')
#3 C:\xampp\htdocs\weProject\DemoFmenu\system\View\View.php(213): CodeIgniter\View\View->CodeIgniter\View\{closure}()
#4 C:\xampp\htdocs\weProject\DemoFmenu\system\Common.php(1089): CodeIgniter\View\View->render('ourPackages', Array, true)
#5 C:\xampp\htdocs\weProject\DemoFmenu\app\Controllers\Home.php(51): view('ourPackages', Array)
#6 C:\xampp\htdocs\weProject\DemoFmenu\system\CodeIgniter.php(832): App\Controllers\Home->index()
#7 C:\xampp\htdocs\weProject\DemoFmenu\system\CodeIgniter.php(419): CodeIgniter\CodeIgniter->runController(Object(App\Controllers\Home))
#8 C:\xampp\htdocs\weProject\DemoFmenu\system\CodeIgniter.php(326): CodeIgniter\CodeIgniter->handleRequest(NULL, Object(Config\Cache), false)
#9 C:\xampp\htdocs\weProject\DemoFmenu\index.php(37): CodeIgniter\CodeIgniter->run()
#10 {main}
CRITICAL - 2022-10-26 14:53:13 --> Attempt to read property "uniqueName" on int
#0 C:\xampp\htdocs\weProject\DemoFmenu\app\Controllers\Home.php(49): CodeIgniter\Debug\Exceptions->errorHandler(2, 'Attempt to read...', 'C:\\xampp\\htdocs...', 49)
#1 C:\xampp\htdocs\weProject\DemoFmenu\system\CodeIgniter.php(832): App\Controllers\Home->index()
#2 C:\xampp\htdocs\weProject\DemoFmenu\system\CodeIgniter.php(419): CodeIgniter\CodeIgniter->runController(Object(App\Controllers\Home))
#3 C:\xampp\htdocs\weProject\DemoFmenu\system\CodeIgniter.php(326): CodeIgniter\CodeIgniter->handleRequest(NULL, Object(Config\Cache), false)
#4 C:\xampp\htdocs\weProject\DemoFmenu\index.php(37): CodeIgniter\CodeIgniter->run()
#5 {main}
