CRITICAL - 2022-07-22 14:32:25 --> Object of class stdClass could not be converted to string
#0 [internal function]: CodeIgniter\Debug\Exceptions->errorHandler(4096, 'Object of class...', '/home/fbeslife/...', 318, Array)
#1 /home/fbeslife/fmenu.fbeslife.com/system/Database/Query.php(318): strtr('UPDATE `desk` S...', Array)
#2 /home/fbeslife/fmenu.fbeslife.com/system/Database/Query.php(293): CodeIgniter\Database\Query->matchNamedBinds('UPDATE `desk` S...', Array)
#3 /home/fbeslife/fmenu.fbeslife.com/system/Database/Query.php(150): CodeIgniter\Database\Query->compileBinds()
#4 /home/fbeslife/fmenu.fbeslife.com/system/Database/BaseConnection.php(598): CodeIgniter\Database\Query->getQuery()
#5 /home/fbeslife/fmenu.fbeslife.com/system/Database/BaseBuilder.php(1913): CodeIgniter\Database\BaseConnection->query('UPDATE `desk` S...', Array, false)
#6 /home/fbeslife/fmenu.fbeslife.com/app/Models/Admin/ADeskModel.php(33): CodeIgniter\Database\BaseBuilder->update(Array)
#7 /home/fbeslife/fmenu.fbeslife.com/app/Controllers/Fpanel/Desk.php(233): App\Models\Admin\ADeskModel->updDesk('6', Array)
#8 /home/fbeslife/fmenu.fbeslife.com/system/CodeIgniter.php(832): App\Controllers\Fpanel\Desk->update_result_name()
#9 /home/fbeslife/fmenu.fbeslife.com/system/CodeIgniter.php(419): CodeIgniter\CodeIgniter->runController(Object(App\Controllers\Fpanel\Desk))
#10 /home/fbeslife/fmenu.fbeslife.com/system/CodeIgniter.php(326): CodeIgniter\CodeIgniter->handleRequest(NULL, Object(Config\Cache), false)
#11 /home/fbeslife/fmenu.fbeslife.com/index.php(37): CodeIgniter\CodeIgniter->run()
#12 {main}
CRITICAL - 2022-07-22 14:34:43 --> Object of class stdClass could not be converted to string
#0 [internal function]: CodeIgniter\Debug\Exceptions->errorHandler(4096, 'Object of class...', '/home/fbeslife/...', 318, Array)
#1 /home/fbeslife/fmenu.fbeslife.com/system/Database/Query.php(318): strtr('UPDATE `desk` S...', Array)
#2 /home/fbeslife/fmenu.fbeslife.com/system/Database/Query.php(293): CodeIgniter\Database\Query->matchNamedBinds('UPDATE `desk` S...', Array)
#3 /home/fbeslife/fmenu.fbeslife.com/system/Database/Query.php(150): CodeIgniter\Database\Query->compileBinds()
#4 /home/fbeslife/fmenu.fbeslife.com/system/Database/BaseConnection.php(598): CodeIgniter\Database\Query->getQuery()
#5 /home/fbeslife/fmenu.fbeslife.com/system/Database/BaseBuilder.php(1913): CodeIgniter\Database\BaseConnection->query('UPDATE `desk` S...', Array, false)
#6 /home/fbeslife/fmenu.fbeslife.com/app/Models/Admin/ADeskModel.php(33): CodeIgniter\Database\BaseBuilder->update(Array)
#7 /home/fbeslife/fmenu.fbeslife.com/app/Controllers/Fpanel/Desk.php(233): App\Models\Admin\ADeskModel->updDesk('6', Array)
#8 /home/fbeslife/fmenu.fbeslife.com/system/CodeIgniter.php(832): App\Controllers\Fpanel\Desk->update_result_name()
#9 /home/fbeslife/fmenu.fbeslife.com/system/CodeIgniter.php(419): CodeIgniter\CodeIgniter->runController(Object(App\Controllers\Fpanel\Desk))
#10 /home/fbeslife/fmenu.fbeslife.com/system/CodeIgniter.php(326): CodeIgniter\CodeIgniter->handleRequest(NULL, Object(Config\Cache), false)
#11 /home/fbeslife/fmenu.fbeslife.com/index.php(37): CodeIgniter\CodeIgniter->run()
#12 {main}
CRITICAL - 2022-07-22 14:34:45 --> Object of class stdClass could not be converted to string
#0 [internal function]: CodeIgniter\Debug\Exceptions->errorHandler(4096, 'Object of class...', '/home/fbeslife/...', 318, Array)
#1 /home/fbeslife/fmenu.fbeslife.com/system/Database/Query.php(318): strtr('UPDATE `desk` S...', Array)
#2 /home/fbeslife/fmenu.fbeslife.com/system/Database/Query.php(293): CodeIgniter\Database\Query->matchNamedBinds('UPDATE `desk` S...', Array)
#3 /home/fbeslife/fmenu.fbeslife.com/system/Database/Query.php(150): CodeIgniter\Database\Query->compileBinds()
#4 /home/fbeslife/fmenu.fbeslife.com/system/Database/BaseConnection.php(598): CodeIgniter\Database\Query->getQuery()
#5 /home/fbeslife/fmenu.fbeslife.com/system/Database/BaseBuilder.php(1913): CodeIgniter\Database\BaseConnection->query('UPDATE `desk` S...', Array, false)
#6 /home/fbeslife/fmenu.fbeslife.com/app/Models/Admin/ADeskModel.php(33): CodeIgniter\Database\BaseBuilder->update(Array)
#7 /home/fbeslife/fmenu.fbeslife.com/app/Controllers/Fpanel/Desk.php(233): App\Models\Admin\ADeskModel->updDesk('6', Array)
#8 /home/fbeslife/fmenu.fbeslife.com/system/CodeIgniter.php(832): App\Controllers\Fpanel\Desk->update_result_name()
#9 /home/fbeslife/fmenu.fbeslife.com/system/CodeIgniter.php(419): CodeIgniter\CodeIgniter->runController(Object(App\Controllers\Fpanel\Desk))
#10 /home/fbeslife/fmenu.fbeslife.com/system/CodeIgniter.php(326): CodeIgniter\CodeIgniter->handleRequest(NULL, Object(Config\Cache), false)
#11 /home/fbeslife/fmenu.fbeslife.com/index.php(37): CodeIgniter\CodeIgniter->run()
#12 {main}
CRITICAL - 2022-07-22 14:57:31 --> Object of class stdClass could not be converted to string
#0 [internal function]: CodeIgniter\Debug\Exceptions->errorHandler(4096, 'Object of class...', '/home/fbeslife/...', 318, Array)
#1 /home/fbeslife/fmenu.fbeslife.com/system/Database/Query.php(318): strtr('UPDATE `desk` S...', Array)
#2 /home/fbeslife/fmenu.fbeslife.com/system/Database/Query.php(293): CodeIgniter\Database\Query->matchNamedBinds('UPDATE `desk` S...', Array)
#3 /home/fbeslife/fmenu.fbeslife.com/system/Database/Query.php(150): CodeIgniter\Database\Query->compileBinds()
#4 /home/fbeslife/fmenu.fbeslife.com/system/Database/BaseConnection.php(598): CodeIgniter\Database\Query->getQuery()
#5 /home/fbeslife/fmenu.fbeslife.com/system/Database/BaseBuilder.php(1913): CodeIgniter\Database\BaseConnection->query('UPDATE `desk` S...', Array, false)
#6 /home/fbeslife/fmenu.fbeslife.com/app/Models/Admin/ADeskModel.php(33): CodeIgniter\Database\BaseBuilder->update(Array)
#7 /home/fbeslife/fmenu.fbeslife.com/app/Controllers/Fpanel/Desk.php(233): App\Models\Admin\ADeskModel->updDesk('6', Array)
#8 /home/fbeslife/fmenu.fbeslife.com/system/CodeIgniter.php(832): App\Controllers\Fpanel\Desk->update_result_name()
#9 /home/fbeslife/fmenu.fbeslife.com/system/CodeIgniter.php(419): CodeIgniter\CodeIgniter->runController(Object(App\Controllers\Fpanel\Desk))
#10 /home/fbeslife/fmenu.fbeslife.com/system/CodeIgniter.php(326): CodeIgniter\CodeIgniter->handleRequest(NULL, Object(Config\Cache), false)
#11 /home/fbeslife/fmenu.fbeslife.com/index.php(37): CodeIgniter\CodeIgniter->run()
#12 {main}
CRITICAL - 2022-07-22 14:57:31 --> Object of class stdClass could not be converted to string
#0 [internal function]: CodeIgniter\Debug\Exceptions->errorHandler(4096, 'Object of class...', '/home/fbeslife/...', 318, Array)
#1 /home/fbeslife/fmenu.fbeslife.com/system/Database/Query.php(318): strtr('UPDATE `desk` S...', Array)
#2 /home/fbeslife/fmenu.fbeslife.com/system/Database/Query.php(293): CodeIgniter\Database\Query->matchNamedBinds('UPDATE `desk` S...', Array)
#3 /home/fbeslife/fmenu.fbeslife.com/system/Database/Query.php(150): CodeIgniter\Database\Query->compileBinds()
#4 /home/fbeslife/fmenu.fbeslife.com/system/Database/BaseConnection.php(598): CodeIgniter\Database\Query->getQuery()
#5 /home/fbeslife/fmenu.fbeslife.com/system/Database/BaseBuilder.php(1913): CodeIgniter\Database\BaseConnection->query('UPDATE `desk` S...', Array, false)
#6 /home/fbeslife/fmenu.fbeslife.com/app/Models/Admin/ADeskModel.php(33): CodeIgniter\Database\BaseBuilder->update(Array)
#7 /home/fbeslife/fmenu.fbeslife.com/app/Controllers/Fpanel/Desk.php(233): App\Models\Admin\ADeskModel->updDesk('6', Array)
#8 /home/fbeslife/fmenu.fbeslife.com/system/CodeIgniter.php(832): App\Controllers\Fpanel\Desk->update_result_name()
#9 /home/fbeslife/fmenu.fbeslife.com/system/CodeIgniter.php(419): CodeIgniter\CodeIgniter->runController(Object(App\Controllers\Fpanel\Desk))
#10 /home/fbeslife/fmenu.fbeslife.com/system/CodeIgniter.php(326): CodeIgniter\CodeIgniter->handleRequest(NULL, Object(Config\Cache), false)
#11 /home/fbeslife/fmenu.fbeslife.com/index.php(37): CodeIgniter\CodeIgniter->run()
#12 {main}
CRITICAL - 2022-07-22 14:57:31 --> Object of class stdClass could not be converted to string
#0 [internal function]: CodeIgniter\Debug\Exceptions->errorHandler(4096, 'Object of class...', '/home/fbeslife/...', 318, Array)
#1 /home/fbeslife/fmenu.fbeslife.com/system/Database/Query.php(318): strtr('UPDATE `desk` S...', Array)
#2 /home/fbeslife/fmenu.fbeslife.com/system/Database/Query.php(293): CodeIgniter\Database\Query->matchNamedBinds('UPDATE `desk` S...', Array)
#3 /home/fbeslife/fmenu.fbeslife.com/system/Database/Query.php(150): CodeIgniter\Database\Query->compileBinds()
#4 /home/fbeslife/fmenu.fbeslife.com/system/Database/BaseConnection.php(598): CodeIgniter\Database\Query->getQuery()
#5 /home/fbeslife/fmenu.fbeslife.com/system/Database/BaseBuilder.php(1913): CodeIgniter\Database\BaseConnection->query('UPDATE `desk` S...', Array, false)
#6 /home/fbeslife/fmenu.fbeslife.com/app/Models/Admin/ADeskModel.php(33): CodeIgniter\Database\BaseBuilder->update(Array)
#7 /home/fbeslife/fmenu.fbeslife.com/app/Controllers/Fpanel/Desk.php(233): App\Models\Admin\ADeskModel->updDesk('6', Array)
#8 /home/fbeslife/fmenu.fbeslife.com/system/CodeIgniter.php(832): App\Controllers\Fpanel\Desk->update_result_name()
#9 /home/fbeslife/fmenu.fbeslife.com/system/CodeIgniter.php(419): CodeIgniter\CodeIgniter->runController(Object(App\Controllers\Fpanel\Desk))
#10 /home/fbeslife/fmenu.fbeslife.com/system/CodeIgniter.php(326): CodeIgniter\CodeIgniter->handleRequest(NULL, Object(Config\Cache), false)
#11 /home/fbeslife/fmenu.fbeslife.com/index.php(37): CodeIgniter\CodeIgniter->run()
#12 {main}
CRITICAL - 2022-07-22 14:57:31 --> Object of class stdClass could not be converted to string
#0 [internal function]: CodeIgniter\Debug\Exceptions->errorHandler(4096, 'Object of class...', '/home/fbeslife/...', 318, Array)
#1 /home/fbeslife/fmenu.fbeslife.com/system/Database/Query.php(318): strtr('UPDATE `desk` S...', Array)
#2 /home/fbeslife/fmenu.fbeslife.com/system/Database/Query.php(293): CodeIgniter\Database\Query->matchNamedBinds('UPDATE `desk` S...', Array)
#3 /home/fbeslife/fmenu.fbeslife.com/system/Database/Query.php(150): CodeIgniter\Database\Query->compileBinds()
#4 /home/fbeslife/fmenu.fbeslife.com/system/Database/BaseConnection.php(598): CodeIgniter\Database\Query->getQuery()
#5 /home/fbeslife/fmenu.fbeslife.com/system/Database/BaseBuilder.php(1913): CodeIgniter\Database\BaseConnection->query('UPDATE `desk` S...', Array, false)
#6 /home/fbeslife/fmenu.fbeslife.com/app/Models/Admin/ADeskModel.php(33): CodeIgniter\Database\BaseBuilder->update(Array)
#7 /home/fbeslife/fmenu.fbeslife.com/app/Controllers/Fpanel/Desk.php(233): App\Models\Admin\ADeskModel->updDesk('6', Array)
#8 /home/fbeslife/fmenu.fbeslife.com/system/CodeIgniter.php(832): App\Controllers\Fpanel\Desk->update_result_name()
#9 /home/fbeslife/fmenu.fbeslife.com/system/CodeIgniter.php(419): CodeIgniter\CodeIgniter->runController(Object(App\Controllers\Fpanel\Desk))
#10 /home/fbeslife/fmenu.fbeslife.com/system/CodeIgniter.php(326): CodeIgniter\CodeIgniter->handleRequest(NULL, Object(Config\Cache), false)
#11 /home/fbeslife/fmenu.fbeslife.com/index.php(37): CodeIgniter\CodeIgniter->run()
#12 {main}
CRITICAL - 2022-07-22 14:57:31 --> Object of class stdClass could not be converted to string
#0 [internal function]: CodeIgniter\Debug\Exceptions->errorHandler(4096, 'Object of class...', '/home/fbeslife/...', 318, Array)
#1 /home/fbeslife/fmenu.fbeslife.com/system/Database/Query.php(318): strtr('UPDATE `desk` S...', Array)
#2 /home/fbeslife/fmenu.fbeslife.com/system/Database/Query.php(293): CodeIgniter\Database\Query->matchNamedBinds('UPDATE `desk` S...', Array)
#3 /home/fbeslife/fmenu.fbeslife.com/system/Database/Query.php(150): CodeIgniter\Database\Query->compileBinds()
#4 /home/fbeslife/fmenu.fbeslife.com/system/Database/BaseConnection.php(598): CodeIgniter\Database\Query->getQuery()
#5 /home/fbeslife/fmenu.fbeslife.com/system/Database/BaseBuilder.php(1913): CodeIgniter\Database\BaseConnection->query('UPDATE `desk` S...', Array, false)
#6 /home/fbeslife/fmenu.fbeslife.com/app/Models/Admin/ADeskModel.php(33): CodeIgniter\Database\BaseBuilder->update(Array)
#7 /home/fbeslife/fmenu.fbeslife.com/app/Controllers/Fpanel/Desk.php(233): App\Models\Admin\ADeskModel->updDesk('6', Array)
#8 /home/fbeslife/fmenu.fbeslife.com/system/CodeIgniter.php(832): App\Controllers\Fpanel\Desk->update_result_name()
#9 /home/fbeslife/fmenu.fbeslife.com/system/CodeIgniter.php(419): CodeIgniter\CodeIgniter->runController(Object(App\Controllers\Fpanel\Desk))
#10 /home/fbeslife/fmenu.fbeslife.com/system/CodeIgniter.php(326): CodeIgniter\CodeIgniter->handleRequest(NULL, Object(Config\Cache), false)
#11 /home/fbeslife/fmenu.fbeslife.com/index.php(37): CodeIgniter\CodeIgniter->run()
#12 {main}
CRITICAL - 2022-07-22 14:57:31 --> Object of class stdClass could not be converted to string
#0 [internal function]: CodeIgniter\Debug\Exceptions->errorHandler(4096, 'Object of class...', '/home/fbeslife/...', 318, Array)
#1 /home/fbeslife/fmenu.fbeslife.com/system/Database/Query.php(318): strtr('UPDATE `desk` S...', Array)
#2 /home/fbeslife/fmenu.fbeslife.com/system/Database/Query.php(293): CodeIgniter\Database\Query->matchNamedBinds('UPDATE `desk` S...', Array)
#3 /home/fbeslife/fmenu.fbeslife.com/system/Database/Query.php(150): CodeIgniter\Database\Query->compileBinds()
#4 /home/fbeslife/fmenu.fbeslife.com/system/Database/BaseConnection.php(598): CodeIgniter\Database\Query->getQuery()
#5 /home/fbeslife/fmenu.fbeslife.com/system/Database/BaseBuilder.php(1913): CodeIgniter\Database\BaseConnection->query('UPDATE `desk` S...', Array, false)
#6 /home/fbeslife/fmenu.fbeslife.com/app/Models/Admin/ADeskModel.php(33): CodeIgniter\Database\BaseBuilder->update(Array)
#7 /home/fbeslife/fmenu.fbeslife.com/app/Controllers/Fpanel/Desk.php(233): App\Models\Admin\ADeskModel->updDesk('6', Array)
#8 /home/fbeslife/fmenu.fbeslife.com/system/CodeIgniter.php(832): App\Controllers\Fpanel\Desk->update_result_name()
#9 /home/fbeslife/fmenu.fbeslife.com/system/CodeIgniter.php(419): CodeIgniter\CodeIgniter->runController(Object(App\Controllers\Fpanel\Desk))
#10 /home/fbeslife/fmenu.fbeslife.com/system/CodeIgniter.php(326): CodeIgniter\CodeIgniter->handleRequest(NULL, Object(Config\Cache), false)
#11 /home/fbeslife/fmenu.fbeslife.com/index.php(37): CodeIgniter\CodeIgniter->run()
#12 {main}
CRITICAL - 2022-07-22 14:57:31 --> Object of class stdClass could not be converted to string
#0 [internal function]: CodeIgniter\Debug\Exceptions->errorHandler(4096, 'Object of class...', '/home/fbeslife/...', 318, Array)
#1 /home/fbeslife/fmenu.fbeslife.com/system/Database/Query.php(318): strtr('UPDATE `desk` S...', Array)
#2 /home/fbeslife/fmenu.fbeslife.com/system/Database/Query.php(293): CodeIgniter\Database\Query->matchNamedBinds('UPDATE `desk` S...', Array)
#3 /home/fbeslife/fmenu.fbeslife.com/system/Database/Query.php(150): CodeIgniter\Database\Query->compileBinds()
#4 /home/fbeslife/fmenu.fbeslife.com/system/Database/BaseConnection.php(598): CodeIgniter\Database\Query->getQuery()
#5 /home/fbeslife/fmenu.fbeslife.com/system/Database/BaseBuilder.php(1913): CodeIgniter\Database\BaseConnection->query('UPDATE `desk` S...', Array, false)
#6 /home/fbeslife/fmenu.fbeslife.com/app/Models/Admin/ADeskModel.php(33): CodeIgniter\Database\BaseBuilder->update(Array)
#7 /home/fbeslife/fmenu.fbeslife.com/app/Controllers/Fpanel/Desk.php(233): App\Models\Admin\ADeskModel->updDesk('6', Array)
#8 /home/fbeslife/fmenu.fbeslife.com/system/CodeIgniter.php(832): App\Controllers\Fpanel\Desk->update_result_name()
#9 /home/fbeslife/fmenu.fbeslife.com/system/CodeIgniter.php(419): CodeIgniter\CodeIgniter->runController(Object(App\Controllers\Fpanel\Desk))
#10 /home/fbeslife/fmenu.fbeslife.com/system/CodeIgniter.php(326): CodeIgniter\CodeIgniter->handleRequest(NULL, Object(Config\Cache), false)
#11 /home/fbeslife/fmenu.fbeslife.com/index.php(37): CodeIgniter\CodeIgniter->run()
#12 {main}
CRITICAL - 2022-07-22 14:57:31 --> Object of class stdClass could not be converted to string
#0 [internal function]: CodeIgniter\Debug\Exceptions->errorHandler(4096, 'Object of class...', '/home/fbeslife/...', 318, Array)
#1 /home/fbeslife/fmenu.fbeslife.com/system/Database/Query.php(318): strtr('UPDATE `desk` S...', Array)
#2 /home/fbeslife/fmenu.fbeslife.com/system/Database/Query.php(293): CodeIgniter\Database\Query->matchNamedBinds('UPDATE `desk` S...', Array)
#3 /home/fbeslife/fmenu.fbeslife.com/system/Database/Query.php(150): CodeIgniter\Database\Query->compileBinds()
#4 /home/fbeslife/fmenu.fbeslife.com/system/Database/BaseConnection.php(598): CodeIgniter\Database\Query->getQuery()
#5 /home/fbeslife/fmenu.fbeslife.com/system/Database/BaseBuilder.php(1913): CodeIgniter\Database\BaseConnection->query('UPDATE `desk` S...', Array, false)
#6 /home/fbeslife/fmenu.fbeslife.com/app/Models/Admin/ADeskModel.php(33): CodeIgniter\Database\BaseBuilder->update(Array)
#7 /home/fbeslife/fmenu.fbeslife.com/app/Controllers/Fpanel/Desk.php(233): App\Models\Admin\ADeskModel->updDesk('6', Array)
#8 /home/fbeslife/fmenu.fbeslife.com/system/CodeIgniter.php(832): App\Controllers\Fpanel\Desk->update_result_name()
#9 /home/fbeslife/fmenu.fbeslife.com/system/CodeIgniter.php(419): CodeIgniter\CodeIgniter->runController(Object(App\Controllers\Fpanel\Desk))
#10 /home/fbeslife/fmenu.fbeslife.com/system/CodeIgniter.php(326): CodeIgniter\CodeIgniter->handleRequest(NULL, Object(Config\Cache), false)
#11 /home/fbeslife/fmenu.fbeslife.com/index.php(37): CodeIgniter\CodeIgniter->run()
#12 {main}
CRITICAL - 2022-07-22 14:57:31 --> Object of class stdClass could not be converted to string
#0 [internal function]: CodeIgniter\Debug\Exceptions->errorHandler(4096, 'Object of class...', '/home/fbeslife/...', 318, Array)
#1 /home/fbeslife/fmenu.fbeslife.com/system/Database/Query.php(318): strtr('UPDATE `desk` S...', Array)
#2 /home/fbeslife/fmenu.fbeslife.com/system/Database/Query.php(293): CodeIgniter\Database\Query->matchNamedBinds('UPDATE `desk` S...', Array)
#3 /home/fbeslife/fmenu.fbeslife.com/system/Database/Query.php(150): CodeIgniter\Database\Query->compileBinds()
#4 /home/fbeslife/fmenu.fbeslife.com/system/Database/BaseConnection.php(598): CodeIgniter\Database\Query->getQuery()
#5 /home/fbeslife/fmenu.fbeslife.com/system/Database/BaseBuilder.php(1913): CodeIgniter\Database\BaseConnection->query('UPDATE `desk` S...', Array, false)
#6 /home/fbeslife/fmenu.fbeslife.com/app/Models/Admin/ADeskModel.php(33): CodeIgniter\Database\BaseBuilder->update(Array)
#7 /home/fbeslife/fmenu.fbeslife.com/app/Controllers/Fpanel/Desk.php(233): App\Models\Admin\ADeskModel->updDesk('6', Array)
#8 /home/fbeslife/fmenu.fbeslife.com/system/CodeIgniter.php(832): App\Controllers\Fpanel\Desk->update_result_name()
#9 /home/fbeslife/fmenu.fbeslife.com/system/CodeIgniter.php(419): CodeIgniter\CodeIgniter->runController(Object(App\Controllers\Fpanel\Desk))
#10 /home/fbeslife/fmenu.fbeslife.com/system/CodeIgniter.php(326): CodeIgniter\CodeIgniter->handleRequest(NULL, Object(Config\Cache), false)
#11 /home/fbeslife/fmenu.fbeslife.com/index.php(37): CodeIgniter\CodeIgniter->run()
#12 {main}
CRITICAL - 2022-07-22 14:57:32 --> Object of class stdClass could not be converted to string
#0 [internal function]: CodeIgniter\Debug\Exceptions->errorHandler(4096, 'Object of class...', '/home/fbeslife/...', 318, Array)
#1 /home/fbeslife/fmenu.fbeslife.com/system/Database/Query.php(318): strtr('UPDATE `desk` S...', Array)
#2 /home/fbeslife/fmenu.fbeslife.com/system/Database/Query.php(293): CodeIgniter\Database\Query->matchNamedBinds('UPDATE `desk` S...', Array)
#3 /home/fbeslife/fmenu.fbeslife.com/system/Database/Query.php(150): CodeIgniter\Database\Query->compileBinds()
#4 /home/fbeslife/fmenu.fbeslife.com/system/Database/BaseConnection.php(598): CodeIgniter\Database\Query->getQuery()
#5 /home/fbeslife/fmenu.fbeslife.com/system/Database/BaseBuilder.php(1913): CodeIgniter\Database\BaseConnection->query('UPDATE `desk` S...', Array, false)
#6 /home/fbeslife/fmenu.fbeslife.com/app/Models/Admin/ADeskModel.php(33): CodeIgniter\Database\BaseBuilder->update(Array)
#7 /home/fbeslife/fmenu.fbeslife.com/app/Controllers/Fpanel/Desk.php(233): App\Models\Admin\ADeskModel->updDesk('6', Array)
#8 /home/fbeslife/fmenu.fbeslife.com/system/CodeIgniter.php(832): App\Controllers\Fpanel\Desk->update_result_name()
#9 /home/fbeslife/fmenu.fbeslife.com/system/CodeIgniter.php(419): CodeIgniter\CodeIgniter->runController(Object(App\Controllers\Fpanel\Desk))
#10 /home/fbeslife/fmenu.fbeslife.com/system/CodeIgniter.php(326): CodeIgniter\CodeIgniter->handleRequest(NULL, Object(Config\Cache), false)
#11 /home/fbeslife/fmenu.fbeslife.com/index.php(37): CodeIgniter\CodeIgniter->run()
#12 {main}
CRITICAL - 2022-07-22 14:57:33 --> Object of class stdClass could not be converted to string
#0 [internal function]: CodeIgniter\Debug\Exceptions->errorHandler(4096, 'Object of class...', '/home/fbeslife/...', 318, Array)
#1 /home/fbeslife/fmenu.fbeslife.com/system/Database/Query.php(318): strtr('UPDATE `desk` S...', Array)
#2 /home/fbeslife/fmenu.fbeslife.com/system/Database/Query.php(293): CodeIgniter\Database\Query->matchNamedBinds('UPDATE `desk` S...', Array)
#3 /home/fbeslife/fmenu.fbeslife.com/system/Database/Query.php(150): CodeIgniter\Database\Query->compileBinds()
#4 /home/fbeslife/fmenu.fbeslife.com/system/Database/BaseConnection.php(598): CodeIgniter\Database\Query->getQuery()
#5 /home/fbeslife/fmenu.fbeslife.com/system/Database/BaseBuilder.php(1913): CodeIgniter\Database\BaseConnection->query('UPDATE `desk` S...', Array, false)
#6 /home/fbeslife/fmenu.fbeslife.com/app/Models/Admin/ADeskModel.php(33): CodeIgniter\Database\BaseBuilder->update(Array)
#7 /home/fbeslife/fmenu.fbeslife.com/app/Controllers/Fpanel/Desk.php(233): App\Models\Admin\ADeskModel->updDesk('6', Array)
#8 /home/fbeslife/fmenu.fbeslife.com/system/CodeIgniter.php(832): App\Controllers\Fpanel\Desk->update_result_name()
#9 /home/fbeslife/fmenu.fbeslife.com/system/CodeIgniter.php(419): CodeIgniter\CodeIgniter->runController(Object(App\Controllers\Fpanel\Desk))
#10 /home/fbeslife/fmenu.fbeslife.com/system/CodeIgniter.php(326): CodeIgniter\CodeIgniter->handleRequest(NULL, Object(Config\Cache), false)
#11 /home/fbeslife/fmenu.fbeslife.com/index.php(37): CodeIgniter\CodeIgniter->run()
#12 {main}
CRITICAL - 2022-07-22 14:57:33 --> Object of class stdClass could not be converted to string
#0 [internal function]: CodeIgniter\Debug\Exceptions->errorHandler(4096, 'Object of class...', '/home/fbeslife/...', 318, Array)
#1 /home/fbeslife/fmenu.fbeslife.com/system/Database/Query.php(318): strtr('UPDATE `desk` S...', Array)
#2 /home/fbeslife/fmenu.fbeslife.com/system/Database/Query.php(293): CodeIgniter\Database\Query->matchNamedBinds('UPDATE `desk` S...', Array)
#3 /home/fbeslife/fmenu.fbeslife.com/system/Database/Query.php(150): CodeIgniter\Database\Query->compileBinds()
#4 /home/fbeslife/fmenu.fbeslife.com/system/Database/BaseConnection.php(598): CodeIgniter\Database\Query->getQuery()
#5 /home/fbeslife/fmenu.fbeslife.com/system/Database/BaseBuilder.php(1913): CodeIgniter\Database\BaseConnection->query('UPDATE `desk` S...', Array, false)
#6 /home/fbeslife/fmenu.fbeslife.com/app/Models/Admin/ADeskModel.php(33): CodeIgniter\Database\BaseBuilder->update(Array)
#7 /home/fbeslife/fmenu.fbeslife.com/app/Controllers/Fpanel/Desk.php(233): App\Models\Admin\ADeskModel->updDesk('6', Array)
#8 /home/fbeslife/fmenu.fbeslife.com/system/CodeIgniter.php(832): App\Controllers\Fpanel\Desk->update_result_name()
#9 /home/fbeslife/fmenu.fbeslife.com/system/CodeIgniter.php(419): CodeIgniter\CodeIgniter->runController(Object(App\Controllers\Fpanel\Desk))
#10 /home/fbeslife/fmenu.fbeslife.com/system/CodeIgniter.php(326): CodeIgniter\CodeIgniter->handleRequest(NULL, Object(Config\Cache), false)
#11 /home/fbeslife/fmenu.fbeslife.com/index.php(37): CodeIgniter\CodeIgniter->run()
#12 {main}
CRITICAL - 2022-07-22 14:57:34 --> Object of class stdClass could not be converted to string
#0 [internal function]: CodeIgniter\Debug\Exceptions->errorHandler(4096, 'Object of class...', '/home/fbeslife/...', 318, Array)
#1 /home/fbeslife/fmenu.fbeslife.com/system/Database/Query.php(318): strtr('UPDATE `desk` S...', Array)
#2 /home/fbeslife/fmenu.fbeslife.com/system/Database/Query.php(293): CodeIgniter\Database\Query->matchNamedBinds('UPDATE `desk` S...', Array)
#3 /home/fbeslife/fmenu.fbeslife.com/system/Database/Query.php(150): CodeIgniter\Database\Query->compileBinds()
#4 /home/fbeslife/fmenu.fbeslife.com/system/Database/BaseConnection.php(598): CodeIgniter\Database\Query->getQuery()
#5 /home/fbeslife/fmenu.fbeslife.com/system/Database/BaseBuilder.php(1913): CodeIgniter\Database\BaseConnection->query('UPDATE `desk` S...', Array, false)
#6 /home/fbeslife/fmenu.fbeslife.com/app/Models/Admin/ADeskModel.php(33): CodeIgniter\Database\BaseBuilder->update(Array)
#7 /home/fbeslife/fmenu.fbeslife.com/app/Controllers/Fpanel/Desk.php(233): App\Models\Admin\ADeskModel->updDesk('6', Array)
#8 /home/fbeslife/fmenu.fbeslife.com/system/CodeIgniter.php(832): App\Controllers\Fpanel\Desk->update_result_name()
#9 /home/fbeslife/fmenu.fbeslife.com/system/CodeIgniter.php(419): CodeIgniter\CodeIgniter->runController(Object(App\Controllers\Fpanel\Desk))
#10 /home/fbeslife/fmenu.fbeslife.com/system/CodeIgniter.php(326): CodeIgniter\CodeIgniter->handleRequest(NULL, Object(Config\Cache), false)
#11 /home/fbeslife/fmenu.fbeslife.com/index.php(37): CodeIgniter\CodeIgniter->run()
#12 {main}
CRITICAL - 2022-07-22 14:57:34 --> Object of class stdClass could not be converted to string
#0 [internal function]: CodeIgniter\Debug\Exceptions->errorHandler(4096, 'Object of class...', '/home/fbeslife/...', 318, Array)
#1 /home/fbeslife/fmenu.fbeslife.com/system/Database/Query.php(318): strtr('UPDATE `desk` S...', Array)
#2 /home/fbeslife/fmenu.fbeslife.com/system/Database/Query.php(293): CodeIgniter\Database\Query->matchNamedBinds('UPDATE `desk` S...', Array)
#3 /home/fbeslife/fmenu.fbeslife.com/system/Database/Query.php(150): CodeIgniter\Database\Query->compileBinds()
#4 /home/fbeslife/fmenu.fbeslife.com/system/Database/BaseConnection.php(598): CodeIgniter\Database\Query->getQuery()
#5 /home/fbeslife/fmenu.fbeslife.com/system/Database/BaseBuilder.php(1913): CodeIgniter\Database\BaseConnection->query('UPDATE `desk` S...', Array, false)
#6 /home/fbeslife/fmenu.fbeslife.com/app/Models/Admin/ADeskModel.php(33): CodeIgniter\Database\BaseBuilder->update(Array)
#7 /home/fbeslife/fmenu.fbeslife.com/app/Controllers/Fpanel/Desk.php(233): App\Models\Admin\ADeskModel->updDesk('6', Array)
#8 /home/fbeslife/fmenu.fbeslife.com/system/CodeIgniter.php(832): App\Controllers\Fpanel\Desk->update_result_name()
#9 /home/fbeslife/fmenu.fbeslife.com/system/CodeIgniter.php(419): CodeIgniter\CodeIgniter->runController(Object(App\Controllers\Fpanel\Desk))
#10 /home/fbeslife/fmenu.fbeslife.com/system/CodeIgniter.php(326): CodeIgniter\CodeIgniter->handleRequest(NULL, Object(Config\Cache), false)
#11 /home/fbeslife/fmenu.fbeslife.com/index.php(37): CodeIgniter\CodeIgniter->run()
#12 {main}
CRITICAL - 2022-07-22 14:58:13 --> Object of class stdClass could not be converted to string
#0 [internal function]: CodeIgniter\Debug\Exceptions->errorHandler(4096, 'Object of class...', '/home/fbeslife/...', 318, Array)
#1 /home/fbeslife/fmenu.fbeslife.com/system/Database/Query.php(318): strtr('UPDATE `desk` S...', Array)
#2 /home/fbeslife/fmenu.fbeslife.com/system/Database/Query.php(293): CodeIgniter\Database\Query->matchNamedBinds('UPDATE `desk` S...', Array)
#3 /home/fbeslife/fmenu.fbeslife.com/system/Database/Query.php(150): CodeIgniter\Database\Query->compileBinds()
#4 /home/fbeslife/fmenu.fbeslife.com/system/Database/BaseConnection.php(598): CodeIgniter\Database\Query->getQuery()
#5 /home/fbeslife/fmenu.fbeslife.com/system/Database/BaseBuilder.php(1913): CodeIgniter\Database\BaseConnection->query('UPDATE `desk` S...', Array, false)
#6 /home/fbeslife/fmenu.fbeslife.com/app/Models/Admin/ADeskModel.php(33): CodeIgniter\Database\BaseBuilder->update(Array)
#7 /home/fbeslife/fmenu.fbeslife.com/app/Controllers/Fpanel/Desk.php(233): App\Models\Admin\ADeskModel->updDesk('6', Array)
#8 /home/fbeslife/fmenu.fbeslife.com/system/CodeIgniter.php(832): App\Controllers\Fpanel\Desk->update_result_name()
#9 /home/fbeslife/fmenu.fbeslife.com/system/CodeIgniter.php(419): CodeIgniter\CodeIgniter->runController(Object(App\Controllers\Fpanel\Desk))
#10 /home/fbeslife/fmenu.fbeslife.com/system/CodeIgniter.php(326): CodeIgniter\CodeIgniter->handleRequest(NULL, Object(Config\Cache), false)
#11 /home/fbeslife/fmenu.fbeslife.com/index.php(37): CodeIgniter\CodeIgniter->run()
#12 {main}
CRITICAL - 2022-07-22 14:58:13 --> Object of class stdClass could not be converted to string
#0 [internal function]: CodeIgniter\Debug\Exceptions->errorHandler(4096, 'Object of class...', '/home/fbeslife/...', 318, Array)
#1 /home/fbeslife/fmenu.fbeslife.com/system/Database/Query.php(318): strtr('UPDATE `desk` S...', Array)
#2 /home/fbeslife/fmenu.fbeslife.com/system/Database/Query.php(293): CodeIgniter\Database\Query->matchNamedBinds('UPDATE `desk` S...', Array)
#3 /home/fbeslife/fmenu.fbeslife.com/system/Database/Query.php(150): CodeIgniter\Database\Query->compileBinds()
#4 /home/fbeslife/fmenu.fbeslife.com/system/Database/BaseConnection.php(598): CodeIgniter\Database\Query->getQuery()
#5 /home/fbeslife/fmenu.fbeslife.com/system/Database/BaseBuilder.php(1913): CodeIgniter\Database\BaseConnection->query('UPDATE `desk` S...', Array, false)
#6 /home/fbeslife/fmenu.fbeslife.com/app/Models/Admin/ADeskModel.php(33): CodeIgniter\Database\BaseBuilder->update(Array)
#7 /home/fbeslife/fmenu.fbeslife.com/app/Controllers/Fpanel/Desk.php(233): App\Models\Admin\ADeskModel->updDesk('6', Array)
#8 /home/fbeslife/fmenu.fbeslife.com/system/CodeIgniter.php(832): App\Controllers\Fpanel\Desk->update_result_name()
#9 /home/fbeslife/fmenu.fbeslife.com/system/CodeIgniter.php(419): CodeIgniter\CodeIgniter->runController(Object(App\Controllers\Fpanel\Desk))
#10 /home/fbeslife/fmenu.fbeslife.com/system/CodeIgniter.php(326): CodeIgniter\CodeIgniter->handleRequest(NULL, Object(Config\Cache), false)
#11 /home/fbeslife/fmenu.fbeslife.com/index.php(37): CodeIgniter\CodeIgniter->run()
#12 {main}
CRITICAL - 2022-07-22 15:00:43 --> Object of class stdClass could not be converted to string
#0 [internal function]: CodeIgniter\Debug\Exceptions->errorHandler(4096, 'Object of class...', '/home/fbeslife/...', 318, Array)
#1 /home/fbeslife/fmenu.fbeslife.com/system/Database/Query.php(318): strtr('UPDATE `desk` S...', Array)
#2 /home/fbeslife/fmenu.fbeslife.com/system/Database/Query.php(293): CodeIgniter\Database\Query->matchNamedBinds('UPDATE `desk` S...', Array)
#3 /home/fbeslife/fmenu.fbeslife.com/system/Database/Query.php(150): CodeIgniter\Database\Query->compileBinds()
#4 /home/fbeslife/fmenu.fbeslife.com/system/Database/BaseConnection.php(598): CodeIgniter\Database\Query->getQuery()
#5 /home/fbeslife/fmenu.fbeslife.com/system/Database/BaseBuilder.php(1913): CodeIgniter\Database\BaseConnection->query('UPDATE `desk` S...', Array, false)
#6 /home/fbeslife/fmenu.fbeslife.com/app/Models/Admin/ADeskModel.php(33): CodeIgniter\Database\BaseBuilder->update(Array)
#7 /home/fbeslife/fmenu.fbeslife.com/app/Controllers/Fpanel/Desk.php(233): App\Models\Admin\ADeskModel->updDesk('6', Array)
#8 /home/fbeslife/fmenu.fbeslife.com/system/CodeIgniter.php(832): App\Controllers\Fpanel\Desk->update_result_name()
#9 /home/fbeslife/fmenu.fbeslife.com/system/CodeIgniter.php(419): CodeIgniter\CodeIgniter->runController(Object(App\Controllers\Fpanel\Desk))
#10 /home/fbeslife/fmenu.fbeslife.com/system/CodeIgniter.php(326): CodeIgniter\CodeIgniter->handleRequest(NULL, Object(Config\Cache), false)
#11 /home/fbeslife/fmenu.fbeslife.com/index.php(37): CodeIgniter\CodeIgniter->run()
#12 {main}
CRITICAL - 2022-07-22 15:00:44 --> Object of class stdClass could not be converted to string
#0 [internal function]: CodeIgniter\Debug\Exceptions->errorHandler(4096, 'Object of class...', '/home/fbeslife/...', 318, Array)
#1 /home/fbeslife/fmenu.fbeslife.com/system/Database/Query.php(318): strtr('UPDATE `desk` S...', Array)
#2 /home/fbeslife/fmenu.fbeslife.com/system/Database/Query.php(293): CodeIgniter\Database\Query->matchNamedBinds('UPDATE `desk` S...', Array)
#3 /home/fbeslife/fmenu.fbeslife.com/system/Database/Query.php(150): CodeIgniter\Database\Query->compileBinds()
#4 /home/fbeslife/fmenu.fbeslife.com/system/Database/BaseConnection.php(598): CodeIgniter\Database\Query->getQuery()
#5 /home/fbeslife/fmenu.fbeslife.com/system/Database/BaseBuilder.php(1913): CodeIgniter\Database\BaseConnection->query('UPDATE `desk` S...', Array, false)
#6 /home/fbeslife/fmenu.fbeslife.com/app/Models/Admin/ADeskModel.php(33): CodeIgniter\Database\BaseBuilder->update(Array)
#7 /home/fbeslife/fmenu.fbeslife.com/app/Controllers/Fpanel/Desk.php(233): App\Models\Admin\ADeskModel->updDesk('7', Array)
#8 /home/fbeslife/fmenu.fbeslife.com/system/CodeIgniter.php(832): App\Controllers\Fpanel\Desk->update_result_name()
#9 /home/fbeslife/fmenu.fbeslife.com/system/CodeIgniter.php(419): CodeIgniter\CodeIgniter->runController(Object(App\Controllers\Fpanel\Desk))
#10 /home/fbeslife/fmenu.fbeslife.com/system/CodeIgniter.php(326): CodeIgniter\CodeIgniter->handleRequest(NULL, Object(Config\Cache), false)
#11 /home/fbeslife/fmenu.fbeslife.com/index.php(37): CodeIgniter\CodeIgniter->run()
#12 {main}
CRITICAL - 2022-07-22 15:00:44 --> Object of class stdClass could not be converted to string
#0 [internal function]: CodeIgniter\Debug\Exceptions->errorHandler(4096, 'Object of class...', '/home/fbeslife/...', 318, Array)
#1 /home/fbeslife/fmenu.fbeslife.com/system/Database/Query.php(318): strtr('UPDATE `desk` S...', Array)
#2 /home/fbeslife/fmenu.fbeslife.com/system/Database/Query.php(293): CodeIgniter\Database\Query->matchNamedBinds('UPDATE `desk` S...', Array)
#3 /home/fbeslife/fmenu.fbeslife.com/system/Database/Query.php(150): CodeIgniter\Database\Query->compileBinds()
#4 /home/fbeslife/fmenu.fbeslife.com/system/Database/BaseConnection.php(598): CodeIgniter\Database\Query->getQuery()
#5 /home/fbeslife/fmenu.fbeslife.com/system/Database/BaseBuilder.php(1913): CodeIgniter\Database\BaseConnection->query('UPDATE `desk` S...', Array, false)
#6 /home/fbeslife/fmenu.fbeslife.com/app/Models/Admin/ADeskModel.php(33): CodeIgniter\Database\BaseBuilder->update(Array)
#7 /home/fbeslife/fmenu.fbeslife.com/app/Controllers/Fpanel/Desk.php(233): App\Models\Admin\ADeskModel->updDesk('8', Array)
#8 /home/fbeslife/fmenu.fbeslife.com/system/CodeIgniter.php(832): App\Controllers\Fpanel\Desk->update_result_name()
#9 /home/fbeslife/fmenu.fbeslife.com/system/CodeIgniter.php(419): CodeIgniter\CodeIgniter->runController(Object(App\Controllers\Fpanel\Desk))
#10 /home/fbeslife/fmenu.fbeslife.com/system/CodeIgniter.php(326): CodeIgniter\CodeIgniter->handleRequest(NULL, Object(Config\Cache), false)
#11 /home/fbeslife/fmenu.fbeslife.com/index.php(37): CodeIgniter\CodeIgniter->run()
#12 {main}
