CRITICAL - 2022-10-25 19:19:03 --> array_walk(): Argument #1 ($array) must be of type array, string given
#0 C:\xampp\htdocs\weProject\DemoFmenu\app\Controllers\Fpanel\Category.php(369): array_walk('211', 'SecurityFilter')
#1 [internal function]: App\Controllers\Fpanel\Category->App\Controllers\Fpanel\{closure}('211', 211)
#2 C:\xampp\htdocs\weProject\DemoFmenu\app\Controllers\Fpanel\Category.php(370): array_walk(Array, Object(Closure))
#3 C:\xampp\htdocs\weProject\DemoFmenu\system\CodeIgniter.php(832): App\Controllers\Fpanel\Category->categoryIndexChange()
#4 C:\xampp\htdocs\weProject\DemoFmenu\system\CodeIgniter.php(419): CodeIgniter\CodeIgniter->runController(Object(App\Controllers\Fpanel\Category))
#5 C:\xampp\htdocs\weProject\DemoFmenu\system\CodeIgniter.php(326): CodeIgniter\CodeIgniter->handleRequest(NULL, Object(Config\Cache), false)
#6 C:\xampp\htdocs\weProject\DemoFmenu\index.php(37): CodeIgniter\CodeIgniter->run()
#7 {main}
CRITICAL - 2022-10-25 19:19:13 --> array_walk(): Argument #1 ($array) must be of type array, string given
#0 C:\xampp\htdocs\weProject\DemoFmenu\app\Controllers\Fpanel\Category.php(369): array_walk('211', 'SecurityFilter')
#1 [internal function]: App\Controllers\Fpanel\Category->App\Controllers\Fpanel\{closure}('211', 211)
#2 C:\xampp\htdocs\weProject\DemoFmenu\app\Controllers\Fpanel\Category.php(370): array_walk(Array, Object(Closure))
#3 C:\xampp\htdocs\weProject\DemoFmenu\system\CodeIgniter.php(832): App\Controllers\Fpanel\Category->categoryIndexChange()
#4 C:\xampp\htdocs\weProject\DemoFmenu\system\CodeIgniter.php(419): CodeIgniter\CodeIgniter->runController(Object(App\Controllers\Fpanel\Category))
#5 C:\xampp\htdocs\weProject\DemoFmenu\system\CodeIgniter.php(326): CodeIgniter\CodeIgniter->handleRequest(NULL, Object(Config\Cache), false)
#6 C:\xampp\htdocs\weProject\DemoFmenu\index.php(37): CodeIgniter\CodeIgniter->run()
#7 {main}
CRITICAL - 2022-10-25 19:21:26 --> Array to string conversion
#0 C:\xampp\htdocs\weProject\DemoFmenu\app\Controllers\Fpanel\Category.php(375): CodeIgniter\Debug\Exceptions->errorHandler(2, 'Array to string...', 'C:\\xampp\\htdocs...', 375)
#1 C:\xampp\htdocs\weProject\DemoFmenu\system\CodeIgniter.php(832): App\Controllers\Fpanel\Category->categoryIndexChange()
#2 C:\xampp\htdocs\weProject\DemoFmenu\system\CodeIgniter.php(419): CodeIgniter\CodeIgniter->runController(Object(App\Controllers\Fpanel\Category))
#3 C:\xampp\htdocs\weProject\DemoFmenu\system\CodeIgniter.php(326): CodeIgniter\CodeIgniter->handleRequest(NULL, Object(Config\Cache), false)
#4 C:\xampp\htdocs\weProject\DemoFmenu\index.php(37): CodeIgniter\CodeIgniter->run()
#5 {main}
CRITICAL - 2022-10-25 20:08:09 --> Undefined array key 3000
#0 C:\xampp\htdocs\weProject\DemoFmenu\app\Controllers\Fpanel\Category.php(376): CodeIgniter\Debug\Exceptions->errorHandler(2, 'Undefined array...', 'C:\\xampp\\htdocs...', 376)
#1 C:\xampp\htdocs\weProject\DemoFmenu\system\CodeIgniter.php(832): App\Controllers\Fpanel\Category->categoryIndexChange()
#2 C:\xampp\htdocs\weProject\DemoFmenu\system\CodeIgniter.php(419): CodeIgniter\CodeIgniter->runController(Object(App\Controllers\Fpanel\Category))
#3 C:\xampp\htdocs\weProject\DemoFmenu\system\CodeIgniter.php(326): CodeIgniter\CodeIgniter->handleRequest(NULL, Object(Config\Cache), false)
#4 C:\xampp\htdocs\weProject\DemoFmenu\index.php(37): CodeIgniter\CodeIgniter->run()
#5 {main}
CRITICAL - 2022-10-25 20:08:19 --> Undefined array key 3000
#0 C:\xampp\htdocs\weProject\DemoFmenu\app\Controllers\Fpanel\Category.php(376): CodeIgniter\Debug\Exceptions->errorHandler(2, 'Undefined array...', 'C:\\xampp\\htdocs...', 376)
#1 C:\xampp\htdocs\weProject\DemoFmenu\system\CodeIgniter.php(832): App\Controllers\Fpanel\Category->categoryIndexChange()
#2 C:\xampp\htdocs\weProject\DemoFmenu\system\CodeIgniter.php(419): CodeIgniter\CodeIgniter->runController(Object(App\Controllers\Fpanel\Category))
#3 C:\xampp\htdocs\weProject\DemoFmenu\system\CodeIgniter.php(326): CodeIgniter\CodeIgniter->handleRequest(NULL, Object(Config\Cache), false)
#4 C:\xampp\htdocs\weProject\DemoFmenu\index.php(37): CodeIgniter\CodeIgniter->run()
#5 {main}
CRITICAL - 2022-10-25 20:08:52 --> Undefined array key 300
#0 C:\xampp\htdocs\weProject\DemoFmenu\app\Controllers\Fpanel\Category.php(376): CodeIgniter\Debug\Exceptions->errorHandler(2, 'Undefined array...', 'C:\\xampp\\htdocs...', 376)
#1 C:\xampp\htdocs\weProject\DemoFmenu\system\CodeIgniter.php(832): App\Controllers\Fpanel\Category->categoryIndexChange()
#2 C:\xampp\htdocs\weProject\DemoFmenu\system\CodeIgniter.php(419): CodeIgniter\CodeIgniter->runController(Object(App\Controllers\Fpanel\Category))
#3 C:\xampp\htdocs\weProject\DemoFmenu\system\CodeIgniter.php(326): CodeIgniter\CodeIgniter->handleRequest(NULL, Object(Config\Cache), false)
#4 C:\xampp\htdocs\weProject\DemoFmenu\index.php(37): CodeIgniter\CodeIgniter->run()
#5 {main}
CRITICAL - 2022-10-25 23:18:42 --> Unsupported operand types: string + string
#0 C:\xampp\htdocs\weProject\DemoFmenu\app\Views\Fpanel\category.php(192): MenuYaz(0)
#1 C:\xampp\htdocs\weProject\DemoFmenu\system\View\View.php(210): include('C:\\xampp\\htdocs...')
#2 C:\xampp\htdocs\weProject\DemoFmenu\system\View\View.php(213): CodeIgniter\View\View->CodeIgniter\View\{closure}()
#3 C:\xampp\htdocs\weProject\DemoFmenu\system\Common.php(1089): CodeIgniter\View\View->render('Fpanel/category', Array, true)
#4 C:\xampp\htdocs\weProject\DemoFmenu\app\Controllers\Fpanel\Category.php(69): view('Fpanel/category', Array)
#5 C:\xampp\htdocs\weProject\DemoFmenu\system\CodeIgniter.php(832): App\Controllers\Fpanel\Category->index()
#6 C:\xampp\htdocs\weProject\DemoFmenu\system\CodeIgniter.php(419): CodeIgniter\CodeIgniter->runController(Object(App\Controllers\Fpanel\Category))
#7 C:\xampp\htdocs\weProject\DemoFmenu\system\CodeIgniter.php(326): CodeIgniter\CodeIgniter->handleRequest(NULL, Object(Config\Cache), false)
#8 C:\xampp\htdocs\weProject\DemoFmenu\index.php(37): CodeIgniter\CodeIgniter->run()
#9 {main}
CRITICAL - 2022-10-25 23:21:40 --> CodeIgniter\Database\BaseBuilder::update(): Argument #1 ($set) must be of type ?array, string given, called in C:\xampp\htdocs\weProject\DemoFmenu\app\Models\Admin\ACategoryModel.php on line 35
#0 C:\xampp\htdocs\weProject\DemoFmenu\app\Models\Admin\ACategoryModel.php(35): CodeIgniter\Database\BaseBuilder->update('1')
#1 C:\xampp\htdocs\weProject\DemoFmenu\app\Controllers\Fpanel\Category.php(470): App\Models\Admin\ACategoryModel->updCategoryImg('156', '1', 'Salatalar', 'OurPackages/sal...', '54c81502aaaba9f...', '1')
#2 C:\xampp\htdocs\weProject\DemoFmenu\app\Controllers\Fpanel\Category.php(453): App\Controllers\Fpanel\Category->menuIndexUpdate(Array, '156', 141)
#3 C:\xampp\htdocs\weProject\DemoFmenu\system\CodeIgniter.php(832): App\Controllers\Fpanel\Category->menuIndexChange()
#4 C:\xampp\htdocs\weProject\DemoFmenu\system\CodeIgniter.php(419): CodeIgniter\CodeIgniter->runController(Object(App\Controllers\Fpanel\Category))
#5 C:\xampp\htdocs\weProject\DemoFmenu\system\CodeIgniter.php(326): CodeIgniter\CodeIgniter->handleRequest(NULL, Object(Config\Cache), false)
#6 C:\xampp\htdocs\weProject\DemoFmenu\index.php(37): CodeIgniter\CodeIgniter->run()
#7 {main}
CRITICAL - 2022-10-25 23:21:53 --> CodeIgniter\Database\BaseBuilder::update(): Argument #1 ($set) must be of type ?array, string given, called in C:\xampp\htdocs\weProject\DemoFmenu\app\Models\Admin\ACategoryModel.php on line 35
#0 C:\xampp\htdocs\weProject\DemoFmenu\app\Models\Admin\ACategoryModel.php(35): CodeIgniter\Database\BaseBuilder->update('1')
#1 C:\xampp\htdocs\weProject\DemoFmenu\app\Controllers\Fpanel\Category.php(470): App\Models\Admin\ACategoryModel->updCategoryImg('156', '1', 'Salatalar', 'OurPackages/sal...', '54c81502aaaba9f...', '1')
#2 C:\xampp\htdocs\weProject\DemoFmenu\app\Controllers\Fpanel\Category.php(453): App\Controllers\Fpanel\Category->menuIndexUpdate(Array, '156', 141)
#3 C:\xampp\htdocs\weProject\DemoFmenu\system\CodeIgniter.php(832): App\Controllers\Fpanel\Category->menuIndexChange()
#4 C:\xampp\htdocs\weProject\DemoFmenu\system\CodeIgniter.php(419): CodeIgniter\CodeIgniter->runController(Object(App\Controllers\Fpanel\Category))
#5 C:\xampp\htdocs\weProject\DemoFmenu\system\CodeIgniter.php(326): CodeIgniter\CodeIgniter->handleRequest(NULL, Object(Config\Cache), false)
#6 C:\xampp\htdocs\weProject\DemoFmenu\index.php(37): CodeIgniter\CodeIgniter->run()
#7 {main}
ERROR - 2022-10-25 23:23:11 --> Unknown column 'AltID' in 'field list'
ERROR - 2022-10-25 23:23:11 --> Unknown column 'AltID' in 'field list'
ERROR - 2022-10-25 23:23:29 --> Unknown column 'AltID' in 'field list'
ERROR - 2022-10-25 23:23:29 --> Unknown column 'AltID' in 'field list'
ERROR - 2022-10-25 23:23:29 --> Unknown column 'AltID' in 'field list'
ERROR - 2022-10-25 23:23:41 --> Unknown column 'AltID' in 'field list'
ERROR - 2022-10-25 23:23:41 --> Unknown column 'AltID' in 'field list'
CRITICAL - 2022-10-25 16:00:42 --> Undefined constant "App\Controllers\hi"
#0 C:\xampp\htdocs\weProject\DemoFmenu\system\CodeIgniter.php(832): App\Controllers\Home->index()
#1 C:\xampp\htdocs\weProject\DemoFmenu\system\CodeIgniter.php(419): CodeIgniter\CodeIgniter->runController(Object(App\Controllers\Home))
#2 C:\xampp\htdocs\weProject\DemoFmenu\system\CodeIgniter.php(326): CodeIgniter\CodeIgniter->handleRequest(NULL, Object(Config\Cache), false)
#3 C:\xampp\htdocs\weProject\DemoFmenu\index.php(37): CodeIgniter\CodeIgniter->run()
#4 {main}
CRITICAL - 2022-10-25 16:05:14 --> Unsupported operand types: string + string
#0 C:\xampp\htdocs\weProject\DemoFmenu\app\Controllers\Home.php(56): getJsonFCurlPlusCookie('SoftPHP/getCart', 'cb5e7a277036ddc...', '82a399d5166e22c...')
#1 C:\xampp\htdocs\weProject\DemoFmenu\system\CodeIgniter.php(832): App\Controllers\Home->index()
#2 C:\xampp\htdocs\weProject\DemoFmenu\system\CodeIgniter.php(419): CodeIgniter\CodeIgniter->runController(Object(App\Controllers\Home))
#3 C:\xampp\htdocs\weProject\DemoFmenu\system\CodeIgniter.php(326): CodeIgniter\CodeIgniter->handleRequest(NULL, Object(Config\Cache), false)
#4 C:\xampp\htdocs\weProject\DemoFmenu\index.php(37): CodeIgniter\CodeIgniter->run()
#5 {main}
CRITICAL - 2022-10-25 16:16:52 --> Undefined property: stdClass::$sumPrice
#0 C:\xampp\htdocs\weProject\DemoFmenu\app\Views\includes\bottomBar.php(8): CodeIgniter\Debug\Exceptions->errorHandler(2, 'Undefined prope...', 'C:\\xampp\\htdocs...', 8)
#1 C:\xampp\htdocs\weProject\DemoFmenu\app\Views\ourPackages.php(96): include('C:\\xampp\\htdocs...')
#2 C:\xampp\htdocs\weProject\DemoFmenu\system\View\View.php(210): include('C:\\xampp\\htdocs...')
#3 C:\xampp\htdocs\weProject\DemoFmenu\system\View\View.php(213): CodeIgniter\View\View->CodeIgniter\View\{closure}()
#4 C:\xampp\htdocs\weProject\DemoFmenu\system\Common.php(1089): CodeIgniter\View\View->render('ourPackages', Array, true)
#5 C:\xampp\htdocs\weProject\DemoFmenu\app\Controllers\OurPackages.php(60): view('ourPackages', Array)
#6 C:\xampp\htdocs\weProject\DemoFmenu\system\CodeIgniter.php(832): App\Controllers\OurPackages->index()
#7 C:\xampp\htdocs\weProject\DemoFmenu\system\CodeIgniter.php(419): CodeIgniter\CodeIgniter->runController(Object(App\Controllers\OurPackages))
#8 C:\xampp\htdocs\weProject\DemoFmenu\system\CodeIgniter.php(326): CodeIgniter\CodeIgniter->handleRequest(NULL, Object(Config\Cache), false)
#9 C:\xampp\htdocs\weProject\DemoFmenu\index.php(37): CodeIgniter\CodeIgniter->run()
#10 {main}
CRITICAL - 2022-10-25 16:17:27 --> Undefined property: stdClass::$sumPrice
#0 C:\xampp\htdocs\weProject\DemoFmenu\app\Views\includes\bottomBar.php(8): CodeIgniter\Debug\Exceptions->errorHandler(2, 'Undefined prope...', 'C:\\xampp\\htdocs...', 8)
#1 C:\xampp\htdocs\weProject\DemoFmenu\app\Views\ourPackages.php(96): include('C:\\xampp\\htdocs...')
#2 C:\xampp\htdocs\weProject\DemoFmenu\system\View\View.php(210): include('C:\\xampp\\htdocs...')
#3 C:\xampp\htdocs\weProject\DemoFmenu\system\View\View.php(213): CodeIgniter\View\View->CodeIgniter\View\{closure}()
#4 C:\xampp\htdocs\weProject\DemoFmenu\system\Common.php(1089): CodeIgniter\View\View->render('ourPackages', Array, true)
#5 C:\xampp\htdocs\weProject\DemoFmenu\app\Controllers\Home.php(57): view('ourPackages', Array)
#6 C:\xampp\htdocs\weProject\DemoFmenu\system\CodeIgniter.php(832): App\Controllers\Home->index()
#7 C:\xampp\htdocs\weProject\DemoFmenu\system\CodeIgniter.php(419): CodeIgniter\CodeIgniter->runController(Object(App\Controllers\Home))
#8 C:\xampp\htdocs\weProject\DemoFmenu\system\CodeIgniter.php(326): CodeIgniter\CodeIgniter->handleRequest(NULL, Object(Config\Cache), false)
#9 C:\xampp\htdocs\weProject\DemoFmenu\index.php(37): CodeIgniter\CodeIgniter->run()
#10 {main}
