CRITICAL - 2022-07-03 09:36:00 --> include(includes/pluginContact.php): Failed to open stream: No such file or directory
#0 C:\xampp\htdocs\weProject\menum\app\Views\contact.php(65): CodeIgniter\Debug\Exceptions->errorHandler(2, 'include(include...', 'C:\\xampp\\htdocs...', 65)
#1 C:\xampp\htdocs\weProject\menum\app\Views\contact.php(65): include()
#2 C:\xampp\htdocs\weProject\menum\system\View\View.php(210): include('C:\\xampp\\htdocs...')
#3 C:\xampp\htdocs\weProject\menum\system\View\View.php(213): CodeIgniter\View\View->CodeIgniter\View\{closure}()
#4 C:\xampp\htdocs\weProject\menum\system\Common.php(1089): CodeIgniter\View\View->render('contact', Array, true)
#5 C:\xampp\htdocs\weProject\menum\app\Controllers\Contact.php(43): view('contact', Array)
#6 C:\xampp\htdocs\weProject\menum\system\CodeIgniter.php(832): App\Controllers\Contact->index()
#7 C:\xampp\htdocs\weProject\menum\system\CodeIgniter.php(419): CodeIgniter\CodeIgniter->runController(Object(App\Controllers\Contact))
#8 C:\xampp\htdocs\weProject\menum\system\CodeIgniter.php(326): CodeIgniter\CodeIgniter->handleRequest(NULL, Object(Config\Cache), false)
#9 C:\xampp\htdocs\weProject\menum\index.php(37): CodeIgniter\CodeIgniter->run()
#10 {main}
CRITICAL - 2022-07-03 09:36:27 --> You must set the database table to be used with your query.
#0 C:\xampp\htdocs\weProject\menum\system\Model.php(545): CodeIgniter\Database\BaseConnection->table(NULL)
#1 C:\xampp\htdocs\weProject\menum\system\Model.php(722): CodeIgniter\Model->builder()
#2 C:\xampp\htdocs\weProject\menum\app\Controllers\Contact.php(74): CodeIgniter\Model->__call('setContact', Array)
#3 C:\xampp\htdocs\weProject\menum\system\CodeIgniter.php(832): App\Controllers\Contact->sendMail()
#4 C:\xampp\htdocs\weProject\menum\system\CodeIgniter.php(419): CodeIgniter\CodeIgniter->runController(Object(App\Controllers\Contact))
#5 C:\xampp\htdocs\weProject\menum\system\CodeIgniter.php(326): CodeIgniter\CodeIgniter->handleRequest(NULL, Object(Config\Cache), false)
#6 C:\xampp\htdocs\weProject\menum\index.php(37): CodeIgniter\CodeIgniter->run()
#7 {main}
CRITICAL - 2022-07-03 09:39:40 --> You must set the database table to be used with your query.
#0 C:\xampp\htdocs\weProject\menum\system\Model.php(545): CodeIgniter\Database\BaseConnection->table(NULL)
#1 C:\xampp\htdocs\weProject\menum\system\Model.php(722): CodeIgniter\Model->builder()
#2 C:\xampp\htdocs\weProject\menum\app\Controllers\Contact.php(74): CodeIgniter\Model->__call('setContact', Array)
#3 C:\xampp\htdocs\weProject\menum\system\CodeIgniter.php(832): App\Controllers\Contact->sendMail()
#4 C:\xampp\htdocs\weProject\menum\system\CodeIgniter.php(419): CodeIgniter\CodeIgniter->runController(Object(App\Controllers\Contact))
#5 C:\xampp\htdocs\weProject\menum\system\CodeIgniter.php(326): CodeIgniter\CodeIgniter->handleRequest(NULL, Object(Config\Cache), false)
#6 C:\xampp\htdocs\weProject\menum\index.php(37): CodeIgniter\CodeIgniter->run()
#7 {main}
CRITICAL - 2022-07-03 09:39:52 --> You must set the database table to be used with your query.
#0 C:\xampp\htdocs\weProject\menum\system\Model.php(545): CodeIgniter\Database\BaseConnection->table(NULL)
#1 C:\xampp\htdocs\weProject\menum\system\Model.php(722): CodeIgniter\Model->builder()
#2 C:\xampp\htdocs\weProject\menum\app\Controllers\Contact.php(74): CodeIgniter\Model->__call('setContact', Array)
#3 C:\xampp\htdocs\weProject\menum\system\CodeIgniter.php(832): App\Controllers\Contact->sendMail()
#4 C:\xampp\htdocs\weProject\menum\system\CodeIgniter.php(419): CodeIgniter\CodeIgniter->runController(Object(App\Controllers\Contact))
#5 C:\xampp\htdocs\weProject\menum\system\CodeIgniter.php(326): CodeIgniter\CodeIgniter->handleRequest(NULL, Object(Config\Cache), false)
#6 C:\xampp\htdocs\weProject\menum\index.php(37): CodeIgniter\CodeIgniter->run()
#7 {main}
