CRITICAL - 2022-11-06 03:39:31 --> Undefined property: stdClass::$siteLogo
#0 C:\xampp\htdocs\weProject\DemoFmenu\app\Views\includes\header.php(17): CodeIgniter\Debug\Exceptions->errorHandler(2, 'Undefined prope...', 'C:\\xampp\\htdocs...', 17)
#1 C:\xampp\htdocs\weProject\DemoFmenu\app\Views\ourPackages.php(6): include('C:\\xampp\\htdocs...')
#2 C:\xampp\htdocs\weProject\DemoFmenu\system\View\View.php(210): include('C:\\xampp\\htdocs...')
#3 C:\xampp\htdocs\weProject\DemoFmenu\system\View\View.php(213): CodeIgniter\View\View->CodeIgniter\View\{closure}()
#4 C:\xampp\htdocs\weProject\DemoFmenu\system\Common.php(1089): CodeIgniter\View\View->render('ourPackages', Array, true)
#5 C:\xampp\htdocs\weProject\DemoFmenu\app\Controllers\OurPackages.php(60): view('ourPackages', Array)
#6 C:\xampp\htdocs\weProject\DemoFmenu\system\CodeIgniter.php(832): App\Controllers\OurPackages->index()
#7 C:\xampp\htdocs\weProject\DemoFmenu\system\CodeIgniter.php(419): CodeIgniter\CodeIgniter->runController(Object(App\Controllers\OurPackages))
#8 C:\xampp\htdocs\weProject\DemoFmenu\system\CodeIgniter.php(326): CodeIgniter\CodeIgniter->handleRequest(NULL, Object(Config\Cache), false)
#9 C:\xampp\htdocs\weProject\DemoFmenu\index.php(37): CodeIgniter\CodeIgniter->run()
#10 {main}
CRITICAL - 2022-11-06 04:32:05 --> Undefined variable $siteFaviconLogo
#0 C:\xampp\htdocs\weProject\DemoFmenu\app\Views\includes\pluginLoader.php(3): CodeIgniter\Debug\Exceptions->errorHandler(2, 'Undefined varia...', 'C:\\xampp\\htdocs...', 3)
#1 C:\xampp\htdocs\weProject\DemoFmenu\app\Views\ourPackages.php(18): include('C:\\xampp\\htdocs...')
#2 C:\xampp\htdocs\weProject\DemoFmenu\system\View\View.php(210): include('C:\\xampp\\htdocs...')
#3 C:\xampp\htdocs\weProject\DemoFmenu\system\View\View.php(213): CodeIgniter\View\View->CodeIgniter\View\{closure}()
#4 C:\xampp\htdocs\weProject\DemoFmenu\system\Common.php(1089): CodeIgniter\View\View->render('ourPackages', Array, true)
#5 C:\xampp\htdocs\weProject\DemoFmenu\app\Controllers\OurPackages.php(60): view('ourPackages', Array)
#6 C:\xampp\htdocs\weProject\DemoFmenu\system\CodeIgniter.php(832): App\Controllers\OurPackages->index()
#7 C:\xampp\htdocs\weProject\DemoFmenu\system\CodeIgniter.php(419): CodeIgniter\CodeIgniter->runController(Object(App\Controllers\OurPackages))
#8 C:\xampp\htdocs\weProject\DemoFmenu\system\CodeIgniter.php(326): CodeIgniter\CodeIgniter->handleRequest(NULL, Object(Config\Cache), false)
#9 C:\xampp\htdocs\weProject\DemoFmenu\index.php(37): CodeIgniter\CodeIgniter->run()
#10 {main}
CRITICAL - 2022-11-06 15:30:49 --> Attempt to read property "id" on string
#0 C:\xampp\htdocs\weProject\DemoFmenu\app\Controllers\Fpanel\Desk.php(336): CodeIgniter\Debug\Exceptions->errorHandler(2, 'Attempt to read...', 'C:\\xampp\\htdocs...', 336)
#1 C:\xampp\htdocs\weProject\DemoFmenu\app\Controllers\Fpanel\Desk.php(207): App\Controllers\Fpanel\Desk->delete_all_function()
#2 C:\xampp\htdocs\weProject\DemoFmenu\system\CodeIgniter.php(832): App\Controllers\Fpanel\Desk->allOverAdd_result()
#3 C:\xampp\htdocs\weProject\DemoFmenu\system\CodeIgniter.php(419): CodeIgniter\CodeIgniter->runController(Object(App\Controllers\Fpanel\Desk))
#4 C:\xampp\htdocs\weProject\DemoFmenu\system\CodeIgniter.php(326): CodeIgniter\CodeIgniter->handleRequest(NULL, Object(Config\Cache), false)
#5 C:\xampp\htdocs\weProject\DemoFmenu\index.php(37): CodeIgniter\CodeIgniter->run()
#6 {main}
CRITICAL - 2022-11-06 15:47:11 --> Attempt to read property "rankID" on null
#0 C:\xampp\htdocs\weProject\DemoFmenu\app\Controllers\Fpanel\Desk.php(82): CodeIgniter\Debug\Exceptions->errorHandler(2, 'Attempt to read...', 'C:\\xampp\\htdocs...', 82)
#1 C:\xampp\htdocs\weProject\DemoFmenu\system\CodeIgniter.php(832): App\Controllers\Fpanel\Desk->index('Okey')
#2 C:\xampp\htdocs\weProject\DemoFmenu\system\CodeIgniter.php(419): CodeIgniter\CodeIgniter->runController(Object(App\Controllers\Fpanel\Desk))
#3 C:\xampp\htdocs\weProject\DemoFmenu\system\CodeIgniter.php(326): CodeIgniter\CodeIgniter->handleRequest(NULL, Object(Config\Cache), false)
#4 C:\xampp\htdocs\weProject\DemoFmenu\index.php(37): CodeIgniter\CodeIgniter->run()
#5 {main}
CRITICAL - 2022-11-06 15:47:44 --> Attempt to read property "rankID" on null
#0 C:\xampp\htdocs\weProject\DemoFmenu\app\Controllers\Fpanel\Desk.php(82): CodeIgniter\Debug\Exceptions->errorHandler(2, 'Attempt to read...', 'C:\\xampp\\htdocs...', 82)
#1 C:\xampp\htdocs\weProject\DemoFmenu\system\CodeIgniter.php(832): App\Controllers\Fpanel\Desk->index('Okey')
#2 C:\xampp\htdocs\weProject\DemoFmenu\system\CodeIgniter.php(419): CodeIgniter\CodeIgniter->runController(Object(App\Controllers\Fpanel\Desk))
#3 C:\xampp\htdocs\weProject\DemoFmenu\system\CodeIgniter.php(326): CodeIgniter\CodeIgniter->handleRequest(NULL, Object(Config\Cache), false)
#4 C:\xampp\htdocs\weProject\DemoFmenu\index.php(37): CodeIgniter\CodeIgniter->run()
#5 {main}
CRITICAL - 2022-11-06 15:47:44 --> Attempt to read property "rankID" on null
#0 C:\xampp\htdocs\weProject\DemoFmenu\app\Controllers\Fpanel\Desk.php(82): CodeIgniter\Debug\Exceptions->errorHandler(2, 'Attempt to read...', 'C:\\xampp\\htdocs...', 82)
#1 C:\xampp\htdocs\weProject\DemoFmenu\system\CodeIgniter.php(832): App\Controllers\Fpanel\Desk->index('Okey')
#2 C:\xampp\htdocs\weProject\DemoFmenu\system\CodeIgniter.php(419): CodeIgniter\CodeIgniter->runController(Object(App\Controllers\Fpanel\Desk))
#3 C:\xampp\htdocs\weProject\DemoFmenu\system\CodeIgniter.php(326): CodeIgniter\CodeIgniter->handleRequest(NULL, Object(Config\Cache), false)
#4 C:\xampp\htdocs\weProject\DemoFmenu\index.php(37): CodeIgniter\CodeIgniter->run()
#5 {main}
CRITICAL - 2022-11-06 15:47:44 --> Attempt to read property "rankID" on null
#0 C:\xampp\htdocs\weProject\DemoFmenu\app\Controllers\Fpanel\Desk.php(82): CodeIgniter\Debug\Exceptions->errorHandler(2, 'Attempt to read...', 'C:\\xampp\\htdocs...', 82)
#1 C:\xampp\htdocs\weProject\DemoFmenu\system\CodeIgniter.php(832): App\Controllers\Fpanel\Desk->index('Okey')
#2 C:\xampp\htdocs\weProject\DemoFmenu\system\CodeIgniter.php(419): CodeIgniter\CodeIgniter->runController(Object(App\Controllers\Fpanel\Desk))
#3 C:\xampp\htdocs\weProject\DemoFmenu\system\CodeIgniter.php(326): CodeIgniter\CodeIgniter->handleRequest(NULL, Object(Config\Cache), false)
#4 C:\xampp\htdocs\weProject\DemoFmenu\index.php(37): CodeIgniter\CodeIgniter->run()
#5 {main}
CRITICAL - 2022-11-06 15:47:44 --> Attempt to read property "rankID" on null
#0 C:\xampp\htdocs\weProject\DemoFmenu\app\Controllers\Fpanel\Desk.php(82): CodeIgniter\Debug\Exceptions->errorHandler(2, 'Attempt to read...', 'C:\\xampp\\htdocs...', 82)
#1 C:\xampp\htdocs\weProject\DemoFmenu\system\CodeIgniter.php(832): App\Controllers\Fpanel\Desk->index('Okey')
#2 C:\xampp\htdocs\weProject\DemoFmenu\system\CodeIgniter.php(419): CodeIgniter\CodeIgniter->runController(Object(App\Controllers\Fpanel\Desk))
#3 C:\xampp\htdocs\weProject\DemoFmenu\system\CodeIgniter.php(326): CodeIgniter\CodeIgniter->handleRequest(NULL, Object(Config\Cache), false)
#4 C:\xampp\htdocs\weProject\DemoFmenu\index.php(37): CodeIgniter\CodeIgniter->run()
#5 {main}
CRITICAL - 2022-11-06 15:47:44 --> Attempt to read property "rankID" on null
#0 C:\xampp\htdocs\weProject\DemoFmenu\app\Controllers\Fpanel\Desk.php(82): CodeIgniter\Debug\Exceptions->errorHandler(2, 'Attempt to read...', 'C:\\xampp\\htdocs...', 82)
#1 C:\xampp\htdocs\weProject\DemoFmenu\system\CodeIgniter.php(832): App\Controllers\Fpanel\Desk->index('Okey')
#2 C:\xampp\htdocs\weProject\DemoFmenu\system\CodeIgniter.php(419): CodeIgniter\CodeIgniter->runController(Object(App\Controllers\Fpanel\Desk))
#3 C:\xampp\htdocs\weProject\DemoFmenu\system\CodeIgniter.php(326): CodeIgniter\CodeIgniter->handleRequest(NULL, Object(Config\Cache), false)
#4 C:\xampp\htdocs\weProject\DemoFmenu\index.php(37): CodeIgniter\CodeIgniter->run()
#5 {main}
CRITICAL - 2022-11-06 15:47:44 --> Attempt to read property "rankID" on null
#0 C:\xampp\htdocs\weProject\DemoFmenu\app\Controllers\Fpanel\Desk.php(82): CodeIgniter\Debug\Exceptions->errorHandler(2, 'Attempt to read...', 'C:\\xampp\\htdocs...', 82)
#1 C:\xampp\htdocs\weProject\DemoFmenu\system\CodeIgniter.php(832): App\Controllers\Fpanel\Desk->index('Okey')
#2 C:\xampp\htdocs\weProject\DemoFmenu\system\CodeIgniter.php(419): CodeIgniter\CodeIgniter->runController(Object(App\Controllers\Fpanel\Desk))
#3 C:\xampp\htdocs\weProject\DemoFmenu\system\CodeIgniter.php(326): CodeIgniter\CodeIgniter->handleRequest(NULL, Object(Config\Cache), false)
#4 C:\xampp\htdocs\weProject\DemoFmenu\index.php(37): CodeIgniter\CodeIgniter->run()
#5 {main}
CRITICAL - 2022-11-06 15:47:55 --> Attempt to read property "rankID" on null
#0 C:\xampp\htdocs\weProject\DemoFmenu\app\Controllers\Fpanel\Panel.php(58): CodeIgniter\Debug\Exceptions->errorHandler(2, 'Attempt to read...', 'C:\\xampp\\htdocs...', 58)
#1 C:\xampp\htdocs\weProject\DemoFmenu\system\CodeIgniter.php(832): App\Controllers\Fpanel\Panel->index()
#2 C:\xampp\htdocs\weProject\DemoFmenu\system\CodeIgniter.php(419): CodeIgniter\CodeIgniter->runController(Object(App\Controllers\Fpanel\Panel))
#3 C:\xampp\htdocs\weProject\DemoFmenu\system\CodeIgniter.php(326): CodeIgniter\CodeIgniter->handleRequest(NULL, Object(Config\Cache), false)
#4 C:\xampp\htdocs\weProject\DemoFmenu\index.php(37): CodeIgniter\CodeIgniter->run()
#5 {main}
CRITICAL - 2022-11-06 15:49:25 --> Undefined array key "owner"
#0 C:\xampp\htdocs\weProject\DemoFmenu\app\Controllers\Fpanel\Panel.php(28): CodeIgniter\Debug\Exceptions->errorHandler(2, 'Undefined array...', 'C:\\xampp\\htdocs...', 28)
#1 C:\xampp\htdocs\weProject\DemoFmenu\system\CodeIgniter.php(809): App\Controllers\Fpanel\Panel->__construct()
#2 C:\xampp\htdocs\weProject\DemoFmenu\system\CodeIgniter.php(410): CodeIgniter\CodeIgniter->createController()
#3 C:\xampp\htdocs\weProject\DemoFmenu\system\CodeIgniter.php(326): CodeIgniter\CodeIgniter->handleRequest(NULL, Object(Config\Cache), false)
#4 C:\xampp\htdocs\weProject\DemoFmenu\index.php(37): CodeIgniter\CodeIgniter->run()
#5 {main}
CRITICAL - 2022-11-06 15:50:45 --> Attempt to read property "rankID" on null
#0 C:\xampp\htdocs\weProject\DemoFmenu\app\Controllers\Fpanel\Panel.php(63): CodeIgniter\Debug\Exceptions->errorHandler(2, 'Attempt to read...', 'C:\\xampp\\htdocs...', 63)
#1 C:\xampp\htdocs\weProject\DemoFmenu\system\CodeIgniter.php(832): App\Controllers\Fpanel\Panel->index()
#2 C:\xampp\htdocs\weProject\DemoFmenu\system\CodeIgniter.php(419): CodeIgniter\CodeIgniter->runController(Object(App\Controllers\Fpanel\Panel))
#3 C:\xampp\htdocs\weProject\DemoFmenu\system\CodeIgniter.php(326): CodeIgniter\CodeIgniter->handleRequest(NULL, Object(Config\Cache), false)
#4 C:\xampp\htdocs\weProject\DemoFmenu\index.php(37): CodeIgniter\CodeIgniter->run()
#5 {main}
CRITICAL - 2022-11-06 16:58:02 --> Array callback must have exactly two elements
#0 C:\xampp\htdocs\weProject\DemoFmenu\system\View\View.php(210): include()
#1 C:\xampp\htdocs\weProject\DemoFmenu\system\View\View.php(213): CodeIgniter\View\View->CodeIgniter\View\{closure}()
#2 C:\xampp\htdocs\weProject\DemoFmenu\system\Common.php(1089): CodeIgniter\View\View->render('Fpanel/deskAdd', Array, true)
#3 C:\xampp\htdocs\weProject\DemoFmenu\app\Controllers\Fpanel\Desk.php(157): view('Fpanel/deskAdd', Array)
#4 C:\xampp\htdocs\weProject\DemoFmenu\system\CodeIgniter.php(832): App\Controllers\Fpanel\Desk->add()
#5 C:\xampp\htdocs\weProject\DemoFmenu\system\CodeIgniter.php(419): CodeIgniter\CodeIgniter->runController(Object(App\Controllers\Fpanel\Desk))
#6 C:\xampp\htdocs\weProject\DemoFmenu\system\CodeIgniter.php(326): CodeIgniter\CodeIgniter->handleRequest(NULL, Object(Config\Cache), false)
#7 C:\xampp\htdocs\weProject\DemoFmenu\index.php(37): CodeIgniter\CodeIgniter->run()
#8 {main}
CRITICAL - 2022-11-06 16:58:30 --> Call to undefined function myFormItems()
#0 C:\xampp\htdocs\weProject\DemoFmenu\system\View\View.php(210): include()
#1 C:\xampp\htdocs\weProject\DemoFmenu\system\View\View.php(213): CodeIgniter\View\View->CodeIgniter\View\{closure}()
#2 C:\xampp\htdocs\weProject\DemoFmenu\system\Common.php(1089): CodeIgniter\View\View->render('Fpanel/deskAdd', Array, true)
#3 C:\xampp\htdocs\weProject\DemoFmenu\app\Controllers\Fpanel\Desk.php(157): view('Fpanel/deskAdd', Array)
#4 C:\xampp\htdocs\weProject\DemoFmenu\system\CodeIgniter.php(832): App\Controllers\Fpanel\Desk->add()
#5 C:\xampp\htdocs\weProject\DemoFmenu\system\CodeIgniter.php(419): CodeIgniter\CodeIgniter->runController(Object(App\Controllers\Fpanel\Desk))
#6 C:\xampp\htdocs\weProject\DemoFmenu\system\CodeIgniter.php(326): CodeIgniter\CodeIgniter->handleRequest(NULL, Object(Config\Cache), false)
#7 C:\xampp\htdocs\weProject\DemoFmenu\index.php(37): CodeIgniter\CodeIgniter->run()
#8 {main}
CRITICAL - 2022-11-06 16:58:42 --> Array to string conversion
#0 C:\xampp\htdocs\weProject\DemoFmenu\app\Helpers\form_helper.php(18): CodeIgniter\Debug\Exceptions->errorHandler(2, 'Array to string...', 'C:\\xampp\\htdocs...', 18)
#1 C:\xampp\htdocs\weProject\DemoFmenu\app\Views\Fpanel\deskAdd.php(48): myFormItems(Array)
#2 C:\xampp\htdocs\weProject\DemoFmenu\system\View\View.php(210): include('C:\\xampp\\htdocs...')
#3 C:\xampp\htdocs\weProject\DemoFmenu\system\View\View.php(213): CodeIgniter\View\View->CodeIgniter\View\{closure}()
#4 C:\xampp\htdocs\weProject\DemoFmenu\system\Common.php(1089): CodeIgniter\View\View->render('Fpanel/deskAdd', Array, true)
#5 C:\xampp\htdocs\weProject\DemoFmenu\app\Controllers\Fpanel\Desk.php(157): view('Fpanel/deskAdd', Array)
#6 C:\xampp\htdocs\weProject\DemoFmenu\system\CodeIgniter.php(832): App\Controllers\Fpanel\Desk->add()
#7 C:\xampp\htdocs\weProject\DemoFmenu\system\CodeIgniter.php(419): CodeIgniter\CodeIgniter->runController(Object(App\Controllers\Fpanel\Desk))
#8 C:\xampp\htdocs\weProject\DemoFmenu\system\CodeIgniter.php(326): CodeIgniter\CodeIgniter->handleRequest(NULL, Object(Config\Cache), false)
#9 C:\xampp\htdocs\weProject\DemoFmenu\index.php(37): CodeIgniter\CodeIgniter->run()
#10 {main}
CRITICAL - 2022-11-06 16:59:49 --> Array to string conversion
#0 C:\xampp\htdocs\weProject\DemoFmenu\app\Helpers\form_helper.php(18): CodeIgniter\Debug\Exceptions->errorHandler(2, 'Array to string...', 'C:\\xampp\\htdocs...', 18)
#1 C:\xampp\htdocs\weProject\DemoFmenu\app\Views\Fpanel\deskAdd.php(48): myFormItems(Array)
#2 C:\xampp\htdocs\weProject\DemoFmenu\system\View\View.php(210): include('C:\\xampp\\htdocs...')
#3 C:\xampp\htdocs\weProject\DemoFmenu\system\View\View.php(213): CodeIgniter\View\View->CodeIgniter\View\{closure}()
#4 C:\xampp\htdocs\weProject\DemoFmenu\system\Common.php(1089): CodeIgniter\View\View->render('Fpanel/deskAdd', Array, true)
#5 C:\xampp\htdocs\weProject\DemoFmenu\app\Controllers\Fpanel\Desk.php(157): view('Fpanel/deskAdd', Array)
#6 C:\xampp\htdocs\weProject\DemoFmenu\system\CodeIgniter.php(832): App\Controllers\Fpanel\Desk->add()
#7 C:\xampp\htdocs\weProject\DemoFmenu\system\CodeIgniter.php(419): CodeIgniter\CodeIgniter->runController(Object(App\Controllers\Fpanel\Desk))
#8 C:\xampp\htdocs\weProject\DemoFmenu\system\CodeIgniter.php(326): CodeIgniter\CodeIgniter->handleRequest(NULL, Object(Config\Cache), false)
#9 C:\xampp\htdocs\weProject\DemoFmenu\index.php(37): CodeIgniter\CodeIgniter->run()
#10 {main}
CRITICAL - 2022-11-06 17:00:29 --> Array to string conversion
#0 C:\xampp\htdocs\weProject\DemoFmenu\app\Helpers\form_helper.php(18): CodeIgniter\Debug\Exceptions->errorHandler(2, 'Array to string...', 'C:\\xampp\\htdocs...', 18)
#1 C:\xampp\htdocs\weProject\DemoFmenu\app\Views\Fpanel\deskAdd.php(48): myFormItems(Array)
#2 C:\xampp\htdocs\weProject\DemoFmenu\system\View\View.php(210): include('C:\\xampp\\htdocs...')
#3 C:\xampp\htdocs\weProject\DemoFmenu\system\View\View.php(213): CodeIgniter\View\View->CodeIgniter\View\{closure}()
#4 C:\xampp\htdocs\weProject\DemoFmenu\system\Common.php(1089): CodeIgniter\View\View->render('Fpanel/deskAdd', Array, true)
#5 C:\xampp\htdocs\weProject\DemoFmenu\app\Controllers\Fpanel\Desk.php(157): view('Fpanel/deskAdd', Array)
#6 C:\xampp\htdocs\weProject\DemoFmenu\system\CodeIgniter.php(832): App\Controllers\Fpanel\Desk->add()
#7 C:\xampp\htdocs\weProject\DemoFmenu\system\CodeIgniter.php(419): CodeIgniter\CodeIgniter->runController(Object(App\Controllers\Fpanel\Desk))
#8 C:\xampp\htdocs\weProject\DemoFmenu\system\CodeIgniter.php(326): CodeIgniter\CodeIgniter->handleRequest(NULL, Object(Config\Cache), false)
#9 C:\xampp\htdocs\weProject\DemoFmenu\index.php(37): CodeIgniter\CodeIgniter->run()
#10 {main}
CRITICAL - 2022-11-06 17:10:02 --> Call to undefined function myFormItems()
#0 C:\xampp\htdocs\weProject\DemoFmenu\system\View\View.php(210): include()
#1 C:\xampp\htdocs\weProject\DemoFmenu\system\View\View.php(213): CodeIgniter\View\View->CodeIgniter\View\{closure}()
#2 C:\xampp\htdocs\weProject\DemoFmenu\system\Common.php(1089): CodeIgniter\View\View->render('Fpanel/category...', Array, true)
#3 C:\xampp\htdocs\weProject\DemoFmenu\app\Controllers\Fpanel\Category.php(153): view('Fpanel/category...', Array)
#4 C:\xampp\htdocs\weProject\DemoFmenu\system\CodeIgniter.php(832): App\Controllers\Fpanel\Category->add()
#5 C:\xampp\htdocs\weProject\DemoFmenu\system\CodeIgniter.php(419): CodeIgniter\CodeIgniter->runController(Object(App\Controllers\Fpanel\Category))
#6 C:\xampp\htdocs\weProject\DemoFmenu\system\CodeIgniter.php(326): CodeIgniter\CodeIgniter->handleRequest(NULL, Object(Config\Cache), false)
#7 C:\xampp\htdocs\weProject\DemoFmenu\index.php(37): CodeIgniter\CodeIgniter->run()
#8 {main}
CRITICAL - 2022-11-06 17:21:00 --> Call to undefined function myFormItems()
#0 C:\xampp\htdocs\weProject\DemoFmenu\system\View\View.php(210): include()
#1 C:\xampp\htdocs\weProject\DemoFmenu\system\View\View.php(213): CodeIgniter\View\View->CodeIgniter\View\{closure}()
#2 C:\xampp\htdocs\weProject\DemoFmenu\system\Common.php(1089): CodeIgniter\View\View->render('Fpanel/ownerAdd', Array, true)
#3 C:\xampp\htdocs\weProject\DemoFmenu\app\Controllers\Fpanel\Owner.php(119): view('Fpanel/ownerAdd', Array)
#4 C:\xampp\htdocs\weProject\DemoFmenu\system\CodeIgniter.php(832): App\Controllers\Fpanel\Owner->add()
#5 C:\xampp\htdocs\weProject\DemoFmenu\system\CodeIgniter.php(419): CodeIgniter\CodeIgniter->runController(Object(App\Controllers\Fpanel\Owner))
#6 C:\xampp\htdocs\weProject\DemoFmenu\system\CodeIgniter.php(326): CodeIgniter\CodeIgniter->handleRequest(NULL, Object(Config\Cache), false)
#7 C:\xampp\htdocs\weProject\DemoFmenu\index.php(37): CodeIgniter\CodeIgniter->run()
#8 {main}
CRITICAL - 2022-11-06 17:23:28 --> Undefined variable $ranks
#0 C:\xampp\htdocs\weProject\DemoFmenu\app\Views\Fpanel\printerAdd.php(31): CodeIgniter\Debug\Exceptions->errorHandler(2, 'Undefined varia...', 'C:\\xampp\\htdocs...', 31)
#1 C:\xampp\htdocs\weProject\DemoFmenu\system\View\View.php(210): include('C:\\xampp\\htdocs...')
#2 C:\xampp\htdocs\weProject\DemoFmenu\system\View\View.php(213): CodeIgniter\View\View->CodeIgniter\View\{closure}()
#3 C:\xampp\htdocs\weProject\DemoFmenu\system\Common.php(1089): CodeIgniter\View\View->render('Fpanel/printerA...', Array, true)
#4 C:\xampp\htdocs\weProject\DemoFmenu\app\Controllers\Fpanel\Printer.php(100): view('Fpanel/printerA...', Array)
#5 C:\xampp\htdocs\weProject\DemoFmenu\system\CodeIgniter.php(832): App\Controllers\Fpanel\Printer->add()
#6 C:\xampp\htdocs\weProject\DemoFmenu\system\CodeIgniter.php(419): CodeIgniter\CodeIgniter->runController(Object(App\Controllers\Fpanel\Printer))
#7 C:\xampp\htdocs\weProject\DemoFmenu\system\CodeIgniter.php(326): CodeIgniter\CodeIgniter->handleRequest(NULL, Object(Config\Cache), false)
#8 C:\xampp\htdocs\weProject\DemoFmenu\index.php(37): CodeIgniter\CodeIgniter->run()
#9 {main}
CRITICAL - 2022-11-06 17:58:03 --> Undefined variable $categories
#0 C:\xampp\htdocs\weProject\DemoFmenu\app\Views\Fpanel\setting.php(32): CodeIgniter\Debug\Exceptions->errorHandler(2, 'Undefined varia...', 'C:\\xampp\\htdocs...', 32)
#1 C:\xampp\htdocs\weProject\DemoFmenu\system\View\View.php(210): include('C:\\xampp\\htdocs...')
#2 C:\xampp\htdocs\weProject\DemoFmenu\system\View\View.php(213): CodeIgniter\View\View->CodeIgniter\View\{closure}()
#3 C:\xampp\htdocs\weProject\DemoFmenu\system\Common.php(1089): CodeIgniter\View\View->render('Fpanel/setting', Array, true)
#4 C:\xampp\htdocs\weProject\DemoFmenu\app\Controllers\Fpanel\Setting.php(73): view('Fpanel/setting', Array)
#5 C:\xampp\htdocs\weProject\DemoFmenu\system\CodeIgniter.php(832): App\Controllers\Fpanel\Setting->index()
#6 C:\xampp\htdocs\weProject\DemoFmenu\system\CodeIgniter.php(419): CodeIgniter\CodeIgniter->runController(Object(App\Controllers\Fpanel\Setting))
#7 C:\xampp\htdocs\weProject\DemoFmenu\system\CodeIgniter.php(326): CodeIgniter\CodeIgniter->handleRequest(NULL, Object(Config\Cache), false)
#8 C:\xampp\htdocs\weProject\DemoFmenu\index.php(37): CodeIgniter\CodeIgniter->run()
#9 {main}
CRITICAL - 2022-11-06 18:02:12 --> Call to undefined function myFormItems()
#0 C:\xampp\htdocs\weProject\DemoFmenu\system\View\View.php(210): include()
#1 C:\xampp\htdocs\weProject\DemoFmenu\system\View\View.php(213): CodeIgniter\View\View->CodeIgniter\View\{closure}()
#2 C:\xampp\htdocs\weProject\DemoFmenu\system\Common.php(1089): CodeIgniter\View\View->render('Fpanel/productU...', Array, true)
#3 C:\xampp\htdocs\weProject\DemoFmenu\app\Controllers\Fpanel\Product.php(200): view('Fpanel/productU...', Array)
#4 C:\xampp\htdocs\weProject\DemoFmenu\system\CodeIgniter.php(832): App\Controllers\Fpanel\Product->update('274')
#5 C:\xampp\htdocs\weProject\DemoFmenu\system\CodeIgniter.php(419): CodeIgniter\CodeIgniter->runController(Object(App\Controllers\Fpanel\Product))
#6 C:\xampp\htdocs\weProject\DemoFmenu\system\CodeIgniter.php(326): CodeIgniter\CodeIgniter->handleRequest(NULL, Object(Config\Cache), false)
#7 C:\xampp\htdocs\weProject\DemoFmenu\index.php(37): CodeIgniter\CodeIgniter->run()
#8 {main}
CRITICAL - 2022-11-06 18:18:12 --> Call to undefined function myFormSelectedItems()
#0 C:\xampp\htdocs\weProject\DemoFmenu\system\View\View.php(210): include()
#1 C:\xampp\htdocs\weProject\DemoFmenu\system\View\View.php(213): CodeIgniter\View\View->CodeIgniter\View\{closure}()
#2 C:\xampp\htdocs\weProject\DemoFmenu\system\Common.php(1089): CodeIgniter\View\View->render('Fpanel/deskUpda...', Array, true)
#3 C:\xampp\htdocs\weProject\DemoFmenu\app\Controllers\Fpanel\Desk.php(264): view('Fpanel/deskUpda...', Array)
#4 C:\xampp\htdocs\weProject\DemoFmenu\system\CodeIgniter.php(832): App\Controllers\Fpanel\Desk->update('483')
#5 C:\xampp\htdocs\weProject\DemoFmenu\system\CodeIgniter.php(419): CodeIgniter\CodeIgniter->runController(Object(App\Controllers\Fpanel\Desk))
#6 C:\xampp\htdocs\weProject\DemoFmenu\system\CodeIgniter.php(326): CodeIgniter\CodeIgniter->handleRequest(NULL, Object(Config\Cache), false)
#7 C:\xampp\htdocs\weProject\DemoFmenu\index.php(37): CodeIgniter\CodeIgniter->run()
#8 {main}
CRITICAL - 2022-11-06 18:18:25 --> Undefined variable $actionName
#0 C:\xampp\htdocs\weProject\DemoFmenu\app\Views\Fpanel\includes\pluginAlert.php(3): CodeIgniter\Debug\Exceptions->errorHandler(2, 'Undefined varia...', 'C:\\xampp\\htdocs...', 3)
#1 C:\xampp\htdocs\weProject\DemoFmenu\app\Views\Fpanel\deskDetails.php(10): include('C:\\xampp\\htdocs...')
#2 C:\xampp\htdocs\weProject\DemoFmenu\system\View\View.php(210): include('C:\\xampp\\htdocs...')
#3 C:\xampp\htdocs\weProject\DemoFmenu\system\View\View.php(213): CodeIgniter\View\View->CodeIgniter\View\{closure}()
#4 C:\xampp\htdocs\weProject\DemoFmenu\system\Common.php(1089): CodeIgniter\View\View->render('Fpanel/deskDeta...', Array, true)
#5 C:\xampp\htdocs\weProject\DemoFmenu\app\Controllers\Fpanel\Desk.php(119): view('Fpanel/deskDeta...', Array)
#6 C:\xampp\htdocs\weProject\DemoFmenu\system\CodeIgniter.php(832): App\Controllers\Fpanel\Desk->details('484')
#7 C:\xampp\htdocs\weProject\DemoFmenu\system\CodeIgniter.php(419): CodeIgniter\CodeIgniter->runController(Object(App\Controllers\Fpanel\Desk))
#8 C:\xampp\htdocs\weProject\DemoFmenu\system\CodeIgniter.php(326): CodeIgniter\CodeIgniter->handleRequest(NULL, Object(Config\Cache), false)
#9 C:\xampp\htdocs\weProject\DemoFmenu\index.php(37): CodeIgniter\CodeIgniter->run()
#10 {main}
CRITICAL - 2022-11-06 18:22:43 --> Call to undefined function myFormSelectedItems()
#0 C:\xampp\htdocs\weProject\DemoFmenu\system\View\View.php(210): include()
#1 C:\xampp\htdocs\weProject\DemoFmenu\system\View\View.php(213): CodeIgniter\View\View->CodeIgniter\View\{closure}()
#2 C:\xampp\htdocs\weProject\DemoFmenu\system\Common.php(1089): CodeIgniter\View\View->render('Fpanel/extraPro...', Array, true)
#3 C:\xampp\htdocs\weProject\DemoFmenu\app\Controllers\Fpanel\ExtraProduct.php(83): view('Fpanel/extraPro...', Array)
#4 C:\xampp\htdocs\weProject\DemoFmenu\system\CodeIgniter.php(832): App\Controllers\Fpanel\ExtraProduct->add()
#5 C:\xampp\htdocs\weProject\DemoFmenu\system\CodeIgniter.php(419): CodeIgniter\CodeIgniter->runController(Object(App\Controllers\Fpanel\ExtraProduct))
#6 C:\xampp\htdocs\weProject\DemoFmenu\system\CodeIgniter.php(326): CodeIgniter\CodeIgniter->handleRequest(NULL, Object(Config\Cache), false)
#7 C:\xampp\htdocs\weProject\DemoFmenu\index.php(37): CodeIgniter\CodeIgniter->run()
#8 {main}
CRITICAL - 2022-11-06 18:30:45 --> Call to undefined function myFormItems()
#0 C:\xampp\htdocs\weProject\DemoFmenu\system\View\View.php(210): include()
#1 C:\xampp\htdocs\weProject\DemoFmenu\system\View\View.php(213): CodeIgniter\View\View->CodeIgniter\View\{closure}()
#2 C:\xampp\htdocs\weProject\DemoFmenu\system\Common.php(1089): CodeIgniter\View\View->render('Fpanel/ownerUpd...', Array, true)
#3 C:\xampp\htdocs\weProject\DemoFmenu\app\Controllers\Fpanel\Owner.php(236): view('Fpanel/ownerUpd...', Array)
#4 C:\xampp\htdocs\weProject\DemoFmenu\system\CodeIgniter.php(832): App\Controllers\Fpanel\Owner->update('2')
#5 C:\xampp\htdocs\weProject\DemoFmenu\system\CodeIgniter.php(419): CodeIgniter\CodeIgniter->runController(Object(App\Controllers\Fpanel\Owner))
#6 C:\xampp\htdocs\weProject\DemoFmenu\system\CodeIgniter.php(326): CodeIgniter\CodeIgniter->handleRequest(NULL, Object(Config\Cache), false)
#7 C:\xampp\htdocs\weProject\DemoFmenu\index.php(37): CodeIgniter\CodeIgniter->run()
#8 {main}
CRITICAL - 2022-11-06 18:31:02 --> Undefined array key 4
#0 C:\xampp\htdocs\weProject\DemoFmenu\app\Helpers\form_helper.php(88): CodeIgniter\Debug\Exceptions->errorHandler(2, 'Undefined array...', 'C:\\xampp\\htdocs...', 88)
#1 C:\xampp\htdocs\weProject\DemoFmenu\app\Views\Fpanel\ownerUpdate.php(45): myFormSelectedItems(Array)
#2 C:\xampp\htdocs\weProject\DemoFmenu\system\View\View.php(210): include('C:\\xampp\\htdocs...')
#3 C:\xampp\htdocs\weProject\DemoFmenu\system\View\View.php(213): CodeIgniter\View\View->CodeIgniter\View\{closure}()
#4 C:\xampp\htdocs\weProject\DemoFmenu\system\Common.php(1089): CodeIgniter\View\View->render('Fpanel/ownerUpd...', Array, true)
#5 C:\xampp\htdocs\weProject\DemoFmenu\app\Controllers\Fpanel\Owner.php(236): view('Fpanel/ownerUpd...', Array)
#6 C:\xampp\htdocs\weProject\DemoFmenu\system\CodeIgniter.php(832): App\Controllers\Fpanel\Owner->update('2')
#7 C:\xampp\htdocs\weProject\DemoFmenu\system\CodeIgniter.php(419): CodeIgniter\CodeIgniter->runController(Object(App\Controllers\Fpanel\Owner))
#8 C:\xampp\htdocs\weProject\DemoFmenu\system\CodeIgniter.php(326): CodeIgniter\CodeIgniter->handleRequest(NULL, Object(Config\Cache), false)
#9 C:\xampp\htdocs\weProject\DemoFmenu\index.php(37): CodeIgniter\CodeIgniter->run()
#10 {main}
CRITICAL - 2022-11-06 18:34:25 --> Call to undefined function myFormSelectedItems()
#0 C:\xampp\htdocs\weProject\DemoFmenu\system\View\View.php(210): include()
#1 C:\xampp\htdocs\weProject\DemoFmenu\system\View\View.php(213): CodeIgniter\View\View->CodeIgniter\View\{closure}()
#2 C:\xampp\htdocs\weProject\DemoFmenu\system\Common.php(1089): CodeIgniter\View\View->render('Fpanel/printerU...', Array, true)
#3 C:\xampp\htdocs\weProject\DemoFmenu\app\Controllers\Fpanel\Printer.php(170): view('Fpanel/printerU...', Array)
#4 C:\xampp\htdocs\weProject\DemoFmenu\system\CodeIgniter.php(832): App\Controllers\Fpanel\Printer->update('3')
#5 C:\xampp\htdocs\weProject\DemoFmenu\system\CodeIgniter.php(419): CodeIgniter\CodeIgniter->runController(Object(App\Controllers\Fpanel\Printer))
#6 C:\xampp\htdocs\weProject\DemoFmenu\system\CodeIgniter.php(326): CodeIgniter\CodeIgniter->handleRequest(NULL, Object(Config\Cache), false)
#7 C:\xampp\htdocs\weProject\DemoFmenu\index.php(37): CodeIgniter\CodeIgniter->run()
#8 {main}
CRITICAL - 2022-11-06 18:42:42 --> Attempt to read property "name" on null
#0 C:\xampp\htdocs\weProject\DemoFmenu\app\Controllers\Fpanel\Order.php(59): CodeIgniter\Debug\Exceptions->errorHandler(2, 'Attempt to read...', 'C:\\xampp\\htdocs...', 59)
#1 C:\xampp\htdocs\weProject\DemoFmenu\system\CodeIgniter.php(832): App\Controllers\Fpanel\Order->index()
#2 C:\xampp\htdocs\weProject\DemoFmenu\system\CodeIgniter.php(419): CodeIgniter\CodeIgniter->runController(Object(App\Controllers\Fpanel\Order))
#3 C:\xampp\htdocs\weProject\DemoFmenu\system\CodeIgniter.php(326): CodeIgniter\CodeIgniter->handleRequest(NULL, Object(Config\Cache), false)
#4 C:\xampp\htdocs\weProject\DemoFmenu\index.php(37): CodeIgniter\CodeIgniter->run()
#5 {main}
CRITICAL - 2022-11-06 18:43:24 --> Undefined variable $actionName
#0 C:\xampp\htdocs\weProject\DemoFmenu\app\Views\Fpanel\includes\pluginAlert.php(3): CodeIgniter\Debug\Exceptions->errorHandler(2, 'Undefined varia...', 'C:\\xampp\\htdocs...', 3)
#1 C:\xampp\htdocs\weProject\DemoFmenu\app\Views\Fpanel\deskDetails.php(10): include('C:\\xampp\\htdocs...')
#2 C:\xampp\htdocs\weProject\DemoFmenu\system\View\View.php(210): include('C:\\xampp\\htdocs...')
#3 C:\xampp\htdocs\weProject\DemoFmenu\system\View\View.php(213): CodeIgniter\View\View->CodeIgniter\View\{closure}()
#4 C:\xampp\htdocs\weProject\DemoFmenu\system\Common.php(1089): CodeIgniter\View\View->render('Fpanel/deskDeta...', Array, true)
#5 C:\xampp\htdocs\weProject\DemoFmenu\app\Controllers\Fpanel\Desk.php(119): view('Fpanel/deskDeta...', Array)
#6 C:\xampp\htdocs\weProject\DemoFmenu\system\CodeIgniter.php(832): App\Controllers\Fpanel\Desk->details('484')
#7 C:\xampp\htdocs\weProject\DemoFmenu\system\CodeIgniter.php(419): CodeIgniter\CodeIgniter->runController(Object(App\Controllers\Fpanel\Desk))
#8 C:\xampp\htdocs\weProject\DemoFmenu\system\CodeIgniter.php(326): CodeIgniter\CodeIgniter->handleRequest(NULL, Object(Config\Cache), false)
#9 C:\xampp\htdocs\weProject\DemoFmenu\index.php(37): CodeIgniter\CodeIgniter->run()
#10 {main}
CRITICAL - 2022-11-06 18:53:31 --> Call to undefined function myFormItems()
#0 C:\xampp\htdocs\weProject\DemoFmenu\system\View\View.php(210): include()
#1 C:\xampp\htdocs\weProject\DemoFmenu\system\View\View.php(213): CodeIgniter\View\View->CodeIgniter\View\{closure}()
#2 C:\xampp\htdocs\weProject\DemoFmenu\system\Common.php(1089): CodeIgniter\View\View->render('Fpanel/deskAdd', Array, true)
#3 C:\xampp\htdocs\weProject\DemoFmenu\app\Controllers\Fpanel\Desk.php(157): view('Fpanel/deskAdd', Array)
#4 C:\xampp\htdocs\weProject\DemoFmenu\system\CodeIgniter.php(832): App\Controllers\Fpanel\Desk->add()
#5 C:\xampp\htdocs\weProject\DemoFmenu\system\CodeIgniter.php(419): CodeIgniter\CodeIgniter->runController(Object(App\Controllers\Fpanel\Desk))
#6 C:\xampp\htdocs\weProject\DemoFmenu\system\CodeIgniter.php(326): CodeIgniter\CodeIgniter->handleRequest(NULL, Object(Config\Cache), false)
#7 C:\xampp\htdocs\weProject\DemoFmenu\index.php(37): CodeIgniter\CodeIgniter->run()
#8 {main}
