ERROR - 2022-07-06 02:09:51 --> Unknown column 'uniqueName' in 'where clause'
CRITICAL - 2022-07-06 02:09:51 --> Call to a member function getRow() on bool
#0 C:\xampp\htdocs\weProject\FmenuPlus\app\Controllers\Cart.php(59): App\Models\CartModel->getCart('99999', '44b2c663bbc242f...')
#1 C:\xampp\htdocs\weProject\FmenuPlus\system\CodeIgniter.php(832): App\Controllers\Cart->index()
#2 C:\xampp\htdocs\weProject\FmenuPlus\system\CodeIgniter.php(419): CodeIgniter\CodeIgniter->runController(Object(App\Controllers\Cart))
#3 C:\xampp\htdocs\weProject\FmenuPlus\system\CodeIgniter.php(326): CodeIgniter\CodeIgniter->handleRequest(NULL, Object(Config\Cache), false)
#4 C:\xampp\htdocs\weProject\FmenuPlus\index.php(37): CodeIgniter\CodeIgniter->run()
#5 {main}
CRITICAL - 2022-07-06 02:11:17 --> Object of class stdClass could not be converted to string
#0 C:\xampp\htdocs\weProject\FmenuPlus\system\Database\Query.php(318): strtr('SELECT *\nFROM `...', Array)
#1 C:\xampp\htdocs\weProject\FmenuPlus\system\Database\Query.php(293): CodeIgniter\Database\Query->matchNamedBinds('SELECT *\nFROM `...', Array)
#2 C:\xampp\htdocs\weProject\FmenuPlus\system\Database\Query.php(150): CodeIgniter\Database\Query->compileBinds()
#3 C:\xampp\htdocs\weProject\FmenuPlus\system\Database\BaseConnection.php(598): CodeIgniter\Database\Query->getQuery()
#4 C:\xampp\htdocs\weProject\FmenuPlus\system\Database\BaseBuilder.php(1455): CodeIgniter\Database\BaseConnection->query('SELECT *\nFROM `...', Array, false)
#5 C:\xampp\htdocs\weProject\FmenuPlus\app\Models\CartModel.php(44): CodeIgniter\Database\BaseBuilder->get()
#6 C:\xampp\htdocs\weProject\FmenuPlus\app\Controllers\Cart.php(60): App\Models\CartModel->getProductFCart(Object(stdClass))
#7 C:\xampp\htdocs\weProject\FmenuPlus\system\CodeIgniter.php(832): App\Controllers\Cart->index()
#8 C:\xampp\htdocs\weProject\FmenuPlus\system\CodeIgniter.php(419): CodeIgniter\CodeIgniter->runController(Object(App\Controllers\Cart))
#9 C:\xampp\htdocs\weProject\FmenuPlus\system\CodeIgniter.php(326): CodeIgniter\CodeIgniter->handleRequest(NULL, Object(Config\Cache), false)
#10 C:\xampp\htdocs\weProject\FmenuPlus\index.php(37): CodeIgniter\CodeIgniter->run()
#11 {main}
CRITICAL - 2022-07-06 02:12:20 --> Object of class stdClass could not be converted to string
#0 C:\xampp\htdocs\weProject\FmenuPlus\system\Database\Query.php(318): strtr('SELECT *\nFROM `...', Array)
#1 C:\xampp\htdocs\weProject\FmenuPlus\system\Database\Query.php(293): CodeIgniter\Database\Query->matchNamedBinds('SELECT *\nFROM `...', Array)
#2 C:\xampp\htdocs\weProject\FmenuPlus\system\Database\Query.php(150): CodeIgniter\Database\Query->compileBinds()
#3 C:\xampp\htdocs\weProject\FmenuPlus\system\Database\BaseConnection.php(598): CodeIgniter\Database\Query->getQuery()
#4 C:\xampp\htdocs\weProject\FmenuPlus\system\Database\BaseBuilder.php(1455): CodeIgniter\Database\BaseConnection->query('SELECT *\nFROM `...', Array, false)
#5 C:\xampp\htdocs\weProject\FmenuPlus\app\Models\CartModel.php(44): CodeIgniter\Database\BaseBuilder->get()
#6 C:\xampp\htdocs\weProject\FmenuPlus\app\Controllers\Cart.php(60): App\Models\CartModel->getProductFCart(Object(stdClass))
#7 C:\xampp\htdocs\weProject\FmenuPlus\system\CodeIgniter.php(832): App\Controllers\Cart->index()
#8 C:\xampp\htdocs\weProject\FmenuPlus\system\CodeIgniter.php(419): CodeIgniter\CodeIgniter->runController(Object(App\Controllers\Cart))
#9 C:\xampp\htdocs\weProject\FmenuPlus\system\CodeIgniter.php(326): CodeIgniter\CodeIgniter->handleRequest(NULL, Object(Config\Cache), false)
#10 C:\xampp\htdocs\weProject\FmenuPlus\index.php(37): CodeIgniter\CodeIgniter->run()
#11 {main}
CRITICAL - 2022-07-06 02:12:52 --> Undefined property: stdClass::$CartID
#0 C:\xampp\htdocs\weProject\FmenuPlus\app\Controllers\Cart.php(60): CodeIgniter\Debug\Exceptions->errorHandler(2, 'Undefined prope...', 'C:\\xampp\\htdocs...', 60)
#1 C:\xampp\htdocs\weProject\FmenuPlus\system\CodeIgniter.php(832): App\Controllers\Cart->index()
#2 C:\xampp\htdocs\weProject\FmenuPlus\system\CodeIgniter.php(419): CodeIgniter\CodeIgniter->runController(Object(App\Controllers\Cart))
#3 C:\xampp\htdocs\weProject\FmenuPlus\system\CodeIgniter.php(326): CodeIgniter\CodeIgniter->handleRequest(NULL, Object(Config\Cache), false)
#4 C:\xampp\htdocs\weProject\FmenuPlus\index.php(37): CodeIgniter\CodeIgniter->run()
#5 {main}
CRITICAL - 2022-07-06 02:12:54 --> Undefined property: stdClass::$CartID
#0 C:\xampp\htdocs\weProject\FmenuPlus\app\Controllers\Cart.php(60): CodeIgniter\Debug\Exceptions->errorHandler(2, 'Undefined prope...', 'C:\\xampp\\htdocs...', 60)
#1 C:\xampp\htdocs\weProject\FmenuPlus\system\CodeIgniter.php(832): App\Controllers\Cart->index()
#2 C:\xampp\htdocs\weProject\FmenuPlus\system\CodeIgniter.php(419): CodeIgniter\CodeIgniter->runController(Object(App\Controllers\Cart))
#3 C:\xampp\htdocs\weProject\FmenuPlus\system\CodeIgniter.php(326): CodeIgniter\CodeIgniter->handleRequest(NULL, Object(Config\Cache), false)
#4 C:\xampp\htdocs\weProject\FmenuPlus\index.php(37): CodeIgniter\CodeIgniter->run()
#5 {main}
CRITICAL - 2022-07-06 20:53:43 --> unlink(img/imgCreator/img/imgCreator/e6798f922d710972deceaacdc.png): No such file or directory
#0 [internal function]: CodeIgniter\Debug\Exceptions->errorHandler(2, 'unlink(img/imgC...', 'C:\\xampp\\htdocs...', 228)
#1 C:\xampp\htdocs\weProject\FmenuPlus\app\Controllers\Fpanel\Desk.php(228): unlink('img/imgCreator/...')
#2 C:\xampp\htdocs\weProject\FmenuPlus\system\CodeIgniter.php(832): App\Controllers\Fpanel\Desk->delete_result('2')
#3 C:\xampp\htdocs\weProject\FmenuPlus\system\CodeIgniter.php(419): CodeIgniter\CodeIgniter->runController(Object(App\Controllers\Fpanel\Desk))
#4 C:\xampp\htdocs\weProject\FmenuPlus\system\CodeIgniter.php(326): CodeIgniter\CodeIgniter->handleRequest(NULL, Object(Config\Cache), false)
#5 C:\xampp\htdocs\weProject\FmenuPlus\index.php(37): CodeIgniter\CodeIgniter->run()
#6 {main}
CRITICAL - 2022-07-06 21:08:30 --> Undefined property: stdClass::$img
#0 C:\xampp\htdocs\weProject\FmenuPlus\app\Views\Fpanel\deskDetails.php(19): CodeIgniter\Debug\Exceptions->errorHandler(2, 'Undefined prope...', 'C:\\xampp\\htdocs...', 19)
#1 C:\xampp\htdocs\weProject\FmenuPlus\system\View\View.php(210): include('C:\\xampp\\htdocs...')
#2 C:\xampp\htdocs\weProject\FmenuPlus\system\View\View.php(213): CodeIgniter\View\View->CodeIgniter\View\{closure}()
#3 C:\xampp\htdocs\weProject\FmenuPlus\system\Common.php(1089): CodeIgniter\View\View->render('Fpanel/deskDeta...', Array, true)
#4 C:\xampp\htdocs\weProject\FmenuPlus\app\Controllers\Fpanel\Desk.php(76): view('Fpanel/deskDeta...', Array)
#5 C:\xampp\htdocs\weProject\FmenuPlus\system\CodeIgniter.php(832): App\Controllers\Fpanel\Desk->details('1')
#6 C:\xampp\htdocs\weProject\FmenuPlus\system\CodeIgniter.php(419): CodeIgniter\CodeIgniter->runController(Object(App\Controllers\Fpanel\Desk))
#7 C:\xampp\htdocs\weProject\FmenuPlus\system\CodeIgniter.php(326): CodeIgniter\CodeIgniter->handleRequest(NULL, Object(Config\Cache), false)
#8 C:\xampp\htdocs\weProject\FmenuPlus\index.php(37): CodeIgniter\CodeIgniter->run()
#9 {main}
