CRITICAL - 2022-07-30 16:19:32 --> Object of class stdClass could not be converted to string
#0 [internal function]: CodeIgniter\Debug\Exceptions->errorHandler(4096, 'Object of class...', '/home/fbeslife/...', 318, Array)
#1 /home/fbeslife/fmenu.fbeslife.com/system/Database/Query.php(318): strtr('UPDATE `desk` S...', Array)
#2 /home/fbeslife/fmenu.fbeslife.com/system/Database/Query.php(293): CodeIgniter\Database\Query->matchNamedBinds('UPDATE `desk` S...', Array)
#3 /home/fbeslife/fmenu.fbeslife.com/system/Database/Query.php(150): CodeIgniter\Database\Query->compileBinds()
#4 /home/fbeslife/fmenu.fbeslife.com/system/Database/BaseConnection.php(598): CodeIgniter\Database\Query->getQuery()
#5 /home/fbeslife/fmenu.fbeslife.com/system/Database/BaseBuilder.php(1913): CodeIgniter\Database\BaseConnection->query('UPDATE `desk` S...', Array, false)
#6 /home/fbeslife/fmenu.fbeslife.com/app/Models/Admin/ADeskModel.php(33): CodeIgniter\Database\BaseBuilder->update(Array)
#7 /home/fbeslife/fmenu.fbeslife.com/app/Controllers/Fpanel/Desk.php(233): App\Models\Admin\ADeskModel->updDesk('6', Array)
#8 /home/fbeslife/fmenu.fbeslife.com/system/CodeIgniter.php(832): App\Controllers\Fpanel\Desk->update_result_name()
#9 /home/fbeslife/fmenu.fbeslife.com/system/CodeIgniter.php(419): CodeIgniter\CodeIgniter->runController(Object(App\Controllers\Fpanel\Desk))
#10 /home/fbeslife/fmenu.fbeslife.com/system/CodeIgniter.php(326): CodeIgniter\CodeIgniter->handleRequest(NULL, Object(Config\Cache), false)
#11 /home/fbeslife/fmenu.fbeslife.com/index.php(37): CodeIgniter\CodeIgniter->run()
#12 {main}
CRITICAL - 2022-07-30 16:19:32 --> Object of class stdClass could not be converted to string
#0 [internal function]: CodeIgniter\Debug\Exceptions->errorHandler(4096, 'Object of class...', '/home/fbeslife/...', 318, Array)
#1 /home/fbeslife/fmenu.fbeslife.com/system/Database/Query.php(318): strtr('UPDATE `desk` S...', Array)
#2 /home/fbeslife/fmenu.fbeslife.com/system/Database/Query.php(293): CodeIgniter\Database\Query->matchNamedBinds('UPDATE `desk` S...', Array)
#3 /home/fbeslife/fmenu.fbeslife.com/system/Database/Query.php(150): CodeIgniter\Database\Query->compileBinds()
#4 /home/fbeslife/fmenu.fbeslife.com/system/Database/BaseConnection.php(598): CodeIgniter\Database\Query->getQuery()
#5 /home/fbeslife/fmenu.fbeslife.com/system/Database/BaseBuilder.php(1913): CodeIgniter\Database\BaseConnection->query('UPDATE `desk` S...', Array, false)
#6 /home/fbeslife/fmenu.fbeslife.com/app/Models/Admin/ADeskModel.php(33): CodeIgniter\Database\BaseBuilder->update(Array)
#7 /home/fbeslife/fmenu.fbeslife.com/app/Controllers/Fpanel/Desk.php(233): App\Models\Admin\ADeskModel->updDesk('6', Array)
#8 /home/fbeslife/fmenu.fbeslife.com/system/CodeIgniter.php(832): App\Controllers\Fpanel\Desk->update_result_name()
#9 /home/fbeslife/fmenu.fbeslife.com/system/CodeIgniter.php(419): CodeIgniter\CodeIgniter->runController(Object(App\Controllers\Fpanel\Desk))
#10 /home/fbeslife/fmenu.fbeslife.com/system/CodeIgniter.php(326): CodeIgniter\CodeIgniter->handleRequest(NULL, Object(Config\Cache), false)
#11 /home/fbeslife/fmenu.fbeslife.com/index.php(37): CodeIgniter\CodeIgniter->run()
#12 {main}
CRITICAL - 2022-07-30 16:28:46 --> Object of class stdClass could not be converted to string
#0 [internal function]: CodeIgniter\Debug\Exceptions->errorHandler(4096, 'Object of class...', '/home/fbeslife/...', 318, Array)
#1 /home/fbeslife/fmenu.fbeslife.com/system/Database/Query.php(318): strtr('UPDATE `desk` S...', Array)
#2 /home/fbeslife/fmenu.fbeslife.com/system/Database/Query.php(293): CodeIgniter\Database\Query->matchNamedBinds('UPDATE `desk` S...', Array)
#3 /home/fbeslife/fmenu.fbeslife.com/system/Database/Query.php(150): CodeIgniter\Database\Query->compileBinds()
#4 /home/fbeslife/fmenu.fbeslife.com/system/Database/BaseConnection.php(598): CodeIgniter\Database\Query->getQuery()
#5 /home/fbeslife/fmenu.fbeslife.com/system/Database/BaseBuilder.php(1913): CodeIgniter\Database\BaseConnection->query('UPDATE `desk` S...', Array, false)
#6 /home/fbeslife/fmenu.fbeslife.com/app/Models/Admin/ADeskModel.php(33): CodeIgniter\Database\BaseBuilder->update(Array)
#7 /home/fbeslife/fmenu.fbeslife.com/app/Controllers/Fpanel/Desk.php(233): App\Models\Admin\ADeskModel->updDesk('6', Array)
#8 /home/fbeslife/fmenu.fbeslife.com/system/CodeIgniter.php(832): App\Controllers\Fpanel\Desk->update_result_name()
#9 /home/fbeslife/fmenu.fbeslife.com/system/CodeIgniter.php(419): CodeIgniter\CodeIgniter->runController(Object(App\Controllers\Fpanel\Desk))
#10 /home/fbeslife/fmenu.fbeslife.com/system/CodeIgniter.php(326): CodeIgniter\CodeIgniter->handleRequest(NULL, Object(Config\Cache), false)
#11 /home/fbeslife/fmenu.fbeslife.com/index.php(37): CodeIgniter\CodeIgniter->run()
#12 {main}
CRITICAL - 2022-07-30 16:28:47 --> Object of class stdClass could not be converted to string
#0 [internal function]: CodeIgniter\Debug\Exceptions->errorHandler(4096, 'Object of class...', '/home/fbeslife/...', 318, Array)
#1 /home/fbeslife/fmenu.fbeslife.com/system/Database/Query.php(318): strtr('UPDATE `desk` S...', Array)
#2 /home/fbeslife/fmenu.fbeslife.com/system/Database/Query.php(293): CodeIgniter\Database\Query->matchNamedBinds('UPDATE `desk` S...', Array)
#3 /home/fbeslife/fmenu.fbeslife.com/system/Database/Query.php(150): CodeIgniter\Database\Query->compileBinds()
#4 /home/fbeslife/fmenu.fbeslife.com/system/Database/BaseConnection.php(598): CodeIgniter\Database\Query->getQuery()
#5 /home/fbeslife/fmenu.fbeslife.com/system/Database/BaseBuilder.php(1913): CodeIgniter\Database\BaseConnection->query('UPDATE `desk` S...', Array, false)
#6 /home/fbeslife/fmenu.fbeslife.com/app/Models/Admin/ADeskModel.php(33): CodeIgniter\Database\BaseBuilder->update(Array)
#7 /home/fbeslife/fmenu.fbeslife.com/app/Controllers/Fpanel/Desk.php(233): App\Models\Admin\ADeskModel->updDesk('6', Array)
#8 /home/fbeslife/fmenu.fbeslife.com/system/CodeIgniter.php(832): App\Controllers\Fpanel\Desk->update_result_name()
#9 /home/fbeslife/fmenu.fbeslife.com/system/CodeIgniter.php(419): CodeIgniter\CodeIgniter->runController(Object(App\Controllers\Fpanel\Desk))
#10 /home/fbeslife/fmenu.fbeslife.com/system/CodeIgniter.php(326): CodeIgniter\CodeIgniter->handleRequest(NULL, Object(Config\Cache), false)
#11 /home/fbeslife/fmenu.fbeslife.com/index.php(37): CodeIgniter\CodeIgniter->run()
#12 {main}
CRITICAL - 2022-07-30 16:28:47 --> Object of class stdClass could not be converted to string
#0 [internal function]: CodeIgniter\Debug\Exceptions->errorHandler(4096, 'Object of class...', '/home/fbeslife/...', 318, Array)
#1 /home/fbeslife/fmenu.fbeslife.com/system/Database/Query.php(318): strtr('UPDATE `desk` S...', Array)
#2 /home/fbeslife/fmenu.fbeslife.com/system/Database/Query.php(293): CodeIgniter\Database\Query->matchNamedBinds('UPDATE `desk` S...', Array)
#3 /home/fbeslife/fmenu.fbeslife.com/system/Database/Query.php(150): CodeIgniter\Database\Query->compileBinds()
#4 /home/fbeslife/fmenu.fbeslife.com/system/Database/BaseConnection.php(598): CodeIgniter\Database\Query->getQuery()
#5 /home/fbeslife/fmenu.fbeslife.com/system/Database/BaseBuilder.php(1913): CodeIgniter\Database\BaseConnection->query('UPDATE `desk` S...', Array, false)
#6 /home/fbeslife/fmenu.fbeslife.com/app/Models/Admin/ADeskModel.php(33): CodeIgniter\Database\BaseBuilder->update(Array)
#7 /home/fbeslife/fmenu.fbeslife.com/app/Controllers/Fpanel/Desk.php(233): App\Models\Admin\ADeskModel->updDesk('7', Array)
#8 /home/fbeslife/fmenu.fbeslife.com/system/CodeIgniter.php(832): App\Controllers\Fpanel\Desk->update_result_name()
#9 /home/fbeslife/fmenu.fbeslife.com/system/CodeIgniter.php(419): CodeIgniter\CodeIgniter->runController(Object(App\Controllers\Fpanel\Desk))
#10 /home/fbeslife/fmenu.fbeslife.com/system/CodeIgniter.php(326): CodeIgniter\CodeIgniter->handleRequest(NULL, Object(Config\Cache), false)
#11 /home/fbeslife/fmenu.fbeslife.com/index.php(37): CodeIgniter\CodeIgniter->run()
#12 {main}
CRITICAL - 2022-07-30 16:28:47 --> Object of class stdClass could not be converted to string
#0 [internal function]: CodeIgniter\Debug\Exceptions->errorHandler(4096, 'Object of class...', '/home/fbeslife/...', 318, Array)
#1 /home/fbeslife/fmenu.fbeslife.com/system/Database/Query.php(318): strtr('UPDATE `desk` S...', Array)
#2 /home/fbeslife/fmenu.fbeslife.com/system/Database/Query.php(293): CodeIgniter\Database\Query->matchNamedBinds('UPDATE `desk` S...', Array)
#3 /home/fbeslife/fmenu.fbeslife.com/system/Database/Query.php(150): CodeIgniter\Database\Query->compileBinds()
#4 /home/fbeslife/fmenu.fbeslife.com/system/Database/BaseConnection.php(598): CodeIgniter\Database\Query->getQuery()
#5 /home/fbeslife/fmenu.fbeslife.com/system/Database/BaseBuilder.php(1913): CodeIgniter\Database\BaseConnection->query('UPDATE `desk` S...', Array, false)
#6 /home/fbeslife/fmenu.fbeslife.com/app/Models/Admin/ADeskModel.php(33): CodeIgniter\Database\BaseBuilder->update(Array)
#7 /home/fbeslife/fmenu.fbeslife.com/app/Controllers/Fpanel/Desk.php(233): App\Models\Admin\ADeskModel->updDesk('6', Array)
#8 /home/fbeslife/fmenu.fbeslife.com/system/CodeIgniter.php(832): App\Controllers\Fpanel\Desk->update_result_name()
#9 /home/fbeslife/fmenu.fbeslife.com/system/CodeIgniter.php(419): CodeIgniter\CodeIgniter->runController(Object(App\Controllers\Fpanel\Desk))
#10 /home/fbeslife/fmenu.fbeslife.com/system/CodeIgniter.php(326): CodeIgniter\CodeIgniter->handleRequest(NULL, Object(Config\Cache), false)
#11 /home/fbeslife/fmenu.fbeslife.com/index.php(37): CodeIgniter\CodeIgniter->run()
#12 {main}
CRITICAL - 2022-07-30 16:28:48 --> Object of class stdClass could not be converted to string
#0 [internal function]: CodeIgniter\Debug\Exceptions->errorHandler(4096, 'Object of class...', '/home/fbeslife/...', 318, Array)
#1 /home/fbeslife/fmenu.fbeslife.com/system/Database/Query.php(318): strtr('UPDATE `desk` S...', Array)
#2 /home/fbeslife/fmenu.fbeslife.com/system/Database/Query.php(293): CodeIgniter\Database\Query->matchNamedBinds('UPDATE `desk` S...', Array)
#3 /home/fbeslife/fmenu.fbeslife.com/system/Database/Query.php(150): CodeIgniter\Database\Query->compileBinds()
#4 /home/fbeslife/fmenu.fbeslife.com/system/Database/BaseConnection.php(598): CodeIgniter\Database\Query->getQuery()
#5 /home/fbeslife/fmenu.fbeslife.com/system/Database/BaseBuilder.php(1913): CodeIgniter\Database\BaseConnection->query('UPDATE `desk` S...', Array, false)
#6 /home/fbeslife/fmenu.fbeslife.com/app/Models/Admin/ADeskModel.php(33): CodeIgniter\Database\BaseBuilder->update(Array)
#7 /home/fbeslife/fmenu.fbeslife.com/app/Controllers/Fpanel/Desk.php(233): App\Models\Admin\ADeskModel->updDesk('7', Array)
#8 /home/fbeslife/fmenu.fbeslife.com/system/CodeIgniter.php(832): App\Controllers\Fpanel\Desk->update_result_name()
#9 /home/fbeslife/fmenu.fbeslife.com/system/CodeIgniter.php(419): CodeIgniter\CodeIgniter->runController(Object(App\Controllers\Fpanel\Desk))
#10 /home/fbeslife/fmenu.fbeslife.com/system/CodeIgniter.php(326): CodeIgniter\CodeIgniter->handleRequest(NULL, Object(Config\Cache), false)
#11 /home/fbeslife/fmenu.fbeslife.com/index.php(37): CodeIgniter\CodeIgniter->run()
#12 {main}
CRITICAL - 2022-07-30 16:28:48 --> Object of class stdClass could not be converted to string
#0 [internal function]: CodeIgniter\Debug\Exceptions->errorHandler(4096, 'Object of class...', '/home/fbeslife/...', 318, Array)
#1 /home/fbeslife/fmenu.fbeslife.com/system/Database/Query.php(318): strtr('UPDATE `desk` S...', Array)
#2 /home/fbeslife/fmenu.fbeslife.com/system/Database/Query.php(293): CodeIgniter\Database\Query->matchNamedBinds('UPDATE `desk` S...', Array)
#3 /home/fbeslife/fmenu.fbeslife.com/system/Database/Query.php(150): CodeIgniter\Database\Query->compileBinds()
#4 /home/fbeslife/fmenu.fbeslife.com/system/Database/BaseConnection.php(598): CodeIgniter\Database\Query->getQuery()
#5 /home/fbeslife/fmenu.fbeslife.com/system/Database/BaseBuilder.php(1913): CodeIgniter\Database\BaseConnection->query('UPDATE `desk` S...', Array, false)
#6 /home/fbeslife/fmenu.fbeslife.com/app/Models/Admin/ADeskModel.php(33): CodeIgniter\Database\BaseBuilder->update(Array)
#7 /home/fbeslife/fmenu.fbeslife.com/app/Controllers/Fpanel/Desk.php(233): App\Models\Admin\ADeskModel->updDesk('8', Array)
#8 /home/fbeslife/fmenu.fbeslife.com/system/CodeIgniter.php(832): App\Controllers\Fpanel\Desk->update_result_name()
#9 /home/fbeslife/fmenu.fbeslife.com/system/CodeIgniter.php(419): CodeIgniter\CodeIgniter->runController(Object(App\Controllers\Fpanel\Desk))
#10 /home/fbeslife/fmenu.fbeslife.com/system/CodeIgniter.php(326): CodeIgniter\CodeIgniter->handleRequest(NULL, Object(Config\Cache), false)
#11 /home/fbeslife/fmenu.fbeslife.com/index.php(37): CodeIgniter\CodeIgniter->run()
#12 {main}
CRITICAL - 2022-07-30 16:28:48 --> Object of class stdClass could not be converted to string
#0 [internal function]: CodeIgniter\Debug\Exceptions->errorHandler(4096, 'Object of class...', '/home/fbeslife/...', 318, Array)
#1 /home/fbeslife/fmenu.fbeslife.com/system/Database/Query.php(318): strtr('UPDATE `desk` S...', Array)
#2 /home/fbeslife/fmenu.fbeslife.com/system/Database/Query.php(293): CodeIgniter\Database\Query->matchNamedBinds('UPDATE `desk` S...', Array)
#3 /home/fbeslife/fmenu.fbeslife.com/system/Database/Query.php(150): CodeIgniter\Database\Query->compileBinds()
#4 /home/fbeslife/fmenu.fbeslife.com/system/Database/BaseConnection.php(598): CodeIgniter\Database\Query->getQuery()
#5 /home/fbeslife/fmenu.fbeslife.com/system/Database/BaseBuilder.php(1913): CodeIgniter\Database\BaseConnection->query('UPDATE `desk` S...', Array, false)
#6 /home/fbeslife/fmenu.fbeslife.com/app/Models/Admin/ADeskModel.php(33): CodeIgniter\Database\BaseBuilder->update(Array)
#7 /home/fbeslife/fmenu.fbeslife.com/app/Controllers/Fpanel/Desk.php(233): App\Models\Admin\ADeskModel->updDesk('7', Array)
#8 /home/fbeslife/fmenu.fbeslife.com/system/CodeIgniter.php(832): App\Controllers\Fpanel\Desk->update_result_name()
#9 /home/fbeslife/fmenu.fbeslife.com/system/CodeIgniter.php(419): CodeIgniter\CodeIgniter->runController(Object(App\Controllers\Fpanel\Desk))
#10 /home/fbeslife/fmenu.fbeslife.com/system/CodeIgniter.php(326): CodeIgniter\CodeIgniter->handleRequest(NULL, Object(Config\Cache), false)
#11 /home/fbeslife/fmenu.fbeslife.com/index.php(37): CodeIgniter\CodeIgniter->run()
#12 {main}
CRITICAL - 2022-07-30 16:28:49 --> Object of class stdClass could not be converted to string
#0 [internal function]: CodeIgniter\Debug\Exceptions->errorHandler(4096, 'Object of class...', '/home/fbeslife/...', 318, Array)
#1 /home/fbeslife/fmenu.fbeslife.com/system/Database/Query.php(318): strtr('UPDATE `desk` S...', Array)
#2 /home/fbeslife/fmenu.fbeslife.com/system/Database/Query.php(293): CodeIgniter\Database\Query->matchNamedBinds('UPDATE `desk` S...', Array)
#3 /home/fbeslife/fmenu.fbeslife.com/system/Database/Query.php(150): CodeIgniter\Database\Query->compileBinds()
#4 /home/fbeslife/fmenu.fbeslife.com/system/Database/BaseConnection.php(598): CodeIgniter\Database\Query->getQuery()
#5 /home/fbeslife/fmenu.fbeslife.com/system/Database/BaseBuilder.php(1913): CodeIgniter\Database\BaseConnection->query('UPDATE `desk` S...', Array, false)
#6 /home/fbeslife/fmenu.fbeslife.com/app/Models/Admin/ADeskModel.php(33): CodeIgniter\Database\BaseBuilder->update(Array)
#7 /home/fbeslife/fmenu.fbeslife.com/app/Controllers/Fpanel/Desk.php(233): App\Models\Admin\ADeskModel->updDesk('6', Array)
#8 /home/fbeslife/fmenu.fbeslife.com/system/CodeIgniter.php(832): App\Controllers\Fpanel\Desk->update_result_name()
#9 /home/fbeslife/fmenu.fbeslife.com/system/CodeIgniter.php(419): CodeIgniter\CodeIgniter->runController(Object(App\Controllers\Fpanel\Desk))
#10 /home/fbeslife/fmenu.fbeslife.com/system/CodeIgniter.php(326): CodeIgniter\CodeIgniter->handleRequest(NULL, Object(Config\Cache), false)
#11 /home/fbeslife/fmenu.fbeslife.com/index.php(37): CodeIgniter\CodeIgniter->run()
#12 {main}
CRITICAL - 2022-07-30 16:28:49 --> Object of class stdClass could not be converted to string
#0 [internal function]: CodeIgniter\Debug\Exceptions->errorHandler(4096, 'Object of class...', '/home/fbeslife/...', 318, Array)
#1 /home/fbeslife/fmenu.fbeslife.com/system/Database/Query.php(318): strtr('UPDATE `desk` S...', Array)
#2 /home/fbeslife/fmenu.fbeslife.com/system/Database/Query.php(293): CodeIgniter\Database\Query->matchNamedBinds('UPDATE `desk` S...', Array)
#3 /home/fbeslife/fmenu.fbeslife.com/system/Database/Query.php(150): CodeIgniter\Database\Query->compileBinds()
#4 /home/fbeslife/fmenu.fbeslife.com/system/Database/BaseConnection.php(598): CodeIgniter\Database\Query->getQuery()
#5 /home/fbeslife/fmenu.fbeslife.com/system/Database/BaseBuilder.php(1913): CodeIgniter\Database\BaseConnection->query('UPDATE `desk` S...', Array, false)
#6 /home/fbeslife/fmenu.fbeslife.com/app/Models/Admin/ADeskModel.php(33): CodeIgniter\Database\BaseBuilder->update(Array)
#7 /home/fbeslife/fmenu.fbeslife.com/app/Controllers/Fpanel/Desk.php(233): App\Models\Admin\ADeskModel->updDesk('7', Array)
#8 /home/fbeslife/fmenu.fbeslife.com/system/CodeIgniter.php(832): App\Controllers\Fpanel\Desk->update_result_name()
#9 /home/fbeslife/fmenu.fbeslife.com/system/CodeIgniter.php(419): CodeIgniter\CodeIgniter->runController(Object(App\Controllers\Fpanel\Desk))
#10 /home/fbeslife/fmenu.fbeslife.com/system/CodeIgniter.php(326): CodeIgniter\CodeIgniter->handleRequest(NULL, Object(Config\Cache), false)
#11 /home/fbeslife/fmenu.fbeslife.com/index.php(37): CodeIgniter\CodeIgniter->run()
#12 {main}
CRITICAL - 2022-07-30 16:28:49 --> Object of class stdClass could not be converted to string
#0 [internal function]: CodeIgniter\Debug\Exceptions->errorHandler(4096, 'Object of class...', '/home/fbeslife/...', 318, Array)
#1 /home/fbeslife/fmenu.fbeslife.com/system/Database/Query.php(318): strtr('UPDATE `desk` S...', Array)
#2 /home/fbeslife/fmenu.fbeslife.com/system/Database/Query.php(293): CodeIgniter\Database\Query->matchNamedBinds('UPDATE `desk` S...', Array)
#3 /home/fbeslife/fmenu.fbeslife.com/system/Database/Query.php(150): CodeIgniter\Database\Query->compileBinds()
#4 /home/fbeslife/fmenu.fbeslife.com/system/Database/BaseConnection.php(598): CodeIgniter\Database\Query->getQuery()
#5 /home/fbeslife/fmenu.fbeslife.com/system/Database/BaseBuilder.php(1913): CodeIgniter\Database\BaseConnection->query('UPDATE `desk` S...', Array, false)
#6 /home/fbeslife/fmenu.fbeslife.com/app/Models/Admin/ADeskModel.php(33): CodeIgniter\Database\BaseBuilder->update(Array)
#7 /home/fbeslife/fmenu.fbeslife.com/app/Controllers/Fpanel/Desk.php(233): App\Models\Admin\ADeskModel->updDesk('8', Array)
#8 /home/fbeslife/fmenu.fbeslife.com/system/CodeIgniter.php(832): App\Controllers\Fpanel\Desk->update_result_name()
#9 /home/fbeslife/fmenu.fbeslife.com/system/CodeIgniter.php(419): CodeIgniter\CodeIgniter->runController(Object(App\Controllers\Fpanel\Desk))
#10 /home/fbeslife/fmenu.fbeslife.com/system/CodeIgniter.php(326): CodeIgniter\CodeIgniter->handleRequest(NULL, Object(Config\Cache), false)
#11 /home/fbeslife/fmenu.fbeslife.com/index.php(37): CodeIgniter\CodeIgniter->run()
#12 {main}
CRITICAL - 2022-07-30 16:28:50 --> Object of class stdClass could not be converted to string
#0 [internal function]: CodeIgniter\Debug\Exceptions->errorHandler(4096, 'Object of class...', '/home/fbeslife/...', 318, Array)
#1 /home/fbeslife/fmenu.fbeslife.com/system/Database/Query.php(318): strtr('UPDATE `desk` S...', Array)
#2 /home/fbeslife/fmenu.fbeslife.com/system/Database/Query.php(293): CodeIgniter\Database\Query->matchNamedBinds('UPDATE `desk` S...', Array)
#3 /home/fbeslife/fmenu.fbeslife.com/system/Database/Query.php(150): CodeIgniter\Database\Query->compileBinds()
#4 /home/fbeslife/fmenu.fbeslife.com/system/Database/BaseConnection.php(598): CodeIgniter\Database\Query->getQuery()
#5 /home/fbeslife/fmenu.fbeslife.com/system/Database/BaseBuilder.php(1913): CodeIgniter\Database\BaseConnection->query('UPDATE `desk` S...', Array, false)
#6 /home/fbeslife/fmenu.fbeslife.com/app/Models/Admin/ADeskModel.php(33): CodeIgniter\Database\BaseBuilder->update(Array)
#7 /home/fbeslife/fmenu.fbeslife.com/app/Controllers/Fpanel/Desk.php(233): App\Models\Admin\ADeskModel->updDesk('6', Array)
#8 /home/fbeslife/fmenu.fbeslife.com/system/CodeIgniter.php(832): App\Controllers\Fpanel\Desk->update_result_name()
#9 /home/fbeslife/fmenu.fbeslife.com/system/CodeIgniter.php(419): CodeIgniter\CodeIgniter->runController(Object(App\Controllers\Fpanel\Desk))
#10 /home/fbeslife/fmenu.fbeslife.com/system/CodeIgniter.php(326): CodeIgniter\CodeIgniter->handleRequest(NULL, Object(Config\Cache), false)
#11 /home/fbeslife/fmenu.fbeslife.com/index.php(37): CodeIgniter\CodeIgniter->run()
#12 {main}
CRITICAL - 2022-07-30 16:28:51 --> Object of class stdClass could not be converted to string
#0 [internal function]: CodeIgniter\Debug\Exceptions->errorHandler(4096, 'Object of class...', '/home/fbeslife/...', 318, Array)
#1 /home/fbeslife/fmenu.fbeslife.com/system/Database/Query.php(318): strtr('UPDATE `desk` S...', Array)
#2 /home/fbeslife/fmenu.fbeslife.com/system/Database/Query.php(293): CodeIgniter\Database\Query->matchNamedBinds('UPDATE `desk` S...', Array)
#3 /home/fbeslife/fmenu.fbeslife.com/system/Database/Query.php(150): CodeIgniter\Database\Query->compileBinds()
#4 /home/fbeslife/fmenu.fbeslife.com/system/Database/BaseConnection.php(598): CodeIgniter\Database\Query->getQuery()
#5 /home/fbeslife/fmenu.fbeslife.com/system/Database/BaseBuilder.php(1913): CodeIgniter\Database\BaseConnection->query('UPDATE `desk` S...', Array, false)
#6 /home/fbeslife/fmenu.fbeslife.com/app/Models/Admin/ADeskModel.php(33): CodeIgniter\Database\BaseBuilder->update(Array)
#7 /home/fbeslife/fmenu.fbeslife.com/app/Controllers/Fpanel/Desk.php(233): App\Models\Admin\ADeskModel->updDesk('7', Array)
#8 /home/fbeslife/fmenu.fbeslife.com/system/CodeIgniter.php(832): App\Controllers\Fpanel\Desk->update_result_name()
#9 /home/fbeslife/fmenu.fbeslife.com/system/CodeIgniter.php(419): CodeIgniter\CodeIgniter->runController(Object(App\Controllers\Fpanel\Desk))
#10 /home/fbeslife/fmenu.fbeslife.com/system/CodeIgniter.php(326): CodeIgniter\CodeIgniter->handleRequest(NULL, Object(Config\Cache), false)
#11 /home/fbeslife/fmenu.fbeslife.com/index.php(37): CodeIgniter\CodeIgniter->run()
#12 {main}
CRITICAL - 2022-07-30 16:28:51 --> Object of class stdClass could not be converted to string
#0 [internal function]: CodeIgniter\Debug\Exceptions->errorHandler(4096, 'Object of class...', '/home/fbeslife/...', 318, Array)
#1 /home/fbeslife/fmenu.fbeslife.com/system/Database/Query.php(318): strtr('UPDATE `desk` S...', Array)
#2 /home/fbeslife/fmenu.fbeslife.com/system/Database/Query.php(293): CodeIgniter\Database\Query->matchNamedBinds('UPDATE `desk` S...', Array)
#3 /home/fbeslife/fmenu.fbeslife.com/system/Database/Query.php(150): CodeIgniter\Database\Query->compileBinds()
#4 /home/fbeslife/fmenu.fbeslife.com/system/Database/BaseConnection.php(598): CodeIgniter\Database\Query->getQuery()
#5 /home/fbeslife/fmenu.fbeslife.com/system/Database/BaseBuilder.php(1913): CodeIgniter\Database\BaseConnection->query('UPDATE `desk` S...', Array, false)
#6 /home/fbeslife/fmenu.fbeslife.com/app/Models/Admin/ADeskModel.php(33): CodeIgniter\Database\BaseBuilder->update(Array)
#7 /home/fbeslife/fmenu.fbeslife.com/app/Controllers/Fpanel/Desk.php(233): App\Models\Admin\ADeskModel->updDesk('6', Array)
#8 /home/fbeslife/fmenu.fbeslife.com/system/CodeIgniter.php(832): App\Controllers\Fpanel\Desk->update_result_name()
#9 /home/fbeslife/fmenu.fbeslife.com/system/CodeIgniter.php(419): CodeIgniter\CodeIgniter->runController(Object(App\Controllers\Fpanel\Desk))
#10 /home/fbeslife/fmenu.fbeslife.com/system/CodeIgniter.php(326): CodeIgniter\CodeIgniter->handleRequest(NULL, Object(Config\Cache), false)
#11 /home/fbeslife/fmenu.fbeslife.com/index.php(37): CodeIgniter\CodeIgniter->run()
#12 {main}
CRITICAL - 2022-07-30 16:28:51 --> Object of class stdClass could not be converted to string
#0 [internal function]: CodeIgniter\Debug\Exceptions->errorHandler(4096, 'Object of class...', '/home/fbeslife/...', 318, Array)
#1 /home/fbeslife/fmenu.fbeslife.com/system/Database/Query.php(318): strtr('UPDATE `desk` S...', Array)
#2 /home/fbeslife/fmenu.fbeslife.com/system/Database/Query.php(293): CodeIgniter\Database\Query->matchNamedBinds('UPDATE `desk` S...', Array)
#3 /home/fbeslife/fmenu.fbeslife.com/system/Database/Query.php(150): CodeIgniter\Database\Query->compileBinds()
#4 /home/fbeslife/fmenu.fbeslife.com/system/Database/BaseConnection.php(598): CodeIgniter\Database\Query->getQuery()
#5 /home/fbeslife/fmenu.fbeslife.com/system/Database/BaseBuilder.php(1913): CodeIgniter\Database\BaseConnection->query('UPDATE `desk` S...', Array, false)
#6 /home/fbeslife/fmenu.fbeslife.com/app/Models/Admin/ADeskModel.php(33): CodeIgniter\Database\BaseBuilder->update(Array)
#7 /home/fbeslife/fmenu.fbeslife.com/app/Controllers/Fpanel/Desk.php(233): App\Models\Admin\ADeskModel->updDesk('7', Array)
#8 /home/fbeslife/fmenu.fbeslife.com/system/CodeIgniter.php(832): App\Controllers\Fpanel\Desk->update_result_name()
#9 /home/fbeslife/fmenu.fbeslife.com/system/CodeIgniter.php(419): CodeIgniter\CodeIgniter->runController(Object(App\Controllers\Fpanel\Desk))
#10 /home/fbeslife/fmenu.fbeslife.com/system/CodeIgniter.php(326): CodeIgniter\CodeIgniter->handleRequest(NULL, Object(Config\Cache), false)
#11 /home/fbeslife/fmenu.fbeslife.com/index.php(37): CodeIgniter\CodeIgniter->run()
#12 {main}
CRITICAL - 2022-07-30 16:28:52 --> Object of class stdClass could not be converted to string
#0 [internal function]: CodeIgniter\Debug\Exceptions->errorHandler(4096, 'Object of class...', '/home/fbeslife/...', 318, Array)
#1 /home/fbeslife/fmenu.fbeslife.com/system/Database/Query.php(318): strtr('UPDATE `desk` S...', Array)
#2 /home/fbeslife/fmenu.fbeslife.com/system/Database/Query.php(293): CodeIgniter\Database\Query->matchNamedBinds('UPDATE `desk` S...', Array)
#3 /home/fbeslife/fmenu.fbeslife.com/system/Database/Query.php(150): CodeIgniter\Database\Query->compileBinds()
#4 /home/fbeslife/fmenu.fbeslife.com/system/Database/BaseConnection.php(598): CodeIgniter\Database\Query->getQuery()
#5 /home/fbeslife/fmenu.fbeslife.com/system/Database/BaseBuilder.php(1913): CodeIgniter\Database\BaseConnection->query('UPDATE `desk` S...', Array, false)
#6 /home/fbeslife/fmenu.fbeslife.com/app/Models/Admin/ADeskModel.php(33): CodeIgniter\Database\BaseBuilder->update(Array)
#7 /home/fbeslife/fmenu.fbeslife.com/app/Controllers/Fpanel/Desk.php(233): App\Models\Admin\ADeskModel->updDesk('8', Array)
#8 /home/fbeslife/fmenu.fbeslife.com/system/CodeIgniter.php(832): App\Controllers\Fpanel\Desk->update_result_name()
#9 /home/fbeslife/fmenu.fbeslife.com/system/CodeIgniter.php(419): CodeIgniter\CodeIgniter->runController(Object(App\Controllers\Fpanel\Desk))
#10 /home/fbeslife/fmenu.fbeslife.com/system/CodeIgniter.php(326): CodeIgniter\CodeIgniter->handleRequest(NULL, Object(Config\Cache), false)
#11 /home/fbeslife/fmenu.fbeslife.com/index.php(37): CodeIgniter\CodeIgniter->run()
#12 {main}
CRITICAL - 2022-07-30 16:28:52 --> Object of class stdClass could not be converted to string
#0 [internal function]: CodeIgniter\Debug\Exceptions->errorHandler(4096, 'Object of class...', '/home/fbeslife/...', 318, Array)
#1 /home/fbeslife/fmenu.fbeslife.com/system/Database/Query.php(318): strtr('UPDATE `desk` S...', Array)
#2 /home/fbeslife/fmenu.fbeslife.com/system/Database/Query.php(293): CodeIgniter\Database\Query->matchNamedBinds('UPDATE `desk` S...', Array)
#3 /home/fbeslife/fmenu.fbeslife.com/system/Database/Query.php(150): CodeIgniter\Database\Query->compileBinds()
#4 /home/fbeslife/fmenu.fbeslife.com/system/Database/BaseConnection.php(598): CodeIgniter\Database\Query->getQuery()
#5 /home/fbeslife/fmenu.fbeslife.com/system/Database/BaseBuilder.php(1913): CodeIgniter\Database\BaseConnection->query('UPDATE `desk` S...', Array, false)
#6 /home/fbeslife/fmenu.fbeslife.com/app/Models/Admin/ADeskModel.php(33): CodeIgniter\Database\BaseBuilder->update(Array)
#7 /home/fbeslife/fmenu.fbeslife.com/app/Controllers/Fpanel/Desk.php(233): App\Models\Admin\ADeskModel->updDesk('6', Array)
#8 /home/fbeslife/fmenu.fbeslife.com/system/CodeIgniter.php(832): App\Controllers\Fpanel\Desk->update_result_name()
#9 /home/fbeslife/fmenu.fbeslife.com/system/CodeIgniter.php(419): CodeIgniter\CodeIgniter->runController(Object(App\Controllers\Fpanel\Desk))
#10 /home/fbeslife/fmenu.fbeslife.com/system/CodeIgniter.php(326): CodeIgniter\CodeIgniter->handleRequest(NULL, Object(Config\Cache), false)
#11 /home/fbeslife/fmenu.fbeslife.com/index.php(37): CodeIgniter\CodeIgniter->run()
#12 {main}
CRITICAL - 2022-07-30 16:28:52 --> Object of class stdClass could not be converted to string
#0 [internal function]: CodeIgniter\Debug\Exceptions->errorHandler(4096, 'Object of class...', '/home/fbeslife/...', 318, Array)
#1 /home/fbeslife/fmenu.fbeslife.com/system/Database/Query.php(318): strtr('UPDATE `desk` S...', Array)
#2 /home/fbeslife/fmenu.fbeslife.com/system/Database/Query.php(293): CodeIgniter\Database\Query->matchNamedBinds('UPDATE `desk` S...', Array)
#3 /home/fbeslife/fmenu.fbeslife.com/system/Database/Query.php(150): CodeIgniter\Database\Query->compileBinds()
#4 /home/fbeslife/fmenu.fbeslife.com/system/Database/BaseConnection.php(598): CodeIgniter\Database\Query->getQuery()
#5 /home/fbeslife/fmenu.fbeslife.com/system/Database/BaseBuilder.php(1913): CodeIgniter\Database\BaseConnection->query('UPDATE `desk` S...', Array, false)
#6 /home/fbeslife/fmenu.fbeslife.com/app/Models/Admin/ADeskModel.php(33): CodeIgniter\Database\BaseBuilder->update(Array)
#7 /home/fbeslife/fmenu.fbeslife.com/app/Controllers/Fpanel/Desk.php(233): App\Models\Admin\ADeskModel->updDesk('7', Array)
#8 /home/fbeslife/fmenu.fbeslife.com/system/CodeIgniter.php(832): App\Controllers\Fpanel\Desk->update_result_name()
#9 /home/fbeslife/fmenu.fbeslife.com/system/CodeIgniter.php(419): CodeIgniter\CodeIgniter->runController(Object(App\Controllers\Fpanel\Desk))
#10 /home/fbeslife/fmenu.fbeslife.com/system/CodeIgniter.php(326): CodeIgniter\CodeIgniter->handleRequest(NULL, Object(Config\Cache), false)
#11 /home/fbeslife/fmenu.fbeslife.com/index.php(37): CodeIgniter\CodeIgniter->run()
#12 {main}
CRITICAL - 2022-07-30 16:28:53 --> Object of class stdClass could not be converted to string
#0 [internal function]: CodeIgniter\Debug\Exceptions->errorHandler(4096, 'Object of class...', '/home/fbeslife/...', 318, Array)
#1 /home/fbeslife/fmenu.fbeslife.com/system/Database/Query.php(318): strtr('UPDATE `desk` S...', Array)
#2 /home/fbeslife/fmenu.fbeslife.com/system/Database/Query.php(293): CodeIgniter\Database\Query->matchNamedBinds('UPDATE `desk` S...', Array)
#3 /home/fbeslife/fmenu.fbeslife.com/system/Database/Query.php(150): CodeIgniter\Database\Query->compileBinds()
#4 /home/fbeslife/fmenu.fbeslife.com/system/Database/BaseConnection.php(598): CodeIgniter\Database\Query->getQuery()
#5 /home/fbeslife/fmenu.fbeslife.com/system/Database/BaseBuilder.php(1913): CodeIgniter\Database\BaseConnection->query('UPDATE `desk` S...', Array, false)
#6 /home/fbeslife/fmenu.fbeslife.com/app/Models/Admin/ADeskModel.php(33): CodeIgniter\Database\BaseBuilder->update(Array)
#7 /home/fbeslife/fmenu.fbeslife.com/app/Controllers/Fpanel/Desk.php(233): App\Models\Admin\ADeskModel->updDesk('6', Array)
#8 /home/fbeslife/fmenu.fbeslife.com/system/CodeIgniter.php(832): App\Controllers\Fpanel\Desk->update_result_name()
#9 /home/fbeslife/fmenu.fbeslife.com/system/CodeIgniter.php(419): CodeIgniter\CodeIgniter->runController(Object(App\Controllers\Fpanel\Desk))
#10 /home/fbeslife/fmenu.fbeslife.com/system/CodeIgniter.php(326): CodeIgniter\CodeIgniter->handleRequest(NULL, Object(Config\Cache), false)
#11 /home/fbeslife/fmenu.fbeslife.com/index.php(37): CodeIgniter\CodeIgniter->run()
#12 {main}
CRITICAL - 2022-07-30 16:28:53 --> Object of class stdClass could not be converted to string
#0 [internal function]: CodeIgniter\Debug\Exceptions->errorHandler(4096, 'Object of class...', '/home/fbeslife/...', 318, Array)
#1 /home/fbeslife/fmenu.fbeslife.com/system/Database/Query.php(318): strtr('UPDATE `desk` S...', Array)
#2 /home/fbeslife/fmenu.fbeslife.com/system/Database/Query.php(293): CodeIgniter\Database\Query->matchNamedBinds('UPDATE `desk` S...', Array)
#3 /home/fbeslife/fmenu.fbeslife.com/system/Database/Query.php(150): CodeIgniter\Database\Query->compileBinds()
#4 /home/fbeslife/fmenu.fbeslife.com/system/Database/BaseConnection.php(598): CodeIgniter\Database\Query->getQuery()
#5 /home/fbeslife/fmenu.fbeslife.com/system/Database/BaseBuilder.php(1913): CodeIgniter\Database\BaseConnection->query('UPDATE `desk` S...', Array, false)
#6 /home/fbeslife/fmenu.fbeslife.com/app/Models/Admin/ADeskModel.php(33): CodeIgniter\Database\BaseBuilder->update(Array)
#7 /home/fbeslife/fmenu.fbeslife.com/app/Controllers/Fpanel/Desk.php(233): App\Models\Admin\ADeskModel->updDesk('7', Array)
#8 /home/fbeslife/fmenu.fbeslife.com/system/CodeIgniter.php(832): App\Controllers\Fpanel\Desk->update_result_name()
#9 /home/fbeslife/fmenu.fbeslife.com/system/CodeIgniter.php(419): CodeIgniter\CodeIgniter->runController(Object(App\Controllers\Fpanel\Desk))
#10 /home/fbeslife/fmenu.fbeslife.com/system/CodeIgniter.php(326): CodeIgniter\CodeIgniter->handleRequest(NULL, Object(Config\Cache), false)
#11 /home/fbeslife/fmenu.fbeslife.com/index.php(37): CodeIgniter\CodeIgniter->run()
#12 {main}
CRITICAL - 2022-07-30 16:28:53 --> Object of class stdClass could not be converted to string
#0 [internal function]: CodeIgniter\Debug\Exceptions->errorHandler(4096, 'Object of class...', '/home/fbeslife/...', 318, Array)
#1 /home/fbeslife/fmenu.fbeslife.com/system/Database/Query.php(318): strtr('UPDATE `desk` S...', Array)
#2 /home/fbeslife/fmenu.fbeslife.com/system/Database/Query.php(293): CodeIgniter\Database\Query->matchNamedBinds('UPDATE `desk` S...', Array)
#3 /home/fbeslife/fmenu.fbeslife.com/system/Database/Query.php(150): CodeIgniter\Database\Query->compileBinds()
#4 /home/fbeslife/fmenu.fbeslife.com/system/Database/BaseConnection.php(598): CodeIgniter\Database\Query->getQuery()
#5 /home/fbeslife/fmenu.fbeslife.com/system/Database/BaseBuilder.php(1913): CodeIgniter\Database\BaseConnection->query('UPDATE `desk` S...', Array, false)
#6 /home/fbeslife/fmenu.fbeslife.com/app/Models/Admin/ADeskModel.php(33): CodeIgniter\Database\BaseBuilder->update(Array)
#7 /home/fbeslife/fmenu.fbeslife.com/app/Controllers/Fpanel/Desk.php(233): App\Models\Admin\ADeskModel->updDesk('8', Array)
#8 /home/fbeslife/fmenu.fbeslife.com/system/CodeIgniter.php(832): App\Controllers\Fpanel\Desk->update_result_name()
#9 /home/fbeslife/fmenu.fbeslife.com/system/CodeIgniter.php(419): CodeIgniter\CodeIgniter->runController(Object(App\Controllers\Fpanel\Desk))
#10 /home/fbeslife/fmenu.fbeslife.com/system/CodeIgniter.php(326): CodeIgniter\CodeIgniter->handleRequest(NULL, Object(Config\Cache), false)
#11 /home/fbeslife/fmenu.fbeslife.com/index.php(37): CodeIgniter\CodeIgniter->run()
#12 {main}
CRITICAL - 2022-07-30 16:28:54 --> Object of class stdClass could not be converted to string
#0 [internal function]: CodeIgniter\Debug\Exceptions->errorHandler(4096, 'Object of class...', '/home/fbeslife/...', 318, Array)
#1 /home/fbeslife/fmenu.fbeslife.com/system/Database/Query.php(318): strtr('UPDATE `desk` S...', Array)
#2 /home/fbeslife/fmenu.fbeslife.com/system/Database/Query.php(293): CodeIgniter\Database\Query->matchNamedBinds('UPDATE `desk` S...', Array)
#3 /home/fbeslife/fmenu.fbeslife.com/system/Database/Query.php(150): CodeIgniter\Database\Query->compileBinds()
#4 /home/fbeslife/fmenu.fbeslife.com/system/Database/BaseConnection.php(598): CodeIgniter\Database\Query->getQuery()
#5 /home/fbeslife/fmenu.fbeslife.com/system/Database/BaseBuilder.php(1913): CodeIgniter\Database\BaseConnection->query('UPDATE `desk` S...', Array, false)
#6 /home/fbeslife/fmenu.fbeslife.com/app/Models/Admin/ADeskModel.php(33): CodeIgniter\Database\BaseBuilder->update(Array)
#7 /home/fbeslife/fmenu.fbeslife.com/app/Controllers/Fpanel/Desk.php(233): App\Models\Admin\ADeskModel->updDesk('6', Array)
#8 /home/fbeslife/fmenu.fbeslife.com/system/CodeIgniter.php(832): App\Controllers\Fpanel\Desk->update_result_name()
#9 /home/fbeslife/fmenu.fbeslife.com/system/CodeIgniter.php(419): CodeIgniter\CodeIgniter->runController(Object(App\Controllers\Fpanel\Desk))
#10 /home/fbeslife/fmenu.fbeslife.com/system/CodeIgniter.php(326): CodeIgniter\CodeIgniter->handleRequest(NULL, Object(Config\Cache), false)
#11 /home/fbeslife/fmenu.fbeslife.com/index.php(37): CodeIgniter\CodeIgniter->run()
#12 {main}
CRITICAL - 2022-07-30 16:28:54 --> Object of class stdClass could not be converted to string
#0 [internal function]: CodeIgniter\Debug\Exceptions->errorHandler(4096, 'Object of class...', '/home/fbeslife/...', 318, Array)
#1 /home/fbeslife/fmenu.fbeslife.com/system/Database/Query.php(318): strtr('UPDATE `desk` S...', Array)
#2 /home/fbeslife/fmenu.fbeslife.com/system/Database/Query.php(293): CodeIgniter\Database\Query->matchNamedBinds('UPDATE `desk` S...', Array)
#3 /home/fbeslife/fmenu.fbeslife.com/system/Database/Query.php(150): CodeIgniter\Database\Query->compileBinds()
#4 /home/fbeslife/fmenu.fbeslife.com/system/Database/BaseConnection.php(598): CodeIgniter\Database\Query->getQuery()
#5 /home/fbeslife/fmenu.fbeslife.com/system/Database/BaseBuilder.php(1913): CodeIgniter\Database\BaseConnection->query('UPDATE `desk` S...', Array, false)
#6 /home/fbeslife/fmenu.fbeslife.com/app/Models/Admin/ADeskModel.php(33): CodeIgniter\Database\BaseBuilder->update(Array)
#7 /home/fbeslife/fmenu.fbeslife.com/app/Controllers/Fpanel/Desk.php(233): App\Models\Admin\ADeskModel->updDesk('7', Array)
#8 /home/fbeslife/fmenu.fbeslife.com/system/CodeIgniter.php(832): App\Controllers\Fpanel\Desk->update_result_name()
#9 /home/fbeslife/fmenu.fbeslife.com/system/CodeIgniter.php(419): CodeIgniter\CodeIgniter->runController(Object(App\Controllers\Fpanel\Desk))
#10 /home/fbeslife/fmenu.fbeslife.com/system/CodeIgniter.php(326): CodeIgniter\CodeIgniter->handleRequest(NULL, Object(Config\Cache), false)
#11 /home/fbeslife/fmenu.fbeslife.com/index.php(37): CodeIgniter\CodeIgniter->run()
#12 {main}
CRITICAL - 2022-07-30 16:28:54 --> Object of class stdClass could not be converted to string
#0 [internal function]: CodeIgniter\Debug\Exceptions->errorHandler(4096, 'Object of class...', '/home/fbeslife/...', 318, Array)
#1 /home/fbeslife/fmenu.fbeslife.com/system/Database/Query.php(318): strtr('UPDATE `desk` S...', Array)
#2 /home/fbeslife/fmenu.fbeslife.com/system/Database/Query.php(293): CodeIgniter\Database\Query->matchNamedBinds('UPDATE `desk` S...', Array)
#3 /home/fbeslife/fmenu.fbeslife.com/system/Database/Query.php(150): CodeIgniter\Database\Query->compileBinds()
#4 /home/fbeslife/fmenu.fbeslife.com/system/Database/BaseConnection.php(598): CodeIgniter\Database\Query->getQuery()
#5 /home/fbeslife/fmenu.fbeslife.com/system/Database/BaseBuilder.php(1913): CodeIgniter\Database\BaseConnection->query('UPDATE `desk` S...', Array, false)
#6 /home/fbeslife/fmenu.fbeslife.com/app/Models/Admin/ADeskModel.php(33): CodeIgniter\Database\BaseBuilder->update(Array)
#7 /home/fbeslife/fmenu.fbeslife.com/app/Controllers/Fpanel/Desk.php(233): App\Models\Admin\ADeskModel->updDesk('6', Array)
#8 /home/fbeslife/fmenu.fbeslife.com/system/CodeIgniter.php(832): App\Controllers\Fpanel\Desk->update_result_name()
#9 /home/fbeslife/fmenu.fbeslife.com/system/CodeIgniter.php(419): CodeIgniter\CodeIgniter->runController(Object(App\Controllers\Fpanel\Desk))
#10 /home/fbeslife/fmenu.fbeslife.com/system/CodeIgniter.php(326): CodeIgniter\CodeIgniter->handleRequest(NULL, Object(Config\Cache), false)
#11 /home/fbeslife/fmenu.fbeslife.com/index.php(37): CodeIgniter\CodeIgniter->run()
#12 {main}
CRITICAL - 2022-07-30 16:28:55 --> Object of class stdClass could not be converted to string
#0 [internal function]: CodeIgniter\Debug\Exceptions->errorHandler(4096, 'Object of class...', '/home/fbeslife/...', 318, Array)
#1 /home/fbeslife/fmenu.fbeslife.com/system/Database/Query.php(318): strtr('UPDATE `desk` S...', Array)
#2 /home/fbeslife/fmenu.fbeslife.com/system/Database/Query.php(293): CodeIgniter\Database\Query->matchNamedBinds('UPDATE `desk` S...', Array)
#3 /home/fbeslife/fmenu.fbeslife.com/system/Database/Query.php(150): CodeIgniter\Database\Query->compileBinds()
#4 /home/fbeslife/fmenu.fbeslife.com/system/Database/BaseConnection.php(598): CodeIgniter\Database\Query->getQuery()
#5 /home/fbeslife/fmenu.fbeslife.com/system/Database/BaseBuilder.php(1913): CodeIgniter\Database\BaseConnection->query('UPDATE `desk` S...', Array, false)
#6 /home/fbeslife/fmenu.fbeslife.com/app/Models/Admin/ADeskModel.php(33): CodeIgniter\Database\BaseBuilder->update(Array)
#7 /home/fbeslife/fmenu.fbeslife.com/app/Controllers/Fpanel/Desk.php(233): App\Models\Admin\ADeskModel->updDesk('7', Array)
#8 /home/fbeslife/fmenu.fbeslife.com/system/CodeIgniter.php(832): App\Controllers\Fpanel\Desk->update_result_name()
#9 /home/fbeslife/fmenu.fbeslife.com/system/CodeIgniter.php(419): CodeIgniter\CodeIgniter->runController(Object(App\Controllers\Fpanel\Desk))
#10 /home/fbeslife/fmenu.fbeslife.com/system/CodeIgniter.php(326): CodeIgniter\CodeIgniter->handleRequest(NULL, Object(Config\Cache), false)
#11 /home/fbeslife/fmenu.fbeslife.com/index.php(37): CodeIgniter\CodeIgniter->run()
#12 {main}
CRITICAL - 2022-07-30 16:28:55 --> Object of class stdClass could not be converted to string
#0 [internal function]: CodeIgniter\Debug\Exceptions->errorHandler(4096, 'Object of class...', '/home/fbeslife/...', 318, Array)
#1 /home/fbeslife/fmenu.fbeslife.com/system/Database/Query.php(318): strtr('UPDATE `desk` S...', Array)
#2 /home/fbeslife/fmenu.fbeslife.com/system/Database/Query.php(293): CodeIgniter\Database\Query->matchNamedBinds('UPDATE `desk` S...', Array)
#3 /home/fbeslife/fmenu.fbeslife.com/system/Database/Query.php(150): CodeIgniter\Database\Query->compileBinds()
#4 /home/fbeslife/fmenu.fbeslife.com/system/Database/BaseConnection.php(598): CodeIgniter\Database\Query->getQuery()
#5 /home/fbeslife/fmenu.fbeslife.com/system/Database/BaseBuilder.php(1913): CodeIgniter\Database\BaseConnection->query('UPDATE `desk` S...', Array, false)
#6 /home/fbeslife/fmenu.fbeslife.com/app/Models/Admin/ADeskModel.php(33): CodeIgniter\Database\BaseBuilder->update(Array)
#7 /home/fbeslife/fmenu.fbeslife.com/app/Controllers/Fpanel/Desk.php(233): App\Models\Admin\ADeskModel->updDesk('8', Array)
#8 /home/fbeslife/fmenu.fbeslife.com/system/CodeIgniter.php(832): App\Controllers\Fpanel\Desk->update_result_name()
#9 /home/fbeslife/fmenu.fbeslife.com/system/CodeIgniter.php(419): CodeIgniter\CodeIgniter->runController(Object(App\Controllers\Fpanel\Desk))
#10 /home/fbeslife/fmenu.fbeslife.com/system/CodeIgniter.php(326): CodeIgniter\CodeIgniter->handleRequest(NULL, Object(Config\Cache), false)
#11 /home/fbeslife/fmenu.fbeslife.com/index.php(37): CodeIgniter\CodeIgniter->run()
#12 {main}
CRITICAL - 2022-07-30 16:28:56 --> Object of class stdClass could not be converted to string
#0 [internal function]: CodeIgniter\Debug\Exceptions->errorHandler(4096, 'Object of class...', '/home/fbeslife/...', 318, Array)
#1 /home/fbeslife/fmenu.fbeslife.com/system/Database/Query.php(318): strtr('UPDATE `desk` S...', Array)
#2 /home/fbeslife/fmenu.fbeslife.com/system/Database/Query.php(293): CodeIgniter\Database\Query->matchNamedBinds('UPDATE `desk` S...', Array)
#3 /home/fbeslife/fmenu.fbeslife.com/system/Database/Query.php(150): CodeIgniter\Database\Query->compileBinds()
#4 /home/fbeslife/fmenu.fbeslife.com/system/Database/BaseConnection.php(598): CodeIgniter\Database\Query->getQuery()
#5 /home/fbeslife/fmenu.fbeslife.com/system/Database/BaseBuilder.php(1913): CodeIgniter\Database\BaseConnection->query('UPDATE `desk` S...', Array, false)
#6 /home/fbeslife/fmenu.fbeslife.com/app/Models/Admin/ADeskModel.php(33): CodeIgniter\Database\BaseBuilder->update(Array)
#7 /home/fbeslife/fmenu.fbeslife.com/app/Controllers/Fpanel/Desk.php(233): App\Models\Admin\ADeskModel->updDesk('8', Array)
#8 /home/fbeslife/fmenu.fbeslife.com/system/CodeIgniter.php(832): App\Controllers\Fpanel\Desk->update_result_name()
#9 /home/fbeslife/fmenu.fbeslife.com/system/CodeIgniter.php(419): CodeIgniter\CodeIgniter->runController(Object(App\Controllers\Fpanel\Desk))
#10 /home/fbeslife/fmenu.fbeslife.com/system/CodeIgniter.php(326): CodeIgniter\CodeIgniter->handleRequest(NULL, Object(Config\Cache), false)
#11 /home/fbeslife/fmenu.fbeslife.com/index.php(37): CodeIgniter\CodeIgniter->run()
#12 {main}
CRITICAL - 2022-07-30 16:54:26 --> Object of class stdClass could not be converted to string
#0 [internal function]: CodeIgniter\Debug\Exceptions->errorHandler(4096, 'Object of class...', '/home/fbeslife/...', 318, Array)
#1 /home/fbeslife/fmenu.fbeslife.com/system/Database/Query.php(318): strtr('UPDATE `desk` S...', Array)
#2 /home/fbeslife/fmenu.fbeslife.com/system/Database/Query.php(293): CodeIgniter\Database\Query->matchNamedBinds('UPDATE `desk` S...', Array)
#3 /home/fbeslife/fmenu.fbeslife.com/system/Database/Query.php(150): CodeIgniter\Database\Query->compileBinds()
#4 /home/fbeslife/fmenu.fbeslife.com/system/Database/BaseConnection.php(598): CodeIgniter\Database\Query->getQuery()
#5 /home/fbeslife/fmenu.fbeslife.com/system/Database/BaseBuilder.php(1913): CodeIgniter\Database\BaseConnection->query('UPDATE `desk` S...', Array, false)
#6 /home/fbeslife/fmenu.fbeslife.com/app/Models/Admin/ADeskModel.php(33): CodeIgniter\Database\BaseBuilder->update(Array)
#7 /home/fbeslife/fmenu.fbeslife.com/app/Controllers/Fpanel/Desk.php(233): App\Models\Admin\ADeskModel->updDesk('6', Array)
#8 /home/fbeslife/fmenu.fbeslife.com/system/CodeIgniter.php(832): App\Controllers\Fpanel\Desk->update_result_name()
#9 /home/fbeslife/fmenu.fbeslife.com/system/CodeIgniter.php(419): CodeIgniter\CodeIgniter->runController(Object(App\Controllers\Fpanel\Desk))
#10 /home/fbeslife/fmenu.fbeslife.com/system/CodeIgniter.php(326): CodeIgniter\CodeIgniter->handleRequest(NULL, Object(Config\Cache), false)
#11 /home/fbeslife/fmenu.fbeslife.com/index.php(37): CodeIgniter\CodeIgniter->run()
#12 {main}
CRITICAL - 2022-07-30 16:54:27 --> Object of class stdClass could not be converted to string
#0 [internal function]: CodeIgniter\Debug\Exceptions->errorHandler(4096, 'Object of class...', '/home/fbeslife/...', 318, Array)
#1 /home/fbeslife/fmenu.fbeslife.com/system/Database/Query.php(318): strtr('UPDATE `desk` S...', Array)
#2 /home/fbeslife/fmenu.fbeslife.com/system/Database/Query.php(293): CodeIgniter\Database\Query->matchNamedBinds('UPDATE `desk` S...', Array)
#3 /home/fbeslife/fmenu.fbeslife.com/system/Database/Query.php(150): CodeIgniter\Database\Query->compileBinds()
#4 /home/fbeslife/fmenu.fbeslife.com/system/Database/BaseConnection.php(598): CodeIgniter\Database\Query->getQuery()
#5 /home/fbeslife/fmenu.fbeslife.com/system/Database/BaseBuilder.php(1913): CodeIgniter\Database\BaseConnection->query('UPDATE `desk` S...', Array, false)
#6 /home/fbeslife/fmenu.fbeslife.com/app/Models/Admin/ADeskModel.php(33): CodeIgniter\Database\BaseBuilder->update(Array)
#7 /home/fbeslife/fmenu.fbeslife.com/app/Controllers/Fpanel/Desk.php(233): App\Models\Admin\ADeskModel->updDesk('7', Array)
#8 /home/fbeslife/fmenu.fbeslife.com/system/CodeIgniter.php(832): App\Controllers\Fpanel\Desk->update_result_name()
#9 /home/fbeslife/fmenu.fbeslife.com/system/CodeIgniter.php(419): CodeIgniter\CodeIgniter->runController(Object(App\Controllers\Fpanel\Desk))
#10 /home/fbeslife/fmenu.fbeslife.com/system/CodeIgniter.php(326): CodeIgniter\CodeIgniter->handleRequest(NULL, Object(Config\Cache), false)
#11 /home/fbeslife/fmenu.fbeslife.com/index.php(37): CodeIgniter\CodeIgniter->run()
#12 {main}
CRITICAL - 2022-07-30 16:54:27 --> Object of class stdClass could not be converted to string
#0 [internal function]: CodeIgniter\Debug\Exceptions->errorHandler(4096, 'Object of class...', '/home/fbeslife/...', 318, Array)
#1 /home/fbeslife/fmenu.fbeslife.com/system/Database/Query.php(318): strtr('UPDATE `desk` S...', Array)
#2 /home/fbeslife/fmenu.fbeslife.com/system/Database/Query.php(293): CodeIgniter\Database\Query->matchNamedBinds('UPDATE `desk` S...', Array)
#3 /home/fbeslife/fmenu.fbeslife.com/system/Database/Query.php(150): CodeIgniter\Database\Query->compileBinds()
#4 /home/fbeslife/fmenu.fbeslife.com/system/Database/BaseConnection.php(598): CodeIgniter\Database\Query->getQuery()
#5 /home/fbeslife/fmenu.fbeslife.com/system/Database/BaseBuilder.php(1913): CodeIgniter\Database\BaseConnection->query('UPDATE `desk` S...', Array, false)
#6 /home/fbeslife/fmenu.fbeslife.com/app/Models/Admin/ADeskModel.php(33): CodeIgniter\Database\BaseBuilder->update(Array)
#7 /home/fbeslife/fmenu.fbeslife.com/app/Controllers/Fpanel/Desk.php(233): App\Models\Admin\ADeskModel->updDesk('8', Array)
#8 /home/fbeslife/fmenu.fbeslife.com/system/CodeIgniter.php(832): App\Controllers\Fpanel\Desk->update_result_name()
#9 /home/fbeslife/fmenu.fbeslife.com/system/CodeIgniter.php(419): CodeIgniter\CodeIgniter->runController(Object(App\Controllers\Fpanel\Desk))
#10 /home/fbeslife/fmenu.fbeslife.com/system/CodeIgniter.php(326): CodeIgniter\CodeIgniter->handleRequest(NULL, Object(Config\Cache), false)
#11 /home/fbeslife/fmenu.fbeslife.com/index.php(37): CodeIgniter\CodeIgniter->run()
#12 {main}
CRITICAL - 2022-07-30 16:54:28 --> Object of class stdClass could not be converted to string
#0 [internal function]: CodeIgniter\Debug\Exceptions->errorHandler(4096, 'Object of class...', '/home/fbeslife/...', 318, Array)
#1 /home/fbeslife/fmenu.fbeslife.com/system/Database/Query.php(318): strtr('UPDATE `desk` S...', Array)
#2 /home/fbeslife/fmenu.fbeslife.com/system/Database/Query.php(293): CodeIgniter\Database\Query->matchNamedBinds('UPDATE `desk` S...', Array)
#3 /home/fbeslife/fmenu.fbeslife.com/system/Database/Query.php(150): CodeIgniter\Database\Query->compileBinds()
#4 /home/fbeslife/fmenu.fbeslife.com/system/Database/BaseConnection.php(598): CodeIgniter\Database\Query->getQuery()
#5 /home/fbeslife/fmenu.fbeslife.com/system/Database/BaseBuilder.php(1913): CodeIgniter\Database\BaseConnection->query('UPDATE `desk` S...', Array, false)
#6 /home/fbeslife/fmenu.fbeslife.com/app/Models/Admin/ADeskModel.php(33): CodeIgniter\Database\BaseBuilder->update(Array)
#7 /home/fbeslife/fmenu.fbeslife.com/app/Controllers/Fpanel/Desk.php(233): App\Models\Admin\ADeskModel->updDesk('7', Array)
#8 /home/fbeslife/fmenu.fbeslife.com/system/CodeIgniter.php(832): App\Controllers\Fpanel\Desk->update_result_name()
#9 /home/fbeslife/fmenu.fbeslife.com/system/CodeIgniter.php(419): CodeIgniter\CodeIgniter->runController(Object(App\Controllers\Fpanel\Desk))
#10 /home/fbeslife/fmenu.fbeslife.com/system/CodeIgniter.php(326): CodeIgniter\CodeIgniter->handleRequest(NULL, Object(Config\Cache), false)
#11 /home/fbeslife/fmenu.fbeslife.com/index.php(37): CodeIgniter\CodeIgniter->run()
#12 {main}
CRITICAL - 2022-07-30 16:54:28 --> Object of class stdClass could not be converted to string
#0 [internal function]: CodeIgniter\Debug\Exceptions->errorHandler(4096, 'Object of class...', '/home/fbeslife/...', 318, Array)
#1 /home/fbeslife/fmenu.fbeslife.com/system/Database/Query.php(318): strtr('UPDATE `desk` S...', Array)
#2 /home/fbeslife/fmenu.fbeslife.com/system/Database/Query.php(293): CodeIgniter\Database\Query->matchNamedBinds('UPDATE `desk` S...', Array)
#3 /home/fbeslife/fmenu.fbeslife.com/system/Database/Query.php(150): CodeIgniter\Database\Query->compileBinds()
#4 /home/fbeslife/fmenu.fbeslife.com/system/Database/BaseConnection.php(598): CodeIgniter\Database\Query->getQuery()
#5 /home/fbeslife/fmenu.fbeslife.com/system/Database/BaseBuilder.php(1913): CodeIgniter\Database\BaseConnection->query('UPDATE `desk` S...', Array, false)
#6 /home/fbeslife/fmenu.fbeslife.com/app/Models/Admin/ADeskModel.php(33): CodeIgniter\Database\BaseBuilder->update(Array)
#7 /home/fbeslife/fmenu.fbeslife.com/app/Controllers/Fpanel/Desk.php(233): App\Models\Admin\ADeskModel->updDesk('6', Array)
#8 /home/fbeslife/fmenu.fbeslife.com/system/CodeIgniter.php(832): App\Controllers\Fpanel\Desk->update_result_name()
#9 /home/fbeslife/fmenu.fbeslife.com/system/CodeIgniter.php(419): CodeIgniter\CodeIgniter->runController(Object(App\Controllers\Fpanel\Desk))
#10 /home/fbeslife/fmenu.fbeslife.com/system/CodeIgniter.php(326): CodeIgniter\CodeIgniter->handleRequest(NULL, Object(Config\Cache), false)
#11 /home/fbeslife/fmenu.fbeslife.com/index.php(37): CodeIgniter\CodeIgniter->run()
#12 {main}
CRITICAL - 2022-07-30 16:54:28 --> Object of class stdClass could not be converted to string
#0 [internal function]: CodeIgniter\Debug\Exceptions->errorHandler(4096, 'Object of class...', '/home/fbeslife/...', 318, Array)
#1 /home/fbeslife/fmenu.fbeslife.com/system/Database/Query.php(318): strtr('UPDATE `desk` S...', Array)
#2 /home/fbeslife/fmenu.fbeslife.com/system/Database/Query.php(293): CodeIgniter\Database\Query->matchNamedBinds('UPDATE `desk` S...', Array)
#3 /home/fbeslife/fmenu.fbeslife.com/system/Database/Query.php(150): CodeIgniter\Database\Query->compileBinds()
#4 /home/fbeslife/fmenu.fbeslife.com/system/Database/BaseConnection.php(598): CodeIgniter\Database\Query->getQuery()
#5 /home/fbeslife/fmenu.fbeslife.com/system/Database/BaseBuilder.php(1913): CodeIgniter\Database\BaseConnection->query('UPDATE `desk` S...', Array, false)
#6 /home/fbeslife/fmenu.fbeslife.com/app/Models/Admin/ADeskModel.php(33): CodeIgniter\Database\BaseBuilder->update(Array)
#7 /home/fbeslife/fmenu.fbeslife.com/app/Controllers/Fpanel/Desk.php(233): App\Models\Admin\ADeskModel->updDesk('8', Array)
#8 /home/fbeslife/fmenu.fbeslife.com/system/CodeIgniter.php(832): App\Controllers\Fpanel\Desk->update_result_name()
#9 /home/fbeslife/fmenu.fbeslife.com/system/CodeIgniter.php(419): CodeIgniter\CodeIgniter->runController(Object(App\Controllers\Fpanel\Desk))
#10 /home/fbeslife/fmenu.fbeslife.com/system/CodeIgniter.php(326): CodeIgniter\CodeIgniter->handleRequest(NULL, Object(Config\Cache), false)
#11 /home/fbeslife/fmenu.fbeslife.com/index.php(37): CodeIgniter\CodeIgniter->run()
#12 {main}
CRITICAL - 2022-07-30 16:54:29 --> Object of class stdClass could not be converted to string
#0 [internal function]: CodeIgniter\Debug\Exceptions->errorHandler(4096, 'Object of class...', '/home/fbeslife/...', 318, Array)
#1 /home/fbeslife/fmenu.fbeslife.com/system/Database/Query.php(318): strtr('UPDATE `desk` S...', Array)
#2 /home/fbeslife/fmenu.fbeslife.com/system/Database/Query.php(293): CodeIgniter\Database\Query->matchNamedBinds('UPDATE `desk` S...', Array)
#3 /home/fbeslife/fmenu.fbeslife.com/system/Database/Query.php(150): CodeIgniter\Database\Query->compileBinds()
#4 /home/fbeslife/fmenu.fbeslife.com/system/Database/BaseConnection.php(598): CodeIgniter\Database\Query->getQuery()
#5 /home/fbeslife/fmenu.fbeslife.com/system/Database/BaseBuilder.php(1913): CodeIgniter\Database\BaseConnection->query('UPDATE `desk` S...', Array, false)
#6 /home/fbeslife/fmenu.fbeslife.com/app/Models/Admin/ADeskModel.php(33): CodeIgniter\Database\BaseBuilder->update(Array)
#7 /home/fbeslife/fmenu.fbeslife.com/app/Controllers/Fpanel/Desk.php(233): App\Models\Admin\ADeskModel->updDesk('7', Array)
#8 /home/fbeslife/fmenu.fbeslife.com/system/CodeIgniter.php(832): App\Controllers\Fpanel\Desk->update_result_name()
#9 /home/fbeslife/fmenu.fbeslife.com/system/CodeIgniter.php(419): CodeIgniter\CodeIgniter->runController(Object(App\Controllers\Fpanel\Desk))
#10 /home/fbeslife/fmenu.fbeslife.com/system/CodeIgniter.php(326): CodeIgniter\CodeIgniter->handleRequest(NULL, Object(Config\Cache), false)
#11 /home/fbeslife/fmenu.fbeslife.com/index.php(37): CodeIgniter\CodeIgniter->run()
#12 {main}
CRITICAL - 2022-07-30 16:54:29 --> Object of class stdClass could not be converted to string
#0 [internal function]: CodeIgniter\Debug\Exceptions->errorHandler(4096, 'Object of class...', '/home/fbeslife/...', 318, Array)
#1 /home/fbeslife/fmenu.fbeslife.com/system/Database/Query.php(318): strtr('UPDATE `desk` S...', Array)
#2 /home/fbeslife/fmenu.fbeslife.com/system/Database/Query.php(293): CodeIgniter\Database\Query->matchNamedBinds('UPDATE `desk` S...', Array)
#3 /home/fbeslife/fmenu.fbeslife.com/system/Database/Query.php(150): CodeIgniter\Database\Query->compileBinds()
#4 /home/fbeslife/fmenu.fbeslife.com/system/Database/BaseConnection.php(598): CodeIgniter\Database\Query->getQuery()
#5 /home/fbeslife/fmenu.fbeslife.com/system/Database/BaseBuilder.php(1913): CodeIgniter\Database\BaseConnection->query('UPDATE `desk` S...', Array, false)
#6 /home/fbeslife/fmenu.fbeslife.com/app/Models/Admin/ADeskModel.php(33): CodeIgniter\Database\BaseBuilder->update(Array)
#7 /home/fbeslife/fmenu.fbeslife.com/app/Controllers/Fpanel/Desk.php(233): App\Models\Admin\ADeskModel->updDesk('6', Array)
#8 /home/fbeslife/fmenu.fbeslife.com/system/CodeIgniter.php(832): App\Controllers\Fpanel\Desk->update_result_name()
#9 /home/fbeslife/fmenu.fbeslife.com/system/CodeIgniter.php(419): CodeIgniter\CodeIgniter->runController(Object(App\Controllers\Fpanel\Desk))
#10 /home/fbeslife/fmenu.fbeslife.com/system/CodeIgniter.php(326): CodeIgniter\CodeIgniter->handleRequest(NULL, Object(Config\Cache), false)
#11 /home/fbeslife/fmenu.fbeslife.com/index.php(37): CodeIgniter\CodeIgniter->run()
#12 {main}
CRITICAL - 2022-07-30 16:54:30 --> Object of class stdClass could not be converted to string
#0 [internal function]: CodeIgniter\Debug\Exceptions->errorHandler(4096, 'Object of class...', '/home/fbeslife/...', 318, Array)
#1 /home/fbeslife/fmenu.fbeslife.com/system/Database/Query.php(318): strtr('UPDATE `desk` S...', Array)
#2 /home/fbeslife/fmenu.fbeslife.com/system/Database/Query.php(293): CodeIgniter\Database\Query->matchNamedBinds('UPDATE `desk` S...', Array)
#3 /home/fbeslife/fmenu.fbeslife.com/system/Database/Query.php(150): CodeIgniter\Database\Query->compileBinds()
#4 /home/fbeslife/fmenu.fbeslife.com/system/Database/BaseConnection.php(598): CodeIgniter\Database\Query->getQuery()
#5 /home/fbeslife/fmenu.fbeslife.com/system/Database/BaseBuilder.php(1913): CodeIgniter\Database\BaseConnection->query('UPDATE `desk` S...', Array, false)
#6 /home/fbeslife/fmenu.fbeslife.com/app/Models/Admin/ADeskModel.php(33): CodeIgniter\Database\BaseBuilder->update(Array)
#7 /home/fbeslife/fmenu.fbeslife.com/app/Controllers/Fpanel/Desk.php(233): App\Models\Admin\ADeskModel->updDesk('7', Array)
#8 /home/fbeslife/fmenu.fbeslife.com/system/CodeIgniter.php(832): App\Controllers\Fpanel\Desk->update_result_name()
#9 /home/fbeslife/fmenu.fbeslife.com/system/CodeIgniter.php(419): CodeIgniter\CodeIgniter->runController(Object(App\Controllers\Fpanel\Desk))
#10 /home/fbeslife/fmenu.fbeslife.com/system/CodeIgniter.php(326): CodeIgniter\CodeIgniter->handleRequest(NULL, Object(Config\Cache), false)
#11 /home/fbeslife/fmenu.fbeslife.com/index.php(37): CodeIgniter\CodeIgniter->run()
#12 {main}
CRITICAL - 2022-07-30 16:54:30 --> Object of class stdClass could not be converted to string
#0 [internal function]: CodeIgniter\Debug\Exceptions->errorHandler(4096, 'Object of class...', '/home/fbeslife/...', 318, Array)
#1 /home/fbeslife/fmenu.fbeslife.com/system/Database/Query.php(318): strtr('UPDATE `desk` S...', Array)
#2 /home/fbeslife/fmenu.fbeslife.com/system/Database/Query.php(293): CodeIgniter\Database\Query->matchNamedBinds('UPDATE `desk` S...', Array)
#3 /home/fbeslife/fmenu.fbeslife.com/system/Database/Query.php(150): CodeIgniter\Database\Query->compileBinds()
#4 /home/fbeslife/fmenu.fbeslife.com/system/Database/BaseConnection.php(598): CodeIgniter\Database\Query->getQuery()
#5 /home/fbeslife/fmenu.fbeslife.com/system/Database/BaseBuilder.php(1913): CodeIgniter\Database\BaseConnection->query('UPDATE `desk` S...', Array, false)
#6 /home/fbeslife/fmenu.fbeslife.com/app/Models/Admin/ADeskModel.php(33): CodeIgniter\Database\BaseBuilder->update(Array)
#7 /home/fbeslife/fmenu.fbeslife.com/app/Controllers/Fpanel/Desk.php(233): App\Models\Admin\ADeskModel->updDesk('8', Array)
#8 /home/fbeslife/fmenu.fbeslife.com/system/CodeIgniter.php(832): App\Controllers\Fpanel\Desk->update_result_name()
#9 /home/fbeslife/fmenu.fbeslife.com/system/CodeIgniter.php(419): CodeIgniter\CodeIgniter->runController(Object(App\Controllers\Fpanel\Desk))
#10 /home/fbeslife/fmenu.fbeslife.com/system/CodeIgniter.php(326): CodeIgniter\CodeIgniter->handleRequest(NULL, Object(Config\Cache), false)
#11 /home/fbeslife/fmenu.fbeslife.com/index.php(37): CodeIgniter\CodeIgniter->run()
#12 {main}
CRITICAL - 2022-07-30 16:54:30 --> Object of class stdClass could not be converted to string
#0 [internal function]: CodeIgniter\Debug\Exceptions->errorHandler(4096, 'Object of class...', '/home/fbeslife/...', 318, Array)
#1 /home/fbeslife/fmenu.fbeslife.com/system/Database/Query.php(318): strtr('UPDATE `desk` S...', Array)
#2 /home/fbeslife/fmenu.fbeslife.com/system/Database/Query.php(293): CodeIgniter\Database\Query->matchNamedBinds('UPDATE `desk` S...', Array)
#3 /home/fbeslife/fmenu.fbeslife.com/system/Database/Query.php(150): CodeIgniter\Database\Query->compileBinds()
#4 /home/fbeslife/fmenu.fbeslife.com/system/Database/BaseConnection.php(598): CodeIgniter\Database\Query->getQuery()
#5 /home/fbeslife/fmenu.fbeslife.com/system/Database/BaseBuilder.php(1913): CodeIgniter\Database\BaseConnection->query('UPDATE `desk` S...', Array, false)
#6 /home/fbeslife/fmenu.fbeslife.com/app/Models/Admin/ADeskModel.php(33): CodeIgniter\Database\BaseBuilder->update(Array)
#7 /home/fbeslife/fmenu.fbeslife.com/app/Controllers/Fpanel/Desk.php(233): App\Models\Admin\ADeskModel->updDesk('6', Array)
#8 /home/fbeslife/fmenu.fbeslife.com/system/CodeIgniter.php(832): App\Controllers\Fpanel\Desk->update_result_name()
#9 /home/fbeslife/fmenu.fbeslife.com/system/CodeIgniter.php(419): CodeIgniter\CodeIgniter->runController(Object(App\Controllers\Fpanel\Desk))
#10 /home/fbeslife/fmenu.fbeslife.com/system/CodeIgniter.php(326): CodeIgniter\CodeIgniter->handleRequest(NULL, Object(Config\Cache), false)
#11 /home/fbeslife/fmenu.fbeslife.com/index.php(37): CodeIgniter\CodeIgniter->run()
#12 {main}
CRITICAL - 2022-07-30 16:54:31 --> Object of class stdClass could not be converted to string
#0 [internal function]: CodeIgniter\Debug\Exceptions->errorHandler(4096, 'Object of class...', '/home/fbeslife/...', 318, Array)
#1 /home/fbeslife/fmenu.fbeslife.com/system/Database/Query.php(318): strtr('UPDATE `desk` S...', Array)
#2 /home/fbeslife/fmenu.fbeslife.com/system/Database/Query.php(293): CodeIgniter\Database\Query->matchNamedBinds('UPDATE `desk` S...', Array)
#3 /home/fbeslife/fmenu.fbeslife.com/system/Database/Query.php(150): CodeIgniter\Database\Query->compileBinds()
#4 /home/fbeslife/fmenu.fbeslife.com/system/Database/BaseConnection.php(598): CodeIgniter\Database\Query->getQuery()
#5 /home/fbeslife/fmenu.fbeslife.com/system/Database/BaseBuilder.php(1913): CodeIgniter\Database\BaseConnection->query('UPDATE `desk` S...', Array, false)
#6 /home/fbeslife/fmenu.fbeslife.com/app/Models/Admin/ADeskModel.php(33): CodeIgniter\Database\BaseBuilder->update(Array)
#7 /home/fbeslife/fmenu.fbeslife.com/app/Controllers/Fpanel/Desk.php(233): App\Models\Admin\ADeskModel->updDesk('7', Array)
#8 /home/fbeslife/fmenu.fbeslife.com/system/CodeIgniter.php(832): App\Controllers\Fpanel\Desk->update_result_name()
#9 /home/fbeslife/fmenu.fbeslife.com/system/CodeIgniter.php(419): CodeIgniter\CodeIgniter->runController(Object(App\Controllers\Fpanel\Desk))
#10 /home/fbeslife/fmenu.fbeslife.com/system/CodeIgniter.php(326): CodeIgniter\CodeIgniter->handleRequest(NULL, Object(Config\Cache), false)
#11 /home/fbeslife/fmenu.fbeslife.com/index.php(37): CodeIgniter\CodeIgniter->run()
#12 {main}
CRITICAL - 2022-07-30 16:54:31 --> Object of class stdClass could not be converted to string
#0 [internal function]: CodeIgniter\Debug\Exceptions->errorHandler(4096, 'Object of class...', '/home/fbeslife/...', 318, Array)
#1 /home/fbeslife/fmenu.fbeslife.com/system/Database/Query.php(318): strtr('UPDATE `desk` S...', Array)
#2 /home/fbeslife/fmenu.fbeslife.com/system/Database/Query.php(293): CodeIgniter\Database\Query->matchNamedBinds('UPDATE `desk` S...', Array)
#3 /home/fbeslife/fmenu.fbeslife.com/system/Database/Query.php(150): CodeIgniter\Database\Query->compileBinds()
#4 /home/fbeslife/fmenu.fbeslife.com/system/Database/BaseConnection.php(598): CodeIgniter\Database\Query->getQuery()
#5 /home/fbeslife/fmenu.fbeslife.com/system/Database/BaseBuilder.php(1913): CodeIgniter\Database\BaseConnection->query('UPDATE `desk` S...', Array, false)
#6 /home/fbeslife/fmenu.fbeslife.com/app/Models/Admin/ADeskModel.php(33): CodeIgniter\Database\BaseBuilder->update(Array)
#7 /home/fbeslife/fmenu.fbeslife.com/app/Controllers/Fpanel/Desk.php(233): App\Models\Admin\ADeskModel->updDesk('8', Array)
#8 /home/fbeslife/fmenu.fbeslife.com/system/CodeIgniter.php(832): App\Controllers\Fpanel\Desk->update_result_name()
#9 /home/fbeslife/fmenu.fbeslife.com/system/CodeIgniter.php(419): CodeIgniter\CodeIgniter->runController(Object(App\Controllers\Fpanel\Desk))
#10 /home/fbeslife/fmenu.fbeslife.com/system/CodeIgniter.php(326): CodeIgniter\CodeIgniter->handleRequest(NULL, Object(Config\Cache), false)
#11 /home/fbeslife/fmenu.fbeslife.com/index.php(37): CodeIgniter\CodeIgniter->run()
#12 {main}
CRITICAL - 2022-07-30 16:54:31 --> Object of class stdClass could not be converted to string
#0 [internal function]: CodeIgniter\Debug\Exceptions->errorHandler(4096, 'Object of class...', '/home/fbeslife/...', 318, Array)
#1 /home/fbeslife/fmenu.fbeslife.com/system/Database/Query.php(318): strtr('UPDATE `desk` S...', Array)
#2 /home/fbeslife/fmenu.fbeslife.com/system/Database/Query.php(293): CodeIgniter\Database\Query->matchNamedBinds('UPDATE `desk` S...', Array)
#3 /home/fbeslife/fmenu.fbeslife.com/system/Database/Query.php(150): CodeIgniter\Database\Query->compileBinds()
#4 /home/fbeslife/fmenu.fbeslife.com/system/Database/BaseConnection.php(598): CodeIgniter\Database\Query->getQuery()
#5 /home/fbeslife/fmenu.fbeslife.com/system/Database/BaseBuilder.php(1913): CodeIgniter\Database\BaseConnection->query('UPDATE `desk` S...', Array, false)
#6 /home/fbeslife/fmenu.fbeslife.com/app/Models/Admin/ADeskModel.php(33): CodeIgniter\Database\BaseBuilder->update(Array)
#7 /home/fbeslife/fmenu.fbeslife.com/app/Controllers/Fpanel/Desk.php(233): App\Models\Admin\ADeskModel->updDesk('7', Array)
#8 /home/fbeslife/fmenu.fbeslife.com/system/CodeIgniter.php(832): App\Controllers\Fpanel\Desk->update_result_name()
#9 /home/fbeslife/fmenu.fbeslife.com/system/CodeIgniter.php(419): CodeIgniter\CodeIgniter->runController(Object(App\Controllers\Fpanel\Desk))
#10 /home/fbeslife/fmenu.fbeslife.com/system/CodeIgniter.php(326): CodeIgniter\CodeIgniter->handleRequest(NULL, Object(Config\Cache), false)
#11 /home/fbeslife/fmenu.fbeslife.com/index.php(37): CodeIgniter\CodeIgniter->run()
#12 {main}
CRITICAL - 2022-07-30 16:54:32 --> Object of class stdClass could not be converted to string
#0 [internal function]: CodeIgniter\Debug\Exceptions->errorHandler(4096, 'Object of class...', '/home/fbeslife/...', 318, Array)
#1 /home/fbeslife/fmenu.fbeslife.com/system/Database/Query.php(318): strtr('UPDATE `desk` S...', Array)
#2 /home/fbeslife/fmenu.fbeslife.com/system/Database/Query.php(293): CodeIgniter\Database\Query->matchNamedBinds('UPDATE `desk` S...', Array)
#3 /home/fbeslife/fmenu.fbeslife.com/system/Database/Query.php(150): CodeIgniter\Database\Query->compileBinds()
#4 /home/fbeslife/fmenu.fbeslife.com/system/Database/BaseConnection.php(598): CodeIgniter\Database\Query->getQuery()
#5 /home/fbeslife/fmenu.fbeslife.com/system/Database/BaseBuilder.php(1913): CodeIgniter\Database\BaseConnection->query('UPDATE `desk` S...', Array, false)
#6 /home/fbeslife/fmenu.fbeslife.com/app/Models/Admin/ADeskModel.php(33): CodeIgniter\Database\BaseBuilder->update(Array)
#7 /home/fbeslife/fmenu.fbeslife.com/app/Controllers/Fpanel/Desk.php(233): App\Models\Admin\ADeskModel->updDesk('6', Array)
#8 /home/fbeslife/fmenu.fbeslife.com/system/CodeIgniter.php(832): App\Controllers\Fpanel\Desk->update_result_name()
#9 /home/fbeslife/fmenu.fbeslife.com/system/CodeIgniter.php(419): CodeIgniter\CodeIgniter->runController(Object(App\Controllers\Fpanel\Desk))
#10 /home/fbeslife/fmenu.fbeslife.com/system/CodeIgniter.php(326): CodeIgniter\CodeIgniter->handleRequest(NULL, Object(Config\Cache), false)
#11 /home/fbeslife/fmenu.fbeslife.com/index.php(37): CodeIgniter\CodeIgniter->run()
#12 {main}
CRITICAL - 2022-07-30 16:54:32 --> Object of class stdClass could not be converted to string
#0 [internal function]: CodeIgniter\Debug\Exceptions->errorHandler(4096, 'Object of class...', '/home/fbeslife/...', 318, Array)
#1 /home/fbeslife/fmenu.fbeslife.com/system/Database/Query.php(318): strtr('UPDATE `desk` S...', Array)
#2 /home/fbeslife/fmenu.fbeslife.com/system/Database/Query.php(293): CodeIgniter\Database\Query->matchNamedBinds('UPDATE `desk` S...', Array)
#3 /home/fbeslife/fmenu.fbeslife.com/system/Database/Query.php(150): CodeIgniter\Database\Query->compileBinds()
#4 /home/fbeslife/fmenu.fbeslife.com/system/Database/BaseConnection.php(598): CodeIgniter\Database\Query->getQuery()
#5 /home/fbeslife/fmenu.fbeslife.com/system/Database/BaseBuilder.php(1913): CodeIgniter\Database\BaseConnection->query('UPDATE `desk` S...', Array, false)
#6 /home/fbeslife/fmenu.fbeslife.com/app/Models/Admin/ADeskModel.php(33): CodeIgniter\Database\BaseBuilder->update(Array)
#7 /home/fbeslife/fmenu.fbeslife.com/app/Controllers/Fpanel/Desk.php(233): App\Models\Admin\ADeskModel->updDesk('7', Array)
#8 /home/fbeslife/fmenu.fbeslife.com/system/CodeIgniter.php(832): App\Controllers\Fpanel\Desk->update_result_name()
#9 /home/fbeslife/fmenu.fbeslife.com/system/CodeIgniter.php(419): CodeIgniter\CodeIgniter->runController(Object(App\Controllers\Fpanel\Desk))
#10 /home/fbeslife/fmenu.fbeslife.com/system/CodeIgniter.php(326): CodeIgniter\CodeIgniter->handleRequest(NULL, Object(Config\Cache), false)
#11 /home/fbeslife/fmenu.fbeslife.com/index.php(37): CodeIgniter\CodeIgniter->run()
#12 {main}
CRITICAL - 2022-07-30 16:54:33 --> Object of class stdClass could not be converted to string
#0 [internal function]: CodeIgniter\Debug\Exceptions->errorHandler(4096, 'Object of class...', '/home/fbeslife/...', 318, Array)
#1 /home/fbeslife/fmenu.fbeslife.com/system/Database/Query.php(318): strtr('UPDATE `desk` S...', Array)
#2 /home/fbeslife/fmenu.fbeslife.com/system/Database/Query.php(293): CodeIgniter\Database\Query->matchNamedBinds('UPDATE `desk` S...', Array)
#3 /home/fbeslife/fmenu.fbeslife.com/system/Database/Query.php(150): CodeIgniter\Database\Query->compileBinds()
#4 /home/fbeslife/fmenu.fbeslife.com/system/Database/BaseConnection.php(598): CodeIgniter\Database\Query->getQuery()
#5 /home/fbeslife/fmenu.fbeslife.com/system/Database/BaseBuilder.php(1913): CodeIgniter\Database\BaseConnection->query('UPDATE `desk` S...', Array, false)
#6 /home/fbeslife/fmenu.fbeslife.com/app/Models/Admin/ADeskModel.php(33): CodeIgniter\Database\BaseBuilder->update(Array)
#7 /home/fbeslife/fmenu.fbeslife.com/app/Controllers/Fpanel/Desk.php(233): App\Models\Admin\ADeskModel->updDesk('6', Array)
#8 /home/fbeslife/fmenu.fbeslife.com/system/CodeIgniter.php(832): App\Controllers\Fpanel\Desk->update_result_name()
#9 /home/fbeslife/fmenu.fbeslife.com/system/CodeIgniter.php(419): CodeIgniter\CodeIgniter->runController(Object(App\Controllers\Fpanel\Desk))
#10 /home/fbeslife/fmenu.fbeslife.com/system/CodeIgniter.php(326): CodeIgniter\CodeIgniter->handleRequest(NULL, Object(Config\Cache), false)
#11 /home/fbeslife/fmenu.fbeslife.com/index.php(37): CodeIgniter\CodeIgniter->run()
#12 {main}
CRITICAL - 2022-07-30 16:54:33 --> Object of class stdClass could not be converted to string
#0 [internal function]: CodeIgniter\Debug\Exceptions->errorHandler(4096, 'Object of class...', '/home/fbeslife/...', 318, Array)
#1 /home/fbeslife/fmenu.fbeslife.com/system/Database/Query.php(318): strtr('UPDATE `desk` S...', Array)
#2 /home/fbeslife/fmenu.fbeslife.com/system/Database/Query.php(293): CodeIgniter\Database\Query->matchNamedBinds('UPDATE `desk` S...', Array)
#3 /home/fbeslife/fmenu.fbeslife.com/system/Database/Query.php(150): CodeIgniter\Database\Query->compileBinds()
#4 /home/fbeslife/fmenu.fbeslife.com/system/Database/BaseConnection.php(598): CodeIgniter\Database\Query->getQuery()
#5 /home/fbeslife/fmenu.fbeslife.com/system/Database/BaseBuilder.php(1913): CodeIgniter\Database\BaseConnection->query('UPDATE `desk` S...', Array, false)
#6 /home/fbeslife/fmenu.fbeslife.com/app/Models/Admin/ADeskModel.php(33): CodeIgniter\Database\BaseBuilder->update(Array)
#7 /home/fbeslife/fmenu.fbeslife.com/app/Controllers/Fpanel/Desk.php(233): App\Models\Admin\ADeskModel->updDesk('7', Array)
#8 /home/fbeslife/fmenu.fbeslife.com/system/CodeIgniter.php(832): App\Controllers\Fpanel\Desk->update_result_name()
#9 /home/fbeslife/fmenu.fbeslife.com/system/CodeIgniter.php(419): CodeIgniter\CodeIgniter->runController(Object(App\Controllers\Fpanel\Desk))
#10 /home/fbeslife/fmenu.fbeslife.com/system/CodeIgniter.php(326): CodeIgniter\CodeIgniter->handleRequest(NULL, Object(Config\Cache), false)
#11 /home/fbeslife/fmenu.fbeslife.com/index.php(37): CodeIgniter\CodeIgniter->run()
#12 {main}
CRITICAL - 2022-07-30 22:24:04 --> Object of class stdClass could not be converted to string
#0 [internal function]: CodeIgniter\Debug\Exceptions->errorHandler(4096, 'Object of class...', '/home/fbeslife/...', 318, Array)
#1 /home/fbeslife/fmenu.fbeslife.com/system/Database/Query.php(318): strtr('UPDATE `desk` S...', Array)
#2 /home/fbeslife/fmenu.fbeslife.com/system/Database/Query.php(293): CodeIgniter\Database\Query->matchNamedBinds('UPDATE `desk` S...', Array)
#3 /home/fbeslife/fmenu.fbeslife.com/system/Database/Query.php(150): CodeIgniter\Database\Query->compileBinds()
#4 /home/fbeslife/fmenu.fbeslife.com/system/Database/BaseConnection.php(598): CodeIgniter\Database\Query->getQuery()
#5 /home/fbeslife/fmenu.fbeslife.com/system/Database/BaseBuilder.php(1913): CodeIgniter\Database\BaseConnection->query('UPDATE `desk` S...', Array, false)
#6 /home/fbeslife/fmenu.fbeslife.com/app/Models/Admin/ADeskModel.php(33): CodeIgniter\Database\BaseBuilder->update(Array)
#7 /home/fbeslife/fmenu.fbeslife.com/app/Controllers/Fpanel/Desk.php(233): App\Models\Admin\ADeskModel->updDesk('6', Array)
#8 /home/fbeslife/fmenu.fbeslife.com/system/CodeIgniter.php(832): App\Controllers\Fpanel\Desk->update_result_name()
#9 /home/fbeslife/fmenu.fbeslife.com/system/CodeIgniter.php(419): CodeIgniter\CodeIgniter->runController(Object(App\Controllers\Fpanel\Desk))
#10 /home/fbeslife/fmenu.fbeslife.com/system/CodeIgniter.php(326): CodeIgniter\CodeIgniter->handleRequest(NULL, Object(Config\Cache), false)
#11 /home/fbeslife/fmenu.fbeslife.com/index.php(37): CodeIgniter\CodeIgniter->run()
#12 {main}
CRITICAL - 2022-07-30 22:24:05 --> Object of class stdClass could not be converted to string
#0 [internal function]: CodeIgniter\Debug\Exceptions->errorHandler(4096, 'Object of class...', '/home/fbeslife/...', 318, Array)
#1 /home/fbeslife/fmenu.fbeslife.com/system/Database/Query.php(318): strtr('UPDATE `desk` S...', Array)
#2 /home/fbeslife/fmenu.fbeslife.com/system/Database/Query.php(293): CodeIgniter\Database\Query->matchNamedBinds('UPDATE `desk` S...', Array)
#3 /home/fbeslife/fmenu.fbeslife.com/system/Database/Query.php(150): CodeIgniter\Database\Query->compileBinds()
#4 /home/fbeslife/fmenu.fbeslife.com/system/Database/BaseConnection.php(598): CodeIgniter\Database\Query->getQuery()
#5 /home/fbeslife/fmenu.fbeslife.com/system/Database/BaseBuilder.php(1913): CodeIgniter\Database\BaseConnection->query('UPDATE `desk` S...', Array, false)
#6 /home/fbeslife/fmenu.fbeslife.com/app/Models/Admin/ADeskModel.php(33): CodeIgniter\Database\BaseBuilder->update(Array)
#7 /home/fbeslife/fmenu.fbeslife.com/app/Controllers/Fpanel/Desk.php(233): App\Models\Admin\ADeskModel->updDesk('6', Array)
#8 /home/fbeslife/fmenu.fbeslife.com/system/CodeIgniter.php(832): App\Controllers\Fpanel\Desk->update_result_name()
#9 /home/fbeslife/fmenu.fbeslife.com/system/CodeIgniter.php(419): CodeIgniter\CodeIgniter->runController(Object(App\Controllers\Fpanel\Desk))
#10 /home/fbeslife/fmenu.fbeslife.com/system/CodeIgniter.php(326): CodeIgniter\CodeIgniter->handleRequest(NULL, Object(Config\Cache), false)
#11 /home/fbeslife/fmenu.fbeslife.com/index.php(37): CodeIgniter\CodeIgniter->run()
#12 {main}
CRITICAL - 2022-07-30 22:25:57 --> Object of class stdClass could not be converted to string
#0 [internal function]: CodeIgniter\Debug\Exceptions->errorHandler(4096, 'Object of class...', '/home/fbeslife/...', 318, Array)
#1 /home/fbeslife/fmenu.fbeslife.com/system/Database/Query.php(318): strtr('UPDATE `owner` ...', Array)
#2 /home/fbeslife/fmenu.fbeslife.com/system/Database/Query.php(293): CodeIgniter\Database\Query->matchNamedBinds('UPDATE `owner` ...', Array)
#3 /home/fbeslife/fmenu.fbeslife.com/system/Database/Query.php(150): CodeIgniter\Database\Query->compileBinds()
#4 /home/fbeslife/fmenu.fbeslife.com/system/Database/BaseConnection.php(598): CodeIgniter\Database\Query->getQuery()
#5 /home/fbeslife/fmenu.fbeslife.com/system/Database/BaseBuilder.php(1913): CodeIgniter\Database\BaseConnection->query('UPDATE `owner` ...', Array, false)
#6 /home/fbeslife/fmenu.fbeslife.com/app/Models/Admin/AOwnerModel.php(41): CodeIgniter\Database\BaseBuilder->update(Array)
#7 /home/fbeslife/fmenu.fbeslife.com/app/Controllers/Fpanel/Owner.php(237): App\Models\Admin\AOwnerModel->updOwner('1', Array)
#8 /home/fbeslife/fmenu.fbeslife.com/system/CodeIgniter.php(832): App\Controllers\Fpanel\Owner->update_result('1')
#9 /home/fbeslife/fmenu.fbeslife.com/system/CodeIgniter.php(419): CodeIgniter\CodeIgniter->runController(Object(App\Controllers\Fpanel\Owner))
#10 /home/fbeslife/fmenu.fbeslife.com/system/CodeIgniter.php(326): CodeIgniter\CodeIgniter->handleRequest(NULL, Object(Config\Cache), false)
#11 /home/fbeslife/fmenu.fbeslife.com/index.php(37): CodeIgniter\CodeIgniter->run()
#12 {main}
CRITICAL - 2022-07-30 22:26:46 --> Object of class stdClass could not be converted to string
#0 [internal function]: CodeIgniter\Debug\Exceptions->errorHandler(4096, 'Object of class...', '/home/fbeslife/...', 318, Array)
#1 /home/fbeslife/fmenu.fbeslife.com/system/Database/Query.php(318): strtr('UPDATE `owner` ...', Array)
#2 /home/fbeslife/fmenu.fbeslife.com/system/Database/Query.php(293): CodeIgniter\Database\Query->matchNamedBinds('UPDATE `owner` ...', Array)
#3 /home/fbeslife/fmenu.fbeslife.com/system/Database/Query.php(150): CodeIgniter\Database\Query->compileBinds()
#4 /home/fbeslife/fmenu.fbeslife.com/system/Database/BaseConnection.php(598): CodeIgniter\Database\Query->getQuery()
#5 /home/fbeslife/fmenu.fbeslife.com/system/Database/BaseBuilder.php(1913): CodeIgniter\Database\BaseConnection->query('UPDATE `owner` ...', Array, false)
#6 /home/fbeslife/fmenu.fbeslife.com/app/Models/Admin/AOwnerModel.php(41): CodeIgniter\Database\BaseBuilder->update(Array)
#7 /home/fbeslife/fmenu.fbeslife.com/app/Controllers/Fpanel/Owner.php(237): App\Models\Admin\AOwnerModel->updOwner('1', Array)
#8 /home/fbeslife/fmenu.fbeslife.com/system/CodeIgniter.php(832): App\Controllers\Fpanel\Owner->update_result('1')
#9 /home/fbeslife/fmenu.fbeslife.com/system/CodeIgniter.php(419): CodeIgniter\CodeIgniter->runController(Object(App\Controllers\Fpanel\Owner))
#10 /home/fbeslife/fmenu.fbeslife.com/system/CodeIgniter.php(326): CodeIgniter\CodeIgniter->handleRequest(NULL, Object(Config\Cache), false)
#11 /home/fbeslife/fmenu.fbeslife.com/index.php(37): CodeIgniter\CodeIgniter->run()
#12 {main}
CRITICAL - 2022-07-30 22:26:47 --> Object of class stdClass could not be converted to string
#0 [internal function]: CodeIgniter\Debug\Exceptions->errorHandler(4096, 'Object of class...', '/home/fbeslife/...', 318, Array)
#1 /home/fbeslife/fmenu.fbeslife.com/system/Database/Query.php(318): strtr('UPDATE `owner` ...', Array)
#2 /home/fbeslife/fmenu.fbeslife.com/system/Database/Query.php(293): CodeIgniter\Database\Query->matchNamedBinds('UPDATE `owner` ...', Array)
#3 /home/fbeslife/fmenu.fbeslife.com/system/Database/Query.php(150): CodeIgniter\Database\Query->compileBinds()
#4 /home/fbeslife/fmenu.fbeslife.com/system/Database/BaseConnection.php(598): CodeIgniter\Database\Query->getQuery()
#5 /home/fbeslife/fmenu.fbeslife.com/system/Database/BaseBuilder.php(1913): CodeIgniter\Database\BaseConnection->query('UPDATE `owner` ...', Array, false)
#6 /home/fbeslife/fmenu.fbeslife.com/app/Models/Admin/AOwnerModel.php(41): CodeIgniter\Database\BaseBuilder->update(Array)
#7 /home/fbeslife/fmenu.fbeslife.com/app/Controllers/Fpanel/Owner.php(237): App\Models\Admin\AOwnerModel->updOwner('16', Array)
#8 /home/fbeslife/fmenu.fbeslife.com/system/CodeIgniter.php(832): App\Controllers\Fpanel\Owner->update_result('16')
#9 /home/fbeslife/fmenu.fbeslife.com/system/CodeIgniter.php(419): CodeIgniter\CodeIgniter->runController(Object(App\Controllers\Fpanel\Owner))
#10 /home/fbeslife/fmenu.fbeslife.com/system/CodeIgniter.php(326): CodeIgniter\CodeIgniter->handleRequest(NULL, Object(Config\Cache), false)
#11 /home/fbeslife/fmenu.fbeslife.com/index.php(37): CodeIgniter\CodeIgniter->run()
#12 {main}
CRITICAL - 2022-07-30 22:29:45 --> Object of class stdClass could not be converted to string
#0 [internal function]: CodeIgniter\Debug\Exceptions->errorHandler(4096, 'Object of class...', '/home/fbeslife/...', 318, Array)
#1 /home/fbeslife/fmenu.fbeslife.com/system/Database/Query.php(318): strtr('UPDATE `owner` ...', Array)
#2 /home/fbeslife/fmenu.fbeslife.com/system/Database/Query.php(293): CodeIgniter\Database\Query->matchNamedBinds('UPDATE `owner` ...', Array)
#3 /home/fbeslife/fmenu.fbeslife.com/system/Database/Query.php(150): CodeIgniter\Database\Query->compileBinds()
#4 /home/fbeslife/fmenu.fbeslife.com/system/Database/BaseConnection.php(598): CodeIgniter\Database\Query->getQuery()
#5 /home/fbeslife/fmenu.fbeslife.com/system/Database/BaseBuilder.php(1913): CodeIgniter\Database\BaseConnection->query('UPDATE `owner` ...', Array, false)
#6 /home/fbeslife/fmenu.fbeslife.com/app/Models/Admin/AOwnerModel.php(41): CodeIgniter\Database\BaseBuilder->update(Array)
#7 /home/fbeslife/fmenu.fbeslife.com/app/Controllers/Fpanel/Owner.php(237): App\Models\Admin\AOwnerModel->updOwner('1', Array)
#8 /home/fbeslife/fmenu.fbeslife.com/system/CodeIgniter.php(832): App\Controllers\Fpanel\Owner->update_result('1')
#9 /home/fbeslife/fmenu.fbeslife.com/system/CodeIgniter.php(419): CodeIgniter\CodeIgniter->runController(Object(App\Controllers\Fpanel\Owner))
#10 /home/fbeslife/fmenu.fbeslife.com/system/CodeIgniter.php(326): CodeIgniter\CodeIgniter->handleRequest(NULL, Object(Config\Cache), false)
#11 /home/fbeslife/fmenu.fbeslife.com/index.php(37): CodeIgniter\CodeIgniter->run()
#12 {main}
CRITICAL - 2022-07-30 22:31:44 --> Object of class stdClass could not be converted to string
#0 [internal function]: CodeIgniter\Debug\Exceptions->errorHandler(4096, 'Object of class...', '/home/fbeslife/...', 318, Array)
#1 /home/fbeslife/fmenu.fbeslife.com/system/Database/Query.php(318): strtr('UPDATE `owner` ...', Array)
#2 /home/fbeslife/fmenu.fbeslife.com/system/Database/Query.php(293): CodeIgniter\Database\Query->matchNamedBinds('UPDATE `owner` ...', Array)
#3 /home/fbeslife/fmenu.fbeslife.com/system/Database/Query.php(150): CodeIgniter\Database\Query->compileBinds()
#4 /home/fbeslife/fmenu.fbeslife.com/system/Database/BaseConnection.php(598): CodeIgniter\Database\Query->getQuery()
#5 /home/fbeslife/fmenu.fbeslife.com/system/Database/BaseBuilder.php(1913): CodeIgniter\Database\BaseConnection->query('UPDATE `owner` ...', Array, false)
#6 /home/fbeslife/fmenu.fbeslife.com/app/Models/Admin/AOwnerModel.php(41): CodeIgniter\Database\BaseBuilder->update(Array)
#7 /home/fbeslife/fmenu.fbeslife.com/app/Controllers/Fpanel/Owner.php(237): App\Models\Admin\AOwnerModel->updOwner('1', Array)
#8 /home/fbeslife/fmenu.fbeslife.com/system/CodeIgniter.php(832): App\Controllers\Fpanel\Owner->update_result('1')
#9 /home/fbeslife/fmenu.fbeslife.com/system/CodeIgniter.php(419): CodeIgniter\CodeIgniter->runController(Object(App\Controllers\Fpanel\Owner))
#10 /home/fbeslife/fmenu.fbeslife.com/system/CodeIgniter.php(326): CodeIgniter\CodeIgniter->handleRequest(NULL, Object(Config\Cache), false)
#11 /home/fbeslife/fmenu.fbeslife.com/index.php(37): CodeIgniter\CodeIgniter->run()
#12 {main}
CRITICAL - 2022-07-30 22:32:02 --> Object of class stdClass could not be converted to string
#0 [internal function]: CodeIgniter\Debug\Exceptions->errorHandler(4096, 'Object of class...', '/home/fbeslife/...', 318, Array)
#1 /home/fbeslife/fmenu.fbeslife.com/system/Database/Query.php(318): strtr('UPDATE `owner` ...', Array)
#2 /home/fbeslife/fmenu.fbeslife.com/system/Database/Query.php(293): CodeIgniter\Database\Query->matchNamedBinds('UPDATE `owner` ...', Array)
#3 /home/fbeslife/fmenu.fbeslife.com/system/Database/Query.php(150): CodeIgniter\Database\Query->compileBinds()
#4 /home/fbeslife/fmenu.fbeslife.com/system/Database/BaseConnection.php(598): CodeIgniter\Database\Query->getQuery()
#5 /home/fbeslife/fmenu.fbeslife.com/system/Database/BaseBuilder.php(1913): CodeIgniter\Database\BaseConnection->query('UPDATE `owner` ...', Array, false)
#6 /home/fbeslife/fmenu.fbeslife.com/app/Models/Admin/AOwnerModel.php(41): CodeIgniter\Database\BaseBuilder->update(Array)
#7 /home/fbeslife/fmenu.fbeslife.com/app/Controllers/Fpanel/Owner.php(237): App\Models\Admin\AOwnerModel->updOwner('22', Array)
#8 /home/fbeslife/fmenu.fbeslife.com/system/CodeIgniter.php(832): App\Controllers\Fpanel\Owner->update_result('22')
#9 /home/fbeslife/fmenu.fbeslife.com/system/CodeIgniter.php(419): CodeIgniter\CodeIgniter->runController(Object(App\Controllers\Fpanel\Owner))
#10 /home/fbeslife/fmenu.fbeslife.com/system/CodeIgniter.php(326): CodeIgniter\CodeIgniter->handleRequest(NULL, Object(Config\Cache), false)
#11 /home/fbeslife/fmenu.fbeslife.com/index.php(37): CodeIgniter\CodeIgniter->run()
#12 {main}
CRITICAL - 2022-07-30 22:32:57 --> Object of class stdClass could not be converted to string
#0 [internal function]: CodeIgniter\Debug\Exceptions->errorHandler(4096, 'Object of class...', '/home/fbeslife/...', 318, Array)
#1 /home/fbeslife/fmenu.fbeslife.com/system/Database/Query.php(318): strtr('UPDATE `owner` ...', Array)
#2 /home/fbeslife/fmenu.fbeslife.com/system/Database/Query.php(293): CodeIgniter\Database\Query->matchNamedBinds('UPDATE `owner` ...', Array)
#3 /home/fbeslife/fmenu.fbeslife.com/system/Database/Query.php(150): CodeIgniter\Database\Query->compileBinds()
#4 /home/fbeslife/fmenu.fbeslife.com/system/Database/BaseConnection.php(598): CodeIgniter\Database\Query->getQuery()
#5 /home/fbeslife/fmenu.fbeslife.com/system/Database/BaseBuilder.php(1913): CodeIgniter\Database\BaseConnection->query('UPDATE `owner` ...', Array, false)
#6 /home/fbeslife/fmenu.fbeslife.com/app/Models/Admin/AOwnerModel.php(41): CodeIgniter\Database\BaseBuilder->update(Array)
#7 /home/fbeslife/fmenu.fbeslife.com/app/Controllers/Fpanel/Owner.php(237): App\Models\Admin\AOwnerModel->updOwner('1', Array)
#8 /home/fbeslife/fmenu.fbeslife.com/system/CodeIgniter.php(832): App\Controllers\Fpanel\Owner->update_result('1')
#9 /home/fbeslife/fmenu.fbeslife.com/system/CodeIgniter.php(419): CodeIgniter\CodeIgniter->runController(Object(App\Controllers\Fpanel\Owner))
#10 /home/fbeslife/fmenu.fbeslife.com/system/CodeIgniter.php(326): CodeIgniter\CodeIgniter->handleRequest(NULL, Object(Config\Cache), false)
#11 /home/fbeslife/fmenu.fbeslife.com/index.php(37): CodeIgniter\CodeIgniter->run()
#12 {main}
CRITICAL - 2022-07-30 22:33:46 --> Object of class stdClass could not be converted to string
#0 [internal function]: CodeIgniter\Debug\Exceptions->errorHandler(4096, 'Object of class...', '/home/fbeslife/...', 318, Array)
#1 /home/fbeslife/fmenu.fbeslife.com/system/Database/Query.php(318): strtr('UPDATE `owner` ...', Array)
#2 /home/fbeslife/fmenu.fbeslife.com/system/Database/Query.php(293): CodeIgniter\Database\Query->matchNamedBinds('UPDATE `owner` ...', Array)
#3 /home/fbeslife/fmenu.fbeslife.com/system/Database/Query.php(150): CodeIgniter\Database\Query->compileBinds()
#4 /home/fbeslife/fmenu.fbeslife.com/system/Database/BaseConnection.php(598): CodeIgniter\Database\Query->getQuery()
#5 /home/fbeslife/fmenu.fbeslife.com/system/Database/BaseBuilder.php(1913): CodeIgniter\Database\BaseConnection->query('UPDATE `owner` ...', Array, false)
#6 /home/fbeslife/fmenu.fbeslife.com/app/Models/Admin/AOwnerModel.php(41): CodeIgniter\Database\BaseBuilder->update(Array)
#7 /home/fbeslife/fmenu.fbeslife.com/app/Controllers/Fpanel/Owner.php(237): App\Models\Admin\AOwnerModel->updOwner('1', Array)
#8 /home/fbeslife/fmenu.fbeslife.com/system/CodeIgniter.php(832): App\Controllers\Fpanel\Owner->update_result('1')
#9 /home/fbeslife/fmenu.fbeslife.com/system/CodeIgniter.php(419): CodeIgniter\CodeIgniter->runController(Object(App\Controllers\Fpanel\Owner))
#10 /home/fbeslife/fmenu.fbeslife.com/system/CodeIgniter.php(326): CodeIgniter\CodeIgniter->handleRequest(NULL, Object(Config\Cache), false)
#11 /home/fbeslife/fmenu.fbeslife.com/index.php(37): CodeIgniter\CodeIgniter->run()
#12 {main}
CRITICAL - 2022-07-30 22:33:51 --> Object of class stdClass could not be converted to string
#0 [internal function]: CodeIgniter\Debug\Exceptions->errorHandler(4096, 'Object of class...', '/home/fbeslife/...', 318, Array)
#1 /home/fbeslife/fmenu.fbeslife.com/system/Database/Query.php(318): strtr('UPDATE `owner` ...', Array)
#2 /home/fbeslife/fmenu.fbeslife.com/system/Database/Query.php(293): CodeIgniter\Database\Query->matchNamedBinds('UPDATE `owner` ...', Array)
#3 /home/fbeslife/fmenu.fbeslife.com/system/Database/Query.php(150): CodeIgniter\Database\Query->compileBinds()
#4 /home/fbeslife/fmenu.fbeslife.com/system/Database/BaseConnection.php(598): CodeIgniter\Database\Query->getQuery()
#5 /home/fbeslife/fmenu.fbeslife.com/system/Database/BaseBuilder.php(1913): CodeIgniter\Database\BaseConnection->query('UPDATE `owner` ...', Array, false)
#6 /home/fbeslife/fmenu.fbeslife.com/app/Models/Admin/AOwnerModel.php(41): CodeIgniter\Database\BaseBuilder->update(Array)
#7 /home/fbeslife/fmenu.fbeslife.com/app/Controllers/Fpanel/Owner.php(237): App\Models\Admin\AOwnerModel->updOwner('1', Array)
#8 /home/fbeslife/fmenu.fbeslife.com/system/CodeIgniter.php(832): App\Controllers\Fpanel\Owner->update_result('1')
#9 /home/fbeslife/fmenu.fbeslife.com/system/CodeIgniter.php(419): CodeIgniter\CodeIgniter->runController(Object(App\Controllers\Fpanel\Owner))
#10 /home/fbeslife/fmenu.fbeslife.com/system/CodeIgniter.php(326): CodeIgniter\CodeIgniter->handleRequest(NULL, Object(Config\Cache), false)
#11 /home/fbeslife/fmenu.fbeslife.com/index.php(37): CodeIgniter\CodeIgniter->run()
#12 {main}
ERROR - 2022-07-30 22:41:42 --> Unknown column 'owner' in 'field list'
ERROR - 2022-07-30 22:41:44 --> Unknown column 'owner' in 'field list'
ERROR - 2022-07-30 22:41:45 --> Unknown column 'owner' in 'field list'
CRITICAL - 2022-07-30 22:42:58 --> unlink(img/5b137f979526041a73d33ac6a.png): No such file or directory
#0 [internal function]: CodeIgniter\Debug\Exceptions->errorHandler(2, 'unlink(img/5b13...', '/home/fbeslife/...', 253, Array)
#1 /home/fbeslife/fmenu.fbeslife.com/app/Controllers/Fpanel/MainPage.php(253): unlink('img/5b137f97952...')
#2 /home/fbeslife/fmenu.fbeslife.com/system/CodeIgniter.php(832): App\Controllers\Fpanel\MainPage->delete_result('36')
#3 /home/fbeslife/fmenu.fbeslife.com/system/CodeIgniter.php(419): CodeIgniter\CodeIgniter->runController(Object(App\Controllers\Fpanel\MainPage))
#4 /home/fbeslife/fmenu.fbeslife.com/system/CodeIgniter.php(326): CodeIgniter\CodeIgniter->handleRequest(NULL, Object(Config\Cache), false)
#5 /home/fbeslife/fmenu.fbeslife.com/index.php(37): CodeIgniter\CodeIgniter->run()
#6 {main}
