CRITICAL - 2022-07-05 14:35:40 --> Undefined property: stdClass::$text
#0 C:\xampp\htdocs\weProject\FmenuPlus\app\Views\Fpanel\desk.php(32): CodeIgniter\Debug\Exceptions->errorHandler(2, 'Undefined prope...', 'C:\\xampp\\htdocs...', 32)
#1 C:\xampp\htdocs\weProject\FmenuPlus\system\View\View.php(210): include('C:\\xampp\\htdocs...')
#2 C:\xampp\htdocs\weProject\FmenuPlus\system\View\View.php(213): CodeIgniter\View\View->CodeIgniter\View\{closure}()
#3 C:\xampp\htdocs\weProject\FmenuPlus\system\Common.php(1089): CodeIgniter\View\View->render('Fpanel/desk', Array, true)
#4 C:\xampp\htdocs\weProject\FmenuPlus\app\Controllers\Fpanel\Desk.php(50): view('Fpanel/desk', Array)
#5 C:\xampp\htdocs\weProject\FmenuPlus\system\CodeIgniter.php(832): App\Controllers\Fpanel\Desk->index()
#6 C:\xampp\htdocs\weProject\FmenuPlus\system\CodeIgniter.php(419): CodeIgniter\CodeIgniter->runController(Object(App\Controllers\Fpanel\Desk))
#7 C:\xampp\htdocs\weProject\FmenuPlus\system\CodeIgniter.php(326): CodeIgniter\CodeIgniter->handleRequest(NULL, Object(Config\Cache), false)
#8 C:\xampp\htdocs\weProject\FmenuPlus\index.php(37): CodeIgniter\CodeIgniter->run()
#9 {main}
CRITICAL - 2022-07-05 14:42:47 --> require(php/BarcodeQR.php): Failed to open stream: No such file or directory
#0 C:\xampp\htdocs\weProject\FmenuPlus\app\Helpers\imgCreator_helper.php(4): CodeIgniter\Debug\Exceptions->errorHandler(2, 'require(php/Bar...', 'C:\\xampp\\htdocs...', 4)
#1 C:\xampp\htdocs\weProject\FmenuPlus\app\Helpers\imgCreator_helper.php(4): require()
#2 C:\xampp\htdocs\weProject\FmenuPlus\system\Common.php(633): include_once('C:\\xampp\\htdocs...')
#3 C:\xampp\htdocs\weProject\FmenuPlus\app\Controllers\Fpanel\Desk.php(54): helper(Array)
#4 C:\xampp\htdocs\weProject\FmenuPlus\system\CodeIgniter.php(832): App\Controllers\Fpanel\Desk->details('1')
#5 C:\xampp\htdocs\weProject\FmenuPlus\system\CodeIgniter.php(419): CodeIgniter\CodeIgniter->runController(Object(App\Controllers\Fpanel\Desk))
#6 C:\xampp\htdocs\weProject\FmenuPlus\system\CodeIgniter.php(326): CodeIgniter\CodeIgniter->handleRequest(NULL, Object(Config\Cache), false)
#7 C:\xampp\htdocs\weProject\FmenuPlus\index.php(37): CodeIgniter\CodeIgniter->run()
#8 {main}
CRITICAL - 2022-07-05 14:43:34 --> You must set the database table to be used with your query.
#0 C:\xampp\htdocs\weProject\FmenuPlus\system\Model.php(545): CodeIgniter\Database\BaseConnection->table(NULL)
#1 C:\xampp\htdocs\weProject\FmenuPlus\system\Model.php(722): CodeIgniter\Model->builder()
#2 C:\xampp\htdocs\weProject\FmenuPlus\app\Controllers\Fpanel\Desk.php(63): CodeIgniter\Model->__call('getWeFId', Array)
#3 C:\xampp\htdocs\weProject\FmenuPlus\system\CodeIgniter.php(832): App\Controllers\Fpanel\Desk->details('1')
#4 C:\xampp\htdocs\weProject\FmenuPlus\system\CodeIgniter.php(419): CodeIgniter\CodeIgniter->runController(Object(App\Controllers\Fpanel\Desk))
#5 C:\xampp\htdocs\weProject\FmenuPlus\system\CodeIgniter.php(326): CodeIgniter\CodeIgniter->handleRequest(NULL, Object(Config\Cache), false)
#6 C:\xampp\htdocs\weProject\FmenuPlus\index.php(37): CodeIgniter\CodeIgniter->run()
#7 {main}
CRITICAL - 2022-07-05 14:44:29 --> Undefined variable $contentInfo
#0 C:\xampp\htdocs\weProject\FmenuPlus\app\Views\Fpanel\deskDetails.php(14): CodeIgniter\Debug\Exceptions->errorHandler(2, 'Undefined varia...', 'C:\\xampp\\htdocs...', 14)
#1 C:\xampp\htdocs\weProject\FmenuPlus\system\View\View.php(210): include('C:\\xampp\\htdocs...')
#2 C:\xampp\htdocs\weProject\FmenuPlus\system\View\View.php(213): CodeIgniter\View\View->CodeIgniter\View\{closure}()
#3 C:\xampp\htdocs\weProject\FmenuPlus\system\Common.php(1089): CodeIgniter\View\View->render('Fpanel/deskDeta...', Array, true)
#4 C:\xampp\htdocs\weProject\FmenuPlus\app\Controllers\Fpanel\Desk.php(75): view('Fpanel/deskDeta...', Array)
#5 C:\xampp\htdocs\weProject\FmenuPlus\system\CodeIgniter.php(832): App\Controllers\Fpanel\Desk->details('1')
#6 C:\xampp\htdocs\weProject\FmenuPlus\system\CodeIgniter.php(419): CodeIgniter\CodeIgniter->runController(Object(App\Controllers\Fpanel\Desk))
#7 C:\xampp\htdocs\weProject\FmenuPlus\system\CodeIgniter.php(326): CodeIgniter\CodeIgniter->handleRequest(NULL, Object(Config\Cache), false)
#8 C:\xampp\htdocs\weProject\FmenuPlus\index.php(37): CodeIgniter\CodeIgniter->run()
#9 {main}
CRITICAL - 2022-07-05 14:45:00 --> Undefined variable $we
#0 C:\xampp\htdocs\weProject\FmenuPlus\app\Views\Fpanel\deskDetails.php(30): CodeIgniter\Debug\Exceptions->errorHandler(2, 'Undefined varia...', 'C:\\xampp\\htdocs...', 30)
#1 C:\xampp\htdocs\weProject\FmenuPlus\system\View\View.php(210): include('C:\\xampp\\htdocs...')
#2 C:\xampp\htdocs\weProject\FmenuPlus\system\View\View.php(213): CodeIgniter\View\View->CodeIgniter\View\{closure}()
#3 C:\xampp\htdocs\weProject\FmenuPlus\system\Common.php(1089): CodeIgniter\View\View->render('Fpanel/deskDeta...', Array, true)
#4 C:\xampp\htdocs\weProject\FmenuPlus\app\Controllers\Fpanel\Desk.php(76): view('Fpanel/deskDeta...', Array)
#5 C:\xampp\htdocs\weProject\FmenuPlus\system\CodeIgniter.php(832): App\Controllers\Fpanel\Desk->details('1')
#6 C:\xampp\htdocs\weProject\FmenuPlus\system\CodeIgniter.php(419): CodeIgniter\CodeIgniter->runController(Object(App\Controllers\Fpanel\Desk))
#7 C:\xampp\htdocs\weProject\FmenuPlus\system\CodeIgniter.php(326): CodeIgniter\CodeIgniter->handleRequest(NULL, Object(Config\Cache), false)
#8 C:\xampp\htdocs\weProject\FmenuPlus\index.php(37): CodeIgniter\CodeIgniter->run()
#9 {main}
CRITICAL - 2022-07-05 09:07:02 --> Undefined array key 99999
#0 C:\xampp\htdocs\weProject\FmenuPlus\app\Models\DeskModel.php(34): CodeIgniter\Debug\Exceptions->errorHandler(2, 'Undefined array...', 'C:\\xampp\\htdocs...', 34)
#1 C:\xampp\htdocs\weProject\FmenuPlus\app\Controllers\OurPackages.php(17): App\Models\DeskModel->checkDeskPackage()
#2 C:\xampp\htdocs\weProject\FmenuPlus\system\CodeIgniter.php(809): App\Controllers\OurPackages->__construct()
#3 C:\xampp\htdocs\weProject\FmenuPlus\system\CodeIgniter.php(410): CodeIgniter\CodeIgniter->createController()
#4 C:\xampp\htdocs\weProject\FmenuPlus\system\CodeIgniter.php(326): CodeIgniter\CodeIgniter->handleRequest(NULL, Object(Config\Cache), false)
#5 C:\xampp\htdocs\weProject\FmenuPlus\index.php(37): CodeIgniter\CodeIgniter->run()
#6 {main}
CRITICAL - 2022-07-05 09:07:47 --> Cannot use [] for reading
#0 C:\xampp\htdocs\weProject\FmenuPlus\app\Controllers\OurPackages.php(17): App\Models\DeskModel->checkDeskPackage()
#1 C:\xampp\htdocs\weProject\FmenuPlus\system\CodeIgniter.php(809): App\Controllers\OurPackages->__construct()
#2 C:\xampp\htdocs\weProject\FmenuPlus\system\CodeIgniter.php(410): CodeIgniter\CodeIgniter->createController()
#3 C:\xampp\htdocs\weProject\FmenuPlus\system\CodeIgniter.php(326): CodeIgniter\CodeIgniter->handleRequest(NULL, Object(Config\Cache), false)
#4 C:\xampp\htdocs\weProject\FmenuPlus\index.php(37): CodeIgniter\CodeIgniter->run()
#5 {main}
CRITICAL - 2022-07-05 09:10:32 --> Call to undefined function App\Models\GuvenlikFiltresi()
#0 C:\xampp\htdocs\weProject\FmenuPlus\app\Controllers\OurPackages.php(17): App\Models\DeskModel->checkDeskPackage()
#1 C:\xampp\htdocs\weProject\FmenuPlus\system\CodeIgniter.php(809): App\Controllers\OurPackages->__construct()
#2 C:\xampp\htdocs\weProject\FmenuPlus\system\CodeIgniter.php(410): CodeIgniter\CodeIgniter->createController()
#3 C:\xampp\htdocs\weProject\FmenuPlus\system\CodeIgniter.php(326): CodeIgniter\CodeIgniter->handleRequest(NULL, Object(Config\Cache), false)
#4 C:\xampp\htdocs\weProject\FmenuPlus\index.php(37): CodeIgniter\CodeIgniter->run()
#5 {main}
CRITICAL - 2022-07-05 09:11:41 --> Call to undefined function App\Models\GuvenlikFiltresi()
#0 C:\xampp\htdocs\weProject\FmenuPlus\app\Controllers\OurPackages.php(17): App\Models\DeskModel->checkDeskPackage()
#1 C:\xampp\htdocs\weProject\FmenuPlus\system\CodeIgniter.php(809): App\Controllers\OurPackages->__construct()
#2 C:\xampp\htdocs\weProject\FmenuPlus\system\CodeIgniter.php(410): CodeIgniter\CodeIgniter->createController()
#3 C:\xampp\htdocs\weProject\FmenuPlus\system\CodeIgniter.php(326): CodeIgniter\CodeIgniter->handleRequest(NULL, Object(Config\Cache), false)
#4 C:\xampp\htdocs\weProject\FmenuPlus\index.php(37): CodeIgniter\CodeIgniter->run()
#5 {main}
CRITICAL - 2022-07-05 09:54:29 --> Attempt to read property "uniqueName" on array
#0 C:\xampp\htdocs\weProject\FmenuPlus\app\Views\ourPackages.php(59): CodeIgniter\Debug\Exceptions->errorHandler(2, 'Attempt to read...', 'C:\\xampp\\htdocs...', 59)
#1 C:\xampp\htdocs\weProject\FmenuPlus\system\View\View.php(210): include('C:\\xampp\\htdocs...')
#2 C:\xampp\htdocs\weProject\FmenuPlus\system\View\View.php(213): CodeIgniter\View\View->CodeIgniter\View\{closure}()
#3 C:\xampp\htdocs\weProject\FmenuPlus\system\Common.php(1089): CodeIgniter\View\View->render('ourPackages', Array, true)
#4 C:\xampp\htdocs\weProject\FmenuPlus\app\Controllers\OurPackages.php(47): view('ourPackages', Array)
#5 C:\xampp\htdocs\weProject\FmenuPlus\system\CodeIgniter.php(832): App\Controllers\OurPackages->index('Kahvaltilar', '1')
#6 C:\xampp\htdocs\weProject\FmenuPlus\system\CodeIgniter.php(419): CodeIgniter\CodeIgniter->runController(Object(App\Controllers\OurPackages))
#7 C:\xampp\htdocs\weProject\FmenuPlus\system\CodeIgniter.php(326): CodeIgniter\CodeIgniter->handleRequest(NULL, Object(Config\Cache), false)
#8 C:\xampp\htdocs\weProject\FmenuPlus\index.php(37): CodeIgniter\CodeIgniter->run()
#9 {main}
CRITICAL - 2022-07-05 09:56:02 --> Undefined property: CodeIgniter\View\View::$activeDeskDetails
#0 C:\xampp\htdocs\weProject\FmenuPlus\app\Views\ourPackages.php(58): CodeIgniter\Debug\Exceptions->errorHandler(2, 'Undefined prope...', 'C:\\xampp\\htdocs...', 58)
#1 C:\xampp\htdocs\weProject\FmenuPlus\system\View\View.php(210): include('C:\\xampp\\htdocs...')
#2 C:\xampp\htdocs\weProject\FmenuPlus\system\View\View.php(213): CodeIgniter\View\View->CodeIgniter\View\{closure}()
#3 C:\xampp\htdocs\weProject\FmenuPlus\system\Common.php(1089): CodeIgniter\View\View->render('ourPackages', Array, true)
#4 C:\xampp\htdocs\weProject\FmenuPlus\app\Controllers\OurPackages.php(47): view('ourPackages', Array)
#5 C:\xampp\htdocs\weProject\FmenuPlus\system\CodeIgniter.php(832): App\Controllers\OurPackages->index('Kahvaltilar', '1')
#6 C:\xampp\htdocs\weProject\FmenuPlus\system\CodeIgniter.php(419): CodeIgniter\CodeIgniter->runController(Object(App\Controllers\OurPackages))
#7 C:\xampp\htdocs\weProject\FmenuPlus\system\CodeIgniter.php(326): CodeIgniter\CodeIgniter->handleRequest(NULL, Object(Config\Cache), false)
#8 C:\xampp\htdocs\weProject\FmenuPlus\index.php(37): CodeIgniter\CodeIgniter->run()
#9 {main}
ERROR - 2022-07-05 10:21:04 --> Unknown column 'deskUniqueName' in 'where clause'
CRITICAL - 2022-07-05 10:21:04 --> Call to a member function getRow() on bool
#0 C:\xampp\htdocs\weProject\FmenuPlus\app\Controllers\Cart.php(26): App\Models\CartModel->addCart('99999', 'dfd1e072131b2c7...', '15')
#1 C:\xampp\htdocs\weProject\FmenuPlus\system\CodeIgniter.php(832): App\Controllers\Cart->cartAdd('15', '99999')
#2 C:\xampp\htdocs\weProject\FmenuPlus\system\CodeIgniter.php(419): CodeIgniter\CodeIgniter->runController(Object(App\Controllers\Cart))
#3 C:\xampp\htdocs\weProject\FmenuPlus\system\CodeIgniter.php(326): CodeIgniter\CodeIgniter->handleRequest(NULL, Object(Config\Cache), false)
#4 C:\xampp\htdocs\weProject\FmenuPlus\index.php(37): CodeIgniter\CodeIgniter->run()
#5 {main}
CRITICAL - 2022-07-05 10:22:21 --> Attempt to read property "id" on null
#0 C:\xampp\htdocs\weProject\FmenuPlus\app\Models\CartModel.php(33): CodeIgniter\Debug\Exceptions->errorHandler(2, 'Attempt to read...', 'C:\\xampp\\htdocs...', 33)
#1 C:\xampp\htdocs\weProject\FmenuPlus\app\Controllers\Cart.php(26): App\Models\CartModel->addCart('99999', 'dfd1e072131b2c7...', '15')
#2 C:\xampp\htdocs\weProject\FmenuPlus\system\CodeIgniter.php(832): App\Controllers\Cart->cartAdd('15', '99999')
#3 C:\xampp\htdocs\weProject\FmenuPlus\system\CodeIgniter.php(419): CodeIgniter\CodeIgniter->runController(Object(App\Controllers\Cart))
#4 C:\xampp\htdocs\weProject\FmenuPlus\system\CodeIgniter.php(326): CodeIgniter\CodeIgniter->handleRequest(NULL, Object(Config\Cache), false)
#5 C:\xampp\htdocs\weProject\FmenuPlus\index.php(37): CodeIgniter\CodeIgniter->run()
#6 {main}
