CRITICAL - 2022-05-28 04:28:01 --> You must set the database table to be used with your query.
#0 /home/dorbistr/domains/dorbistroburdur.com/public_html/system/Model.php(545): CodeIgniter\Database\BaseConnection->table(NULL)
#1 /home/dorbistr/domains/dorbistroburdur.com/public_html/system/Model.php(722): CodeIgniter\Model->builder()
#2 /home/dorbistr/domains/dorbistroburdur.com/public_html/app/Controllers/Yonetim/Ayarlar.php(39): CodeIgniter\Model->__call('getSettings', Array)
#3 /home/dorbistr/domains/dorbistroburdur.com/public_html/system/CodeIgniter.php(832): App\Controllers\Yonetim\Ayarlar->index()
#4 /home/dorbistr/domains/dorbistroburdur.com/public_html/system/CodeIgniter.php(419): CodeIgniter\CodeIgniter->runController(Object(App\Controllers\Yonetim\Ayarlar))
#5 /home/dorbistr/domains/dorbistroburdur.com/public_html/system/CodeIgniter.php(326): CodeIgniter\CodeIgniter->handleRequest(NULL, Object(Config\Cache), false)
#6 /home/dorbistr/domains/dorbistroburdur.com/public_html/index.php(37): CodeIgniter\CodeIgniter->run()
#7 {main}
CRITICAL - 2022-05-28 04:28:10 --> You must set the database table to be used with your query.
#0 /home/dorbistr/domains/dorbistroburdur.com/public_html/system/Model.php(545): CodeIgniter\Database\BaseConnection->table(NULL)
#1 /home/dorbistr/domains/dorbistroburdur.com/public_html/system/Model.php(722): CodeIgniter\Model->builder()
#2 /home/dorbistr/domains/dorbistroburdur.com/public_html/app/Controllers/Yonetim/Ayarlar.php(39): CodeIgniter\Model->__call('getSettings', Array)
#3 /home/dorbistr/domains/dorbistroburdur.com/public_html/system/CodeIgniter.php(832): App\Controllers\Yonetim\Ayarlar->index()
#4 /home/dorbistr/domains/dorbistroburdur.com/public_html/system/CodeIgniter.php(419): CodeIgniter\CodeIgniter->runController(Object(App\Controllers\Yonetim\Ayarlar))
#5 /home/dorbistr/domains/dorbistroburdur.com/public_html/system/CodeIgniter.php(326): CodeIgniter\CodeIgniter->handleRequest(NULL, Object(Config\Cache), false)
#6 /home/dorbistr/domains/dorbistroburdur.com/public_html/index.php(37): CodeIgniter\CodeIgniter->run()
#7 {main}
CRITICAL - 2022-05-28 04:29:52 --> You must set the database table to be used with your query.
#0 /home/dorbistr/domains/dorbistroburdur.com/public_html/system/Model.php(545): CodeIgniter\Database\BaseConnection->table(NULL)
#1 /home/dorbistr/domains/dorbistroburdur.com/public_html/system/Model.php(722): CodeIgniter\Model->builder()
#2 /home/dorbistr/domains/dorbistroburdur.com/public_html/app/Controllers/Yonetim/Ayarlar.php(39): CodeIgniter\Model->__call('getSettings', Array)
#3 /home/dorbistr/domains/dorbistroburdur.com/public_html/system/CodeIgniter.php(832): App\Controllers\Yonetim\Ayarlar->index()
#4 /home/dorbistr/domains/dorbistroburdur.com/public_html/system/CodeIgniter.php(419): CodeIgniter\CodeIgniter->runController(Object(App\Controllers\Yonetim\Ayarlar))
#5 /home/dorbistr/domains/dorbistroburdur.com/public_html/system/CodeIgniter.php(326): CodeIgniter\CodeIgniter->handleRequest(NULL, Object(Config\Cache), false)
#6 /home/dorbistr/domains/dorbistroburdur.com/public_html/index.php(37): CodeIgniter\CodeIgniter->run()
#7 {main}
CRITICAL - 2022-05-28 04:29:55 --> You must set the database table to be used with your query.
#0 /home/dorbistr/domains/dorbistroburdur.com/public_html/system/Model.php(545): CodeIgniter\Database\BaseConnection->table(NULL)
#1 /home/dorbistr/domains/dorbistroburdur.com/public_html/system/Model.php(722): CodeIgniter\Model->builder()
#2 /home/dorbistr/domains/dorbistroburdur.com/public_html/app/Controllers/Yonetim/Ayarlar.php(39): CodeIgniter\Model->__call('getSettings', Array)
#3 /home/dorbistr/domains/dorbistroburdur.com/public_html/system/CodeIgniter.php(832): App\Controllers\Yonetim\Ayarlar->index()
#4 /home/dorbistr/domains/dorbistroburdur.com/public_html/system/CodeIgniter.php(419): CodeIgniter\CodeIgniter->runController(Object(App\Controllers\Yonetim\Ayarlar))
#5 /home/dorbistr/domains/dorbistroburdur.com/public_html/system/CodeIgniter.php(326): CodeIgniter\CodeIgniter->handleRequest(NULL, Object(Config\Cache), false)
#6 /home/dorbistr/domains/dorbistroburdur.com/public_html/index.php(37): CodeIgniter\CodeIgniter->run()
#7 {main}
CRITICAL - 2022-05-28 04:29:56 --> You must set the database table to be used with your query.
#0 /home/dorbistr/domains/dorbistroburdur.com/public_html/system/Model.php(545): CodeIgniter\Database\BaseConnection->table(NULL)
#1 /home/dorbistr/domains/dorbistroburdur.com/public_html/system/Model.php(722): CodeIgniter\Model->builder()
#2 /home/dorbistr/domains/dorbistroburdur.com/public_html/app/Controllers/Yonetim/Ayarlar.php(39): CodeIgniter\Model->__call('getSettings', Array)
#3 /home/dorbistr/domains/dorbistroburdur.com/public_html/system/CodeIgniter.php(832): App\Controllers\Yonetim\Ayarlar->index()
#4 /home/dorbistr/domains/dorbistroburdur.com/public_html/system/CodeIgniter.php(419): CodeIgniter\CodeIgniter->runController(Object(App\Controllers\Yonetim\Ayarlar))
#5 /home/dorbistr/domains/dorbistroburdur.com/public_html/system/CodeIgniter.php(326): CodeIgniter\CodeIgniter->handleRequest(NULL, Object(Config\Cache), false)
#6 /home/dorbistr/domains/dorbistroburdur.com/public_html/index.php(37): CodeIgniter\CodeIgniter->run()
#7 {main}
CRITICAL - 2022-05-28 04:44:36 --> unlink(img/): Is a directory
#0 [internal function]: CodeIgniter\Debug\Exceptions->errorHandler(2, 'unlink(img/): I...', '/home/dorbistr/...', 215, Array)
#1 /home/dorbistr/domains/dorbistroburdur.com/public_html/app/Controllers/Yonetim/Product.php(215): unlink('img/')
#2 /home/dorbistr/domains/dorbistroburdur.com/public_html/system/CodeIgniter.php(832): App\Controllers\Yonetim\Product->guncelle_sonuc('42')
#3 /home/dorbistr/domains/dorbistroburdur.com/public_html/system/CodeIgniter.php(419): CodeIgniter\CodeIgniter->runController(Object(App\Controllers\Yonetim\Product))
#4 /home/dorbistr/domains/dorbistroburdur.com/public_html/system/CodeIgniter.php(326): CodeIgniter\CodeIgniter->handleRequest(NULL, Object(Config\Cache), false)
#5 /home/dorbistr/domains/dorbistroburdur.com/public_html/index.php(37): CodeIgniter\CodeIgniter->run()
#6 {main}
CRITICAL - 2022-05-28 04:44:51 --> unlink(img/): Is a directory
#0 [internal function]: CodeIgniter\Debug\Exceptions->errorHandler(2, 'unlink(img/): I...', '/home/dorbistr/...', 274, Array)
#1 /home/dorbistr/domains/dorbistroburdur.com/public_html/app/Controllers/Yonetim/Product.php(274): unlink('img/')
#2 /home/dorbistr/domains/dorbistroburdur.com/public_html/system/CodeIgniter.php(832): App\Controllers\Yonetim\Product->sil_sonuc('42')
#3 /home/dorbistr/domains/dorbistroburdur.com/public_html/system/CodeIgniter.php(419): CodeIgniter\CodeIgniter->runController(Object(App\Controllers\Yonetim\Product))
#4 /home/dorbistr/domains/dorbistroburdur.com/public_html/system/CodeIgniter.php(326): CodeIgniter\CodeIgniter->handleRequest(NULL, Object(Config\Cache), false)
#5 /home/dorbistr/domains/dorbistroburdur.com/public_html/index.php(37): CodeIgniter\CodeIgniter->run()
#6 {main}
CRITICAL - 2022-05-28 05:37:27 --> You must set the database table to be used with your query.
#0 /home/dorbistr/domains/dorbistroburdur.com/public_html/system/Model.php(545): CodeIgniter\Database\BaseConnection->table(NULL)
#1 /home/dorbistr/domains/dorbistroburdur.com/public_html/system/Model.php(722): CodeIgniter\Model->builder()
#2 /home/dorbistr/domains/dorbistroburdur.com/public_html/app/Controllers/Yonetim/Ayarlar.php(39): CodeIgniter\Model->__call('getSettings', Array)
#3 /home/dorbistr/domains/dorbistroburdur.com/public_html/system/CodeIgniter.php(832): App\Controllers\Yonetim\Ayarlar->index()
#4 /home/dorbistr/domains/dorbistroburdur.com/public_html/system/CodeIgniter.php(419): CodeIgniter\CodeIgniter->runController(Object(App\Controllers\Yonetim\Ayarlar))
#5 /home/dorbistr/domains/dorbistroburdur.com/public_html/system/CodeIgniter.php(326): CodeIgniter\CodeIgniter->handleRequest(NULL, Object(Config\Cache), false)
#6 /home/dorbistr/domains/dorbistroburdur.com/public_html/index.php(37): CodeIgniter\CodeIgniter->run()
#7 {main}
CRITICAL - 2022-05-28 06:58:15 --> unlink(img/): Is a directory
#0 [internal function]: CodeIgniter\Debug\Exceptions->errorHandler(2, 'unlink(img/): I...', '/home/dorbistr/...', 215, Array)
#1 /home/dorbistr/domains/dorbistroburdur.com/public_html/app/Controllers/Yonetim/Product.php(215): unlink('img/')
#2 /home/dorbistr/domains/dorbistroburdur.com/public_html/system/CodeIgniter.php(832): App\Controllers\Yonetim\Product->guncelle_sonuc('52')
#3 /home/dorbistr/domains/dorbistroburdur.com/public_html/system/CodeIgniter.php(419): CodeIgniter\CodeIgniter->runController(Object(App\Controllers\Yonetim\Product))
#4 /home/dorbistr/domains/dorbistroburdur.com/public_html/system/CodeIgniter.php(326): CodeIgniter\CodeIgniter->handleRequest(NULL, Object(Config\Cache), false)
#5 /home/dorbistr/domains/dorbistroburdur.com/public_html/index.php(37): CodeIgniter\CodeIgniter->run()
#6 {main}
CRITICAL - 2022-05-28 06:58:57 --> unlink(img/): Is a directory
#0 [internal function]: CodeIgniter\Debug\Exceptions->errorHandler(2, 'unlink(img/): I...', '/home/dorbistr/...', 215, Array)
#1 /home/dorbistr/domains/dorbistroburdur.com/public_html/app/Controllers/Yonetim/Product.php(215): unlink('img/')
#2 /home/dorbistr/domains/dorbistroburdur.com/public_html/system/CodeIgniter.php(832): App\Controllers\Yonetim\Product->guncelle_sonuc('52')
#3 /home/dorbistr/domains/dorbistroburdur.com/public_html/system/CodeIgniter.php(419): CodeIgniter\CodeIgniter->runController(Object(App\Controllers\Yonetim\Product))
#4 /home/dorbistr/domains/dorbistroburdur.com/public_html/system/CodeIgniter.php(326): CodeIgniter\CodeIgniter->handleRequest(NULL, Object(Config\Cache), false)
#5 /home/dorbistr/domains/dorbistroburdur.com/public_html/index.php(37): CodeIgniter\CodeIgniter->run()
#6 {main}
CRITICAL - 2022-05-28 07:08:06 --> Call to undefined function DonusumleriGeriDondur()
#0 /home/dorbistr/domains/dorbistroburdur.com/public_html/system/View/View.php(210): include()
#1 /home/dorbistr/domains/dorbistroburdur.com/public_html/system/View/View.php(213): CodeIgniter\View\View->CodeIgniter\View\{closure}()
#2 /home/dorbistr/domains/dorbistroburdur.com/public_html/system/Common.php(1089): CodeIgniter\View\View->render('ourPackages', Array, true)
#3 /home/dorbistr/domains/dorbistroburdur.com/public_html/app/Controllers/OurPackages.php(30): view('ourPackages', Array)
#4 /home/dorbistr/domains/dorbistroburdur.com/public_html/system/CodeIgniter.php(832): App\Controllers\OurPackages->index('sandvicler', '1')
#5 /home/dorbistr/domains/dorbistroburdur.com/public_html/system/CodeIgniter.php(419): CodeIgniter\CodeIgniter->runController(Object(App\Controllers\OurPackages))
#6 /home/dorbistr/domains/dorbistroburdur.com/public_html/system/CodeIgniter.php(326): CodeIgniter\CodeIgniter->handleRequest(NULL, Object(Config\Cache), false)
#7 /home/dorbistr/domains/dorbistroburdur.com/public_html/index.php(37): CodeIgniter\CodeIgniter->run()
#8 {main}
CRITICAL - 2022-05-28 07:08:08 --> Call to undefined function DonusumleriGeriDondur()
#0 /home/dorbistr/domains/dorbistroburdur.com/public_html/system/View/View.php(210): include()
#1 /home/dorbistr/domains/dorbistroburdur.com/public_html/system/View/View.php(213): CodeIgniter\View\View->CodeIgniter\View\{closure}()
#2 /home/dorbistr/domains/dorbistroburdur.com/public_html/system/Common.php(1089): CodeIgniter\View\View->render('ourPackages', Array, true)
#3 /home/dorbistr/domains/dorbistroburdur.com/public_html/app/Controllers/OurPackages.php(30): view('ourPackages', Array)
#4 /home/dorbistr/domains/dorbistroburdur.com/public_html/system/CodeIgniter.php(832): App\Controllers\OurPackages->index('sandviclier')
#5 /home/dorbistr/domains/dorbistroburdur.com/public_html/system/CodeIgniter.php(419): CodeIgniter\CodeIgniter->runController(Object(App\Controllers\OurPackages))
#6 /home/dorbistr/domains/dorbistroburdur.com/public_html/system/CodeIgniter.php(326): CodeIgniter\CodeIgniter->handleRequest(NULL, Object(Config\Cache), false)
#7 /home/dorbistr/domains/dorbistroburdur.com/public_html/index.php(37): CodeIgniter\CodeIgniter->run()
#8 {main}
CRITICAL - 2022-05-28 07:08:11 --> Call to undefined function DonusumleriGeriDondur()
#0 /home/dorbistr/domains/dorbistroburdur.com/public_html/system/View/View.php(210): include()
#1 /home/dorbistr/domains/dorbistroburdur.com/public_html/system/View/View.php(213): CodeIgniter\View\View->CodeIgniter\View\{closure}()
#2 /home/dorbistr/domains/dorbistroburdur.com/public_html/system/Common.php(1089): CodeIgniter\View\View->render('ourPackages', Array, true)
#3 /home/dorbistr/domains/dorbistroburdur.com/public_html/app/Controllers/OurPackages.php(30): view('ourPackages', Array)
#4 /home/dorbistr/domains/dorbistroburdur.com/public_html/system/CodeIgniter.php(832): App\Controllers\OurPackages->index()
#5 /home/dorbistr/domains/dorbistroburdur.com/public_html/system/CodeIgniter.php(419): CodeIgniter\CodeIgniter->runController(Object(App\Controllers\OurPackages))
#6 /home/dorbistr/domains/dorbistroburdur.com/public_html/system/CodeIgniter.php(326): CodeIgniter\CodeIgniter->handleRequest(NULL, Object(Config\Cache), false)
#7 /home/dorbistr/domains/dorbistroburdur.com/public_html/index.php(37): CodeIgniter\CodeIgniter->run()
#8 {main}
CRITICAL - 2022-05-28 07:08:12 --> Call to undefined function DonusumleriGeriDondur()
#0 /home/dorbistr/domains/dorbistroburdur.com/public_html/system/View/View.php(210): include()
#1 /home/dorbistr/domains/dorbistroburdur.com/public_html/system/View/View.php(213): CodeIgniter\View\View->CodeIgniter\View\{closure}()
#2 /home/dorbistr/domains/dorbistroburdur.com/public_html/system/Common.php(1089): CodeIgniter\View\View->render('ourPackages', Array, true)
#3 /home/dorbistr/domains/dorbistroburdur.com/public_html/app/Controllers/OurPackages.php(30): view('ourPackages', Array)
#4 /home/dorbistr/domains/dorbistroburdur.com/public_html/system/CodeIgniter.php(832): App\Controllers\OurPackages->index('tostlar', '1')
#5 /home/dorbistr/domains/dorbistroburdur.com/public_html/system/CodeIgniter.php(419): CodeIgniter\CodeIgniter->runController(Object(App\Controllers\OurPackages))
#6 /home/dorbistr/domains/dorbistroburdur.com/public_html/system/CodeIgniter.php(326): CodeIgniter\CodeIgniter->handleRequest(NULL, Object(Config\Cache), false)
#7 /home/dorbistr/domains/dorbistroburdur.com/public_html/index.php(37): CodeIgniter\CodeIgniter->run()
#8 {main}
CRITICAL - 2022-05-28 07:08:14 --> Call to undefined function DonusumleriGeriDondur()
#0 /home/dorbistr/domains/dorbistroburdur.com/public_html/system/View/View.php(210): include()
#1 /home/dorbistr/domains/dorbistroburdur.com/public_html/system/View/View.php(213): CodeIgniter\View\View->CodeIgniter\View\{closure}()
#2 /home/dorbistr/domains/dorbistroburdur.com/public_html/system/Common.php(1089): CodeIgniter\View\View->render('ourPackages', Array, true)
#3 /home/dorbistr/domains/dorbistroburdur.com/public_html/app/Controllers/OurPackages.php(30): view('ourPackages', Array)
#4 /home/dorbistr/domains/dorbistroburdur.com/public_html/system/CodeIgniter.php(832): App\Controllers\OurPackages->index('yumurtaveomletl...')
#5 /home/dorbistr/domains/dorbistroburdur.com/public_html/system/CodeIgniter.php(419): CodeIgniter\CodeIgniter->runController(Object(App\Controllers\OurPackages))
#6 /home/dorbistr/domains/dorbistroburdur.com/public_html/system/CodeIgniter.php(326): CodeIgniter\CodeIgniter->handleRequest(NULL, Object(Config\Cache), false)
#7 /home/dorbistr/domains/dorbistroburdur.com/public_html/index.php(37): CodeIgniter\CodeIgniter->run()
#8 {main}
CRITICAL - 2022-05-28 07:08:15 --> Call to undefined function DonusumleriGeriDondur()
#0 /home/dorbistr/domains/dorbistroburdur.com/public_html/system/View/View.php(210): include()
#1 /home/dorbistr/domains/dorbistroburdur.com/public_html/system/View/View.php(213): CodeIgniter\View\View->CodeIgniter\View\{closure}()
#2 /home/dorbistr/domains/dorbistroburdur.com/public_html/system/Common.php(1089): CodeIgniter\View\View->render('products', Array, true)
#3 /home/dorbistr/domains/dorbistroburdur.com/public_html/app/Controllers/OurPackages.php(38): view('products', Array)
#4 /home/dorbistr/domains/dorbistroburdur.com/public_html/system/CodeIgniter.php(832): App\Controllers\OurPackages->product('kasarlitost')
#5 /home/dorbistr/domains/dorbistroburdur.com/public_html/system/CodeIgniter.php(419): CodeIgniter\CodeIgniter->runController(Object(App\Controllers\OurPackages))
#6 /home/dorbistr/domains/dorbistroburdur.com/public_html/system/CodeIgniter.php(326): CodeIgniter\CodeIgniter->handleRequest(NULL, Object(Config\Cache), false)
#7 /home/dorbistr/domains/dorbistroburdur.com/public_html/index.php(37): CodeIgniter\CodeIgniter->run()
#8 {main}
CRITICAL - 2022-05-28 07:08:18 --> Call to undefined function DonusumleriGeriDondur()
#0 /home/dorbistr/domains/dorbistroburdur.com/public_html/system/View/View.php(210): include()
#1 /home/dorbistr/domains/dorbistroburdur.com/public_html/system/View/View.php(213): CodeIgniter\View\View->CodeIgniter\View\{closure}()
#2 /home/dorbistr/domains/dorbistroburdur.com/public_html/system/Common.php(1089): CodeIgniter\View\View->render('index', Array, true)
#3 /home/dorbistr/domains/dorbistroburdur.com/public_html/app/Controllers/Home.php(15): view('index', Array)
#4 /home/dorbistr/domains/dorbistroburdur.com/public_html/system/CodeIgniter.php(832): App\Controllers\Home->index()
#5 /home/dorbistr/domains/dorbistroburdur.com/public_html/system/CodeIgniter.php(419): CodeIgniter\CodeIgniter->runController(Object(App\Controllers\Home))
#6 /home/dorbistr/domains/dorbistroburdur.com/public_html/system/CodeIgniter.php(326): CodeIgniter\CodeIgniter->handleRequest(NULL, Object(Config\Cache), false)
#7 /home/dorbistr/domains/dorbistroburdur.com/public_html/index.php(37): CodeIgniter\CodeIgniter->run()
#8 {main}
CRITICAL - 2022-05-28 07:08:28 --> Call to undefined function DonusumleriGeriDondur()
#0 /home/dorbistr/domains/dorbistroburdur.com/public_html/system/View/View.php(210): include()
#1 /home/dorbistr/domains/dorbistroburdur.com/public_html/system/View/View.php(213): CodeIgniter\View\View->CodeIgniter\View\{closure}()
#2 /home/dorbistr/domains/dorbistroburdur.com/public_html/system/Common.php(1089): CodeIgniter\View\View->render('index', Array, true)
#3 /home/dorbistr/domains/dorbistroburdur.com/public_html/app/Controllers/Home.php(15): view('index', Array)
#4 /home/dorbistr/domains/dorbistroburdur.com/public_html/system/CodeIgniter.php(832): App\Controllers\Home->index()
#5 /home/dorbistr/domains/dorbistroburdur.com/public_html/system/CodeIgniter.php(419): CodeIgniter\CodeIgniter->runController(Object(App\Controllers\Home))
#6 /home/dorbistr/domains/dorbistroburdur.com/public_html/system/CodeIgniter.php(326): CodeIgniter\CodeIgniter->handleRequest(NULL, Object(Config\Cache), false)
#7 /home/dorbistr/domains/dorbistroburdur.com/public_html/index.php(37): CodeIgniter\CodeIgniter->run()
#8 {main}
CRITICAL - 2022-05-28 07:08:32 --> Call to undefined function DonusumleriGeriDondur()
#0 /home/dorbistr/domains/dorbistroburdur.com/public_html/system/View/View.php(210): include()
#1 /home/dorbistr/domains/dorbistroburdur.com/public_html/system/View/View.php(213): CodeIgniter\View\View->CodeIgniter\View\{closure}()
#2 /home/dorbistr/domains/dorbistroburdur.com/public_html/system/Common.php(1089): CodeIgniter\View\View->render('ourPackages', Array, true)
#3 /home/dorbistr/domains/dorbistroburdur.com/public_html/app/Controllers/OurPackages.php(30): view('ourPackages', Array)
#4 /home/dorbistr/domains/dorbistroburdur.com/public_html/system/CodeIgniter.php(832): App\Controllers\OurPackages->index()
#5 /home/dorbistr/domains/dorbistroburdur.com/public_html/system/CodeIgniter.php(419): CodeIgniter\CodeIgniter->runController(Object(App\Controllers\OurPackages))
#6 /home/dorbistr/domains/dorbistroburdur.com/public_html/system/CodeIgniter.php(326): CodeIgniter\CodeIgniter->handleRequest(NULL, Object(Config\Cache), false)
#7 /home/dorbistr/domains/dorbistroburdur.com/public_html/index.php(37): CodeIgniter\CodeIgniter->run()
#8 {main}
CRITICAL - 2022-05-28 07:08:36 --> Call to undefined function DonusumleriGeriDondur()
#0 /home/dorbistr/domains/dorbistroburdur.com/public_html/system/View/View.php(210): include()
#1 /home/dorbistr/domains/dorbistroburdur.com/public_html/system/View/View.php(213): CodeIgniter\View\View->CodeIgniter\View\{closure}()
#2 /home/dorbistr/domains/dorbistroburdur.com/public_html/system/Common.php(1089): CodeIgniter\View\View->render('ourPackages', Array, true)
#3 /home/dorbistr/domains/dorbistroburdur.com/public_html/app/Controllers/OurPackages.php(30): view('ourPackages', Array)
#4 /home/dorbistr/domains/dorbistroburdur.com/public_html/system/CodeIgniter.php(832): App\Controllers\OurPackages->index()
#5 /home/dorbistr/domains/dorbistroburdur.com/public_html/system/CodeIgniter.php(419): CodeIgniter\CodeIgniter->runController(Object(App\Controllers\OurPackages))
#6 /home/dorbistr/domains/dorbistroburdur.com/public_html/system/CodeIgniter.php(326): CodeIgniter\CodeIgniter->handleRequest(NULL, Object(Config\Cache), false)
#7 /home/dorbistr/domains/dorbistroburdur.com/public_html/index.php(37): CodeIgniter\CodeIgniter->run()
#8 {main}
CRITICAL - 2022-05-28 07:08:43 --> Call to undefined function DonusumleriGeriDondur()
#0 /home/dorbistr/domains/dorbistroburdur.com/public_html/system/View/View.php(210): include()
#1 /home/dorbistr/domains/dorbistroburdur.com/public_html/system/View/View.php(213): CodeIgniter\View\View->CodeIgniter\View\{closure}()
#2 /home/dorbistr/domains/dorbistroburdur.com/public_html/system/Common.php(1089): CodeIgniter\View\View->render('index', Array, true)
#3 /home/dorbistr/domains/dorbistroburdur.com/public_html/app/Controllers/Home.php(15): view('index', Array)
#4 /home/dorbistr/domains/dorbistroburdur.com/public_html/system/CodeIgniter.php(832): App\Controllers\Home->index()
#5 /home/dorbistr/domains/dorbistroburdur.com/public_html/system/CodeIgniter.php(419): CodeIgniter\CodeIgniter->runController(Object(App\Controllers\Home))
#6 /home/dorbistr/domains/dorbistroburdur.com/public_html/system/CodeIgniter.php(326): CodeIgniter\CodeIgniter->handleRequest(NULL, Object(Config\Cache), false)
#7 /home/dorbistr/domains/dorbistroburdur.com/public_html/index.php(37): CodeIgniter\CodeIgniter->run()
#8 {main}
CRITICAL - 2022-05-28 07:09:09 --> Call to undefined function DonusumleriGeriDondur()
#0 /home/dorbistr/domains/dorbistroburdur.com/public_html/system/View/View.php(210): include()
#1 /home/dorbistr/domains/dorbistroburdur.com/public_html/system/View/View.php(213): CodeIgniter\View\View->CodeIgniter\View\{closure}()
#2 /home/dorbistr/domains/dorbistroburdur.com/public_html/system/Common.php(1089): CodeIgniter\View\View->render('index', Array, true)
#3 /home/dorbistr/domains/dorbistroburdur.com/public_html/app/Controllers/Home.php(15): view('index', Array)
#4 /home/dorbistr/domains/dorbistroburdur.com/public_html/system/CodeIgniter.php(832): App\Controllers\Home->index()
#5 /home/dorbistr/domains/dorbistroburdur.com/public_html/system/CodeIgniter.php(419): CodeIgniter\CodeIgniter->runController(Object(App\Controllers\Home))
#6 /home/dorbistr/domains/dorbistroburdur.com/public_html/system/CodeIgniter.php(326): CodeIgniter\CodeIgniter->handleRequest(NULL, Object(Config\Cache), false)
#7 /home/dorbistr/domains/dorbistroburdur.com/public_html/index.php(37): CodeIgniter\CodeIgniter->run()
#8 {main}
CRITICAL - 2022-05-28 07:09:23 --> Call to undefined function DonusumleriGeriDondur()
#0 /home/dorbistr/domains/dorbistroburdur.com/public_html/system/View/View.php(210): include()
#1 /home/dorbistr/domains/dorbistroburdur.com/public_html/system/View/View.php(213): CodeIgniter\View\View->CodeIgniter\View\{closure}()
#2 /home/dorbistr/domains/dorbistroburdur.com/public_html/system/Common.php(1089): CodeIgniter\View\View->render('index', Array, true)
#3 /home/dorbistr/domains/dorbistroburdur.com/public_html/app/Controllers/Home.php(15): view('index', Array)
#4 /home/dorbistr/domains/dorbistroburdur.com/public_html/system/CodeIgniter.php(832): App\Controllers\Home->index()
#5 /home/dorbistr/domains/dorbistroburdur.com/public_html/system/CodeIgniter.php(419): CodeIgniter\CodeIgniter->runController(Object(App\Controllers\Home))
#6 /home/dorbistr/domains/dorbistroburdur.com/public_html/system/CodeIgniter.php(326): CodeIgniter\CodeIgniter->handleRequest(NULL, Object(Config\Cache), false)
#7 /home/dorbistr/domains/dorbistroburdur.com/public_html/index.php(37): CodeIgniter\CodeIgniter->run()
#8 {main}
CRITICAL - 2022-05-28 09:39:29 --> Class 'App\Models\IslemModel' not found
#0 /home/dorbistr/domains/dorbistroburdur.com/public_html/system/CodeIgniter.php(832): App\Controllers\OurPackages->index()
#1 /home/dorbistr/domains/dorbistroburdur.com/public_html/system/CodeIgniter.php(419): CodeIgniter\CodeIgniter->runController(Object(App\Controllers\OurPackages))
#2 /home/dorbistr/domains/dorbistroburdur.com/public_html/system/CodeIgniter.php(326): CodeIgniter\CodeIgniter->handleRequest(NULL, Object(Config\Cache), false)
#3 /home/dorbistr/domains/dorbistroburdur.com/public_html/index.php(37): CodeIgniter\CodeIgniter->run()
#4 {main}
CRITICAL - 2022-05-28 09:46:15 --> Call to undefined function App\Controllers\GuvenlikFiltresi()
#0 /home/dorbistr/domains/dorbistroburdur.com/public_html/system/CodeIgniter.php(832): App\Controllers\Contact->sendMail()
#1 /home/dorbistr/domains/dorbistroburdur.com/public_html/system/CodeIgniter.php(419): CodeIgniter\CodeIgniter->runController(Object(App\Controllers\Contact))
#2 /home/dorbistr/domains/dorbistroburdur.com/public_html/system/CodeIgniter.php(326): CodeIgniter\CodeIgniter->handleRequest(NULL, Object(Config\Cache), false)
#3 /home/dorbistr/domains/dorbistroburdur.com/public_html/index.php(37): CodeIgniter\CodeIgniter->run()
#4 {main}
CRITICAL - 2022-05-28 09:46:36 --> Call to undefined function App\Controllers\GuvenlikFiltresi()
#0 /home/dorbistr/domains/dorbistroburdur.com/public_html/system/CodeIgniter.php(832): App\Controllers\Contact->sendMail()
#1 /home/dorbistr/domains/dorbistroburdur.com/public_html/system/CodeIgniter.php(419): CodeIgniter\CodeIgniter->runController(Object(App\Controllers\Contact))
#2 /home/dorbistr/domains/dorbistroburdur.com/public_html/system/CodeIgniter.php(326): CodeIgniter\CodeIgniter->handleRequest(NULL, Object(Config\Cache), false)
#3 /home/dorbistr/domains/dorbistroburdur.com/public_html/index.php(37): CodeIgniter\CodeIgniter->run()
#4 {main}
CRITICAL - 2022-05-28 10:17:54 --> You must set the database table to be used with your query.
#0 /home/dorbistr/domains/dorbistroburdur.com/public_html/system/Model.php(545): CodeIgniter\Database\BaseConnection->table(NULL)
#1 /home/dorbistr/domains/dorbistroburdur.com/public_html/system/Model.php(722): CodeIgniter\Model->builder()
#2 /home/dorbistr/domains/dorbistroburdur.com/public_html/app/Controllers/Yonetim/Contact.php(13): CodeIgniter\Model->__call('getContact', Array)
#3 /home/dorbistr/domains/dorbistroburdur.com/public_html/system/CodeIgniter.php(832): App\Controllers\Yonetim\Contact->index()
#4 /home/dorbistr/domains/dorbistroburdur.com/public_html/system/CodeIgniter.php(419): CodeIgniter\CodeIgniter->runController(Object(App\Controllers\Yonetim\Contact))
#5 /home/dorbistr/domains/dorbistroburdur.com/public_html/system/CodeIgniter.php(326): CodeIgniter\CodeIgniter->handleRequest(NULL, Object(Config\Cache), false)
#6 /home/dorbistr/domains/dorbistroburdur.com/public_html/index.php(37): CodeIgniter\CodeIgniter->run()
#7 {main}
CRITICAL - 2022-05-28 10:17:54 --> You must set the database table to be used with your query.
#0 /home/dorbistr/domains/dorbistroburdur.com/public_html/system/Model.php(545): CodeIgniter\Database\BaseConnection->table(NULL)
#1 /home/dorbistr/domains/dorbistroburdur.com/public_html/system/Model.php(722): CodeIgniter\Model->builder()
#2 /home/dorbistr/domains/dorbistroburdur.com/public_html/app/Controllers/Yonetim/Contact.php(13): CodeIgniter\Model->__call('getContact', Array)
#3 /home/dorbistr/domains/dorbistroburdur.com/public_html/system/CodeIgniter.php(832): App\Controllers\Yonetim\Contact->index()
#4 /home/dorbistr/domains/dorbistroburdur.com/public_html/system/CodeIgniter.php(419): CodeIgniter\CodeIgniter->runController(Object(App\Controllers\Yonetim\Contact))
#5 /home/dorbistr/domains/dorbistroburdur.com/public_html/system/CodeIgniter.php(326): CodeIgniter\CodeIgniter->handleRequest(NULL, Object(Config\Cache), false)
#6 /home/dorbistr/domains/dorbistroburdur.com/public_html/index.php(37): CodeIgniter\CodeIgniter->run()
#7 {main}
CRITICAL - 2022-05-28 10:18:40 --> You must set the database table to be used with your query.
#0 /home/dorbistr/domains/dorbistroburdur.com/public_html/system/Model.php(545): CodeIgniter\Database\BaseConnection->table(NULL)
#1 /home/dorbistr/domains/dorbistroburdur.com/public_html/system/Model.php(722): CodeIgniter\Model->builder()
#2 /home/dorbistr/domains/dorbistroburdur.com/public_html/app/Controllers/Yonetim/Contact.php(13): CodeIgniter\Model->__call('getContact', Array)
#3 /home/dorbistr/domains/dorbistroburdur.com/public_html/system/CodeIgniter.php(832): App\Controllers\Yonetim\Contact->index()
#4 /home/dorbistr/domains/dorbistroburdur.com/public_html/system/CodeIgniter.php(419): CodeIgniter\CodeIgniter->runController(Object(App\Controllers\Yonetim\Contact))
#5 /home/dorbistr/domains/dorbistroburdur.com/public_html/system/CodeIgniter.php(326): CodeIgniter\CodeIgniter->handleRequest(NULL, Object(Config\Cache), false)
#6 /home/dorbistr/domains/dorbistroburdur.com/public_html/index.php(37): CodeIgniter\CodeIgniter->run()
#7 {main}
CRITICAL - 2022-05-28 10:19:05 --> Call to undefined function DonusumleriGeriDondur()
#0 /home/dorbistr/domains/dorbistroburdur.com/public_html/system/View/View.php(210): include()
#1 /home/dorbistr/domains/dorbistroburdur.com/public_html/system/View/View.php(213): CodeIgniter\View\View->CodeIgniter\View\{closure}()
#2 /home/dorbistr/domains/dorbistroburdur.com/public_html/system/Common.php(1089): CodeIgniter\View\View->render('YonetimPaneli/c...', Array, true)
#3 /home/dorbistr/domains/dorbistroburdur.com/public_html/app/Controllers/Yonetim/Contact.php(25): view('YonetimPaneli/c...', Array)
#4 /home/dorbistr/domains/dorbistroburdur.com/public_html/system/CodeIgniter.php(832): App\Controllers\Yonetim\Contact->index()
#5 /home/dorbistr/domains/dorbistroburdur.com/public_html/system/CodeIgniter.php(419): CodeIgniter\CodeIgniter->runController(Object(App\Controllers\Yonetim\Contact))
#6 /home/dorbistr/domains/dorbistroburdur.com/public_html/system/CodeIgniter.php(326): CodeIgniter\CodeIgniter->handleRequest(NULL, Object(Config\Cache), false)
#7 /home/dorbistr/domains/dorbistroburdur.com/public_html/index.php(37): CodeIgniter\CodeIgniter->run()
#8 {main}
CRITICAL - 2022-05-28 10:55:11 --> Call to undefined function App\Controllers\Yonetim\GuvenlikFiltresi()
#0 /home/dorbistr/domains/dorbistroburdur.com/public_html/system/CodeIgniter.php(832): App\Controllers\Yonetim\Contact->sil_sonuc('1')
#1 /home/dorbistr/domains/dorbistroburdur.com/public_html/system/CodeIgniter.php(419): CodeIgniter\CodeIgniter->runController(Object(App\Controllers\Yonetim\Contact))
#2 /home/dorbistr/domains/dorbistroburdur.com/public_html/system/CodeIgniter.php(326): CodeIgniter\CodeIgniter->handleRequest(NULL, Object(Config\Cache), false)
#3 /home/dorbistr/domains/dorbistroburdur.com/public_html/index.php(37): CodeIgniter\CodeIgniter->run()
#4 {main}
CRITICAL - 2022-05-28 12:27:47 --> get_headers(https://dorbistroburdur.com/Contact): failed to open stream: HTTP request failed!
#0 [internal function]: CodeIgniter\Debug\Exceptions->errorHandler(2, 'get_headers(htt...', '/home/dorbistr/...', 43, Array)
#1 /home/dorbistr/domains/dorbistroburdur.com/public_html/app/Controllers/Contact.php(43): get_headers('https://dorbist...')
#2 /home/dorbistr/domains/dorbistroburdur.com/public_html/system/CodeIgniter.php(832): App\Controllers\Contact->index()
#3 /home/dorbistr/domains/dorbistroburdur.com/public_html/system/CodeIgniter.php(419): CodeIgniter\CodeIgniter->runController(Object(App\Controllers\Contact))
#4 /home/dorbistr/domains/dorbistroburdur.com/public_html/system/CodeIgniter.php(326): CodeIgniter\CodeIgniter->handleRequest(NULL, Object(Config\Cache), false)
#5 /home/dorbistr/domains/dorbistroburdur.com/public_html/index.php(37): CodeIgniter\CodeIgniter->run()
#6 {main}
CRITICAL - 2022-05-28 12:27:48 --> get_headers(https://dorbistroburdur.com/Contact): failed to open stream: HTTP request failed!
#0 [internal function]: CodeIgniter\Debug\Exceptions->errorHandler(2, 'get_headers(htt...', '/home/dorbistr/...', 43, Array)
#1 /home/dorbistr/domains/dorbistroburdur.com/public_html/app/Controllers/Contact.php(43): get_headers('https://dorbist...')
#2 /home/dorbistr/domains/dorbistroburdur.com/public_html/system/CodeIgniter.php(832): App\Controllers\Contact->index()
#3 /home/dorbistr/domains/dorbistroburdur.com/public_html/system/CodeIgniter.php(419): CodeIgniter\CodeIgniter->runController(Object(App\Controllers\Contact))
#4 /home/dorbistr/domains/dorbistroburdur.com/public_html/system/CodeIgniter.php(326): CodeIgniter\CodeIgniter->handleRequest(NULL, Object(Config\Cache), false)
#5 /home/dorbistr/domains/dorbistroburdur.com/public_html/index.php(37): CodeIgniter\CodeIgniter->run()
#6 {main}
CRITICAL - 2022-05-28 12:27:48 --> get_headers(https://dorbistroburdur.com/Contact): failed to open stream: HTTP request failed!
#0 [internal function]: CodeIgniter\Debug\Exceptions->errorHandler(2, 'get_headers(htt...', '/home/dorbistr/...', 43, Array)
#1 /home/dorbistr/domains/dorbistroburdur.com/public_html/app/Controllers/Contact.php(43): get_headers('https://dorbist...')
#2 /home/dorbistr/domains/dorbistroburdur.com/public_html/system/CodeIgniter.php(832): App\Controllers\Contact->index()
#3 /home/dorbistr/domains/dorbistroburdur.com/public_html/system/CodeIgniter.php(419): CodeIgniter\CodeIgniter->runController(Object(App\Controllers\Contact))
#4 /home/dorbistr/domains/dorbistroburdur.com/public_html/system/CodeIgniter.php(326): CodeIgniter\CodeIgniter->handleRequest(NULL, Object(Config\Cache), false)
#5 /home/dorbistr/domains/dorbistroburdur.com/public_html/index.php(37): CodeIgniter\CodeIgniter->run()
#6 {main}
CRITICAL - 2022-05-28 12:27:48 --> get_headers(https://dorbistroburdur.com/Contact): failed to open stream: HTTP request failed!
#0 [internal function]: CodeIgniter\Debug\Exceptions->errorHandler(2, 'get_headers(htt...', '/home/dorbistr/...', 43, Array)
#1 /home/dorbistr/domains/dorbistroburdur.com/public_html/app/Controllers/Contact.php(43): get_headers('https://dorbist...')
#2 /home/dorbistr/domains/dorbistroburdur.com/public_html/system/CodeIgniter.php(832): App\Controllers\Contact->index()
#3 /home/dorbistr/domains/dorbistroburdur.com/public_html/system/CodeIgniter.php(419): CodeIgniter\CodeIgniter->runController(Object(App\Controllers\Contact))
#4 /home/dorbistr/domains/dorbistroburdur.com/public_html/system/CodeIgniter.php(326): CodeIgniter\CodeIgniter->handleRequest(NULL, Object(Config\Cache), false)
#5 /home/dorbistr/domains/dorbistroburdur.com/public_html/index.php(37): CodeIgniter\CodeIgniter->run()
#6 {main}
CRITICAL - 2022-05-28 12:27:48 --> get_headers(https://dorbistroburdur.com/Contact): failed to open stream: HTTP request failed!
#0 [internal function]: CodeIgniter\Debug\Exceptions->errorHandler(2, 'get_headers(htt...', '/home/dorbistr/...', 43, Array)
#1 /home/dorbistr/domains/dorbistroburdur.com/public_html/app/Controllers/Contact.php(43): get_headers('https://dorbist...')
#2 /home/dorbistr/domains/dorbistroburdur.com/public_html/system/CodeIgniter.php(832): App\Controllers\Contact->index()
#3 /home/dorbistr/domains/dorbistroburdur.com/public_html/system/CodeIgniter.php(419): CodeIgniter\CodeIgniter->runController(Object(App\Controllers\Contact))
#4 /home/dorbistr/domains/dorbistroburdur.com/public_html/system/CodeIgniter.php(326): CodeIgniter\CodeIgniter->handleRequest(NULL, Object(Config\Cache), false)
#5 /home/dorbistr/domains/dorbistroburdur.com/public_html/index.php(37): CodeIgniter\CodeIgniter->run()
#6 {main}
CRITICAL - 2022-05-28 12:27:48 --> get_headers(https://dorbistroburdur.com/Contact): failed to open stream: HTTP request failed!
#0 [internal function]: CodeIgniter\Debug\Exceptions->errorHandler(2, 'get_headers(htt...', '/home/dorbistr/...', 43, Array)
#1 /home/dorbistr/domains/dorbistroburdur.com/public_html/app/Controllers/Contact.php(43): get_headers('https://dorbist...')
#2 /home/dorbistr/domains/dorbistroburdur.com/public_html/system/CodeIgniter.php(832): App\Controllers\Contact->index()
#3 /home/dorbistr/domains/dorbistroburdur.com/public_html/system/CodeIgniter.php(419): CodeIgniter\CodeIgniter->runController(Object(App\Controllers\Contact))
#4 /home/dorbistr/domains/dorbistroburdur.com/public_html/system/CodeIgniter.php(326): CodeIgniter\CodeIgniter->handleRequest(NULL, Object(Config\Cache), false)
#5 /home/dorbistr/domains/dorbistroburdur.com/public_html/index.php(37): CodeIgniter\CodeIgniter->run()
#6 {main}
CRITICAL - 2022-05-28 12:27:48 --> get_headers(https://dorbistroburdur.com/Contact): failed to open stream: HTTP request failed!
#0 [internal function]: CodeIgniter\Debug\Exceptions->errorHandler(2, 'get_headers(htt...', '/home/dorbistr/...', 43, Array)
#1 /home/dorbistr/domains/dorbistroburdur.com/public_html/app/Controllers/Contact.php(43): get_headers('https://dorbist...')
#2 /home/dorbistr/domains/dorbistroburdur.com/public_html/system/CodeIgniter.php(832): App\Controllers\Contact->index()
#3 /home/dorbistr/domains/dorbistroburdur.com/public_html/system/CodeIgniter.php(419): CodeIgniter\CodeIgniter->runController(Object(App\Controllers\Contact))
#4 /home/dorbistr/domains/dorbistroburdur.com/public_html/system/CodeIgniter.php(326): CodeIgniter\CodeIgniter->handleRequest(NULL, Object(Config\Cache), false)
#5 /home/dorbistr/domains/dorbistroburdur.com/public_html/index.php(37): CodeIgniter\CodeIgniter->run()
#6 {main}
CRITICAL - 2022-05-28 12:27:48 --> get_headers(https://dorbistroburdur.com/Contact): failed to open stream: HTTP request failed!
#0 [internal function]: CodeIgniter\Debug\Exceptions->errorHandler(2, 'get_headers(htt...', '/home/dorbistr/...', 43, Array)
#1 /home/dorbistr/domains/dorbistroburdur.com/public_html/app/Controllers/Contact.php(43): get_headers('https://dorbist...')
#2 /home/dorbistr/domains/dorbistroburdur.com/public_html/system/CodeIgniter.php(832): App\Controllers\Contact->index()
#3 /home/dorbistr/domains/dorbistroburdur.com/public_html/system/CodeIgniter.php(419): CodeIgniter\CodeIgniter->runController(Object(App\Controllers\Contact))
#4 /home/dorbistr/domains/dorbistroburdur.com/public_html/system/CodeIgniter.php(326): CodeIgniter\CodeIgniter->handleRequest(NULL, Object(Config\Cache), false)
#5 /home/dorbistr/domains/dorbistroburdur.com/public_html/index.php(37): CodeIgniter\CodeIgniter->run()
#6 {main}
CRITICAL - 2022-05-28 12:27:48 --> get_headers(https://dorbistroburdur.com/Contact): failed to open stream: HTTP request failed!
#0 [internal function]: CodeIgniter\Debug\Exceptions->errorHandler(2, 'get_headers(htt...', '/home/dorbistr/...', 43, Array)
#1 /home/dorbistr/domains/dorbistroburdur.com/public_html/app/Controllers/Contact.php(43): get_headers('https://dorbist...')
#2 /home/dorbistr/domains/dorbistroburdur.com/public_html/system/CodeIgniter.php(832): App\Controllers\Contact->index()
#3 /home/dorbistr/domains/dorbistroburdur.com/public_html/system/CodeIgniter.php(419): CodeIgniter\CodeIgniter->runController(Object(App\Controllers\Contact))
#4 /home/dorbistr/domains/dorbistroburdur.com/public_html/system/CodeIgniter.php(326): CodeIgniter\CodeIgniter->handleRequest(NULL, Object(Config\Cache), false)
#5 /home/dorbistr/domains/dorbistroburdur.com/public_html/index.php(37): CodeIgniter\CodeIgniter->run()
#6 {main}
CRITICAL - 2022-05-28 12:27:48 --> get_headers(https://dorbistroburdur.com/Contact): failed to open stream: HTTP request failed!
#0 [internal function]: CodeIgniter\Debug\Exceptions->errorHandler(2, 'get_headers(htt...', '/home/dorbistr/...', 43, Array)
#1 /home/dorbistr/domains/dorbistroburdur.com/public_html/app/Controllers/Contact.php(43): get_headers('https://dorbist...')
#2 /home/dorbistr/domains/dorbistroburdur.com/public_html/system/CodeIgniter.php(832): App\Controllers\Contact->index()
#3 /home/dorbistr/domains/dorbistroburdur.com/public_html/system/CodeIgniter.php(419): CodeIgniter\CodeIgniter->runController(Object(App\Controllers\Contact))
#4 /home/dorbistr/domains/dorbistroburdur.com/public_html/system/CodeIgniter.php(326): CodeIgniter\CodeIgniter->handleRequest(NULL, Object(Config\Cache), false)
#5 /home/dorbistr/domains/dorbistroburdur.com/public_html/index.php(37): CodeIgniter\CodeIgniter->run()
#6 {main}
CRITICAL - 2022-05-28 12:27:49 --> get_headers(https://dorbistroburdur.com/Contact): failed to open stream: HTTP request failed!
#0 [internal function]: CodeIgniter\Debug\Exceptions->errorHandler(2, 'get_headers(htt...', '/home/dorbistr/...', 43, Array)
#1 /home/dorbistr/domains/dorbistroburdur.com/public_html/app/Controllers/Contact.php(43): get_headers('https://dorbist...')
#2 /home/dorbistr/domains/dorbistroburdur.com/public_html/system/CodeIgniter.php(832): App\Controllers\Contact->index()
#3 /home/dorbistr/domains/dorbistroburdur.com/public_html/system/CodeIgniter.php(419): CodeIgniter\CodeIgniter->runController(Object(App\Controllers\Contact))
#4 /home/dorbistr/domains/dorbistroburdur.com/public_html/system/CodeIgniter.php(326): CodeIgniter\CodeIgniter->handleRequest(NULL, Object(Config\Cache), false)
#5 /home/dorbistr/domains/dorbistroburdur.com/public_html/index.php(37): CodeIgniter\CodeIgniter->run()
#6 {main}
CRITICAL - 2022-05-28 12:27:49 --> get_headers(https://dorbistroburdur.com/Contact): failed to open stream: HTTP request failed!
#0 [internal function]: CodeIgniter\Debug\Exceptions->errorHandler(2, 'get_headers(htt...', '/home/dorbistr/...', 43, Array)
#1 /home/dorbistr/domains/dorbistroburdur.com/public_html/app/Controllers/Contact.php(43): get_headers('https://dorbist...')
#2 /home/dorbistr/domains/dorbistroburdur.com/public_html/system/CodeIgniter.php(832): App\Controllers\Contact->index()
#3 /home/dorbistr/domains/dorbistroburdur.com/public_html/system/CodeIgniter.php(419): CodeIgniter\CodeIgniter->runController(Object(App\Controllers\Contact))
#4 /home/dorbistr/domains/dorbistroburdur.com/public_html/system/CodeIgniter.php(326): CodeIgniter\CodeIgniter->handleRequest(NULL, Object(Config\Cache), false)
#5 /home/dorbistr/domains/dorbistroburdur.com/public_html/index.php(37): CodeIgniter\CodeIgniter->run()
#6 {main}
CRITICAL - 2022-05-28 12:27:54 --> get_headers(https://dorbistroburdur.com/Contact): failed to open stream: HTTP request failed!
#0 [internal function]: CodeIgniter\Debug\Exceptions->errorHandler(2, 'get_headers(htt...', '/home/dorbistr/...', 43, Array)
#1 /home/dorbistr/domains/dorbistroburdur.com/public_html/app/Controllers/Contact.php(43): get_headers('https://dorbist...')
#2 /home/dorbistr/domains/dorbistroburdur.com/public_html/system/CodeIgniter.php(832): App\Controllers\Contact->index()
#3 /home/dorbistr/domains/dorbistroburdur.com/public_html/system/CodeIgniter.php(419): CodeIgniter\CodeIgniter->runController(Object(App\Controllers\Contact))
#4 /home/dorbistr/domains/dorbistroburdur.com/public_html/system/CodeIgniter.php(326): CodeIgniter\CodeIgniter->handleRequest(NULL, Object(Config\Cache), false)
#5 /home/dorbistr/domains/dorbistroburdur.com/public_html/index.php(37): CodeIgniter\CodeIgniter->run()
#6 {main}
CRITICAL - 2022-05-28 12:27:54 --> get_headers(https://dorbistroburdur.com/Contact): failed to open stream: HTTP request failed!
#0 [internal function]: CodeIgniter\Debug\Exceptions->errorHandler(2, 'get_headers(htt...', '/home/dorbistr/...', 43, Array)
#1 /home/dorbistr/domains/dorbistroburdur.com/public_html/app/Controllers/Contact.php(43): get_headers('https://dorbist...')
#2 /home/dorbistr/domains/dorbistroburdur.com/public_html/system/CodeIgniter.php(832): App\Controllers\Contact->index()
#3 /home/dorbistr/domains/dorbistroburdur.com/public_html/system/CodeIgniter.php(419): CodeIgniter\CodeIgniter->runController(Object(App\Controllers\Contact))
#4 /home/dorbistr/domains/dorbistroburdur.com/public_html/system/CodeIgniter.php(326): CodeIgniter\CodeIgniter->handleRequest(NULL, Object(Config\Cache), false)
#5 /home/dorbistr/domains/dorbistroburdur.com/public_html/index.php(37): CodeIgniter\CodeIgniter->run()
#6 {main}
CRITICAL - 2022-05-28 12:28:48 --> get_headers(https://dorbistroburdur.com/Contact): failed to open stream: HTTP request failed!
#0 [internal function]: CodeIgniter\Debug\Exceptions->errorHandler(2, 'get_headers(htt...', '/home/dorbistr/...', 43, Array)
#1 /home/dorbistr/domains/dorbistroburdur.com/public_html/app/Controllers/Contact.php(43): get_headers('https://dorbist...')
#2 /home/dorbistr/domains/dorbistroburdur.com/public_html/system/CodeIgniter.php(832): App\Controllers\Contact->index()
#3 /home/dorbistr/domains/dorbistroburdur.com/public_html/system/CodeIgniter.php(419): CodeIgniter\CodeIgniter->runController(Object(App\Controllers\Contact))
#4 /home/dorbistr/domains/dorbistroburdur.com/public_html/system/CodeIgniter.php(326): CodeIgniter\CodeIgniter->handleRequest(NULL, Object(Config\Cache), false)
#5 /home/dorbistr/domains/dorbistroburdur.com/public_html/index.php(37): CodeIgniter\CodeIgniter->run()
#6 {main}
CRITICAL - 2022-05-28 19:34:02 --> The original file is not a valid file.
#0 /home/dorbistr/domains/dorbistroburdur.com/public_html/system/HTTP/Files/UploadedFile.php(137): CodeIgniter\HTTP\Exceptions\HTTPException::forInvalidFile()
#1 /home/dorbistr/domains/dorbistroburdur.com/public_html/app/Controllers/Yonetim/Anasayfa.php(110): CodeIgniter\HTTP\Files\UploadedFile->move('img/', '0e48c8ce8a6328e...')
#2 /home/dorbistr/domains/dorbistroburdur.com/public_html/system/CodeIgniter.php(832): App\Controllers\Yonetim\Anasayfa->ekle_sonuc()
#3 /home/dorbistr/domains/dorbistroburdur.com/public_html/system/CodeIgniter.php(419): CodeIgniter\CodeIgniter->runController(Object(App\Controllers\Yonetim\Anasayfa))
#4 /home/dorbistr/domains/dorbistroburdur.com/public_html/system/CodeIgniter.php(326): CodeIgniter\CodeIgniter->handleRequest(NULL, Object(Config\Cache), false)
#5 /home/dorbistr/domains/dorbistroburdur.com/public_html/index.php(37): CodeIgniter\CodeIgniter->run()
#6 {main}
CRITICAL - 2022-05-28 19:35:30 --> unlink(img/): Is a directory
#0 [internal function]: CodeIgniter\Debug\Exceptions->errorHandler(2, 'unlink(img/): I...', '/home/dorbistr/...', 267, Array)
#1 /home/dorbistr/domains/dorbistroburdur.com/public_html/app/Controllers/Yonetim/Anasayfa.php(267): unlink('img/')
#2 /home/dorbistr/domains/dorbistroburdur.com/public_html/system/CodeIgniter.php(832): App\Controllers\Yonetim\Anasayfa->sil_sonuc('28')
#3 /home/dorbistr/domains/dorbistroburdur.com/public_html/system/CodeIgniter.php(419): CodeIgniter\CodeIgniter->runController(Object(App\Controllers\Yonetim\Anasayfa))
#4 /home/dorbistr/domains/dorbistroburdur.com/public_html/system/CodeIgniter.php(326): CodeIgniter\CodeIgniter->handleRequest(NULL, Object(Config\Cache), false)
#5 /home/dorbistr/domains/dorbistroburdur.com/public_html/index.php(37): CodeIgniter\CodeIgniter->run()
#6 {main}
CRITICAL - 2022-05-28 19:36:45 --> The original file is not a valid file.
#0 /home/dorbistr/domains/dorbistroburdur.com/public_html/system/HTTP/Files/UploadedFile.php(137): CodeIgniter\HTTP\Exceptions\HTTPException::forInvalidFile()
#1 /home/dorbistr/domains/dorbistroburdur.com/public_html/app/Controllers/Yonetim/Anasayfa.php(110): CodeIgniter\HTTP\Files\UploadedFile->move('img/', 'cddd37e81f7c8db...')
#2 /home/dorbistr/domains/dorbistroburdur.com/public_html/system/CodeIgniter.php(832): App\Controllers\Yonetim\Anasayfa->ekle_sonuc()
#3 /home/dorbistr/domains/dorbistroburdur.com/public_html/system/CodeIgniter.php(419): CodeIgniter\CodeIgniter->runController(Object(App\Controllers\Yonetim\Anasayfa))
#4 /home/dorbistr/domains/dorbistroburdur.com/public_html/system/CodeIgniter.php(326): CodeIgniter\CodeIgniter->handleRequest(NULL, Object(Config\Cache), false)
#5 /home/dorbistr/domains/dorbistroburdur.com/public_html/index.php(37): CodeIgniter\CodeIgniter->run()
#6 {main}
CRITICAL - 2022-05-28 19:48:26 --> unlink(img/): Is a directory
#0 [internal function]: CodeIgniter\Debug\Exceptions->errorHandler(2, 'unlink(img/): I...', '/home/dorbistr/...', 215, Array)
#1 /home/dorbistr/domains/dorbistroburdur.com/public_html/app/Controllers/Yonetim/Anasayfa.php(215): unlink('img/')
#2 /home/dorbistr/domains/dorbistroburdur.com/public_html/system/CodeIgniter.php(832): App\Controllers\Yonetim\Anasayfa->guncelle_sonuc('29')
#3 /home/dorbistr/domains/dorbistroburdur.com/public_html/system/CodeIgniter.php(419): CodeIgniter\CodeIgniter->runController(Object(App\Controllers\Yonetim\Anasayfa))
#4 /home/dorbistr/domains/dorbistroburdur.com/public_html/system/CodeIgniter.php(326): CodeIgniter\CodeIgniter->handleRequest(NULL, Object(Config\Cache), false)
#5 /home/dorbistr/domains/dorbistroburdur.com/public_html/index.php(37): CodeIgniter\CodeIgniter->run()
#6 {main}
CRITICAL - 2022-05-28 19:48:48 --> unlink(img/): Is a directory
#0 [internal function]: CodeIgniter\Debug\Exceptions->errorHandler(2, 'unlink(img/): I...', '/home/dorbistr/...', 215, Array)
#1 /home/dorbistr/domains/dorbistroburdur.com/public_html/app/Controllers/Yonetim/Anasayfa.php(215): unlink('img/')
#2 /home/dorbistr/domains/dorbistroburdur.com/public_html/system/CodeIgniter.php(832): App\Controllers\Yonetim\Anasayfa->guncelle_sonuc('29')
#3 /home/dorbistr/domains/dorbistroburdur.com/public_html/system/CodeIgniter.php(419): CodeIgniter\CodeIgniter->runController(Object(App\Controllers\Yonetim\Anasayfa))
#4 /home/dorbistr/domains/dorbistroburdur.com/public_html/system/CodeIgniter.php(326): CodeIgniter\CodeIgniter->handleRequest(NULL, Object(Config\Cache), false)
#5 /home/dorbistr/domains/dorbistroburdur.com/public_html/index.php(37): CodeIgniter\CodeIgniter->run()
#6 {main}
CRITICAL - 2022-05-28 19:49:04 --> unlink(img/): Is a directory
#0 [internal function]: CodeIgniter\Debug\Exceptions->errorHandler(2, 'unlink(img/): I...', '/home/dorbistr/...', 267, Array)
#1 /home/dorbistr/domains/dorbistroburdur.com/public_html/app/Controllers/Yonetim/Anasayfa.php(267): unlink('img/')
#2 /home/dorbistr/domains/dorbistroburdur.com/public_html/system/CodeIgniter.php(832): App\Controllers\Yonetim\Anasayfa->sil_sonuc('29')
#3 /home/dorbistr/domains/dorbistroburdur.com/public_html/system/CodeIgniter.php(419): CodeIgniter\CodeIgniter->runController(Object(App\Controllers\Yonetim\Anasayfa))
#4 /home/dorbistr/domains/dorbistroburdur.com/public_html/system/CodeIgniter.php(326): CodeIgniter\CodeIgniter->handleRequest(NULL, Object(Config\Cache), false)
#5 /home/dorbistr/domains/dorbistroburdur.com/public_html/index.php(37): CodeIgniter\CodeIgniter->run()
#6 {main}
CRITICAL - 2022-05-28 19:49:49 --> The original file is not a valid file.
#0 /home/dorbistr/domains/dorbistroburdur.com/public_html/system/HTTP/Files/UploadedFile.php(137): CodeIgniter\HTTP\Exceptions\HTTPException::forInvalidFile()
#1 /home/dorbistr/domains/dorbistroburdur.com/public_html/app/Controllers/Yonetim/Anasayfa.php(110): CodeIgniter\HTTP\Files\UploadedFile->move('img/', 'b3916fffa42ddea...')
#2 /home/dorbistr/domains/dorbistroburdur.com/public_html/system/CodeIgniter.php(832): App\Controllers\Yonetim\Anasayfa->ekle_sonuc()
#3 /home/dorbistr/domains/dorbistroburdur.com/public_html/system/CodeIgniter.php(419): CodeIgniter\CodeIgniter->runController(Object(App\Controllers\Yonetim\Anasayfa))
#4 /home/dorbistr/domains/dorbistroburdur.com/public_html/system/CodeIgniter.php(326): CodeIgniter\CodeIgniter->handleRequest(NULL, Object(Config\Cache), false)
#5 /home/dorbistr/domains/dorbistroburdur.com/public_html/index.php(37): CodeIgniter\CodeIgniter->run()
#6 {main}
CRITICAL - 2022-05-28 19:53:15 --> The original file is not a valid file.
#0 /home/dorbistr/domains/dorbistroburdur.com/public_html/system/HTTP/Files/UploadedFile.php(137): CodeIgniter\HTTP\Exceptions\HTTPException::forInvalidFile()
#1 /home/dorbistr/domains/dorbistroburdur.com/public_html/app/Controllers/Yonetim/Anasayfa.php(110): CodeIgniter\HTTP\Files\UploadedFile->move('img/', 'a8970566e8ba8a1...')
#2 /home/dorbistr/domains/dorbistroburdur.com/public_html/system/CodeIgniter.php(832): App\Controllers\Yonetim\Anasayfa->ekle_sonuc()
#3 /home/dorbistr/domains/dorbistroburdur.com/public_html/system/CodeIgniter.php(419): CodeIgniter\CodeIgniter->runController(Object(App\Controllers\Yonetim\Anasayfa))
#4 /home/dorbistr/domains/dorbistroburdur.com/public_html/system/CodeIgniter.php(326): CodeIgniter\CodeIgniter->handleRequest(NULL, Object(Config\Cache), false)
#5 /home/dorbistr/domains/dorbistroburdur.com/public_html/index.php(37): CodeIgniter\CodeIgniter->run()
#6 {main}
CRITICAL - 2022-05-28 19:55:34 --> The original file is not a valid file.
#0 /home/dorbistr/domains/dorbistroburdur.com/public_html/system/HTTP/Files/UploadedFile.php(137): CodeIgniter\HTTP\Exceptions\HTTPException::forInvalidFile()
#1 /home/dorbistr/domains/dorbistroburdur.com/public_html/app/Controllers/Yonetim/Product.php(94): CodeIgniter\HTTP\Files\UploadedFile->move('img/', 'cf34c47b1bf6733...')
#2 /home/dorbistr/domains/dorbistroburdur.com/public_html/system/CodeIgniter.php(832): App\Controllers\Yonetim\Product->ekle_sonuc()
#3 /home/dorbistr/domains/dorbistroburdur.com/public_html/system/CodeIgniter.php(419): CodeIgniter\CodeIgniter->runController(Object(App\Controllers\Yonetim\Product))
#4 /home/dorbistr/domains/dorbistroburdur.com/public_html/system/CodeIgniter.php(326): CodeIgniter\CodeIgniter->handleRequest(NULL, Object(Config\Cache), false)
#5 /home/dorbistr/domains/dorbistroburdur.com/public_html/index.php(37): CodeIgniter\CodeIgniter->run()
#6 {main}
CRITICAL - 2022-05-28 19:59:25 --> unlink(img/): Is a directory
#0 [internal function]: CodeIgniter\Debug\Exceptions->errorHandler(2, 'unlink(img/): I...', '/home/dorbistr/...', 269, Array)
#1 /home/dorbistr/domains/dorbistroburdur.com/public_html/app/Controllers/Yonetim/Anasayfa.php(269): unlink('img/')
#2 /home/dorbistr/domains/dorbistroburdur.com/public_html/system/CodeIgniter.php(832): App\Controllers\Yonetim\Anasayfa->sil_sonuc('31')
#3 /home/dorbistr/domains/dorbistroburdur.com/public_html/system/CodeIgniter.php(419): CodeIgniter\CodeIgniter->runController(Object(App\Controllers\Yonetim\Anasayfa))
#4 /home/dorbistr/domains/dorbistroburdur.com/public_html/system/CodeIgniter.php(326): CodeIgniter\CodeIgniter->handleRequest(NULL, Object(Config\Cache), false)
#5 /home/dorbistr/domains/dorbistroburdur.com/public_html/index.php(37): CodeIgniter\CodeIgniter->run()
#6 {main}
CRITICAL - 2022-05-28 19:59:41 --> The original file is not a valid file.
#0 /home/dorbistr/domains/dorbistroburdur.com/public_html/system/HTTP/Files/UploadedFile.php(137): CodeIgniter\HTTP\Exceptions\HTTPException::forInvalidFile()
#1 /home/dorbistr/domains/dorbistroburdur.com/public_html/app/Controllers/Yonetim/Anasayfa.php(223): CodeIgniter\HTTP\Files\UploadedFile->move('img/', '2302be100c63425...')
#2 /home/dorbistr/domains/dorbistroburdur.com/public_html/system/CodeIgniter.php(832): App\Controllers\Yonetim\Anasayfa->guncelle_sonuc('30')
#3 /home/dorbistr/domains/dorbistroburdur.com/public_html/system/CodeIgniter.php(419): CodeIgniter\CodeIgniter->runController(Object(App\Controllers\Yonetim\Anasayfa))
#4 /home/dorbistr/domains/dorbistroburdur.com/public_html/system/CodeIgniter.php(326): CodeIgniter\CodeIgniter->handleRequest(NULL, Object(Config\Cache), false)
#5 /home/dorbistr/domains/dorbistroburdur.com/public_html/index.php(37): CodeIgniter\CodeIgniter->run()
#6 {main}
CRITICAL - 2022-05-28 20:01:00 --> unlink(img/): Is a directory
#0 [internal function]: CodeIgniter\Debug\Exceptions->errorHandler(2, 'unlink(img/): I...', '/home/dorbistr/...', 269, Array)
#1 /home/dorbistr/domains/dorbistroburdur.com/public_html/app/Controllers/Yonetim/Anasayfa.php(269): unlink('img/')
#2 /home/dorbistr/domains/dorbistroburdur.com/public_html/system/CodeIgniter.php(832): App\Controllers\Yonetim\Anasayfa->sil_sonuc('30')
#3 /home/dorbistr/domains/dorbistroburdur.com/public_html/system/CodeIgniter.php(419): CodeIgniter\CodeIgniter->runController(Object(App\Controllers\Yonetim\Anasayfa))
#4 /home/dorbistr/domains/dorbistroburdur.com/public_html/system/CodeIgniter.php(326): CodeIgniter\CodeIgniter->handleRequest(NULL, Object(Config\Cache), false)
#5 /home/dorbistr/domains/dorbistroburdur.com/public_html/index.php(37): CodeIgniter\CodeIgniter->run()
#6 {main}
CRITICAL - 2022-05-28 20:04:23 --> unlink(img/dor.png): No such file or directory
#0 [internal function]: CodeIgniter\Debug\Exceptions->errorHandler(2, 'unlink(img/dor....', '/home/dorbistr/...', 269, Array)
#1 /home/dorbistr/domains/dorbistroburdur.com/public_html/app/Controllers/Yonetim/Anasayfa.php(269): unlink('img/dor.png')
#2 /home/dorbistr/domains/dorbistroburdur.com/public_html/system/CodeIgniter.php(832): App\Controllers\Yonetim\Anasayfa->sil_sonuc('24')
#3 /home/dorbistr/domains/dorbistroburdur.com/public_html/system/CodeIgniter.php(419): CodeIgniter\CodeIgniter->runController(Object(App\Controllers\Yonetim\Anasayfa))
#4 /home/dorbistr/domains/dorbistroburdur.com/public_html/system/CodeIgniter.php(326): CodeIgniter\CodeIgniter->handleRequest(NULL, Object(Config\Cache), false)
#5 /home/dorbistr/domains/dorbistroburdur.com/public_html/index.php(37): CodeIgniter\CodeIgniter->run()
#6 {main}
CRITICAL - 2022-05-28 20:04:43 --> unlink(img/dor.png): No such file or directory
#0 [internal function]: CodeIgniter\Debug\Exceptions->errorHandler(2, 'unlink(img/dor....', '/home/dorbistr/...', 269, Array)
#1 /home/dorbistr/domains/dorbistroburdur.com/public_html/app/Controllers/Yonetim/Anasayfa.php(269): unlink('img/dor.png')
#2 /home/dorbistr/domains/dorbistroburdur.com/public_html/system/CodeIgniter.php(832): App\Controllers\Yonetim\Anasayfa->sil_sonuc('25')
#3 /home/dorbistr/domains/dorbistroburdur.com/public_html/system/CodeIgniter.php(419): CodeIgniter\CodeIgniter->runController(Object(App\Controllers\Yonetim\Anasayfa))
#4 /home/dorbistr/domains/dorbistroburdur.com/public_html/system/CodeIgniter.php(326): CodeIgniter\CodeIgniter->handleRequest(NULL, Object(Config\Cache), false)
#5 /home/dorbistr/domains/dorbistroburdur.com/public_html/index.php(37): CodeIgniter\CodeIgniter->run()
#6 {main}
CRITICAL - 2022-05-28 20:05:09 --> unlink(img/dor.png): No such file or directory
#0 [internal function]: CodeIgniter\Debug\Exceptions->errorHandler(2, 'unlink(img/dor....', '/home/dorbistr/...', 269, Array)
#1 /home/dorbistr/domains/dorbistroburdur.com/public_html/app/Controllers/Yonetim/Anasayfa.php(269): unlink('img/dor.png')
#2 /home/dorbistr/domains/dorbistroburdur.com/public_html/system/CodeIgniter.php(832): App\Controllers\Yonetim\Anasayfa->sil_sonuc('6')
#3 /home/dorbistr/domains/dorbistroburdur.com/public_html/system/CodeIgniter.php(419): CodeIgniter\CodeIgniter->runController(Object(App\Controllers\Yonetim\Anasayfa))
#4 /home/dorbistr/domains/dorbistroburdur.com/public_html/system/CodeIgniter.php(326): CodeIgniter\CodeIgniter->handleRequest(NULL, Object(Config\Cache), false)
#5 /home/dorbistr/domains/dorbistroburdur.com/public_html/index.php(37): CodeIgniter\CodeIgniter->run()
#6 {main}
CRITICAL - 2022-05-28 20:53:51 --> You must set the database table to be used with your query.
#0 /home/dorbistr/domains/dorbistroburdur.com/public_html/system/Model.php(545): CodeIgniter\Database\BaseConnection->table(NULL)
#1 /home/dorbistr/domains/dorbistroburdur.com/public_html/system/Model.php(693): CodeIgniter\Model->builder()
#2 /home/dorbistr/domains/dorbistroburdur.com/public_html/app/Views/YonetimPaneli/includes/footer.php(6): CodeIgniter\Model->__get('getSettings')
#3 /home/dorbistr/domains/dorbistroburdur.com/public_html/app/Views/YonetimPaneli/pano.php(39): include('/home/dorbistr/...')
#4 /home/dorbistr/domains/dorbistroburdur.com/public_html/system/View/View.php(210): include('/home/dorbistr/...')
#5 /home/dorbistr/domains/dorbistroburdur.com/public_html/system/View/View.php(213): CodeIgniter\View\View->CodeIgniter\View\{closure}()
#6 /home/dorbistr/domains/dorbistroburdur.com/public_html/system/Common.php(1089): CodeIgniter\View\View->render('YonetimPaneli/p...', Array, true)
#7 /home/dorbistr/domains/dorbistroburdur.com/public_html/app/Controllers/Yonetim/Panel.php(31): view('YonetimPaneli/p...', Array)
#8 /home/dorbistr/domains/dorbistroburdur.com/public_html/system/CodeIgniter.php(832): App\Controllers\Yonetim\Panel->index()
#9 /home/dorbistr/domains/dorbistroburdur.com/public_html/system/CodeIgniter.php(419): CodeIgniter\CodeIgniter->runController(Object(App\Controllers\Yonetim\Panel))
#10 /home/dorbistr/domains/dorbistroburdur.com/public_html/system/CodeIgniter.php(326): CodeIgniter\CodeIgniter->handleRequest(NULL, Object(Config\Cache), false)
#11 /home/dorbistr/domains/dorbistroburdur.com/public_html/index.php(37): CodeIgniter\CodeIgniter->run()
#12 {main}
CRITICAL - 2022-05-28 20:54:52 --> You must set the database table to be used with your query.
#0 /home/dorbistr/domains/dorbistroburdur.com/public_html/system/Model.php(545): CodeIgniter\Database\BaseConnection->table(NULL)
#1 /home/dorbistr/domains/dorbistroburdur.com/public_html/system/Model.php(693): CodeIgniter\Model->builder()
#2 /home/dorbistr/domains/dorbistroburdur.com/public_html/app/Views/YonetimPaneli/includes/footer.php(6): CodeIgniter\Model->__get('getSettings')
#3 /home/dorbistr/domains/dorbistroburdur.com/public_html/app/Views/YonetimPaneli/pano.php(39): include('/home/dorbistr/...')
#4 /home/dorbistr/domains/dorbistroburdur.com/public_html/system/View/View.php(210): include('/home/dorbistr/...')
#5 /home/dorbistr/domains/dorbistroburdur.com/public_html/system/View/View.php(213): CodeIgniter\View\View->CodeIgniter\View\{closure}()
#6 /home/dorbistr/domains/dorbistroburdur.com/public_html/system/Common.php(1089): CodeIgniter\View\View->render('YonetimPaneli/p...', Array, true)
#7 /home/dorbistr/domains/dorbistroburdur.com/public_html/app/Controllers/Yonetim/Panel.php(31): view('YonetimPaneli/p...', Array)
#8 /home/dorbistr/domains/dorbistroburdur.com/public_html/system/CodeIgniter.php(832): App\Controllers\Yonetim\Panel->index()
#9 /home/dorbistr/domains/dorbistroburdur.com/public_html/system/CodeIgniter.php(419): CodeIgniter\CodeIgniter->runController(Object(App\Controllers\Yonetim\Panel))
#10 /home/dorbistr/domains/dorbistroburdur.com/public_html/system/CodeIgniter.php(326): CodeIgniter\CodeIgniter->handleRequest(NULL, Object(Config\Cache), false)
#11 /home/dorbistr/domains/dorbistroburdur.com/public_html/index.php(37): CodeIgniter\CodeIgniter->run()
#12 {main}
CRITICAL - 2022-05-28 20:54:54 --> You must set the database table to be used with your query.
#0 /home/dorbistr/domains/dorbistroburdur.com/public_html/system/Model.php(545): CodeIgniter\Database\BaseConnection->table(NULL)
#1 /home/dorbistr/domains/dorbistroburdur.com/public_html/system/Model.php(693): CodeIgniter\Model->builder()
#2 /home/dorbistr/domains/dorbistroburdur.com/public_html/app/Views/YonetimPaneli/includes/footer.php(6): CodeIgniter\Model->__get('getSettings')
#3 /home/dorbistr/domains/dorbistroburdur.com/public_html/app/Views/YonetimPaneli/pano.php(39): include('/home/dorbistr/...')
#4 /home/dorbistr/domains/dorbistroburdur.com/public_html/system/View/View.php(210): include('/home/dorbistr/...')
#5 /home/dorbistr/domains/dorbistroburdur.com/public_html/system/View/View.php(213): CodeIgniter\View\View->CodeIgniter\View\{closure}()
#6 /home/dorbistr/domains/dorbistroburdur.com/public_html/system/Common.php(1089): CodeIgniter\View\View->render('YonetimPaneli/p...', Array, true)
#7 /home/dorbistr/domains/dorbistroburdur.com/public_html/app/Controllers/Yonetim/Panel.php(31): view('YonetimPaneli/p...', Array)
#8 /home/dorbistr/domains/dorbistroburdur.com/public_html/system/CodeIgniter.php(832): App\Controllers\Yonetim\Panel->index()
#9 /home/dorbistr/domains/dorbistroburdur.com/public_html/system/CodeIgniter.php(419): CodeIgniter\CodeIgniter->runController(Object(App\Controllers\Yonetim\Panel))
#10 /home/dorbistr/domains/dorbistroburdur.com/public_html/system/CodeIgniter.php(326): CodeIgniter\CodeIgniter->handleRequest(NULL, Object(Config\Cache), false)
#11 /home/dorbistr/domains/dorbistroburdur.com/public_html/index.php(37): CodeIgniter\CodeIgniter->run()
#12 {main}
CRITICAL - 2022-05-28 20:54:58 --> You must set the database table to be used with your query.
#0 /home/dorbistr/domains/dorbistroburdur.com/public_html/system/Model.php(545): CodeIgniter\Database\BaseConnection->table(NULL)
#1 /home/dorbistr/domains/dorbistroburdur.com/public_html/system/Model.php(693): CodeIgniter\Model->builder()
#2 /home/dorbistr/domains/dorbistroburdur.com/public_html/app/Views/YonetimPaneli/includes/footer.php(6): CodeIgniter\Model->__get('getSettings')
#3 /home/dorbistr/domains/dorbistroburdur.com/public_html/app/Views/YonetimPaneli/pano.php(39): include('/home/dorbistr/...')
#4 /home/dorbistr/domains/dorbistroburdur.com/public_html/system/View/View.php(210): include('/home/dorbistr/...')
#5 /home/dorbistr/domains/dorbistroburdur.com/public_html/system/View/View.php(213): CodeIgniter\View\View->CodeIgniter\View\{closure}()
#6 /home/dorbistr/domains/dorbistroburdur.com/public_html/system/Common.php(1089): CodeIgniter\View\View->render('YonetimPaneli/p...', Array, true)
#7 /home/dorbistr/domains/dorbistroburdur.com/public_html/app/Controllers/Yonetim/Panel.php(31): view('YonetimPaneli/p...', Array)
#8 /home/dorbistr/domains/dorbistroburdur.com/public_html/system/CodeIgniter.php(832): App\Controllers\Yonetim\Panel->index()
#9 /home/dorbistr/domains/dorbistroburdur.com/public_html/system/CodeIgniter.php(419): CodeIgniter\CodeIgniter->runController(Object(App\Controllers\Yonetim\Panel))
#10 /home/dorbistr/domains/dorbistroburdur.com/public_html/system/CodeIgniter.php(326): CodeIgniter\CodeIgniter->handleRequest(NULL, Object(Config\Cache), false)
#11 /home/dorbistr/domains/dorbistroburdur.com/public_html/index.php(37): CodeIgniter\CodeIgniter->run()
#12 {main}
