CRITICAL - 2022-10-22 10:12:40 --> Attempt to read property "id" on null
#0 C:\xampp\htdocs\weProject\DemoFmenu\app\Views\Fpanel\desk.php(43): CodeIgniter\Debug\Exceptions->errorHandler(2, 'Attempt to read...', 'C:\\xampp\\htdocs...', 43)
#1 C:\xampp\htdocs\weProject\DemoFmenu\system\View\View.php(210): include('C:\\xampp\\htdocs...')
#2 C:\xampp\htdocs\weProject\DemoFmenu\system\View\View.php(213): CodeIgniter\View\View->CodeIgniter\View\{closure}()
#3 C:\xampp\htdocs\weProject\DemoFmenu\system\Common.php(1089): CodeIgniter\View\View->render('Fpanel/desk', Array, true)
#4 C:\xampp\htdocs\weProject\DemoFmenu\app\Controllers\Fpanel\Desk.php(79): view('Fpanel/desk', Array)
#5 C:\xampp\htdocs\weProject\DemoFmenu\system\CodeIgniter.php(832): App\Controllers\Fpanel\Desk->index('Okey')
#6 C:\xampp\htdocs\weProject\DemoFmenu\system\CodeIgniter.php(419): CodeIgniter\CodeIgniter->runController(Object(App\Controllers\Fpanel\Desk))
#7 C:\xampp\htdocs\weProject\DemoFmenu\system\CodeIgniter.php(326): CodeIgniter\CodeIgniter->handleRequest(NULL, Object(Config\Cache), false)
#8 C:\xampp\htdocs\weProject\DemoFmenu\index.php(37): CodeIgniter\CodeIgniter->run()
#9 {main}
CRITICAL - 2022-10-22 10:12:52 --> Attempt to read property "id" on null
#0 C:\xampp\htdocs\weProject\DemoFmenu\app\Views\Fpanel\desk.php(43): CodeIgniter\Debug\Exceptions->errorHandler(2, 'Attempt to read...', 'C:\\xampp\\htdocs...', 43)
#1 C:\xampp\htdocs\weProject\DemoFmenu\system\View\View.php(210): include('C:\\xampp\\htdocs...')
#2 C:\xampp\htdocs\weProject\DemoFmenu\system\View\View.php(213): CodeIgniter\View\View->CodeIgniter\View\{closure}()
#3 C:\xampp\htdocs\weProject\DemoFmenu\system\Common.php(1089): CodeIgniter\View\View->render('Fpanel/desk', Array, true)
#4 C:\xampp\htdocs\weProject\DemoFmenu\app\Controllers\Fpanel\Desk.php(79): view('Fpanel/desk', Array)
#5 C:\xampp\htdocs\weProject\DemoFmenu\system\CodeIgniter.php(832): App\Controllers\Fpanel\Desk->index('Okey')
#6 C:\xampp\htdocs\weProject\DemoFmenu\system\CodeIgniter.php(419): CodeIgniter\CodeIgniter->runController(Object(App\Controllers\Fpanel\Desk))
#7 C:\xampp\htdocs\weProject\DemoFmenu\system\CodeIgniter.php(326): CodeIgniter\CodeIgniter->handleRequest(NULL, Object(Config\Cache), false)
#8 C:\xampp\htdocs\weProject\DemoFmenu\index.php(37): CodeIgniter\CodeIgniter->run()
#9 {main}
CRITICAL - 2022-10-22 10:12:58 --> Attempt to read property "id" on null
#0 C:\xampp\htdocs\weProject\DemoFmenu\app\Views\Fpanel\desk.php(43): CodeIgniter\Debug\Exceptions->errorHandler(2, 'Attempt to read...', 'C:\\xampp\\htdocs...', 43)
#1 C:\xampp\htdocs\weProject\DemoFmenu\system\View\View.php(210): include('C:\\xampp\\htdocs...')
#2 C:\xampp\htdocs\weProject\DemoFmenu\system\View\View.php(213): CodeIgniter\View\View->CodeIgniter\View\{closure}()
#3 C:\xampp\htdocs\weProject\DemoFmenu\system\Common.php(1089): CodeIgniter\View\View->render('Fpanel/desk', Array, true)
#4 C:\xampp\htdocs\weProject\DemoFmenu\app\Controllers\Fpanel\Desk.php(79): view('Fpanel/desk', Array)
#5 C:\xampp\htdocs\weProject\DemoFmenu\system\CodeIgniter.php(832): App\Controllers\Fpanel\Desk->index()
#6 C:\xampp\htdocs\weProject\DemoFmenu\system\CodeIgniter.php(419): CodeIgniter\CodeIgniter->runController(Object(App\Controllers\Fpanel\Desk))
#7 C:\xampp\htdocs\weProject\DemoFmenu\system\CodeIgniter.php(326): CodeIgniter\CodeIgniter->handleRequest(NULL, Object(Config\Cache), false)
#8 C:\xampp\htdocs\weProject\DemoFmenu\index.php(37): CodeIgniter\CodeIgniter->run()
#9 {main}
CRITICAL - 2022-10-22 02:48:27 --> Undefined variable $triggerOrder
#0 C:\xampp\htdocs\weProject\DemoFmenu\app\Views\Fpanel\orderLast.php(5): CodeIgniter\Debug\Exceptions->errorHandler(2, 'Undefined varia...', 'C:\\xampp\\htdocs...', 5)
#1 C:\xampp\htdocs\weProject\DemoFmenu\system\View\View.php(210): include('C:\\xampp\\htdocs...')
#2 C:\xampp\htdocs\weProject\DemoFmenu\system\View\View.php(213): CodeIgniter\View\View->CodeIgniter\View\{closure}()
#3 C:\xampp\htdocs\weProject\DemoFmenu\system\Common.php(1089): CodeIgniter\View\View->render('Fpanel/orderLas...', Array, true)
#4 C:\xampp\htdocs\weProject\DemoFmenu\app\Controllers\Fpanel\Order.php(131): view('Fpanel/orderLas...', Array)
#5 C:\xampp\htdocs\weProject\DemoFmenu\system\CodeIgniter.php(832): App\Controllers\Fpanel\Order->orderLast()
#6 C:\xampp\htdocs\weProject\DemoFmenu\system\CodeIgniter.php(419): CodeIgniter\CodeIgniter->runController(Object(App\Controllers\Fpanel\Order))
#7 C:\xampp\htdocs\weProject\DemoFmenu\system\CodeIgniter.php(326): CodeIgniter\CodeIgniter->handleRequest(NULL, Object(Config\Cache), false)
#8 C:\xampp\htdocs\weProject\DemoFmenu\index.php(37): CodeIgniter\CodeIgniter->run()
#9 {main}
CRITICAL - 2022-10-22 02:48:42 --> Undefined array key "weSee"
#0 C:\xampp\htdocs\weProject\DemoFmenu\app\Views\Fpanel\orderLast.php(37): CodeIgniter\Debug\Exceptions->errorHandler(2, 'Undefined array...', 'C:\\xampp\\htdocs...', 37)
#1 C:\xampp\htdocs\weProject\DemoFmenu\system\View\View.php(210): include('C:\\xampp\\htdocs...')
#2 C:\xampp\htdocs\weProject\DemoFmenu\system\View\View.php(213): CodeIgniter\View\View->CodeIgniter\View\{closure}()
#3 C:\xampp\htdocs\weProject\DemoFmenu\system\Common.php(1089): CodeIgniter\View\View->render('Fpanel/orderLas...', Array, true)
#4 C:\xampp\htdocs\weProject\DemoFmenu\app\Controllers\Fpanel\Order.php(131): view('Fpanel/orderLas...', Array)
#5 C:\xampp\htdocs\weProject\DemoFmenu\system\CodeIgniter.php(832): App\Controllers\Fpanel\Order->orderLast()
#6 C:\xampp\htdocs\weProject\DemoFmenu\system\CodeIgniter.php(419): CodeIgniter\CodeIgniter->runController(Object(App\Controllers\Fpanel\Order))
#7 C:\xampp\htdocs\weProject\DemoFmenu\system\CodeIgniter.php(326): CodeIgniter\CodeIgniter->handleRequest(NULL, Object(Config\Cache), false)
#8 C:\xampp\htdocs\weProject\DemoFmenu\index.php(37): CodeIgniter\CodeIgniter->run()
#9 {main}
CRITICAL - 2022-10-22 02:49:29 --> Object of class stdClass could not be converted to string
#0 C:\xampp\htdocs\weProject\DemoFmenu\system\View\View.php(210): include()
#1 C:\xampp\htdocs\weProject\DemoFmenu\system\View\View.php(213): CodeIgniter\View\View->CodeIgniter\View\{closure}()
#2 C:\xampp\htdocs\weProject\DemoFmenu\system\Common.php(1089): CodeIgniter\View\View->render('Fpanel/orderLas...', Array, true)
#3 C:\xampp\htdocs\weProject\DemoFmenu\app\Controllers\Fpanel\Order.php(131): view('Fpanel/orderLas...', Array)
#4 C:\xampp\htdocs\weProject\DemoFmenu\system\CodeIgniter.php(832): App\Controllers\Fpanel\Order->orderLast()
#5 C:\xampp\htdocs\weProject\DemoFmenu\system\CodeIgniter.php(419): CodeIgniter\CodeIgniter->runController(Object(App\Controllers\Fpanel\Order))
#6 C:\xampp\htdocs\weProject\DemoFmenu\system\CodeIgniter.php(326): CodeIgniter\CodeIgniter->handleRequest(NULL, Object(Config\Cache), false)
#7 C:\xampp\htdocs\weProject\DemoFmenu\index.php(37): CodeIgniter\CodeIgniter->run()
#8 {main}
CRITICAL - 2022-10-22 02:50:06 --> Object of class stdClass could not be converted to string
#0 C:\xampp\htdocs\weProject\DemoFmenu\system\View\View.php(210): include()
#1 C:\xampp\htdocs\weProject\DemoFmenu\system\View\View.php(213): CodeIgniter\View\View->CodeIgniter\View\{closure}()
#2 C:\xampp\htdocs\weProject\DemoFmenu\system\Common.php(1089): CodeIgniter\View\View->render('Fpanel/orderLas...', Array, true)
#3 C:\xampp\htdocs\weProject\DemoFmenu\app\Controllers\Fpanel\Order.php(131): view('Fpanel/orderLas...', Array)
#4 C:\xampp\htdocs\weProject\DemoFmenu\system\CodeIgniter.php(832): App\Controllers\Fpanel\Order->orderLast()
#5 C:\xampp\htdocs\weProject\DemoFmenu\system\CodeIgniter.php(419): CodeIgniter\CodeIgniter->runController(Object(App\Controllers\Fpanel\Order))
#6 C:\xampp\htdocs\weProject\DemoFmenu\system\CodeIgniter.php(326): CodeIgniter\CodeIgniter->handleRequest(NULL, Object(Config\Cache), false)
#7 C:\xampp\htdocs\weProject\DemoFmenu\index.php(37): CodeIgniter\CodeIgniter->run()
#8 {main}
CRITICAL - 2022-10-22 02:52:26 --> syntax error, unexpected token "public"
#0 C:\xampp\htdocs\weProject\DemoFmenu\system\Router\Router.php(175): CodeIgniter\Router\Router->autoRoute('Fpanel/Order/or...')
#1 C:\xampp\htdocs\weProject\DemoFmenu\system\CodeIgniter.php(726): CodeIgniter\Router\Router->handle('Fpanel/Order/or...')
#2 C:\xampp\htdocs\weProject\DemoFmenu\system\CodeIgniter.php(368): CodeIgniter\CodeIgniter->tryToRouteIt(Object(CodeIgniter\Router\RouteCollection))
#3 C:\xampp\htdocs\weProject\DemoFmenu\system\CodeIgniter.php(326): CodeIgniter\CodeIgniter->handleRequest(NULL, Object(Config\Cache), false)
#4 C:\xampp\htdocs\weProject\DemoFmenu\index.php(37): CodeIgniter\CodeIgniter->run()
#5 {main}
CRITICAL - 2022-10-22 07:12:12 --> Unclosed '{' on line 19
#0 C:\xampp\htdocs\weProject\DemoFmenu\system\Router\Router.php(175): CodeIgniter\Router\Router->autoRoute('Fpanel/Trigger/...')
#1 C:\xampp\htdocs\weProject\DemoFmenu\system\CodeIgniter.php(726): CodeIgniter\Router\Router->handle('Fpanel/Trigger/...')
#2 C:\xampp\htdocs\weProject\DemoFmenu\system\CodeIgniter.php(368): CodeIgniter\CodeIgniter->tryToRouteIt(Object(CodeIgniter\Router\RouteCollection))
#3 C:\xampp\htdocs\weProject\DemoFmenu\system\CodeIgniter.php(326): CodeIgniter\CodeIgniter->handleRequest(NULL, Object(Config\Cache), false)
#4 C:\xampp\htdocs\weProject\DemoFmenu\index.php(37): CodeIgniter\CodeIgniter->run()
#5 {main}
CRITICAL - 2022-10-22 07:12:16 --> Unclosed '{' on line 19
#0 C:\xampp\htdocs\weProject\DemoFmenu\system\Router\Router.php(175): CodeIgniter\Router\Router->autoRoute('Fpanel/Trigger/...')
#1 C:\xampp\htdocs\weProject\DemoFmenu\system\CodeIgniter.php(726): CodeIgniter\Router\Router->handle('Fpanel/Trigger/...')
#2 C:\xampp\htdocs\weProject\DemoFmenu\system\CodeIgniter.php(368): CodeIgniter\CodeIgniter->tryToRouteIt(Object(CodeIgniter\Router\RouteCollection))
#3 C:\xampp\htdocs\weProject\DemoFmenu\system\CodeIgniter.php(326): CodeIgniter\CodeIgniter->handleRequest(NULL, Object(Config\Cache), false)
#4 C:\xampp\htdocs\weProject\DemoFmenu\index.php(37): CodeIgniter\CodeIgniter->run()
#5 {main}
CRITICAL - 2022-10-22 07:12:20 --> Unclosed '{' on line 19
#0 C:\xampp\htdocs\weProject\DemoFmenu\system\Router\Router.php(175): CodeIgniter\Router\Router->autoRoute('Fpanel/Trigger/...')
#1 C:\xampp\htdocs\weProject\DemoFmenu\system\CodeIgniter.php(726): CodeIgniter\Router\Router->handle('Fpanel/Trigger/...')
#2 C:\xampp\htdocs\weProject\DemoFmenu\system\CodeIgniter.php(368): CodeIgniter\CodeIgniter->tryToRouteIt(Object(CodeIgniter\Router\RouteCollection))
#3 C:\xampp\htdocs\weProject\DemoFmenu\system\CodeIgniter.php(326): CodeIgniter\CodeIgniter->handleRequest(NULL, Object(Config\Cache), false)
#4 C:\xampp\htdocs\weProject\DemoFmenu\index.php(37): CodeIgniter\CodeIgniter->run()
#5 {main}
CRITICAL - 2022-10-22 07:12:24 --> Unclosed '{' on line 19
#0 C:\xampp\htdocs\weProject\DemoFmenu\system\Router\Router.php(175): CodeIgniter\Router\Router->autoRoute('Fpanel/Trigger/...')
#1 C:\xampp\htdocs\weProject\DemoFmenu\system\CodeIgniter.php(726): CodeIgniter\Router\Router->handle('Fpanel/Trigger/...')
#2 C:\xampp\htdocs\weProject\DemoFmenu\system\CodeIgniter.php(368): CodeIgniter\CodeIgniter->tryToRouteIt(Object(CodeIgniter\Router\RouteCollection))
#3 C:\xampp\htdocs\weProject\DemoFmenu\system\CodeIgniter.php(326): CodeIgniter\CodeIgniter->handleRequest(NULL, Object(Config\Cache), false)
#4 C:\xampp\htdocs\weProject\DemoFmenu\index.php(37): CodeIgniter\CodeIgniter->run()
#5 {main}
CRITICAL - 2022-10-22 07:12:28 --> Unclosed '{' on line 19
#0 C:\xampp\htdocs\weProject\DemoFmenu\system\Router\Router.php(175): CodeIgniter\Router\Router->autoRoute('Fpanel/Trigger/...')
#1 C:\xampp\htdocs\weProject\DemoFmenu\system\CodeIgniter.php(726): CodeIgniter\Router\Router->handle('Fpanel/Trigger/...')
#2 C:\xampp\htdocs\weProject\DemoFmenu\system\CodeIgniter.php(368): CodeIgniter\CodeIgniter->tryToRouteIt(Object(CodeIgniter\Router\RouteCollection))
#3 C:\xampp\htdocs\weProject\DemoFmenu\system\CodeIgniter.php(326): CodeIgniter\CodeIgniter->handleRequest(NULL, Object(Config\Cache), false)
#4 C:\xampp\htdocs\weProject\DemoFmenu\index.php(37): CodeIgniter\CodeIgniter->run()
#5 {main}
CRITICAL - 2022-10-22 07:12:32 --> Unclosed '{' on line 19
#0 C:\xampp\htdocs\weProject\DemoFmenu\system\Router\Router.php(175): CodeIgniter\Router\Router->autoRoute('Fpanel/Trigger/...')
#1 C:\xampp\htdocs\weProject\DemoFmenu\system\CodeIgniter.php(726): CodeIgniter\Router\Router->handle('Fpanel/Trigger/...')
#2 C:\xampp\htdocs\weProject\DemoFmenu\system\CodeIgniter.php(368): CodeIgniter\CodeIgniter->tryToRouteIt(Object(CodeIgniter\Router\RouteCollection))
#3 C:\xampp\htdocs\weProject\DemoFmenu\system\CodeIgniter.php(326): CodeIgniter\CodeIgniter->handleRequest(NULL, Object(Config\Cache), false)
#4 C:\xampp\htdocs\weProject\DemoFmenu\index.php(37): CodeIgniter\CodeIgniter->run()
#5 {main}
CRITICAL - 2022-10-22 07:12:36 --> Unclosed '{' on line 19
#0 C:\xampp\htdocs\weProject\DemoFmenu\system\Router\Router.php(175): CodeIgniter\Router\Router->autoRoute('Fpanel/Trigger/...')
#1 C:\xampp\htdocs\weProject\DemoFmenu\system\CodeIgniter.php(726): CodeIgniter\Router\Router->handle('Fpanel/Trigger/...')
#2 C:\xampp\htdocs\weProject\DemoFmenu\system\CodeIgniter.php(368): CodeIgniter\CodeIgniter->tryToRouteIt(Object(CodeIgniter\Router\RouteCollection))
#3 C:\xampp\htdocs\weProject\DemoFmenu\system\CodeIgniter.php(326): CodeIgniter\CodeIgniter->handleRequest(NULL, Object(Config\Cache), false)
#4 C:\xampp\htdocs\weProject\DemoFmenu\index.php(37): CodeIgniter\CodeIgniter->run()
#5 {main}
CRITICAL - 2022-10-22 07:12:40 --> Unclosed '{' on line 19
#0 C:\xampp\htdocs\weProject\DemoFmenu\system\Router\Router.php(175): CodeIgniter\Router\Router->autoRoute('Fpanel/Trigger/...')
#1 C:\xampp\htdocs\weProject\DemoFmenu\system\CodeIgniter.php(726): CodeIgniter\Router\Router->handle('Fpanel/Trigger/...')
#2 C:\xampp\htdocs\weProject\DemoFmenu\system\CodeIgniter.php(368): CodeIgniter\CodeIgniter->tryToRouteIt(Object(CodeIgniter\Router\RouteCollection))
#3 C:\xampp\htdocs\weProject\DemoFmenu\system\CodeIgniter.php(326): CodeIgniter\CodeIgniter->handleRequest(NULL, Object(Config\Cache), false)
#4 C:\xampp\htdocs\weProject\DemoFmenu\index.php(37): CodeIgniter\CodeIgniter->run()
#5 {main}
CRITICAL - 2022-10-22 15:20:15 --> Object of class App\Models\ProductModel could not be converted to string
#0 C:\xampp\htdocs\weProject\DemoFmenu\system\CodeIgniter.php(832): App\Controllers\Fpanel\Trigger->getOrder()
#1 C:\xampp\htdocs\weProject\DemoFmenu\system\CodeIgniter.php(419): CodeIgniter\CodeIgniter->runController(Object(App\Controllers\Fpanel\Trigger))
#2 C:\xampp\htdocs\weProject\DemoFmenu\system\CodeIgniter.php(326): CodeIgniter\CodeIgniter->handleRequest(NULL, Object(Config\Cache), false)
#3 C:\xampp\htdocs\weProject\DemoFmenu\index.php(37): CodeIgniter\CodeIgniter->run()
#4 {main}
CRITICAL - 2022-10-22 15:20:56 --> Object of class App\Models\ProductModel could not be converted to string
#0 C:\xampp\htdocs\weProject\DemoFmenu\system\CodeIgniter.php(832): App\Controllers\Fpanel\Trigger->getOrder()
#1 C:\xampp\htdocs\weProject\DemoFmenu\system\CodeIgniter.php(419): CodeIgniter\CodeIgniter->runController(Object(App\Controllers\Fpanel\Trigger))
#2 C:\xampp\htdocs\weProject\DemoFmenu\system\CodeIgniter.php(326): CodeIgniter\CodeIgniter->handleRequest(NULL, Object(Config\Cache), false)
#3 C:\xampp\htdocs\weProject\DemoFmenu\index.php(37): CodeIgniter\CodeIgniter->run()
#4 {main}
CRITICAL - 2022-10-22 07:37:23 --> syntax error, unexpected token "."
#0 C:\xampp\htdocs\weProject\DemoFmenu\system\Router\Router.php(175): CodeIgniter\Router\Router->autoRoute('Fpanel/Trigger/...')
#1 C:\xampp\htdocs\weProject\DemoFmenu\system\CodeIgniter.php(726): CodeIgniter\Router\Router->handle('Fpanel/Trigger/...')
#2 C:\xampp\htdocs\weProject\DemoFmenu\system\CodeIgniter.php(368): CodeIgniter\CodeIgniter->tryToRouteIt(Object(CodeIgniter\Router\RouteCollection))
#3 C:\xampp\htdocs\weProject\DemoFmenu\system\CodeIgniter.php(326): CodeIgniter\CodeIgniter->handleRequest(NULL, Object(Config\Cache), false)
#4 C:\xampp\htdocs\weProject\DemoFmenu\index.php(37): CodeIgniter\CodeIgniter->run()
#5 {main}
CRITICAL - 2022-10-22 07:37:27 --> syntax error, unexpected token "}"
#0 C:\xampp\htdocs\weProject\DemoFmenu\system\Router\Router.php(175): CodeIgniter\Router\Router->autoRoute('Fpanel/Trigger/...')
#1 C:\xampp\htdocs\weProject\DemoFmenu\system\CodeIgniter.php(726): CodeIgniter\Router\Router->handle('Fpanel/Trigger/...')
#2 C:\xampp\htdocs\weProject\DemoFmenu\system\CodeIgniter.php(368): CodeIgniter\CodeIgniter->tryToRouteIt(Object(CodeIgniter\Router\RouteCollection))
#3 C:\xampp\htdocs\weProject\DemoFmenu\system\CodeIgniter.php(326): CodeIgniter\CodeIgniter->handleRequest(NULL, Object(Config\Cache), false)
#4 C:\xampp\htdocs\weProject\DemoFmenu\index.php(37): CodeIgniter\CodeIgniter->run()
#5 {main}
CRITICAL - 2022-10-22 12:57:04 --> Array to string conversion
#0 C:\xampp\htdocs\weProject\DemoFmenu\app\Controllers\SoftPHP.php(245): CodeIgniter\Debug\Exceptions->errorHandler(2, 'Array to string...', 'C:\\xampp\\htdocs...', 245)
#1 C:\xampp\htdocs\weProject\DemoFmenu\system\CodeIgniter.php(832): App\Controllers\SoftPHP->getProductsForCategory()
#2 C:\xampp\htdocs\weProject\DemoFmenu\system\CodeIgniter.php(419): CodeIgniter\CodeIgniter->runController(Object(App\Controllers\SoftPHP))
#3 C:\xampp\htdocs\weProject\DemoFmenu\system\CodeIgniter.php(326): CodeIgniter\CodeIgniter->handleRequest(NULL, Object(Config\Cache), false)
#4 C:\xampp\htdocs\weProject\DemoFmenu\index.php(37): CodeIgniter\CodeIgniter->run()
#5 {main}
CRITICAL - 2022-10-22 17:27:12 --> syntax error, unexpected token ";"
#0 C:\xampp\htdocs\weProject\DemoFmenu\system\Router\Router.php(175): CodeIgniter\Router\Router->autoRoute('Fpanel/Trigger/...')
#1 C:\xampp\htdocs\weProject\DemoFmenu\system\CodeIgniter.php(726): CodeIgniter\Router\Router->handle('Fpanel/Trigger/...')
#2 C:\xampp\htdocs\weProject\DemoFmenu\system\CodeIgniter.php(368): CodeIgniter\CodeIgniter->tryToRouteIt(Object(CodeIgniter\Router\RouteCollection))
#3 C:\xampp\htdocs\weProject\DemoFmenu\system\CodeIgniter.php(326): CodeIgniter\CodeIgniter->handleRequest(NULL, Object(Config\Cache), false)
#4 C:\xampp\htdocs\weProject\DemoFmenu\index.php(37): CodeIgniter\CodeIgniter->run()
#5 {main}
CRITICAL - 2022-10-22 17:42:28 --> syntax error, unexpected token ";"
#0 C:\xampp\htdocs\weProject\DemoFmenu\system\Router\Router.php(175): CodeIgniter\Router\Router->autoRoute('Fpanel/Trigger/...')
#1 C:\xampp\htdocs\weProject\DemoFmenu\system\CodeIgniter.php(726): CodeIgniter\Router\Router->handle('Fpanel/Trigger/...')
#2 C:\xampp\htdocs\weProject\DemoFmenu\system\CodeIgniter.php(368): CodeIgniter\CodeIgniter->tryToRouteIt(Object(CodeIgniter\Router\RouteCollection))
#3 C:\xampp\htdocs\weProject\DemoFmenu\system\CodeIgniter.php(326): CodeIgniter\CodeIgniter->handleRequest(NULL, Object(Config\Cache), false)
#4 C:\xampp\htdocs\weProject\DemoFmenu\index.php(37): CodeIgniter\CodeIgniter->run()
#5 {main}
CRITICAL - 2022-10-22 17:42:31 --> syntax error, unexpected token ";"
#0 C:\xampp\htdocs\weProject\DemoFmenu\system\Router\Router.php(175): CodeIgniter\Router\Router->autoRoute('Fpanel/Trigger/...')
#1 C:\xampp\htdocs\weProject\DemoFmenu\system\CodeIgniter.php(726): CodeIgniter\Router\Router->handle('Fpanel/Trigger/...')
#2 C:\xampp\htdocs\weProject\DemoFmenu\system\CodeIgniter.php(368): CodeIgniter\CodeIgniter->tryToRouteIt(Object(CodeIgniter\Router\RouteCollection))
#3 C:\xampp\htdocs\weProject\DemoFmenu\system\CodeIgniter.php(326): CodeIgniter\CodeIgniter->handleRequest(NULL, Object(Config\Cache), false)
#4 C:\xampp\htdocs\weProject\DemoFmenu\index.php(37): CodeIgniter\CodeIgniter->run()
#5 {main}
CRITICAL - 2022-10-22 17:42:31 --> syntax error, unexpected token ";"
#0 C:\xampp\htdocs\weProject\DemoFmenu\system\Router\Router.php(175): CodeIgniter\Router\Router->autoRoute('Fpanel/Trigger/...')
#1 C:\xampp\htdocs\weProject\DemoFmenu\system\CodeIgniter.php(726): CodeIgniter\Router\Router->handle('Fpanel/Trigger/...')
#2 C:\xampp\htdocs\weProject\DemoFmenu\system\CodeIgniter.php(368): CodeIgniter\CodeIgniter->tryToRouteIt(Object(CodeIgniter\Router\RouteCollection))
#3 C:\xampp\htdocs\weProject\DemoFmenu\system\CodeIgniter.php(326): CodeIgniter\CodeIgniter->handleRequest(NULL, Object(Config\Cache), false)
#4 C:\xampp\htdocs\weProject\DemoFmenu\index.php(37): CodeIgniter\CodeIgniter->run()
#5 {main}
CRITICAL - 2022-10-22 17:42:32 --> syntax error, unexpected token ";"
#0 C:\xampp\htdocs\weProject\DemoFmenu\system\Router\Router.php(175): CodeIgniter\Router\Router->autoRoute('Fpanel/Trigger/...')
#1 C:\xampp\htdocs\weProject\DemoFmenu\system\CodeIgniter.php(726): CodeIgniter\Router\Router->handle('Fpanel/Trigger/...')
#2 C:\xampp\htdocs\weProject\DemoFmenu\system\CodeIgniter.php(368): CodeIgniter\CodeIgniter->tryToRouteIt(Object(CodeIgniter\Router\RouteCollection))
#3 C:\xampp\htdocs\weProject\DemoFmenu\system\CodeIgniter.php(326): CodeIgniter\CodeIgniter->handleRequest(NULL, Object(Config\Cache), false)
#4 C:\xampp\htdocs\weProject\DemoFmenu\index.php(37): CodeIgniter\CodeIgniter->run()
#5 {main}
CRITICAL - 2022-10-22 17:57:45 --> syntax error, unexpected token "exit", expecting "," or ";"
#0 C:\xampp\htdocs\weProject\DemoFmenu\system\Router\Router.php(175): CodeIgniter\Router\Router->autoRoute('Fpanel/Trigger/...')
#1 C:\xampp\htdocs\weProject\DemoFmenu\system\CodeIgniter.php(726): CodeIgniter\Router\Router->handle('Fpanel/Trigger/...')
#2 C:\xampp\htdocs\weProject\DemoFmenu\system\CodeIgniter.php(368): CodeIgniter\CodeIgniter->tryToRouteIt(Object(CodeIgniter\Router\RouteCollection))
#3 C:\xampp\htdocs\weProject\DemoFmenu\system\CodeIgniter.php(326): CodeIgniter\CodeIgniter->handleRequest(NULL, Object(Config\Cache), false)
#4 C:\xampp\htdocs\weProject\DemoFmenu\index.php(37): CodeIgniter\CodeIgniter->run()
#5 {main}
