CRITICAL - 2022-10-20 00:34:44 --> Too few arguments to function App\Controllers\Fpanel\Log::delete_result(), 0 passed in C:\xampp\htdocs\weProject\DemoFmenu\system\CodeIgniter.php on line 832 and exactly 1 expected
#0 C:\xampp\htdocs\weProject\DemoFmenu\system\CodeIgniter.php(832): App\Controllers\Fpanel\Log->delete_result()
#1 C:\xampp\htdocs\weProject\DemoFmenu\system\CodeIgniter.php(419): CodeIgniter\CodeIgniter->runController(Object(App\Controllers\Fpanel\Log))
#2 C:\xampp\htdocs\weProject\DemoFmenu\system\CodeIgniter.php(326): CodeIgniter\CodeIgniter->handleRequest(NULL, Object(Config\Cache), false)
#3 C:\xampp\htdocs\weProject\DemoFmenu\index.php(37): CodeIgniter\CodeIgniter->run()
#4 {main}
CRITICAL - 2022-10-20 05:31:47 --> Array to string conversion
#0 C:\xampp\htdocs\weProject\DemoFmenu\app\Controllers\Cart.php(82): CodeIgniter\Debug\Exceptions->errorHandler(2, 'Array to string...', 'C:\\xampp\\htdocs...', 82)
#1 C:\xampp\htdocs\weProject\DemoFmenu\system\CodeIgniter.php(832): App\Controllers\Cart->index('200')
#2 C:\xampp\htdocs\weProject\DemoFmenu\system\CodeIgniter.php(419): CodeIgniter\CodeIgniter->runController(Object(App\Controllers\Cart))
#3 C:\xampp\htdocs\weProject\DemoFmenu\system\CodeIgniter.php(326): CodeIgniter\CodeIgniter->handleRequest(NULL, Object(Config\Cache), false)
#4 C:\xampp\htdocs\weProject\DemoFmenu\index.php(37): CodeIgniter\CodeIgniter->run()
#5 {main}
CRITICAL - 2022-10-20 05:31:59 --> Array to string conversion
#0 C:\xampp\htdocs\weProject\DemoFmenu\app\Controllers\Cart.php(82): CodeIgniter\Debug\Exceptions->errorHandler(2, 'Array to string...', 'C:\\xampp\\htdocs...', 82)
#1 C:\xampp\htdocs\weProject\DemoFmenu\system\CodeIgniter.php(832): App\Controllers\Cart->index('200')
#2 C:\xampp\htdocs\weProject\DemoFmenu\system\CodeIgniter.php(419): CodeIgniter\CodeIgniter->runController(Object(App\Controllers\Cart))
#3 C:\xampp\htdocs\weProject\DemoFmenu\system\CodeIgniter.php(326): CodeIgniter\CodeIgniter->handleRequest(NULL, Object(Config\Cache), false)
#4 C:\xampp\htdocs\weProject\DemoFmenu\index.php(37): CodeIgniter\CodeIgniter->run()
#5 {main}
CRITICAL - 2022-10-20 05:40:47 --> Undefined variable $extraSum
#0 C:\xampp\htdocs\weProject\DemoFmenu\app\Views\cart.php(65): CodeIgniter\Debug\Exceptions->errorHandler(2, 'Undefined varia...', 'C:\\xampp\\htdocs...', 65)
#1 C:\xampp\htdocs\weProject\DemoFmenu\system\View\View.php(210): include('C:\\xampp\\htdocs...')
#2 C:\xampp\htdocs\weProject\DemoFmenu\system\View\View.php(213): CodeIgniter\View\View->CodeIgniter\View\{closure}()
#3 C:\xampp\htdocs\weProject\DemoFmenu\system\Common.php(1089): CodeIgniter\View\View->render('cart', Array, true)
#4 C:\xampp\htdocs\weProject\DemoFmenu\app\Controllers\Cart.php(96): view('cart', Array)
#5 C:\xampp\htdocs\weProject\DemoFmenu\system\CodeIgniter.php(832): App\Controllers\Cart->index('200')
#6 C:\xampp\htdocs\weProject\DemoFmenu\system\CodeIgniter.php(419): CodeIgniter\CodeIgniter->runController(Object(App\Controllers\Cart))
#7 C:\xampp\htdocs\weProject\DemoFmenu\system\CodeIgniter.php(326): CodeIgniter\CodeIgniter->handleRequest(NULL, Object(Config\Cache), false)
#8 C:\xampp\htdocs\weProject\DemoFmenu\index.php(37): CodeIgniter\CodeIgniter->run()
#9 {main}
CRITICAL - 2022-10-20 05:59:31 --> You must set the database table to be used with your query.
#0 C:\xampp\htdocs\weProject\DemoFmenu\system\Model.php(545): CodeIgniter\Database\BaseConnection->table(NULL)
#1 C:\xampp\htdocs\weProject\DemoFmenu\system\Model.php(722): CodeIgniter\Model->builder()
#2 C:\xampp\htdocs\weProject\DemoFmenu\app\Controllers\OurPackages.php(79): CodeIgniter\Model->__call('getProductLink', Array)
#3 C:\xampp\htdocs\weProject\DemoFmenu\system\CodeIgniter.php(832): App\Controllers\OurPackages->product('product', 'mercimek')
#4 C:\xampp\htdocs\weProject\DemoFmenu\system\CodeIgniter.php(419): CodeIgniter\CodeIgniter->runController(Object(App\Controllers\OurPackages))
#5 C:\xampp\htdocs\weProject\DemoFmenu\system\CodeIgniter.php(326): CodeIgniter\CodeIgniter->handleRequest(NULL, Object(Config\Cache), false)
#6 C:\xampp\htdocs\weProject\DemoFmenu\index.php(37): CodeIgniter\CodeIgniter->run()
#7 {main}
CRITICAL - 2022-10-20 06:00:23 --> You must set the database table to be used with your query.
#0 C:\xampp\htdocs\weProject\DemoFmenu\system\Model.php(545): CodeIgniter\Database\BaseConnection->table(NULL)
#1 C:\xampp\htdocs\weProject\DemoFmenu\system\Model.php(722): CodeIgniter\Model->builder()
#2 C:\xampp\htdocs\weProject\DemoFmenu\app\Controllers\OurPackages.php(79): CodeIgniter\Model->__call('getProductLink', Array)
#3 C:\xampp\htdocs\weProject\DemoFmenu\system\CodeIgniter.php(832): App\Controllers\OurPackages->product('product', 'mercimek')
#4 C:\xampp\htdocs\weProject\DemoFmenu\system\CodeIgniter.php(419): CodeIgniter\CodeIgniter->runController(Object(App\Controllers\OurPackages))
#5 C:\xampp\htdocs\weProject\DemoFmenu\system\CodeIgniter.php(326): CodeIgniter\CodeIgniter->handleRequest(NULL, Object(Config\Cache), false)
#6 C:\xampp\htdocs\weProject\DemoFmenu\index.php(37): CodeIgniter\CodeIgniter->run()
#7 {main}
CRITICAL - 2022-10-20 06:00:46 --> You must set the database table to be used with your query.
#0 C:\xampp\htdocs\weProject\DemoFmenu\system\Model.php(545): CodeIgniter\Database\BaseConnection->table(NULL)
#1 C:\xampp\htdocs\weProject\DemoFmenu\system\Model.php(722): CodeIgniter\Model->builder()
#2 C:\xampp\htdocs\weProject\DemoFmenu\app\Controllers\OurPackages.php(79): CodeIgniter\Model->__call('getProductLink', Array)
#3 C:\xampp\htdocs\weProject\DemoFmenu\system\CodeIgniter.php(832): App\Controllers\OurPackages->product('mercimek')
#4 C:\xampp\htdocs\weProject\DemoFmenu\system\CodeIgniter.php(419): CodeIgniter\CodeIgniter->runController(Object(App\Controllers\OurPackages))
#5 C:\xampp\htdocs\weProject\DemoFmenu\system\CodeIgniter.php(326): CodeIgniter\CodeIgniter->handleRequest(NULL, Object(Config\Cache), false)
#6 C:\xampp\htdocs\weProject\DemoFmenu\index.php(37): CodeIgniter\CodeIgniter->run()
#7 {main}
CRITICAL - 2022-10-20 06:01:48 --> Undefined variable $activeSumPrice
#0 C:\xampp\htdocs\weProject\DemoFmenu\app\Views\includes\bottomBar.php(8): CodeIgniter\Debug\Exceptions->errorHandler(2, 'Undefined varia...', 'C:\\xampp\\htdocs...', 8)
#1 C:\xampp\htdocs\weProject\DemoFmenu\app\Views\products.php(49): include('C:\\xampp\\htdocs...')
#2 C:\xampp\htdocs\weProject\DemoFmenu\system\View\View.php(210): include('C:\\xampp\\htdocs...')
#3 C:\xampp\htdocs\weProject\DemoFmenu\system\View\View.php(213): CodeIgniter\View\View->CodeIgniter\View\{closure}()
#4 C:\xampp\htdocs\weProject\DemoFmenu\system\Common.php(1089): CodeIgniter\View\View->render('products', Array, true)
#5 C:\xampp\htdocs\weProject\DemoFmenu\app\Controllers\OurPackages.php(81): view('products', Array)
#6 C:\xampp\htdocs\weProject\DemoFmenu\system\CodeIgniter.php(832): App\Controllers\OurPackages->product('mercimek')
#7 C:\xampp\htdocs\weProject\DemoFmenu\system\CodeIgniter.php(419): CodeIgniter\CodeIgniter->runController(Object(App\Controllers\OurPackages))
#8 C:\xampp\htdocs\weProject\DemoFmenu\system\CodeIgniter.php(326): CodeIgniter\CodeIgniter->handleRequest(NULL, Object(Config\Cache), false)
#9 C:\xampp\htdocs\weProject\DemoFmenu\index.php(37): CodeIgniter\CodeIgniter->run()
#10 {main}
ERROR - 2022-10-20 16:23:30 --> Unknown column 'securityStatus' in 'field list'
ERROR - 2022-10-20 16:23:30 --> Unknown column 'securityStatus' in 'where clause'
ERROR - 2022-10-20 16:26:22 --> Unknown column 'securityStatus' in 'where clause'
ERROR - 2022-10-20 16:26:22 --> Unknown column 'securityStatus' in 'field list'
CRITICAL - 2022-10-20 16:26:22 --> Call to a member function getRow() on bool
#0 C:\xampp\htdocs\weProject\DemoFmenu\app\Controllers\Fpanel\Admin.php(73): App\Models\Admin\ALoginModel->securityLogin('testGarson1')
#1 C:\xampp\htdocs\weProject\DemoFmenu\system\CodeIgniter.php(832): App\Controllers\Fpanel\Admin->login()
#2 C:\xampp\htdocs\weProject\DemoFmenu\system\CodeIgniter.php(419): CodeIgniter\CodeIgniter->runController(Object(App\Controllers\Fpanel\Admin))
#3 C:\xampp\htdocs\weProject\DemoFmenu\system\CodeIgniter.php(326): CodeIgniter\CodeIgniter->handleRequest(NULL, Object(Config\Cache), false)
#4 C:\xampp\htdocs\weProject\DemoFmenu\index.php(37): CodeIgniter\CodeIgniter->run()
#5 {main}
ERROR - 2022-10-20 16:27:25 --> Unknown column 'securityStatus' in 'where clause'
CRITICAL - 2022-10-20 16:27:25 --> You must set the database table to be used with your query.
#0 C:\xampp\htdocs\weProject\DemoFmenu\system\Model.php(545): CodeIgniter\Database\BaseConnection->table(NULL)
#1 C:\xampp\htdocs\weProject\DemoFmenu\system\Model.php(722): CodeIgniter\Model->builder()
#2 C:\xampp\htdocs\weProject\DemoFmenu\app\Controllers\Fpanel\Admin.php(74): CodeIgniter\Model->__call('lastSecuritySta...', Array)
#3 C:\xampp\htdocs\weProject\DemoFmenu\system\CodeIgniter.php(832): App\Controllers\Fpanel\Admin->login()
#4 C:\xampp\htdocs\weProject\DemoFmenu\system\CodeIgniter.php(419): CodeIgniter\CodeIgniter->runController(Object(App\Controllers\Fpanel\Admin))
#5 C:\xampp\htdocs\weProject\DemoFmenu\system\CodeIgniter.php(326): CodeIgniter\CodeIgniter->handleRequest(NULL, Object(Config\Cache), false)
#6 C:\xampp\htdocs\weProject\DemoFmenu\index.php(37): CodeIgniter\CodeIgniter->run()
#7 {main}
ERROR - 2022-10-20 16:27:54 --> Unknown column 'securityStatus' in 'where clause'
ERROR - 2022-10-20 16:28:20 --> Unknown column 'securityStatus' in 'where clause'
ERROR - 2022-10-20 16:28:20 --> Unknown column 'securityStatus' in 'field list'
CRITICAL - 2022-10-20 16:28:20 --> Call to a member function getRow() on bool
#0 C:\xampp\htdocs\weProject\DemoFmenu\app\Controllers\Fpanel\Admin.php(73): App\Models\Admin\ALoginModel->securityLogin('testGarson1')
#1 C:\xampp\htdocs\weProject\DemoFmenu\system\CodeIgniter.php(832): App\Controllers\Fpanel\Admin->login()
#2 C:\xampp\htdocs\weProject\DemoFmenu\system\CodeIgniter.php(419): CodeIgniter\CodeIgniter->runController(Object(App\Controllers\Fpanel\Admin))
#3 C:\xampp\htdocs\weProject\DemoFmenu\system\CodeIgniter.php(326): CodeIgniter\CodeIgniter->handleRequest(NULL, Object(Config\Cache), false)
#4 C:\xampp\htdocs\weProject\DemoFmenu\index.php(37): CodeIgniter\CodeIgniter->run()
#5 {main}
ERROR - 2022-10-20 16:28:32 --> Unknown column 'securityStatus' in 'where clause'
ERROR - 2022-10-20 16:28:32 --> Unknown column 'securityStatus' in 'field list'
CRITICAL - 2022-10-20 16:28:32 --> Call to a member function getRow() on bool
#0 C:\xampp\htdocs\weProject\DemoFmenu\app\Controllers\Fpanel\Admin.php(73): App\Models\Admin\ALoginModel->securityLogin('testGarson1')
#1 C:\xampp\htdocs\weProject\DemoFmenu\system\CodeIgniter.php(832): App\Controllers\Fpanel\Admin->login()
#2 C:\xampp\htdocs\weProject\DemoFmenu\system\CodeIgniter.php(419): CodeIgniter\CodeIgniter->runController(Object(App\Controllers\Fpanel\Admin))
#3 C:\xampp\htdocs\weProject\DemoFmenu\system\CodeIgniter.php(326): CodeIgniter\CodeIgniter->handleRequest(NULL, Object(Config\Cache), false)
#4 C:\xampp\htdocs\weProject\DemoFmenu\index.php(37): CodeIgniter\CodeIgniter->run()
#5 {main}
ERROR - 2022-10-20 16:29:10 --> Unknown column 'securityStatus' in 'where clause'
ERROR - 2022-10-20 16:29:10 --> Unknown column 'securityStatus' in 'field list'
CRITICAL - 2022-10-20 16:29:10 --> Call to a member function getRow() on bool
#0 C:\xampp\htdocs\weProject\DemoFmenu\app\Controllers\Fpanel\Admin.php(73): App\Models\Admin\ALoginModel->securityLogin('testGarson1')
#1 C:\xampp\htdocs\weProject\DemoFmenu\system\CodeIgniter.php(832): App\Controllers\Fpanel\Admin->login()
#2 C:\xampp\htdocs\weProject\DemoFmenu\system\CodeIgniter.php(419): CodeIgniter\CodeIgniter->runController(Object(App\Controllers\Fpanel\Admin))
#3 C:\xampp\htdocs\weProject\DemoFmenu\system\CodeIgniter.php(326): CodeIgniter\CodeIgniter->handleRequest(NULL, Object(Config\Cache), false)
#4 C:\xampp\htdocs\weProject\DemoFmenu\index.php(37): CodeIgniter\CodeIgniter->run()
#5 {main}
ERROR - 2022-10-20 16:29:22 --> Unknown column 'securityStatus' in 'where clause'
CRITICAL - 2022-10-20 16:30:36 --> You must set the database table to be used with your query.
#0 C:\xampp\htdocs\weProject\DemoFmenu\system\Model.php(545): CodeIgniter\Database\BaseConnection->table(NULL)
#1 C:\xampp\htdocs\weProject\DemoFmenu\system\Model.php(722): CodeIgniter\Model->builder()
#2 C:\xampp\htdocs\weProject\DemoFmenu\app\Controllers\Fpanel\Admin.php(74): CodeIgniter\Model->__call('lastSecuritySta...', Array)
#3 C:\xampp\htdocs\weProject\DemoFmenu\system\CodeIgniter.php(832): App\Controllers\Fpanel\Admin->login()
#4 C:\xampp\htdocs\weProject\DemoFmenu\system\CodeIgniter.php(419): CodeIgniter\CodeIgniter->runController(Object(App\Controllers\Fpanel\Admin))
#5 C:\xampp\htdocs\weProject\DemoFmenu\system\CodeIgniter.php(326): CodeIgniter\CodeIgniter->handleRequest(NULL, Object(Config\Cache), false)
#6 C:\xampp\htdocs\weProject\DemoFmenu\index.php(37): CodeIgniter\CodeIgniter->run()
#7 {main}
CRITICAL - 2022-10-20 16:30:58 --> You must set the database table to be used with your query.
#0 C:\xampp\htdocs\weProject\DemoFmenu\system\Model.php(545): CodeIgniter\Database\BaseConnection->table(NULL)
#1 C:\xampp\htdocs\weProject\DemoFmenu\system\Model.php(722): CodeIgniter\Model->builder()
#2 C:\xampp\htdocs\weProject\DemoFmenu\app\Controllers\Fpanel\Admin.php(74): CodeIgniter\Model->__call('lastSecuritySta...', Array)
#3 C:\xampp\htdocs\weProject\DemoFmenu\system\CodeIgniter.php(832): App\Controllers\Fpanel\Admin->login()
#4 C:\xampp\htdocs\weProject\DemoFmenu\system\CodeIgniter.php(419): CodeIgniter\CodeIgniter->runController(Object(App\Controllers\Fpanel\Admin))
#5 C:\xampp\htdocs\weProject\DemoFmenu\system\CodeIgniter.php(326): CodeIgniter\CodeIgniter->handleRequest(NULL, Object(Config\Cache), false)
#6 C:\xampp\htdocs\weProject\DemoFmenu\index.php(37): CodeIgniter\CodeIgniter->run()
#7 {main}
CRITICAL - 2022-10-20 23:21:32 --> Undefined variable $_SESSION
#0 C:\xampp\htdocs\weProject\DemoFmenu\app\Views\includes\topBar.php(15): CodeIgniter\Debug\Exceptions->errorHandler(2, 'Undefined varia...', 'C:\\xampp\\htdocs...', 15)
#1 C:\xampp\htdocs\weProject\DemoFmenu\app\Views\ourPackages.php(14): include('C:\\xampp\\htdocs...')
#2 C:\xampp\htdocs\weProject\DemoFmenu\system\View\View.php(210): include('C:\\xampp\\htdocs...')
#3 C:\xampp\htdocs\weProject\DemoFmenu\system\View\View.php(213): CodeIgniter\View\View->CodeIgniter\View\{closure}()
#4 C:\xampp\htdocs\weProject\DemoFmenu\system\Common.php(1089): CodeIgniter\View\View->render('ourPackages', Array, true)
#5 C:\xampp\htdocs\weProject\DemoFmenu\app\Controllers\OurPackages.php(72): view('ourPackages', Array)
#6 C:\xampp\htdocs\weProject\DemoFmenu\system\CodeIgniter.php(832): App\Controllers\OurPackages->index()
#7 C:\xampp\htdocs\weProject\DemoFmenu\system\CodeIgniter.php(419): CodeIgniter\CodeIgniter->runController(Object(App\Controllers\OurPackages))
#8 C:\xampp\htdocs\weProject\DemoFmenu\system\CodeIgniter.php(326): CodeIgniter\CodeIgniter->handleRequest(NULL, Object(Config\Cache), false)
#9 C:\xampp\htdocs\weProject\DemoFmenu\index.php(37): CodeIgniter\CodeIgniter->run()
#10 {main}
CRITICAL - 2022-10-20 23:45:04 --> Undefined property: App\Controllers\Home::$ownerData
#0 C:\xampp\htdocs\weProject\DemoFmenu\app\Controllers\Home.php(35): CodeIgniter\Debug\Exceptions->errorHandler(2, 'Undefined prope...', 'C:\\xampp\\htdocs...', 35)
#1 C:\xampp\htdocs\weProject\DemoFmenu\system\CodeIgniter.php(809): App\Controllers\Home->__construct()
#2 C:\xampp\htdocs\weProject\DemoFmenu\system\CodeIgniter.php(410): CodeIgniter\CodeIgniter->createController()
#3 C:\xampp\htdocs\weProject\DemoFmenu\system\CodeIgniter.php(326): CodeIgniter\CodeIgniter->handleRequest(NULL, Object(Config\Cache), false)
#4 C:\xampp\htdocs\weProject\DemoFmenu\index.php(37): CodeIgniter\CodeIgniter->run()
#5 {main}
