CRITICAL - 2024-03-07 04:48:54 --> Call to undefined function App\Controllers\seeAllDetails()
#0 C:\xampp\htdocs\mePlus\thisMyExchange\system\CodeIgniter.php(832): App\Controllers\Member->index()
#1 C:\xampp\htdocs\mePlus\thisMyExchange\system\CodeIgniter.php(419): CodeIgniter\CodeIgniter->runController(Object(App\Controllers\Member))
#2 C:\xampp\htdocs\mePlus\thisMyExchange\system\CodeIgniter.php(326): CodeIgniter\CodeIgniter->handleRequest(NULL, Object(Config\Cache), false)
#3 C:\xampp\htdocs\mePlus\thisMyExchange\index.php(37): CodeIgniter\CodeIgniter->run()
#4 {main}
CRITICAL - 2024-03-07 05:00:55 --> Undefined variable $variables
#0 C:\xampp\htdocs\mePlus\thisMyExchange\app\Views\member.php(41): CodeIgniter\Debug\Exceptions->errorHandler(2, 'Undefined varia...', 'C:\\xampp\\htdocs...', 41)
#1 C:\xampp\htdocs\mePlus\thisMyExchange\system\View\View.php(210): include('C:\\xampp\\htdocs...')
#2 C:\xampp\htdocs\mePlus\thisMyExchange\system\View\View.php(213): CodeIgniter\View\View->CodeIgniter\View\{closure}()
#3 C:\xampp\htdocs\mePlus\thisMyExchange\system\Common.php(1089): CodeIgniter\View\View->render('member', Array, true)
#4 C:\xampp\htdocs\mePlus\thisMyExchange\app\Controllers\Member.php(26): view('member', Array)
#5 C:\xampp\htdocs\mePlus\thisMyExchange\system\CodeIgniter.php(832): App\Controllers\Member->index()
#6 C:\xampp\htdocs\mePlus\thisMyExchange\system\CodeIgniter.php(419): CodeIgniter\CodeIgniter->runController(Object(App\Controllers\Member))
#7 C:\xampp\htdocs\mePlus\thisMyExchange\system\CodeIgniter.php(326): CodeIgniter\CodeIgniter->handleRequest(NULL, Object(Config\Cache), false)
#8 C:\xampp\htdocs\mePlus\thisMyExchange\index.php(37): CodeIgniter\CodeIgniter->run()
#9 {main}
CRITICAL - 2024-03-07 05:09:04 --> Undefined variable $supplyResult
#0 C:\xampp\htdocs\mePlus\thisMyExchange\app\Views\member.php(49): CodeIgniter\Debug\Exceptions->errorHandler(2, 'Undefined varia...', 'C:\\xampp\\htdocs...', 49)
#1 C:\xampp\htdocs\mePlus\thisMyExchange\system\View\View.php(210): include('C:\\xampp\\htdocs...')
#2 C:\xampp\htdocs\mePlus\thisMyExchange\system\View\View.php(213): CodeIgniter\View\View->CodeIgniter\View\{closure}()
#3 C:\xampp\htdocs\mePlus\thisMyExchange\system\Common.php(1089): CodeIgniter\View\View->render('member', Array, true)
#4 C:\xampp\htdocs\mePlus\thisMyExchange\app\Controllers\Member.php(28): view('member', Array)
#5 C:\xampp\htdocs\mePlus\thisMyExchange\system\CodeIgniter.php(832): App\Controllers\Member->index()
#6 C:\xampp\htdocs\mePlus\thisMyExchange\system\CodeIgniter.php(419): CodeIgniter\CodeIgniter->runController(Object(App\Controllers\Member))
#7 C:\xampp\htdocs\mePlus\thisMyExchange\system\CodeIgniter.php(326): CodeIgniter\CodeIgniter->handleRequest(NULL, Object(Config\Cache), false)
#8 C:\xampp\htdocs\mePlus\thisMyExchange\index.php(37): CodeIgniter\CodeIgniter->run()
#9 {main}
CRITICAL - 2024-03-07 05:09:16 --> Undefined variable $peopleResult
#0 C:\xampp\htdocs\mePlus\thisMyExchange\app\Views\member.php(50): CodeIgniter\Debug\Exceptions->errorHandler(2, 'Undefined varia...', 'C:\\xampp\\htdocs...', 50)
#1 C:\xampp\htdocs\mePlus\thisMyExchange\system\View\View.php(210): include('C:\\xampp\\htdocs...')
#2 C:\xampp\htdocs\mePlus\thisMyExchange\system\View\View.php(213): CodeIgniter\View\View->CodeIgniter\View\{closure}()
#3 C:\xampp\htdocs\mePlus\thisMyExchange\system\Common.php(1089): CodeIgniter\View\View->render('member', Array, true)
#4 C:\xampp\htdocs\mePlus\thisMyExchange\app\Controllers\Member.php(28): view('member', Array)
#5 C:\xampp\htdocs\mePlus\thisMyExchange\system\CodeIgniter.php(832): App\Controllers\Member->index()
#6 C:\xampp\htdocs\mePlus\thisMyExchange\system\CodeIgniter.php(419): CodeIgniter\CodeIgniter->runController(Object(App\Controllers\Member))
#7 C:\xampp\htdocs\mePlus\thisMyExchange\system\CodeIgniter.php(326): CodeIgniter\CodeIgniter->handleRequest(NULL, Object(Config\Cache), false)
#8 C:\xampp\htdocs\mePlus\thisMyExchange\index.php(37): CodeIgniter\CodeIgniter->run()
#9 {main}
CRITICAL - 2024-03-07 05:50:04 --> Call to undefined function App\Controllers\SecurityMaster()
#0 C:\xampp\htdocs\mePlus\thisMyExchange\system\CodeIgniter.php(832): App\Controllers\Member->addUser()
#1 C:\xampp\htdocs\mePlus\thisMyExchange\system\CodeIgniter.php(419): CodeIgniter\CodeIgniter->runController(Object(App\Controllers\Member))
#2 C:\xampp\htdocs\mePlus\thisMyExchange\system\CodeIgniter.php(326): CodeIgniter\CodeIgniter->handleRequest(NULL, Object(Config\Cache), false)
#3 C:\xampp\htdocs\mePlus\thisMyExchange\index.php(37): CodeIgniter\CodeIgniter->run()
#4 {main}
CRITICAL - 2024-03-07 05:50:12 --> Call to undefined function App\Controllers\SecurityMaster()
#0 C:\xampp\htdocs\mePlus\thisMyExchange\system\CodeIgniter.php(832): App\Controllers\Member->addUser()
#1 C:\xampp\htdocs\mePlus\thisMyExchange\system\CodeIgniter.php(419): CodeIgniter\CodeIgniter->runController(Object(App\Controllers\Member))
#2 C:\xampp\htdocs\mePlus\thisMyExchange\system\CodeIgniter.php(326): CodeIgniter\CodeIgniter->handleRequest(NULL, Object(Config\Cache), false)
#3 C:\xampp\htdocs\mePlus\thisMyExchange\index.php(37): CodeIgniter\CodeIgniter->run()
#4 {main}
CRITICAL - 2024-03-07 05:53:10 --> Call to undefined function SecurityFilter()
#0 C:\xampp\htdocs\mePlus\thisMyExchange\app\Controllers\Member.php(83): SecurityMaster(Array, Array)
#1 C:\xampp\htdocs\mePlus\thisMyExchange\system\CodeIgniter.php(832): App\Controllers\Member->deleteUser()
#2 C:\xampp\htdocs\mePlus\thisMyExchange\system\CodeIgniter.php(419): CodeIgniter\CodeIgniter->runController(Object(App\Controllers\Member))
#3 C:\xampp\htdocs\mePlus\thisMyExchange\system\CodeIgniter.php(326): CodeIgniter\CodeIgniter->handleRequest(NULL, Object(Config\Cache), false)
#4 C:\xampp\htdocs\mePlus\thisMyExchange\index.php(37): CodeIgniter\CodeIgniter->run()
#5 {main}
CRITICAL - 2024-03-07 05:53:15 --> Call to undefined method App\Models\PeopleModel::remove
#0 C:\xampp\htdocs\mePlus\thisMyExchange\app\Models\PeopleModel.php(59): CodeIgniter\Model->__call('remove', Array)
#1 C:\xampp\htdocs\mePlus\thisMyExchange\app\Controllers\Member.php(86): App\Models\PeopleModel->rmvData('')
#2 C:\xampp\htdocs\mePlus\thisMyExchange\system\CodeIgniter.php(832): App\Controllers\Member->deleteUser()
#3 C:\xampp\htdocs\mePlus\thisMyExchange\system\CodeIgniter.php(419): CodeIgniter\CodeIgniter->runController(Object(App\Controllers\Member))
#4 C:\xampp\htdocs\mePlus\thisMyExchange\system\CodeIgniter.php(326): CodeIgniter\CodeIgniter->handleRequest(NULL, Object(Config\Cache), false)
#5 C:\xampp\htdocs\mePlus\thisMyExchange\index.php(37): CodeIgniter\CodeIgniter->run()
#6 {main}
CRITICAL - 2024-03-07 05:54:48 --> Call to undefined method App\Models\PeopleModel::remove
#0 C:\xampp\htdocs\mePlus\thisMyExchange\app\Models\PeopleModel.php(59): CodeIgniter\Model->__call('remove', Array)
#1 C:\xampp\htdocs\mePlus\thisMyExchange\app\Controllers\Member.php(86): App\Models\PeopleModel->rmvData('9')
#2 C:\xampp\htdocs\mePlus\thisMyExchange\system\CodeIgniter.php(832): App\Controllers\Member->deleteUser()
#3 C:\xampp\htdocs\mePlus\thisMyExchange\system\CodeIgniter.php(419): CodeIgniter\CodeIgniter->runController(Object(App\Controllers\Member))
#4 C:\xampp\htdocs\mePlus\thisMyExchange\system\CodeIgniter.php(326): CodeIgniter\CodeIgniter->handleRequest(NULL, Object(Config\Cache), false)
#5 C:\xampp\htdocs\mePlus\thisMyExchange\index.php(37): CodeIgniter\CodeIgniter->run()
#6 {main}
CRITICAL - 2024-03-07 05:57:04 --> Call to undefined method CodeIgniter\Database\MySQLi\Builder::remove()
#0 C:\xampp\htdocs\mePlus\thisMyExchange\app\Controllers\Member.php(86): App\Models\PeopleModel->rmvData('9')
#1 C:\xampp\htdocs\mePlus\thisMyExchange\system\CodeIgniter.php(832): App\Controllers\Member->deleteUser()
#2 C:\xampp\htdocs\mePlus\thisMyExchange\system\CodeIgniter.php(419): CodeIgniter\CodeIgniter->runController(Object(App\Controllers\Member))
#3 C:\xampp\htdocs\mePlus\thisMyExchange\system\CodeIgniter.php(326): CodeIgniter\CodeIgniter->handleRequest(NULL, Object(Config\Cache), false)
#4 C:\xampp\htdocs\mePlus\thisMyExchange\index.php(37): CodeIgniter\CodeIgniter->run()
#5 {main}
CRITICAL - 2024-03-07 05:57:58 --> Call to undefined function SecurityFilter()
#0 C:\xampp\htdocs\mePlus\thisMyExchange\app\Controllers\Member.php(67): SecurityMaster(Array, Array)
#1 C:\xampp\htdocs\mePlus\thisMyExchange\system\CodeIgniter.php(832): App\Controllers\Member->addUser()
#2 C:\xampp\htdocs\mePlus\thisMyExchange\system\CodeIgniter.php(419): CodeIgniter\CodeIgniter->runController(Object(App\Controllers\Member))
#3 C:\xampp\htdocs\mePlus\thisMyExchange\system\CodeIgniter.php(326): CodeIgniter\CodeIgniter->handleRequest(NULL, Object(Config\Cache), false)
#4 C:\xampp\htdocs\mePlus\thisMyExchange\index.php(37): CodeIgniter\CodeIgniter->run()
#5 {main}
CRITICAL - 2024-03-07 05:58:58 --> Call to undefined function SecurityFilter()
#0 C:\xampp\htdocs\mePlus\thisMyExchange\app\Controllers\Member.php(67): SecurityMaster(Array, Array)
#1 C:\xampp\htdocs\mePlus\thisMyExchange\system\CodeIgniter.php(832): App\Controllers\Member->addUser()
#2 C:\xampp\htdocs\mePlus\thisMyExchange\system\CodeIgniter.php(419): CodeIgniter\CodeIgniter->runController(Object(App\Controllers\Member))
#3 C:\xampp\htdocs\mePlus\thisMyExchange\system\CodeIgniter.php(326): CodeIgniter\CodeIgniter->handleRequest(NULL, Object(Config\Cache), false)
#4 C:\xampp\htdocs\mePlus\thisMyExchange\index.php(37): CodeIgniter\CodeIgniter->run()
#5 {main}
CRITICAL - 2024-03-07 05:59:22 --> Call to undefined function SecurityFilter()
#0 C:\xampp\htdocs\mePlus\thisMyExchange\app\Controllers\Member.php(83): SecurityMaster(Array, Array)
#1 C:\xampp\htdocs\mePlus\thisMyExchange\system\CodeIgniter.php(832): App\Controllers\Member->deleteUser()
#2 C:\xampp\htdocs\mePlus\thisMyExchange\system\CodeIgniter.php(419): CodeIgniter\CodeIgniter->runController(Object(App\Controllers\Member))
#3 C:\xampp\htdocs\mePlus\thisMyExchange\system\CodeIgniter.php(326): CodeIgniter\CodeIgniter->handleRequest(NULL, Object(Config\Cache), false)
#4 C:\xampp\htdocs\mePlus\thisMyExchange\index.php(37): CodeIgniter\CodeIgniter->run()
#5 {main}
CRITICAL - 2024-03-07 05:59:24 --> Call to undefined function SecurityFilter()
#0 C:\xampp\htdocs\mePlus\thisMyExchange\app\Controllers\Member.php(83): SecurityMaster(Array, Array)
#1 C:\xampp\htdocs\mePlus\thisMyExchange\system\CodeIgniter.php(832): App\Controllers\Member->deleteUser()
#2 C:\xampp\htdocs\mePlus\thisMyExchange\system\CodeIgniter.php(419): CodeIgniter\CodeIgniter->runController(Object(App\Controllers\Member))
#3 C:\xampp\htdocs\mePlus\thisMyExchange\system\CodeIgniter.php(326): CodeIgniter\CodeIgniter->handleRequest(NULL, Object(Config\Cache), false)
#4 C:\xampp\htdocs\mePlus\thisMyExchange\index.php(37): CodeIgniter\CodeIgniter->run()
#5 {main}
CRITICAL - 2024-03-07 05:59:45 --> Call to undefined function SecurityFilter()
#0 C:\xampp\htdocs\mePlus\thisMyExchange\app\Controllers\Member.php(83): SecurityMaster(Array, Array)
#1 C:\xampp\htdocs\mePlus\thisMyExchange\system\CodeIgniter.php(832): App\Controllers\Member->deleteUser()
#2 C:\xampp\htdocs\mePlus\thisMyExchange\system\CodeIgniter.php(419): CodeIgniter\CodeIgniter->runController(Object(App\Controllers\Member))
#3 C:\xampp\htdocs\mePlus\thisMyExchange\system\CodeIgniter.php(326): CodeIgniter\CodeIgniter->handleRequest(NULL, Object(Config\Cache), false)
#4 C:\xampp\htdocs\mePlus\thisMyExchange\index.php(37): CodeIgniter\CodeIgniter->run()
#5 {main}
CRITICAL - 2024-03-07 06:00:12 --> Call to undefined function SecurityFilter()
#0 C:\xampp\htdocs\mePlus\thisMyExchange\app\Controllers\Member.php(83): SecurityMaster(Array, Array)
#1 C:\xampp\htdocs\mePlus\thisMyExchange\system\CodeIgniter.php(832): App\Controllers\Member->deleteUser()
#2 C:\xampp\htdocs\mePlus\thisMyExchange\system\CodeIgniter.php(419): CodeIgniter\CodeIgniter->runController(Object(App\Controllers\Member))
#3 C:\xampp\htdocs\mePlus\thisMyExchange\system\CodeIgniter.php(326): CodeIgniter\CodeIgniter->handleRequest(NULL, Object(Config\Cache), false)
#4 C:\xampp\htdocs\mePlus\thisMyExchange\index.php(37): CodeIgniter\CodeIgniter->run()
#5 {main}
CRITICAL - 2024-03-07 06:00:21 --> Call to undefined function SecurityFilter()
#0 C:\xampp\htdocs\mePlus\thisMyExchange\app\Controllers\Member.php(83): SecurityMaster(Array, Array)
#1 C:\xampp\htdocs\mePlus\thisMyExchange\system\CodeIgniter.php(832): App\Controllers\Member->deleteUser()
#2 C:\xampp\htdocs\mePlus\thisMyExchange\system\CodeIgniter.php(419): CodeIgniter\CodeIgniter->runController(Object(App\Controllers\Member))
#3 C:\xampp\htdocs\mePlus\thisMyExchange\system\CodeIgniter.php(326): CodeIgniter\CodeIgniter->handleRequest(NULL, Object(Config\Cache), false)
#4 C:\xampp\htdocs\mePlus\thisMyExchange\index.php(37): CodeIgniter\CodeIgniter->run()
#5 {main}
CRITICAL - 2024-03-07 06:01:14 --> Call to undefined function SecurityFilter()
#0 C:\xampp\htdocs\mePlus\thisMyExchange\app\Controllers\Member.php(83): SecurityMaster(Array, Array)
#1 C:\xampp\htdocs\mePlus\thisMyExchange\system\CodeIgniter.php(832): App\Controllers\Member->deleteUser()
#2 C:\xampp\htdocs\mePlus\thisMyExchange\system\CodeIgniter.php(419): CodeIgniter\CodeIgniter->runController(Object(App\Controllers\Member))
#3 C:\xampp\htdocs\mePlus\thisMyExchange\system\CodeIgniter.php(326): CodeIgniter\CodeIgniter->handleRequest(NULL, Object(Config\Cache), false)
#4 C:\xampp\htdocs\mePlus\thisMyExchange\index.php(37): CodeIgniter\CodeIgniter->run()
#5 {main}
CRITICAL - 2024-03-07 06:01:30 --> Call to undefined function SecurityFilter()
#0 C:\xampp\htdocs\mePlus\thisMyExchange\app\Controllers\Member.php(83): SecurityMaster(Array, Array)
#1 C:\xampp\htdocs\mePlus\thisMyExchange\system\CodeIgniter.php(832): App\Controllers\Member->deleteUser()
#2 C:\xampp\htdocs\mePlus\thisMyExchange\system\CodeIgniter.php(419): CodeIgniter\CodeIgniter->runController(Object(App\Controllers\Member))
#3 C:\xampp\htdocs\mePlus\thisMyExchange\system\CodeIgniter.php(326): CodeIgniter\CodeIgniter->handleRequest(NULL, Object(Config\Cache), false)
#4 C:\xampp\htdocs\mePlus\thisMyExchange\index.php(37): CodeIgniter\CodeIgniter->run()
#5 {main}
CRITICAL - 2024-03-07 06:18:42 --> Call to undefined function SecurityFilter()
#0 C:\xampp\htdocs\mePlus\thisMyExchange\app\Controllers\Member.php(83): SecurityMaster(Array, Array)
#1 C:\xampp\htdocs\mePlus\thisMyExchange\system\CodeIgniter.php(832): App\Controllers\Member->deleteUser()
#2 C:\xampp\htdocs\mePlus\thisMyExchange\system\CodeIgniter.php(419): CodeIgniter\CodeIgniter->runController(Object(App\Controllers\Member))
#3 C:\xampp\htdocs\mePlus\thisMyExchange\system\CodeIgniter.php(326): CodeIgniter\CodeIgniter->handleRequest(NULL, Object(Config\Cache), false)
#4 C:\xampp\htdocs\mePlus\thisMyExchange\index.php(37): CodeIgniter\CodeIgniter->run()
#5 {main}
CRITICAL - 2024-03-07 06:33:41 --> Undefined variable $bistAll
#0 C:\xampp\htdocs\mePlus\thisMyExchange\app\Views\hisse.php(54): CodeIgniter\Debug\Exceptions->errorHandler(2, 'Undefined varia...', 'C:\\xampp\\htdocs...', 54)
#1 C:\xampp\htdocs\mePlus\thisMyExchange\system\View\View.php(210): include('C:\\xampp\\htdocs...')
#2 C:\xampp\htdocs\mePlus\thisMyExchange\system\View\View.php(213): CodeIgniter\View\View->CodeIgniter\View\{closure}()
#3 C:\xampp\htdocs\mePlus\thisMyExchange\system\Common.php(1089): CodeIgniter\View\View->render('hisse', Array, true)
#4 C:\xampp\htdocs\mePlus\thisMyExchange\app\Controllers\Hisse.php(29): view('hisse', Array)
#5 C:\xampp\htdocs\mePlus\thisMyExchange\system\CodeIgniter.php(832): App\Controllers\Hisse->normal()
#6 C:\xampp\htdocs\mePlus\thisMyExchange\system\CodeIgniter.php(419): CodeIgniter\CodeIgniter->runController(Object(App\Controllers\Hisse))
#7 C:\xampp\htdocs\mePlus\thisMyExchange\system\CodeIgniter.php(326): CodeIgniter\CodeIgniter->handleRequest(NULL, Object(Config\Cache), false)
#8 C:\xampp\htdocs\mePlus\thisMyExchange\index.php(37): CodeIgniter\CodeIgniter->run()
#9 {main}
CRITICAL - 2024-03-07 07:25:18 --> Call to undefined method App\Controllers\Home::getCompanyDetailsLastPrivate()
#0 C:\xampp\htdocs\mePlus\thisMyExchange\system\CodeIgniter.php(832): App\Controllers\Home->index()
#1 C:\xampp\htdocs\mePlus\thisMyExchange\system\CodeIgniter.php(419): CodeIgniter\CodeIgniter->runController(Object(App\Controllers\Home))
#2 C:\xampp\htdocs\mePlus\thisMyExchange\system\CodeIgniter.php(326): CodeIgniter\CodeIgniter->handleRequest(NULL, Object(Config\Cache), false)
#3 C:\xampp\htdocs\mePlus\thisMyExchange\index.php(37): CodeIgniter\CodeIgniter->run()
#4 {main}
CRITICAL - 2024-03-07 07:31:23 --> A non-numeric value encountered
#0 C:\xampp\htdocs\mePlus\thisMyExchange\app\Views\home.php(71): CodeIgniter\Debug\Exceptions->errorHandler(2, 'A non-numeric v...', 'C:\\xampp\\htdocs...', 71)
#1 C:\xampp\htdocs\mePlus\thisMyExchange\system\View\View.php(210): include('C:\\xampp\\htdocs...')
#2 C:\xampp\htdocs\mePlus\thisMyExchange\system\View\View.php(213): CodeIgniter\View\View->CodeIgniter\View\{closure}()
#3 C:\xampp\htdocs\mePlus\thisMyExchange\system\Common.php(1089): CodeIgniter\View\View->render('home', Array, true)
#4 C:\xampp\htdocs\mePlus\thisMyExchange\app\Controllers\Home.php(53): view('home', Array)
#5 C:\xampp\htdocs\mePlus\thisMyExchange\system\CodeIgniter.php(832): App\Controllers\Home->index()
#6 C:\xampp\htdocs\mePlus\thisMyExchange\system\CodeIgniter.php(419): CodeIgniter\CodeIgniter->runController(Object(App\Controllers\Home))
#7 C:\xampp\htdocs\mePlus\thisMyExchange\system\CodeIgniter.php(326): CodeIgniter\CodeIgniter->handleRequest(NULL, Object(Config\Cache), false)
#8 C:\xampp\htdocs\mePlus\thisMyExchange\index.php(37): CodeIgniter\CodeIgniter->run()
#9 {main}
CRITICAL - 2024-03-07 07:31:59 --> A non-numeric value encountered
#0 C:\xampp\htdocs\mePlus\thisMyExchange\app\Views\home.php(71): CodeIgniter\Debug\Exceptions->errorHandler(2, 'A non-numeric v...', 'C:\\xampp\\htdocs...', 71)
#1 C:\xampp\htdocs\mePlus\thisMyExchange\system\View\View.php(210): include('C:\\xampp\\htdocs...')
#2 C:\xampp\htdocs\mePlus\thisMyExchange\system\View\View.php(213): CodeIgniter\View\View->CodeIgniter\View\{closure}()
#3 C:\xampp\htdocs\mePlus\thisMyExchange\system\Common.php(1089): CodeIgniter\View\View->render('home', Array, true)
#4 C:\xampp\htdocs\mePlus\thisMyExchange\app\Controllers\Home.php(53): view('home', Array)
#5 C:\xampp\htdocs\mePlus\thisMyExchange\system\CodeIgniter.php(832): App\Controllers\Home->index()
#6 C:\xampp\htdocs\mePlus\thisMyExchange\system\CodeIgniter.php(419): CodeIgniter\CodeIgniter->runController(Object(App\Controllers\Home))
#7 C:\xampp\htdocs\mePlus\thisMyExchange\system\CodeIgniter.php(326): CodeIgniter\CodeIgniter->handleRequest(NULL, Object(Config\Cache), false)
#8 C:\xampp\htdocs\mePlus\thisMyExchange\index.php(37): CodeIgniter\CodeIgniter->run()
#9 {main}
CRITICAL - 2024-03-07 07:33:54 --> A non-numeric value encountered
#0 C:\xampp\htdocs\mePlus\thisMyExchange\app\Views\home.php(71): CodeIgniter\Debug\Exceptions->errorHandler(2, 'A non-numeric v...', 'C:\\xampp\\htdocs...', 71)
#1 C:\xampp\htdocs\mePlus\thisMyExchange\system\View\View.php(210): include('C:\\xampp\\htdocs...')
#2 C:\xampp\htdocs\mePlus\thisMyExchange\system\View\View.php(213): CodeIgniter\View\View->CodeIgniter\View\{closure}()
#3 C:\xampp\htdocs\mePlus\thisMyExchange\system\Common.php(1089): CodeIgniter\View\View->render('home', Array, true)
#4 C:\xampp\htdocs\mePlus\thisMyExchange\app\Controllers\Home.php(53): view('home', Array)
#5 C:\xampp\htdocs\mePlus\thisMyExchange\system\CodeIgniter.php(832): App\Controllers\Home->index()
#6 C:\xampp\htdocs\mePlus\thisMyExchange\system\CodeIgniter.php(419): CodeIgniter\CodeIgniter->runController(Object(App\Controllers\Home))
#7 C:\xampp\htdocs\mePlus\thisMyExchange\system\CodeIgniter.php(326): CodeIgniter\CodeIgniter->handleRequest(NULL, Object(Config\Cache), false)
#8 C:\xampp\htdocs\mePlus\thisMyExchange\index.php(37): CodeIgniter\CodeIgniter->run()
#9 {main}
CRITICAL - 2024-03-07 12:32:29 --> Attempt to read property "startPrice" on null
#0 C:\xampp\htdocs\mePlus\thisMyExchange\app\Controllers\Home.php(41): CodeIgniter\Debug\Exceptions->errorHandler(2, 'Attempt to read...', 'C:\\xampp\\htdocs...', 41)
#1 C:\xampp\htdocs\mePlus\thisMyExchange\system\CodeIgniter.php(832): App\Controllers\Home->index()
#2 C:\xampp\htdocs\mePlus\thisMyExchange\system\CodeIgniter.php(419): CodeIgniter\CodeIgniter->runController(Object(App\Controllers\Home))
#3 C:\xampp\htdocs\mePlus\thisMyExchange\system\CodeIgniter.php(326): CodeIgniter\CodeIgniter->handleRequest(NULL, Object(Config\Cache), false)
#4 C:\xampp\htdocs\mePlus\thisMyExchange\index.php(37): CodeIgniter\CodeIgniter->run()
#5 {main}
CRITICAL - 2024-03-07 12:32:48 --> Attempt to read property "startPrice" on null
#0 C:\xampp\htdocs\mePlus\thisMyExchange\app\Controllers\Home.php(41): CodeIgniter\Debug\Exceptions->errorHandler(2, 'Attempt to read...', 'C:\\xampp\\htdocs...', 41)
#1 C:\xampp\htdocs\mePlus\thisMyExchange\system\CodeIgniter.php(832): App\Controllers\Home->index()
#2 C:\xampp\htdocs\mePlus\thisMyExchange\system\CodeIgniter.php(419): CodeIgniter\CodeIgniter->runController(Object(App\Controllers\Home))
#3 C:\xampp\htdocs\mePlus\thisMyExchange\system\CodeIgniter.php(326): CodeIgniter\CodeIgniter->handleRequest(NULL, Object(Config\Cache), false)
#4 C:\xampp\htdocs\mePlus\thisMyExchange\index.php(37): CodeIgniter\CodeIgniter->run()
#5 {main}
CRITICAL - 2024-03-07 12:32:59 --> Attempt to read property "startPrice" on null
#0 C:\xampp\htdocs\mePlus\thisMyExchange\app\Controllers\Home.php(41): CodeIgniter\Debug\Exceptions->errorHandler(2, 'Attempt to read...', 'C:\\xampp\\htdocs...', 41)
#1 C:\xampp\htdocs\mePlus\thisMyExchange\system\CodeIgniter.php(832): App\Controllers\Home->index()
#2 C:\xampp\htdocs\mePlus\thisMyExchange\system\CodeIgniter.php(419): CodeIgniter\CodeIgniter->runController(Object(App\Controllers\Home))
#3 C:\xampp\htdocs\mePlus\thisMyExchange\system\CodeIgniter.php(326): CodeIgniter\CodeIgniter->handleRequest(NULL, Object(Config\Cache), false)
#4 C:\xampp\htdocs\mePlus\thisMyExchange\index.php(37): CodeIgniter\CodeIgniter->run()
#5 {main}
CRITICAL - 2024-03-07 14:06:49 --> Class "App\Models\PeopleMixStockModel" not found
#0 C:\xampp\htdocs\mePlus\thisMyExchange\system\CodeIgniter.php(832): App\Controllers\Stock->createNewOneNormal()
#1 C:\xampp\htdocs\mePlus\thisMyExchange\system\CodeIgniter.php(419): CodeIgniter\CodeIgniter->runController(Object(App\Controllers\Stock))
#2 C:\xampp\htdocs\mePlus\thisMyExchange\system\CodeIgniter.php(326): CodeIgniter\CodeIgniter->handleRequest(NULL, Object(Config\Cache), false)
#3 C:\xampp\htdocs\mePlus\thisMyExchange\index.php(37): CodeIgniter\CodeIgniter->run()
#4 {main}
CRITICAL - 2024-03-07 14:07:01 --> Class "App\Models\PeopleMixStockModel" not found
#0 C:\xampp\htdocs\mePlus\thisMyExchange\system\CodeIgniter.php(832): App\Controllers\Stock->createNewOneNormal()
#1 C:\xampp\htdocs\mePlus\thisMyExchange\system\CodeIgniter.php(419): CodeIgniter\CodeIgniter->runController(Object(App\Controllers\Stock))
#2 C:\xampp\htdocs\mePlus\thisMyExchange\system\CodeIgniter.php(326): CodeIgniter\CodeIgniter->handleRequest(NULL, Object(Config\Cache), false)
#3 C:\xampp\htdocs\mePlus\thisMyExchange\index.php(37): CodeIgniter\CodeIgniter->run()
#4 {main}
CRITICAL - 2024-03-07 14:35:08 --> A non-numeric value encountered
#0 C:\xampp\htdocs\mePlus\thisMyExchange\app\Views\home.php(71): CodeIgniter\Debug\Exceptions->errorHandler(2, 'A non-numeric v...', 'C:\\xampp\\htdocs...', 71)
#1 C:\xampp\htdocs\mePlus\thisMyExchange\system\View\View.php(210): include('C:\\xampp\\htdocs...')
#2 C:\xampp\htdocs\mePlus\thisMyExchange\system\View\View.php(213): CodeIgniter\View\View->CodeIgniter\View\{closure}()
#3 C:\xampp\htdocs\mePlus\thisMyExchange\system\Common.php(1089): CodeIgniter\View\View->render('home', Array, true)
#4 C:\xampp\htdocs\mePlus\thisMyExchange\app\Controllers\Home.php(76): view('home', Array)
#5 C:\xampp\htdocs\mePlus\thisMyExchange\system\CodeIgniter.php(832): App\Controllers\Home->index()
#6 C:\xampp\htdocs\mePlus\thisMyExchange\system\CodeIgniter.php(419): CodeIgniter\CodeIgniter->runController(Object(App\Controllers\Home))
#7 C:\xampp\htdocs\mePlus\thisMyExchange\system\CodeIgniter.php(326): CodeIgniter\CodeIgniter->handleRequest(NULL, Object(Config\Cache), false)
#8 C:\xampp\htdocs\mePlus\thisMyExchange\index.php(37): CodeIgniter\CodeIgniter->run()
#9 {main}
CRITICAL - 2024-03-07 14:36:52 --> A non-numeric value encountered
#0 C:\xampp\htdocs\mePlus\thisMyExchange\app\Views\home.php(72): CodeIgniter\Debug\Exceptions->errorHandler(2, 'A non-numeric v...', 'C:\\xampp\\htdocs...', 72)
#1 C:\xampp\htdocs\mePlus\thisMyExchange\system\View\View.php(210): include('C:\\xampp\\htdocs...')
#2 C:\xampp\htdocs\mePlus\thisMyExchange\system\View\View.php(213): CodeIgniter\View\View->CodeIgniter\View\{closure}()
#3 C:\xampp\htdocs\mePlus\thisMyExchange\system\Common.php(1089): CodeIgniter\View\View->render('home', Array, true)
#4 C:\xampp\htdocs\mePlus\thisMyExchange\app\Controllers\Home.php(76): view('home', Array)
#5 C:\xampp\htdocs\mePlus\thisMyExchange\system\CodeIgniter.php(832): App\Controllers\Home->index()
#6 C:\xampp\htdocs\mePlus\thisMyExchange\system\CodeIgniter.php(419): CodeIgniter\CodeIgniter->runController(Object(App\Controllers\Home))
#7 C:\xampp\htdocs\mePlus\thisMyExchange\system\CodeIgniter.php(326): CodeIgniter\CodeIgniter->handleRequest(NULL, Object(Config\Cache), false)
#8 C:\xampp\htdocs\mePlus\thisMyExchange\index.php(37): CodeIgniter\CodeIgniter->run()
#9 {main}
CRITICAL - 2024-03-07 14:37:16 --> Undefined variable $myPercent
#0 C:\xampp\htdocs\mePlus\thisMyExchange\app\Views\home.php(73): CodeIgniter\Debug\Exceptions->errorHandler(2, 'Undefined varia...', 'C:\\xampp\\htdocs...', 73)
#1 C:\xampp\htdocs\mePlus\thisMyExchange\system\View\View.php(210): include('C:\\xampp\\htdocs...')
#2 C:\xampp\htdocs\mePlus\thisMyExchange\system\View\View.php(213): CodeIgniter\View\View->CodeIgniter\View\{closure}()
#3 C:\xampp\htdocs\mePlus\thisMyExchange\system\Common.php(1089): CodeIgniter\View\View->render('home', Array, true)
#4 C:\xampp\htdocs\mePlus\thisMyExchange\app\Controllers\Home.php(76): view('home', Array)
#5 C:\xampp\htdocs\mePlus\thisMyExchange\system\CodeIgniter.php(832): App\Controllers\Home->index()
#6 C:\xampp\htdocs\mePlus\thisMyExchange\system\CodeIgniter.php(419): CodeIgniter\CodeIgniter->runController(Object(App\Controllers\Home))
#7 C:\xampp\htdocs\mePlus\thisMyExchange\system\CodeIgniter.php(326): CodeIgniter\CodeIgniter->handleRequest(NULL, Object(Config\Cache), false)
#8 C:\xampp\htdocs\mePlus\thisMyExchange\index.php(37): CodeIgniter\CodeIgniter->run()
#9 {main}
